#
# A fatal error has been detected by the Java Runtime Environment:
#
#  EXCEPTION_ACCESS_VIOLATION (0xc0000005) at pc=0x00000000703936c4, pid=15068, tid=7860
#
# JRE version: Java(TM) SE Runtime Environment (19.0+36) (build 19+36-2238)
# Java VM: Java HotSpot(TM) 64-Bit Server VM (19+36-2238, mixed mode, sharing, tiered, compressed oops, compressed class ptrs, g1 gc, windows-amd64)
# Problematic frame:
# C  [sqlite-3.30.1-e227ef90-e93b-44a5-aa10-af4cf8b33523-sqlitejdbc.dll+0x536c4]
#
# No core dump will be written. Minidumps are not enabled by default on client versions of Windows
#
# If you would like to submit a bug report, please visit:
#   https://bugreport.java.com/bugreport/crash.jsp
# The crash happened outside the Java Virtual Machine in native code.
# See problematic frame for where to report the bug.
#

---------------  S U M M A R Y ------------

Command Line: -Dfile.encoding=UTF-8 -Dstdout.encoding=UTF-8 -Dstderr.encoding=UTF-8 -XX:+ShowCodeDetailsInExceptionMessages obs.backup.main.OBS_BACKUP

Host: Intel(R) Core(TM) i5-6600 CPU @ 3.30GHz, 4 cores, 15G,  Windows 10 , 64 bit Build 19041 (10.0.19041.3636)
Time: Tue Jan 23 13:39:28 2024 FLE Standard Time elapsed time: 71.930528 seconds (0d 0h 1m 11s)

---------------  T H R E A D  ---------------

Current thread (0x00000218af8b4a40):  JavaThread "Timer-2" [_thread_in_native, id=7860, stack(0x0000004a82800000,0x0000004a82900000)]

Stack: [0x0000004a82800000,0x0000004a82900000],  sp=0x0000004a828ff1c0,  free space=1020k
Native frames: (J=compiled Java code, j=interpreted, Vv=VM code, C=native code)
C  [sqlite-3.30.1-e227ef90-e93b-44a5-aa10-af4cf8b33523-sqlitejdbc.dll+0x536c4]

Java frames: (J=compiled Java code, j=interpreted, Vv=VM code)
J 3849  org.sqlite.core.NativeDB.reset(J)I (0 bytes) @ 0x00000218968bad03 [0x00000218968bacc0+0x0000000000000043]
j  org.sqlite.jdbc3.JDBC3PreparedStatement.executeQuery()Ljava/sql/ResultSet;+39
j  OBS_C_2025.BACKUP_GLOBAL.pid_oku()I+60
j  obs.backup.main.OBS_BACKUP.secondRUN()V+5
j  obs.backup.main.OBS_BACKUP$30.run()V+11
j  java.util.TimerThread.mainLoop()V+221 java.base@19
j  java.util.TimerThread.run()V+1 java.base@19
v  ~StubRoutines::call_stub 0x00000218961a100e

siginfo: EXCEPTION_ACCESS_VIOLATION (0xc0000005), reading address 0x00000218b086eff8


Registers:
RAX=0x0000000000000000, RBX=0x00000218b086eff8, RCX=0x00000218b086eff8, RDX=0x0000004a828ff230
RSP=0x0000004a828ff1c0, RBP=0x0000004a828ff270, RSI=0x0000000000000158, RDI=0x0000000000000048
R8 =0x00000218b086eff8, R9 =0x0000000000000001, R10=0x00000000703427a3, R11=0x0000000000000246
R12=0x0000000000000000, R13=0x0000004a828ff260, R14=0x0000004a828ff230, R15=0x00000218af8b4a40
RIP=0x00000000703936c4, EFLAGS=0x0000000000010202


Register to memory mapping:

RIP=0x00000000703936c4 sqlite-3.30.1-e227ef90-e93b-44a5-aa10-af4cf8b33523-sqlitejdbc.dll
RAX=0x0 is NULL
RBX=0x00000218b086eff8 points into unknown readable memory: 0x00000218b086fe08 | 08 fe 86 b0 18 02 00 00
RCX=0x00000218b086eff8 points into unknown readable memory: 0x00000218b086eb48 | 48 eb 86 b0 18 02 00 00
RDX=0x0000004a828ff230 is pointing into the stack for thread: 0x00000218af8b4a40
RSP=0x0000004a828ff1c0 is pointing into the stack for thread: 0x00000218af8b4a40
RBP=0x0000004a828ff270 is pointing into the stack for thread: 0x00000218af8b4a40
RSI=0x0000000000000158 is an unknown value
RDI=0x0000000000000048 is an unknown value
R8 =0x00000218b086eff8 points into unknown readable memory: 0x00000218b086fe08 | 08 fe 86 b0 18 02 00 00
R9 =0x0000000000000001 is an unknown value
R10=0x00000000703427a3 sqlite-3.30.1-e227ef90-e93b-44a5-aa10-af4cf8b33523-sqlitejdbc.dll
R11=0x0000000000000246 is an unknown value
R12=0x0 is NULL
R13=0x0000004a828ff260 is pointing into the stack for thread: 0x00000218af8b4a40
R14=0x0000004a828ff230 is pointing into the stack for thread: 0x00000218af8b4a40
R15=0x00000218af8b4a40 is a thread


Top of Stack: (sp=0x0000004a828ff1c0)
0x0000004a828ff1c0:   0000004a828ff228 00000218aa336618
0x0000004a828ff1d0:   00000007057db568 00000218968baf5b
0x0000004a828ff1e0:   00000007057dc0a8 0000000000000000
0x0000004a828ff1f0:   0000004a828ff208 00000007057db568
0x0000004a828ff200:   0000000000000158 00000218968badd2
0x0000004a828ff210:   0000004a828ff2e8 000002188f6fe824
0x0000004a828ff220:   00000007029b0bb8 00000007057db1e0
0x0000004a828ff230:   00000007057db568 00000218aa0a003d
0x0000004a828ff240:   0000004a828ff2a0 00000218aa336270
0x0000004a828ff250:   0000000000000000 0000000700000000
0x0000004a828ff260:   0000000000000003 0000000000000000
0x0000004a828ff270:   0000004a828ff2e8 00000218961bb8aa
0x0000004a828ff280:   00000218961bb8aa 00000218b086eff8
0x0000004a828ff290:   0000000000000000 00000007057db568
0x0000004a828ff2a0:   0000004a828ff2a0 00000218aa3aada7
0x0000004a828ff2b0:   0000004a828ff308 00000218aa3af458 

Instructions: (pc=0x00000000703936c4)
0x00000000703935c4:   48 89 43 28 eb 17 48 8b 4c 24 40 49 89 c0 48 89
0x00000000703935d4:   da 48 81 c1 c7 01 00 00 e8 78 ce fb ff 45 31 f6
0x00000000703935e4:   48 8b 43 18 45 89 34 24 48 89 45 28 48 81 c4 28
0x00000000703935f4:   01 00 00 5b 5e 5f 5d 41 5c 41 5d 41 5e 41 5f c3
0x0000000070393604:   48 83 ec 38 48 8d 05 0a 7e ff ff 48 89 44 24 20
0x0000000070393614:   e8 80 f3 ff ff 48 83 c4 38 c3 57 56 53 48 83 ec
0x0000000070393624:   20 48 8b 31 48 89 cb 48 8b 49 10 48 85 c9 74 05
0x0000000070393634:   e8 54 cc ff ff 48 8b 93 40 01 00 00 48 89 f1 e8
0x0000000070393644:   51 4b fc ff 48 8b 93 48 01 00 00 48 85 d2 74 15
0x0000000070393654:   48 8b 42 28 48 89 f1 48 89 83 48 01 00 00 e8 da
0x0000000070393664:   42 fc ff eb df 48 8b 93 50 01 00 00 48 89 f1 e8
0x0000000070393674:   f1 48 fc ff 48 8b 53 08 48 89 f1 e8 62 ea fb ff
0x0000000070393684:   48 8b 93 98 01 00 00 48 85 d2 74 11 48 8b 7a 18
0x0000000070393694:   48 89 f1 e8 4a ea fb ff 48 89 fa eb ea 48 89 d9
0x00000000703936a4:   48 83 c4 20 5b 5e 5f e9 55 41 fc ff 56 53 48 83
0x00000000703936b4:   ec 38 31 c0 48 85 c9 48 89 cb 0f 84 84 00 00 00
0x00000000703936c4:   48 8b 31 48 8b 4e 18 e8 d1 02 fb ff 48 83 bb b8
0x00000000703936d4:   00 00 00 00 7e 0b 48 89 da 48 89 f1 e8 24 8a fb
0x00000000703936e4:   ff 48 89 d9 e8 fd ca ff ff 48 89 f1 89 c2 c7 43
0x00000000703936f4:   24 a3 0d f2 2d c7 43 34 ff ff ff ff c7 43 38 00
0x0000000070393704:   00 00 00 c6 83 c2 00 00 00 02 c7 43 3c 00 00 00
0x0000000070393714:   00 c7 43 30 01 00 00 00 c6 83 c3 00 00 00 ff c7
0x0000000070393724:   43 40 00 00 00 00 48 c7 43 50 00 00 00 00 e8 15
0x0000000070393734:   f1 fb ff 48 8b 4e 18 89 44 24 2c e8 79 02 fb ff
0x0000000070393744:   8b 44 24 2c 48 83 c4 38 5b 5e c3 57 56 53 48 83
0x0000000070393754:   ec 20 48 8b 31 48 89 cf 48 8b 89 a0 00 00 00 e8
0x0000000070393764:   a0 8a fb ff 48 8b 8f b0 00 00 00 e8 94 8a fb ff
0x0000000070393774:   48 8b 5f 38 48 85 db 74 36 83 7f 20 05 b8 02 00
0x0000000070393784:   00 00 75 09 31 c0 83 7f 24 00 0f 95 c0 48 8b 56
0x0000000070393794:   28 48 89 d9 48 8d 34 c2 48 83 7e 28 00 75 0b e8
0x00000000703937a4:   08 ff ff ff 48 89 5e 28 eb 05 e8 15 cb ff ff 48
0x00000000703937b4:   8b 5f 48 48 85 db 74 10 48 8b 0b e8 04 cb ff ff 


Stack slot to memory mapping:
stack at sp + 0 slots: 0x0000004a828ff228 is pointing into the stack for thread: 0x00000218af8b4a40
stack at sp + 1 slots: 0x00000218aa336618 is pointing into metadata
stack at sp + 2 slots: 0x00000007057db568 is an oop: org.sqlite.core.NativeDB 
{0x00000007057db568} - klass: 'org/sqlite/core/NativeDB'
 - ---- fields (total size 8 words):
 - private final 'url' 'Ljava/lang/String;' @12  "jdbc:sqlite:C:\OBS_SISTEM\hamit_SQL_BACKUP.DB"{0x00000007057db020} (e0afb604)
 - 'begin' 'J' @16  0 (0 0)
 - 'commit' 'J' @24  0 (0 0)
 - private final 'fileName' 'Ljava/lang/String;' @32  "C:\OBS_SISTEM\hamit_SQL_BACKUP.DB"{0x00000007057db200} (e0afb640)
 - private final 'config' 'Lorg/sqlite/SQLiteConfig;' @36  a 'org/sqlite/SQLiteConfig'{0x00000007057db388} (e0afb671)
 - private final 'closed' 'Ljava/util/concurrent/atomic/AtomicBoolean;' @40  a 'java/util/concurrent/atomic/AtomicBoolean'{0x00000007057db5a8} (e0afb6b5)
 - private final 'stmts' 'Ljava/util/Map;' @44  a 'java/util/HashMap'{0x00000007057db5b8} (e0afb6b7)
 - 'pointer' 'J' @48  0 (0 0)
 - private final 'udfdatalist' 'J' @56  0 (0 0)
stack at sp + 3 slots: 0x00000218968baf5b is at entry_point+667 in (nmethod*)0x00000218968bab10
Compiled method (n/a)   72017 3849  s  n 0       org.sqlite.core.NativeDB::reset (native)
 total in heap  [0x00000218968bab10,0x00000218968bafe0] = 1232
 relocation     [0x00000218968bac70,0x00000218968baca8] = 56
 main code      [0x00000218968bacc0,0x00000218968bafd6] = 790
 stub code      [0x00000218968bafd6,0x00000218968bafd8] = 2
 oops           [0x00000218968bafd8,0x00000218968bafe0] = 8
stack at sp + 4 slots: 0x00000007057dc0a8 is an oop: org.sqlite.jdbc4.JDBC4ResultSet 
{0x00000007057dc0a8} - klass: 'org/sqlite/jdbc4/JDBC4ResultSet'
 - ---- fields (total size 7 words):
 - public 'maxRows' 'I' @12  0
 - protected 'limitRows' 'I' @16  0
 - protected 'row' 'I' @20  0
 - protected 'lastCol' 'I' @24  -1 (ffffffff)
 - public 'open' 'Z' @28  false
 - public 'closeStmt' 'Z' @29  false
 - protected final 'stmt' 'Lorg/sqlite/core/CoreStatement;' @32  a 'org/sqlite/jdbc4/JDBC4PreparedStatement'{0x00000007057dc040} (e0afb808)
 - public 'cols' '[Ljava/lang/String;' @36  NULL (0)
 - public 'colsMeta' '[Ljava/lang/String;' @40  NULL (0)
 - protected 'meta' '[[Z' @44  NULL (0)
 - protected 'columnNameToIndex' 'Ljava/util/Map;' @48  NULL (0)
stack at sp + 5 slots: 0x0 is NULL
stack at sp + 6 slots: 0x0000004a828ff208 is pointing into the stack for thread: 0x00000218af8b4a40
stack at sp + 7 slots: 0x00000007057db568 is an oop: org.sqlite.core.NativeDB 
{0x00000007057db568} - klass: 'org/sqlite/core/NativeDB'
 - ---- fields (total size 8 words):
 - private final 'url' 'Ljava/lang/String;' @12  "jdbc:sqlite:C:\OBS_SISTEM\hamit_SQL_BACKUP.DB"{0x00000007057db020} (e0afb604)
 - 'begin' 'J' @16  0 (0 0)
 - 'commit' 'J' @24  0 (0 0)
 - private final 'fileName' 'Ljava/lang/String;' @32  "C:\OBS_SISTEM\hamit_SQL_BACKUP.DB"{0x00000007057db200} (e0afb640)
 - private final 'config' 'Lorg/sqlite/SQLiteConfig;' @36  a 'org/sqlite/SQLiteConfig'{0x00000007057db388} (e0afb671)
 - private final 'closed' 'Ljava/util/concurrent/atomic/AtomicBoolean;' @40  a 'java/util/concurrent/atomic/AtomicBoolean'{0x00000007057db5a8} (e0afb6b5)
 - private final 'stmts' 'Ljava/util/Map;' @44  a 'java/util/HashMap'{0x00000007057db5b8} (e0afb6b7)
 - 'pointer' 'J' @48  0 (0 0)
 - private final 'udfdatalist' 'J' @56  0 (0 0)


Compiled method (n/a)   72022 3849  s  n 0       org.sqlite.core.NativeDB::reset (native)
 total in heap  [0x00000218968bab10,0x00000218968bafe0] = 1232
 relocation     [0x00000218968bac70,0x00000218968baca8] = 56
 main code      [0x00000218968bacc0,0x00000218968bafd6] = 790
 stub code      [0x00000218968bafd6,0x00000218968bafd8] = 2
 oops           [0x00000218968bafd8,0x00000218968bafe0] = 8

[Constant Pool (empty)]

[MachCode]
[Entry Point]
  # {method} {0x00000218aa320d18} 'reset' '(J)I' in 'org/sqlite/core/NativeDB'
  # this:     rdx:rdx   = 'org/sqlite/core/NativeDB'
  # parm0:    r8:r8     = long
  #           [sp+0x70]  (sp of caller)
  0x00000218968bacc0: 448b 5208 | 49bb 0000 | 0000 0800 | 0000 4d03 | d349 3bc2 | 0f84 0600 

  0x00000218968bacd8: ;   {runtime_call ic_miss_stub}
  0x00000218968bacd8: 0000 e9a1 | 6a94 ff90 
[Verified Entry Point]
  0x00000218968bace0: 8984 2400 | 90ff ff55 | 488b ec48 | 83ec 6048 | 8954 2420 | 4883 fa00 | 488d 5424 | 2048 0f44 
  0x00000218968bad00: 5424 20c5 

  0x00000218968bad04: ;   {internal_word}
  0x00000218968bad04: f877 49ba | 03ad 8b96 | 1802 0000 | 4d89 97c8 | 0200 0049 | 89a7 c002 

  0x00000218968bad1c: ;   {external_word}
  0x00000218968bad1c: 0000 49ba | d984 7280 | fa7f 0000 | 4180 3a00 | 0f84 4c00 | 0000 5241 

  0x00000218968bad34: ;   {metadata({method} {0x00000218aa320d18} 'reset' '(J)I' in 'org/sqlite/core/NativeDB')}
  0x00000218968bad34: 5048 ba10 | 0d32 aa18 | 0200 0049 | 8bcf 4883 | ec20 40f6 | c40f 0f84 | 1a00 0000 | 4883 ec08 
  0x00000218968bad54: ;   {runtime_call}
  0x00000218968bad54: 49ba 902b | 2a80 fa7f | 0000 41ff | d248 83c4 | 08e9 0d00 

  0x00000218968bad68: ;   {runtime_call}
  0x00000218968bad68: 0000 49ba | 902b 2a80 | fa7f 0000 | 41ff d248 | 83c4 2041 | 585a 4c8b | f24c 8d6c | 2450 498b 
  0x00000218968bad88: 1eb8 0100 | 0000 480b | 0349 8945 | 00f0 4c0f | b12b 0f84 | 1300 0000 | 482b c448 | 2503 f0ff 
  0x00000218968bada8: ff49 8945 | 000f 8567 | 0100 0049 | 8d8f e002 | 0000 41c7 | 8774 0300 | 0004 0000 

  0x00000218968badc4: ;   {runtime_call}
  0x00000218968badc4: 0049 baa3 | 2734 7000 | 0000 0041 | ffd2 c5f8 | 7741 c787 | 7403 0000 | 0500 0000 | f083 4424 
  0x00000218968bade4: c000 493b | af78 0300 | 000f 8711 | 0000 0041 | 81bf 7003 | 0000 0000 | 0000 0f84 | 2c00 0000 
  0x00000218968bae04: c5f8 7748 | 8945 f849 | 8bcf 4c8b | e448 83ec | 2048 83e4 

  0x00000218968bae18: ;   {runtime_call}
  0x00000218968bae18: f049 baa0 | 1835 80fa | 7f00 0041 | ffd2 498b | e44d 33e4 | 488b 45f8 | 41c7 8774 | 0300 0008 
  0x00000218968bae38: 0000 0041 | 81bf e803 | 0000 0200 | 0000 0f84 | 5c01 0000 | 498b 1e48 | 817c 2450 | 0000 0000 
  0x00000218968bae58: 0f84 1b00 | 0000 4889 | 45f8 488d | 4424 504c | 8b28 f04c | 0fb1 2b0f | 85f2 0000 | 0048 8b45 
  0x00000218968bae78: ;   {external_word}
  0x00000218968bae78: f849 bad9 | 8472 80fa | 7f00 0041 | 803a 000f | 844e 0000 | 0048 8945 

  0x00000218968bae90: ;   {metadata({method} {0x00000218aa320d18} 'reset' '(J)I' in 'org/sqlite/core/NativeDB')}
  0x00000218968bae90: f848 ba10 | 0d32 aa18 | 0200 0049 | 8bcf 4883 | ec20 40f6 | c40f 0f84 | 1a00 0000 | 4883 ec08 
  0x00000218968baeb0: ;   {runtime_call}
  0x00000218968baeb0: 49ba 902b | 2a80 fa7f | 0000 41ff | d248 83c4 | 08e9 0d00 

  0x00000218968baec4: ;   {runtime_call}
  0x00000218968baec4: 0000 49ba | 902b 2a80 | fa7f 0000 | 41ff d248 | 83c4 2048 | 8b45 f849 | c787 c002 | 0000 0000 
  0x00000218968baee4: 0000 49c7 | 87c8 0200 | 0000 0000 | 00c5 f877 | 498b 8f50 | 0300 00c7 | 8100 0100 | 0000 0000 
  0x00000218968baf04: 00c9 4981 | 7f08 0000 | 0000 0f85 | 0100 0000 

  0x00000218968baf14: ;   {runtime_call StubRoutines (1)}
  0x00000218968baf14: c3e9 e65f | 8eff 5241 | 5048 8bcb | 498b d54d | 8bc7 4883 | ec20 40f6 | c40f 0f84 | 1a00 0000 
  0x00000218968baf34: 4883 ec08 

  0x00000218968baf38: ;   {runtime_call}
  0x00000218968baf38: 49ba 8019 | 2a80 fa7f | 0000 41ff | d248 83c4 | 08e9 0d00 

  0x00000218968baf4c: ;   {runtime_call}
  0x00000218968baf4c: 0000 49ba | 8019 2a80 | fa7f 0000 | 41ff d248 | 83c4 2041 | 585a e94c | feff ffc5 | f877 488d 
  0x00000218968baf6c: 5424 5048 | 8bcb 4d8b | c74c 8be4 | 4883 ec20 | 4883 e4f0 | 498b 5f08 | 49c7 4708 | 0000 0000 
  0x00000218968baf8c: ;   {runtime_call}
  0x00000218968baf8c: 49ba 401a | 2a80 fa7f | 0000 41ff | d249 8be4 | 4d33 e449 | 895f 08e9 | cdfe ffff | c5f8 7748 
  0x00000218968bafac: 8945 f84c | 8be4 4883 | ec20 4883 

  0x00000218968bafb8: ;   {runtime_call}
  0x00000218968bafb8: e4f0 49ba | d05f 2a80 | fa7f 0000 | 41ff d249 | 8be4 4d33 | e448 8b45 | f8e9 76fe | ffff f4f4 
[/MachCode]


---------------  P R O C E S S  ---------------

Threads class SMR info:
_java_thread_list=0x00000218adf71740, length=23, elements={
0x00000218a9876370, 0x00000218a9879710, 0x00000218a987b9a0, 0x00000218a9882490,
0x00000218a98833d0, 0x00000218a9883c70, 0x00000218a98844e0, 0x00000218a98a4bf0,
0x00000218a98dd8e0, 0x00000218adce7da0, 0x00000218adcf2b80, 0x00000218adf4cbf0,
0x00000218adf4d130, 0x00000218ae071c20, 0x00000218ae081f50, 0x0000021886d147c0,
0x00000218ae1976b0, 0x00000218af8b3fa0, 0x00000218af8b44f0, 0x00000218af8b3500,
0x00000218af8b4a40, 0x00000218af8b2fb0, 0x00000218af8b2510
}

Java Threads: ( => current thread )
  0x00000218a9876370 JavaThread "Reference Handler" daemon [_thread_blocked, id=2828, stack(0x0000004a80f00000,0x0000004a81000000)]
  0x00000218a9879710 JavaThread "Finalizer" daemon [_thread_blocked, id=1284, stack(0x0000004a81000000,0x0000004a81100000)]
  0x00000218a987b9a0 JavaThread "Signal Dispatcher" daemon [_thread_blocked, id=13480, stack(0x0000004a81100000,0x0000004a81200000)]
  0x00000218a9882490 JavaThread "Attach Listener" daemon [_thread_blocked, id=16688, stack(0x0000004a81200000,0x0000004a81300000)]
  0x00000218a98833d0 JavaThread "Service Thread" daemon [_thread_blocked, id=18228, stack(0x0000004a81300000,0x0000004a81400000)]
  0x00000218a9883c70 JavaThread "Monitor Deflation Thread" daemon [_thread_blocked, id=5956, stack(0x0000004a81400000,0x0000004a81500000)]
  0x00000218a98844e0 JavaThread "C2 CompilerThread0" daemon [_thread_blocked, id=4604, stack(0x0000004a81500000,0x0000004a81600000)]
  0x00000218a98a4bf0 JavaThread "C1 CompilerThread0" daemon [_thread_blocked, id=12980, stack(0x0000004a81600000,0x0000004a81700000)]
  0x00000218a98dd8e0 JavaThread "Sweeper thread" daemon [_thread_blocked, id=8940, stack(0x0000004a81700000,0x0000004a81800000)]
  0x00000218adce7da0 JavaThread "Notification Thread" daemon [_thread_blocked, id=16236, stack(0x0000004a81800000,0x0000004a81900000)]
  0x00000218adcf2b80 JavaThread "Common-Cleaner" daemon [_thread_blocked, id=9540, stack(0x0000004a81a00000,0x0000004a81b00000)]
  0x00000218adf4cbf0 JavaThread "Java2D Disposer" daemon [_thread_blocked, id=14668, stack(0x0000004a81b00000,0x0000004a81c00000)]
  0x00000218adf4d130 JavaThread "AWT-Shutdown" [_thread_blocked, id=3024, stack(0x0000004a81c00000,0x0000004a81d00000)]
  0x00000218ae071c20 JavaThread "AWT-Windows" daemon [_thread_in_native, id=12572, stack(0x0000004a81d00000,0x0000004a81e00000)]
  0x00000218ae081f50 JavaThread "AWT-EventQueue-0" [_thread_in_native, id=10112, stack(0x0000004a81e00000,0x0000004a81f00000)]
  0x0000021886d147c0 JavaThread "DestroyJavaVM" [_thread_blocked, id=14580, stack(0x0000004a80800000,0x0000004a80900000)]
  0x00000218ae1976b0 JavaThread "mysql-cj-abandoned-connection-cleanup" daemon [_thread_blocked, id=3180, stack(0x0000004a82200000,0x0000004a82300000)]
  0x00000218af8b3fa0 JavaThread "TimerQueue" daemon [_thread_blocked, id=10940, stack(0x0000004a82500000,0x0000004a82600000)]
  0x00000218af8b44f0 JavaThread "Timer-0" [_thread_blocked, id=19160, stack(0x0000004a82600000,0x0000004a82700000)]
  0x00000218af8b3500 JavaThread "Timer-1" [_thread_blocked, id=13156, stack(0x0000004a82700000,0x0000004a82800000)]
=>0x00000218af8b4a40 JavaThread "Timer-2" [_thread_in_native, id=7860, stack(0x0000004a82800000,0x0000004a82900000)]
  0x00000218af8b2fb0 JavaThread "Timer-3" [_thread_blocked, id=9988, stack(0x0000004a80600000,0x0000004a80700000)]
  0x00000218af8b2510 JavaThread "Timer-4" [_thread_blocked, id=2748, stack(0x0000004a80700000,0x0000004a80800000)]

Other Threads:
  0x00000218a985d110 VMThread "VM Thread" [stack: 0x0000004a80e00000,0x0000004a80f00000] [id=18128]
  0x00000218adcea2f0 WatcherThread "VM Periodic Task Thread" [stack: 0x0000004a81900000,0x0000004a81a00000] [id=12968]
  0x0000021886d84d30 WorkerThread "GC Thread#0" [stack: 0x0000004a80900000,0x0000004a80a00000] [id=7012]
  0x00000218ae1bdb50 WorkerThread "GC Thread#1" [stack: 0x0000004a81f00000,0x0000004a82000000] [id=13796]
  0x00000218ae1bde20 WorkerThread "GC Thread#2" [stack: 0x0000004a82000000,0x0000004a82100000] [id=18340]
  0x00000218ae1be0f0 WorkerThread "GC Thread#3" [stack: 0x0000004a82100000,0x0000004a82200000] [id=16596]
  0x0000021886d95b10 ConcurrentGCThread "G1 Main Marker" [stack: 0x0000004a80a00000,0x0000004a80b00000] [id=14648]
  0x0000021886d96e80 WorkerThread "G1 Conc#0" [stack: 0x0000004a80b00000,0x0000004a80c00000] [id=132]
  0x00000218a97180f0 ConcurrentGCThread "G1 Refine#0" [stack: 0x0000004a80c00000,0x0000004a80d00000] [id=6736]
  0x00000218a9719380 ConcurrentGCThread "G1 Service" [stack: 0x0000004a80d00000,0x0000004a80e00000] [id=17972]

Threads with active compile tasks:

VM state: not at safepoint (normal execution)

VM Mutex/Monitor currently owned by a thread: None

Heap address: 0x0000000701800000, size: 4072 MB, Compressed Oops mode: Zero based, Oop shift amount: 3

CDS archive(s) mapped at: [0x0000000800000000-0x0000000800c40000-0x0000000800c40000), size 12845056, SharedBaseAddress: 0x0000000800000000, ArchiveRelocationMode: 0.
Compressed class space mapped at: 0x0000000801000000-0x0000000841000000, reserved size: 1073741824
Narrow klass base: 0x0000000800000000, Narrow klass shift: 0, Narrow klass range: 0x100000000

GC Precious Log:
 CardTable entry size: 512
 Card Set container configuration: InlinePtr #cards 4 size 8 Array Of Cards #cards 8 size 32 Howl #buckets 8 coarsen threshold 3686 Howl Bitmap #cards 512 size 80 coarsen threshold 460 Card regions per heap region 1 cards per card region 4096
 CPUs: 4 total, 4 available
 Memory: 16286M
 Large Page Support: Disabled
 NUMA Support: Disabled
 Compressed Oops: Enabled (Zero based)
 Heap Region Size: 2M
 Heap Min Capacity: 8M
 Heap Initial Capacity: 256M
 Heap Max Capacity: 4072M
 Pre-touch: Disabled
 Parallel Workers: 4
 Concurrent Workers: 1
 Concurrent Refinement Workers: 4
 Periodic GC: Disabled

Heap:
 garbage-first heap   total 81920K, used 41635K [0x0000000701800000, 0x0000000800000000)
  region size 2048K, 13 young (26624K), 1 survivors (2048K)
 Metaspace       used 22956K, committed 23232K, reserved 1114112K
  class space    used 2452K, committed 2560K, reserved 1048576K

Heap Regions: E=young(eden), S=young(survivor), O=old, HS=humongous(starts), HC=humongous(continues), CS=collection set, F=free, OA=open archive, CA=closed archive, TAMS=top-at-mark-start (previous, next)
|   0|0x0000000701800000, 0x0000000701a00000, 0x0000000701a00000|100%| O|  |TAMS 0x0000000701a00000, 0x0000000701800000| Untracked 
|   1|0x0000000701a00000, 0x0000000701c00000, 0x0000000701c00000|100%| O|  |TAMS 0x0000000701c00000, 0x0000000701a00000| Untracked 
|   2|0x0000000701c00000, 0x0000000701e00000, 0x0000000701e00000|100%| O|  |TAMS 0x0000000701e00000, 0x0000000701c00000| Untracked 
|   3|0x0000000701e00000, 0x0000000702000000, 0x0000000702000000|100%|HS|  |TAMS 0x0000000702000000, 0x0000000701e00000| Complete 
|   4|0x0000000702000000, 0x0000000702200000, 0x0000000702200000|100%|HC|  |TAMS 0x0000000702200000, 0x0000000702000000| Complete 
|   5|0x0000000702200000, 0x0000000702400000, 0x0000000702400000|100%| O|  |TAMS 0x0000000702400000, 0x0000000702200000| Untracked 
|   6|0x0000000702400000, 0x00000007025eca00, 0x0000000702600000| 96%| O|  |TAMS 0x00000007025eca00, 0x0000000702400000| Untracked 
|   7|0x0000000702600000, 0x0000000702800000, 0x0000000702800000|100%| O|  |TAMS 0x0000000702600000, 0x0000000702600000| Untracked 
|   8|0x0000000702800000, 0x00000007029f3200, 0x0000000702a00000| 97%| O|  |TAMS 0x0000000702800000, 0x0000000702800000| Untracked 
|   9|0x0000000702a00000, 0x0000000702a00000, 0x0000000702c00000|  0%| F|  |TAMS 0x0000000702a00000, 0x0000000702a00000| Untracked 
|  10|0x0000000702c00000, 0x0000000702c00000, 0x0000000702e00000|  0%| F|  |TAMS 0x0000000702c00000, 0x0000000702c00000| Untracked 
|  11|0x0000000702e00000, 0x0000000702e00000, 0x0000000703000000|  0%| F|  |TAMS 0x0000000702e00000, 0x0000000702e00000| Untracked 
|  12|0x0000000703000000, 0x0000000703000000, 0x0000000703200000|  0%| F|  |TAMS 0x0000000703000000, 0x0000000703000000| Untracked 
|  13|0x0000000703200000, 0x0000000703200000, 0x0000000703400000|  0%| F|  |TAMS 0x0000000703200000, 0x0000000703200000| Untracked 
|  14|0x0000000703400000, 0x0000000703400000, 0x0000000703600000|  0%| F|  |TAMS 0x0000000703400000, 0x0000000703400000| Untracked 
|  15|0x0000000703600000, 0x0000000703600000, 0x0000000703800000|  0%| F|  |TAMS 0x0000000703600000, 0x0000000703600000| Untracked 
|  16|0x0000000703800000, 0x0000000703800000, 0x0000000703a00000|  0%| F|  |TAMS 0x0000000703800000, 0x0000000703800000| Untracked 
|  17|0x0000000703a00000, 0x0000000703ac93e0, 0x0000000703c00000| 39%| S|CS|TAMS 0x0000000703a00000, 0x0000000703a00000| Complete 
|  18|0x0000000703c00000, 0x0000000703c00000, 0x0000000703e00000|  0%| F|  |TAMS 0x0000000703c00000, 0x0000000703c00000| Untracked 
|  19|0x0000000703e00000, 0x0000000703e00000, 0x0000000704000000|  0%| F|  |TAMS 0x0000000703e00000, 0x0000000703e00000| Untracked 
|  20|0x0000000704000000, 0x0000000704000000, 0x0000000704200000|  0%| F|  |TAMS 0x0000000704000000, 0x0000000704000000| Untracked 
|  21|0x0000000704200000, 0x0000000704200000, 0x0000000704400000|  0%| F|  |TAMS 0x0000000704200000, 0x0000000704200000| Untracked 
|  22|0x0000000704400000, 0x0000000704400000, 0x0000000704600000|  0%| F|  |TAMS 0x0000000704400000, 0x0000000704400000| Untracked 
|  23|0x0000000704600000, 0x0000000704600000, 0x0000000704800000|  0%| F|  |TAMS 0x0000000704600000, 0x0000000704600000| Untracked 
|  24|0x0000000704800000, 0x0000000704800000, 0x0000000704a00000|  0%| F|  |TAMS 0x0000000704800000, 0x0000000704800000| Untracked 
|  25|0x0000000704a00000, 0x0000000704a00000, 0x0000000704c00000|  0%| F|  |TAMS 0x0000000704a00000, 0x0000000704a00000| Untracked 
|  26|0x0000000704c00000, 0x0000000704c00000, 0x0000000704e00000|  0%| F|  |TAMS 0x0000000704c00000, 0x0000000704c00000| Untracked 
|  27|0x0000000704e00000, 0x0000000704e00000, 0x0000000705000000|  0%| F|  |TAMS 0x0000000704e00000, 0x0000000704e00000| Untracked 
|  28|0x0000000705000000, 0x0000000705037f10, 0x0000000705200000| 10%| E|  |TAMS 0x0000000705000000, 0x0000000705000000| Complete 
|  29|0x0000000705200000, 0x0000000705400000, 0x0000000705400000|100%| E|CS|TAMS 0x0000000705200000, 0x0000000705200000| Complete 
|  30|0x0000000705400000, 0x0000000705600000, 0x0000000705600000|100%| E|CS|TAMS 0x0000000705400000, 0x0000000705400000| Complete 
|  31|0x0000000705600000, 0x0000000705800000, 0x0000000705800000|100%| E|CS|TAMS 0x0000000705600000, 0x0000000705600000| Complete 
|  32|0x0000000705800000, 0x0000000705a00000, 0x0000000705a00000|100%| E|CS|TAMS 0x0000000705800000, 0x0000000705800000| Complete 
|  33|0x0000000705a00000, 0x0000000705c00000, 0x0000000705c00000|100%| E|CS|TAMS 0x0000000705a00000, 0x0000000705a00000| Complete 
|  34|0x0000000705c00000, 0x0000000705e00000, 0x0000000705e00000|100%| E|CS|TAMS 0x0000000705c00000, 0x0000000705c00000| Complete 
|  35|0x0000000705e00000, 0x0000000706000000, 0x0000000706000000|100%| E|CS|TAMS 0x0000000705e00000, 0x0000000705e00000| Complete 
| 123|0x0000000710e00000, 0x0000000711000000, 0x0000000711000000|100%| E|CS|TAMS 0x0000000710e00000, 0x0000000710e00000| Complete 
| 124|0x0000000711000000, 0x0000000711200000, 0x0000000711200000|100%| E|CS|TAMS 0x0000000711000000, 0x0000000711000000| Complete 
| 125|0x0000000711200000, 0x0000000711400000, 0x0000000711400000|100%| E|CS|TAMS 0x0000000711200000, 0x0000000711200000| Complete 
| 127|0x0000000711600000, 0x0000000711800000, 0x0000000711800000|100%| E|CS|TAMS 0x0000000711600000, 0x0000000711600000| Complete 

Card table byte_map: [0x000002189e470000,0x000002189ec70000] _byte_map_base: 0x000002189ac64000

Marking Bits (Prev, Next): (CMBitMap*) 0x0000021886d853a0, (CMBitMap*) 0x0000021886d85360
 Prev Bits: [0x00000218a3410000, 0x00000218a73b0000)
 Next Bits: [0x000002189f470000, 0x00000218a3410000)

Polling page: 0x0000021884c90000

Metaspace:

Usage:
  Non-class:     20.02 MB used.
      Class:      2.39 MB used.
       Both:     22.42 MB used.

Virtual space:
  Non-class space:       64.00 MB reserved,      20.19 MB ( 32%) committed,  1 nodes.
      Class space:        1.00 GB reserved,       2.50 MB ( <1%) committed,  1 nodes.
             Both:        1.06 GB reserved,      22.69 MB (  2%) committed. 

Chunk freelists:
   Non-Class:  2.95 MB
       Class:  1.50 MB
        Both:  4.45 MB

MaxMetaspaceSize: unlimited
CompressedClassSpaceSize: 1.00 GB
Initial GC threshold: 21.00 MB
Current GC threshold: 35.12 MB
CDS: on
MetaspaceReclaimPolicy: balanced
 - commit_granule_bytes: 65536.
 - commit_granule_words: 8192.
 - virtual_space_node_default_size: 8388608.
 - enlarge_chunks_in_place: 1.
 - new_chunks_are_fully_committed: 0.
 - uncommit_free_chunks: 1.
 - use_allocation_guard: 0.


Internal statistics:

num_allocs_failed_limit: 3.
num_arena_births: 332.
num_arena_deaths: 0.
num_vsnodes_births: 2.
num_vsnodes_deaths: 0.
num_space_committed: 363.
num_space_uncommitted: 0.
num_chunks_returned_to_freelist: 3.
num_chunks_taken_from_freelist: 614.
num_chunk_merges: 3.
num_chunk_splits: 377.
num_chunks_enlarged: 240.
num_inconsistent_stats: 0.

CodeHeap 'non-profiled nmethods': size=120000Kb used=3346Kb max_used=3346Kb free=116653Kb
 bounds [0x0000021896740000, 0x0000021896a90000, 0x000002189dc70000]
CodeHeap 'profiled nmethods': size=120000Kb used=9517Kb max_used=11056Kb free=110482Kb
 bounds [0x000002188ec70000, 0x000002188f740000, 0x00000218961a0000]
CodeHeap 'non-nmethods': size=5760Kb used=1497Kb max_used=1589Kb free=4262Kb
 bounds [0x00000218961a0000, 0x0000021896410000, 0x0000021896740000]
 total_blobs=5448 nmethods=4671 adapters=684
 compilation: enabled
              stopped_count=0, restarted_count=0
 full_count=0

Compilation events (20 events):
Event: 71.845 Thread 0x00000218a98a4bf0 5541       1       org.sqlite.SQLiteConfig::getOpenModeFlags (5 bytes)
Event: 71.845 Thread 0x00000218a98a4bf0 nmethod 5541 0x0000021896a72010 code [0x0000021896a721a0, 0x0000021896a72258]
Event: 71.846 Thread 0x00000218a98a4bf0 5543       3       org.sqlite.SQLiteConnectionConfig::<init> (87 bytes)
Event: 71.847 Thread 0x00000218a98a4bf0 nmethod 5543 0x000002188f2f8510 code [0x000002188f2f8760, 0x000002188f2f93b8]
Event: 71.847 Thread 0x00000218a98a4bf0 5542       1       org.sqlite.SQLiteConfig::getBusyTimeout (5 bytes)
Event: 71.847 Thread 0x00000218a98a4bf0 nmethod 5542 0x0000021896a72310 code [0x0000021896a724a0, 0x0000021896a72558]
Event: 71.849 Thread 0x00000218a98a4bf0 5544       3       org.sqlite.core.CoreStatement::checkOpen (20 bytes)
Event: 71.849 Thread 0x00000218a98a4bf0 nmethod 5544 0x000002188f576b10 code [0x000002188f576cc0, 0x000002188f576ee8]
Event: 71.860 Thread 0x00000218a98844e0 nmethod 5529 0x0000021896a72610 code [0x0000021896a72e00, 0x0000021896a7a158]
Event: 71.862 Thread 0x00000218a98844e0 5527  s    4       javax.swing.plaf.basic.BasicRadioButtonUI::paint (595 bytes)
Event: 71.873 Thread 0x00000218a98a4bf0 5545       3       java.lang.Long::hashCode (8 bytes)
Event: 71.873 Thread 0x00000218a98a4bf0 nmethod 5545 0x000002188edbe690 code [0x000002188edbe820, 0x000002188edbe918]
Event: 71.874 Thread 0x00000218a98a4bf0 5546   !   3       org.sqlite.SQLiteConfig::apply (411 bytes)
Event: 71.878 Thread 0x00000218a98a4bf0 nmethod 5546 0x000002188eec2110 code [0x000002188eec2840, 0x000002188eec7728]
Event: 71.878 Thread 0x00000218a98a4bf0 5547       3       org.sqlite.SQLiteConnection::checkCursor (50 bytes)
Event: 71.878 Thread 0x00000218a98a4bf0 nmethod 5547 0x000002188f1a5590 code [0x000002188f1a5780, 0x000002188f1a5be8]
Event: 71.895 Thread 0x00000218a98a4bf0 5548       3       java.lang.Long::hashCode (8 bytes)
Event: 71.895 Thread 0x00000218a98a4bf0 nmethod 5548 0x000002188f01a810 code [0x000002188f01a9c0, 0x000002188f01ab08]
Event: 71.912 Thread 0x00000218a98a4bf0 5549       3       java.lang.Class::forName (10 bytes)
Event: 71.912 Thread 0x00000218a98a4bf0 nmethod 5549 0x000002188f5faf90 code [0x000002188f5fb140, 0x000002188f5fb298]

GC Heap History (12 events):
Event: 0.487 GC heap before
{Heap before GC invocations=0 (full 0):
 garbage-first heap   total 262144K, used 10240K [0x0000000701800000, 0x0000000800000000)
  region size 2048K, 6 young (12288K), 0 survivors (0K)
 Metaspace       used 7181K, committed 7424K, reserved 1114112K
  class space    used 781K, committed 896K, reserved 1048576K
}
Event: 0.491 GC heap after
{Heap after GC invocations=1 (full 0):
 garbage-first heap   total 262144K, used 4924K [0x0000000701800000, 0x0000000800000000)
  region size 2048K, 1 young (2048K), 1 survivors (2048K)
 Metaspace       used 7181K, committed 7424K, reserved 1114112K
  class space    used 781K, committed 896K, reserved 1048576K
}
Event: 0.928 GC heap before
{Heap before GC invocations=1 (full 0):
 garbage-first heap   total 262144K, used 15164K [0x0000000701800000, 0x0000000800000000)
  region size 2048K, 6 young (12288K), 1 survivors (2048K)
 Metaspace       used 12269K, committed 12544K, reserved 1114112K
  class space    used 1326K, committed 1472K, reserved 1048576K
}
Event: 0.931 GC heap after
{Heap after GC invocations=2 (full 0):
 garbage-first heap   total 262144K, used 7012K [0x0000000701800000, 0x0000000800000000)
  region size 2048K, 1 young (2048K), 1 survivors (2048K)
 Metaspace       used 12269K, committed 12544K, reserved 1114112K
  class space    used 1326K, committed 1472K, reserved 1048576K
}
Event: 4.091 GC heap before
{Heap before GC invocations=2 (full 0):
 garbage-first heap   total 262144K, used 41828K [0x0000000701800000, 0x0000000800000000)
  region size 2048K, 16 young (32768K), 1 survivors (2048K)
 Metaspace       used 20699K, committed 20992K, reserved 1114112K
  class space    used 2334K, committed 2496K, reserved 1048576K
}
Event: 4.099 GC heap after
{Heap after GC invocations=3 (full 0):
 garbage-first heap   total 262144K, used 18354K [0x0000000701800000, 0x0000000800000000)
  region size 2048K, 2 young (4096K), 2 survivors (4096K)
 Metaspace       used 20699K, committed 20992K, reserved 1114112K
  class space    used 2334K, committed 2496K, reserved 1048576K
}
Event: 12.935 GC heap before
{Heap before GC invocations=3 (full 0):
 garbage-first heap   total 262144K, used 20402K [0x0000000701800000, 0x0000000800000000)
  region size 2048K, 4 young (8192K), 2 survivors (4096K)
 Metaspace       used 21228K, committed 21504K, reserved 1114112K
  class space    used 2344K, committed 2496K, reserved 1048576K
}
Event: 12.939 GC heap after
{Heap after GC invocations=4 (full 0):
 garbage-first heap   total 262144K, used 18685K [0x0000000701800000, 0x0000000800000000)
  region size 2048K, 3 young (6144K), 3 survivors (6144K)
 Metaspace       used 21228K, committed 21504K, reserved 1114112K
  class space    used 2344K, committed 2496K, reserved 1048576K
}
Event: 56.222 GC heap before
{Heap before GC invocations=5 (full 0):
 garbage-first heap   total 75776K, used 73981K [0x0000000701800000, 0x0000000800000000)
  region size 2048K, 30 young (61440K), 3 survivors (6144K)
 Metaspace       used 22430K, committed 22656K, reserved 1114112K
  class space    used 2392K, committed 2496K, reserved 1048576K
}
Event: 56.228 GC heap after
{Heap after GC invocations=6 (full 0):
 garbage-first heap   total 81920K, used 19092K [0x0000000701800000, 0x0000000800000000)
  region size 2048K, 3 young (6144K), 3 survivors (6144K)
 Metaspace       used 22430K, committed 22656K, reserved 1114112K
  class space    used 2392K, committed 2496K, reserved 1048576K
}
Event: 58.321 GC heap before
{Heap before GC invocations=6 (full 0):
 garbage-first heap   total 81920K, used 58004K [0x0000000701800000, 0x0000000800000000)
  region size 2048K, 22 young (45056K), 3 survivors (6144K)
 Metaspace       used 22495K, committed 22848K, reserved 1114112K
  class space    used 2394K, committed 2560K, reserved 1048576K
}
Event: 58.325 GC heap after
{Heap after GC invocations=7 (full 0):
 garbage-first heap   total 81920K, used 19107K [0x0000000701800000, 0x0000000800000000)
  region size 2048K, 1 young (2048K), 1 survivors (2048K)
 Metaspace       used 22495K, committed 22848K, reserved 1114112K
  class space    used 2394K, committed 2560K, reserved 1048576K
}

Dll operation events (13 events):
Event: 0.025 Loaded shared library C:\Program Files\Java\jdk-19\bin\java.dll
Event: 0.073 Loaded shared library C:\Program Files\Java\jdk-19\bin\jsvml.dll
Event: 0.134 Loaded shared library C:\Program Files\Java\jdk-19\bin\jimage.dll
Event: 0.160 Loaded shared library C:\Program Files\Java\jdk-19\bin\net.dll
Event: 0.162 Loaded shared library C:\Program Files\Java\jdk-19\bin\nio.dll
Event: 0.165 Loaded shared library C:\Program Files\Java\jdk-19\bin\zip.dll
Event: 0.236 Loaded shared library C:\Program Files\Java\jdk-19\bin\awt.dll
Event: 0.280 Loaded shared library C:\Program Files\Java\jdk-19\bin\verify.dll
Event: 0.694 Loaded shared library C:\Users\hamit\AppData\Local\Temp\sqlite-3.30.1-e227ef90-e93b-44a5-aa10-af4cf8b33523-sqlitejdbc.dll
Event: 0.736 Loaded shared library C:\Users\hamit\AppData\Local\Temp\flatlaf.temp\flatlaf-windows-x86_64-4482829642148000.dll
Event: 0.798 Loaded shared library C:\Program Files\Java\jdk-19\bin\freetype.dll
Event: 0.799 Loaded shared library C:\Program Files\Java\jdk-19\bin\fontmanager.dll
Event: 1.435 Loaded shared library C:\Program Files\Java\jdk-19\bin\sunmscapi.dll

Deoptimization events (20 events):
Event: 68.998 Thread 0x00000218ae081f50 Uncommon trap: trap_request=0xffffff45 fr.pc=0x0000021896a183d0 relative=0x00000000000002d0
Event: 68.998 Thread 0x00000218ae081f50 Uncommon trap: reason=unstable_if action=reinterpret pc=0x0000021896a183d0 method=com.formdev.flatlaf.ui.FlatTextFieldUI.getVisibleEditorRect()Ljava/awt/Rectangle; @ 6 c2
Event: 68.998 Thread 0x00000218ae081f50 DEOPT PACKING pc=0x0000021896a183d0 sp=0x0000004a81efef70
Event: 68.998 Thread 0x00000218ae081f50 DEOPT UNPACKING pc=0x0000021896206da3 sp=0x0000004a81efef08 mode 2
Event: 69.000 Thread 0x00000218ae081f50 Uncommon trap: trap_request=0xffffffde fr.pc=0x00000218969fbf90 relative=0x0000000000000fb0
Event: 69.000 Thread 0x00000218ae081f50 Uncommon trap: reason=class_check action=maybe_recompile pc=0x00000218969fbf90 method=sun.java2d.pipe.ValidatePipe.fill(Lsun/java2d/SunGraphics2D;Ljava/awt/Shape;)V @ 14 c2
Event: 69.000 Thread 0x00000218ae081f50 DEOPT PACKING pc=0x00000218969fbf90 sp=0x0000004a81efd630
Event: 69.000 Thread 0x00000218ae081f50 DEOPT UNPACKING pc=0x0000021896206da3 sp=0x0000004a81efd5f8 mode 2
Event: 69.014 Thread 0x00000218ae081f50 Uncommon trap: trap_request=0xffffffde fr.pc=0x00000218969fbf90 relative=0x0000000000000fb0
Event: 69.014 Thread 0x00000218ae081f50 Uncommon trap: reason=class_check action=maybe_recompile pc=0x00000218969fbf90 method=sun.java2d.pipe.ValidatePipe.fill(Lsun/java2d/SunGraphics2D;Ljava/awt/Shape;)V @ 14 c2
Event: 69.014 Thread 0x00000218ae081f50 DEOPT PACKING pc=0x00000218969fbf90 sp=0x0000004a81efd630
Event: 69.014 Thread 0x00000218ae081f50 DEOPT UNPACKING pc=0x0000021896206da3 sp=0x0000004a81efd5f8 mode 2
Event: 69.021 Thread 0x00000218ae081f50 Uncommon trap: trap_request=0xffffffde fr.pc=0x00000218969fbf90 relative=0x0000000000000fb0
Event: 69.021 Thread 0x00000218ae081f50 Uncommon trap: reason=class_check action=maybe_recompile pc=0x00000218969fbf90 method=sun.java2d.pipe.ValidatePipe.fill(Lsun/java2d/SunGraphics2D;Ljava/awt/Shape;)V @ 14 c2
Event: 69.021 Thread 0x00000218ae081f50 DEOPT PACKING pc=0x00000218969fbf90 sp=0x0000004a81efd2d0
Event: 69.021 Thread 0x00000218ae081f50 DEOPT UNPACKING pc=0x0000021896206da3 sp=0x0000004a81efd298 mode 2
Event: 69.715 Thread 0x00000218ae081f50 Uncommon trap: trap_request=0xffffffde fr.pc=0x00000218969fbf90 relative=0x0000000000000fb0
Event: 69.715 Thread 0x00000218ae081f50 Uncommon trap: reason=class_check action=maybe_recompile pc=0x00000218969fbf90 method=sun.java2d.pipe.ValidatePipe.fill(Lsun/java2d/SunGraphics2D;Ljava/awt/Shape;)V @ 14 c2
Event: 69.715 Thread 0x00000218ae081f50 DEOPT PACKING pc=0x00000218969fbf90 sp=0x0000004a81efe460
Event: 69.715 Thread 0x00000218ae081f50 DEOPT UNPACKING pc=0x0000021896206da3 sp=0x0000004a81efe428 mode 2

Classes loaded (20 events):
Event: 67.413 Loading class javax/swing/JTable$PrintMode
Event: 67.413 Loading class javax/swing/JTable$PrintMode done
Event: 67.413 Loading class javax/print/attribute/PrintRequestAttributeSet
Event: 67.413 Loading class javax/print/attribute/AttributeSet
Event: 67.413 Loading class javax/print/attribute/AttributeSet done
Event: 67.413 Loading class javax/print/attribute/PrintRequestAttributeSet done
Event: 67.413 Loading class javax/print/PrintService
Event: 67.413 Loading class javax/print/PrintService done
Event: 67.413 Loading class java/awt/print/PrinterException
Event: 67.413 Loading class java/awt/print/PrinterException done
Event: 67.413 Loading class java/awt/print/Printable
Event: 67.413 Loading class java/awt/print/Printable done
Event: 67.413 Loading class javax/swing/JTable$DropLocation
Event: 67.413 Loading class javax/swing/TransferHandler$DropLocation
Event: 67.413 Loading class javax/swing/TransferHandler$DropLocation done
Event: 67.413 Loading class javax/swing/JTable$DropLocation done
Event: 67.413 Loading class javax/swing/event/RowSorterEvent
Event: 67.413 Loading class javax/swing/event/RowSorterEvent done
Event: 67.415 Loading class javax/swing/table/DefaultTableCellRenderer$UIResource
Event: 67.416 Loading class javax/swing/table/DefaultTableCellRenderer$UIResource done

Classes unloaded (0 events):
No events

Classes redefined (0 events):
No events

Internal exceptions (20 events):
Event: 0.956 Thread 0x00000218af8b2fb0 Exception <a 'java/lang/NoSuchMethodError'{0x00000007116d14c0}: 'java.lang.Object java.lang.invoke.DirectMethodHandle$Holder.newInvokeSpecial(java.lang.Object, java.lang.Object, java.lang.Object, int, int, int, int, int)'> (0x00000007116d14c0) 
thrown [s\open\src\hotspot\share\interpreter\linkResolver.cpp, line 774]
Event: 1.096 Thread 0x00000218ae081f50 Exception <a 'java/lang/NoSuchMethodError'{0x00000007115b55d8}: 'int java.lang.invoke.DirectMethodHandle$Holder.invokeVirtual(java.lang.Object, java.lang.Object)'> (0x00000007115b55d8) 
thrown [s\open\src\hotspot\share\interpreter\linkResolver.cpp, line 774]
Event: 1.096 Thread 0x00000218ae081f50 Exception <a 'java/lang/NoSuchMethodError'{0x00000007115b9d80}: 'int java.lang.invoke.DirectMethodHandle$Holder.invokeSpecial(java.lang.Object, java.lang.Object, java.lang.Object)'> (0x00000007115b9d80) 
thrown [s\open\src\hotspot\share\interpreter\linkResolver.cpp, line 774]
Event: 1.097 Thread 0x00000218ae081f50 Exception <a 'java/lang/NoSuchMethodError'{0x00000007115c51b0}: 'void java.lang.invoke.DirectMethodHandle$Holder.invokeVirtual(java.lang.Object, java.lang.Object, int)'> (0x00000007115c51b0) 
thrown [s\open\src\hotspot\share\interpreter\linkResolver.cpp, line 774]
Event: 1.098 Thread 0x00000218ae081f50 Exception <a 'java/lang/NoSuchMethodError'{0x00000007115c95c8}: 'int java.lang.invoke.DirectMethodHandle$Holder.invokeSpecial(java.lang.Object, java.lang.Object, java.lang.Object, int)'> (0x00000007115c95c8) 
thrown [s\open\src\hotspot\share\interpreter\linkResolver.cpp, line 774]
Event: 1.098 Thread 0x00000218ae081f50 Exception <a 'java/lang/NoSuchMethodError'{0x00000007115dbe68}: 'java.lang.Object java.lang.invoke.DirectMethodHandle$Holder.invokeStatic(java.lang.Object, java.lang.Object, java.lang.Object, java.lang.Object, int)'> (0x00000007115dbe68) 
thrown [s\open\src\hotspot\share\interpreter\linkResolver.cpp, line 774]
Event: 1.099 Thread 0x00000218ae081f50 Exception <a 'java/lang/NoSuchMethodError'{0x00000007115e76a8}: 'void java.lang.invoke.DelegatingMethodHandle$Holder.reinvoke_L(java.lang.Object, java.lang.Object, int)'> (0x00000007115e76a8) 
thrown [s\open\src\hotspot\share\interpreter\linkResolver.cpp, line 774]
Event: 1.103 Thread 0x00000218ae081f50 Exception <a 'java/lang/NoSuchMethodError'{0x0000000711212380}: 'void java.lang.invoke.Invokers$Holder.invokeExact_MT(java.lang.Object, java.lang.Object, java.lang.Object, java.lang.Object)'> (0x0000000711212380) 
thrown [s\open\src\hotspot\share\interpreter\linkResolver.cpp, line 774]
Event: 1.178 Thread 0x00000218ae081f50 Exception <a 'java/lang/NoSuchMethodError'{0x000000071133c280}: 'void java.lang.invoke.DirectMethodHandle$Holder.invokeStatic(java.lang.Object, java.lang.Object, java.lang.Object)'> (0x000000071133c280) 
thrown [s\open\src\hotspot\share\interpreter\linkResolver.cpp, line 774]
Event: 1.444 Thread 0x00000218ae081f50 Exception <a 'sun/nio/fs/WindowsException'{0x0000000710abe448}> (0x0000000710abe448) 
thrown [s\open\src\hotspot\share\prims\jni.cpp, line 517]
Event: 1.553 Thread 0x00000218ae081f50 Exception <a 'java/lang/NoSuchMethodError'{0x000000071084e250}: 'java.lang.Object java.lang.invoke.DirectMethodHandle$Holder.invokeStatic(java.lang.Object, long, java.lang.Object)'> (0x000000071084e250) 
thrown [s\open\src\hotspot\share\interpreter\linkResolver.cpp, line 774]
Event: 1.553 Thread 0x00000218ae081f50 Exception <a 'java/lang/NoSuchMethodError'{0x0000000710851f68}: 'java.lang.Object java.lang.invoke.DirectMethodHandle$Holder.invokeStaticInit(java.lang.Object, long, java.lang.Object)'> (0x0000000710851f68) 
thrown [s\open\src\hotspot\share\interpreter\linkResolver.cpp, line 774]
Event: 1.554 Thread 0x00000218ae081f50 Exception <a 'java/lang/NoSuchMethodError'{0x0000000710857b88}: 'java.lang.Object java.lang.invoke.DirectMethodHandle$Holder.newInvokeSpecial(java.lang.Object, long)'> (0x0000000710857b88) 
thrown [s\open\src\hotspot\share\interpreter\linkResolver.cpp, line 774]
Event: 1.810 Thread 0x00000218ae081f50 Exception <a 'java/lang/NoSuchMethodError'{0x000000070fbaf960}: 'void java.lang.invoke.DirectMethodHandle$Holder.invokeStaticInit(java.lang.Object)'> (0x000000070fbaf960) 
thrown [s\open\src\hotspot\share\interpreter\linkResolver.cpp, line 774]
Event: 53.976 Thread 0x00000218ae081f50 Exception <a 'java/lang/NoSuchMethodError'{0x000000070486b520}: 'java.lang.Object java.lang.invoke.DirectMethodHandle$Holder.invokeSpecial(java.lang.Object, java.lang.Object, java.lang.Object, java.lang.Object, java.lang.Object, int)'> (0x000000070486b520) 
thrown [s\open\src\hotspot\share\interpreter\linkResolver.cpp, line 774]
Event: 55.869 Thread 0x00000218ae081f50 Implicit null exception at 0x00000218969d47f5 to 0x00000218969d4831
Event: 56.995 Thread 0x00000218ae081f50 Implicit null exception at 0x0000021896978a33 to 0x0000021896978a88
Event: 64.337 Thread 0x00000218ae081f50 Exception <a 'java/lang/NoSuchMethodError'{0x0000000705732dc8}: 'java.lang.Object java.lang.invoke.DirectMethodHandle$Holder.newInvokeSpecial(java.lang.Object, int, java.lang.Object)'> (0x0000000705732dc8) 
thrown [s\open\src\hotspot\share\interpreter\linkResolver.cpp, line 774]
Event: 64.341 Thread 0x00000218ae081f50 Implicit null exception at 0x0000021896832850 to 0x00000218968328ad
Event: 64.687 Thread 0x00000218ae081f50 Implicit null exception at 0x00000218968f094c to 0x00000218968f0b28

VM Operations (20 events):
Event: 64.326 Executing VM operation: Cleanup
Event: 64.327 Executing VM operation: Cleanup done
Event: 64.333 Executing VM operation: HandshakeAllThreads
Event: 64.333 Executing VM operation: HandshakeAllThreads done
Event: 64.334 Executing VM operation: HandshakeAllThreads
Event: 64.334 Executing VM operation: HandshakeAllThreads done
Event: 65.334 Executing VM operation: Cleanup
Event: 65.334 Executing VM operation: Cleanup done
Event: 67.334 Executing VM operation: Cleanup
Event: 67.335 Executing VM operation: Cleanup done
Event: 67.415 Executing VM operation: HandshakeAllThreads
Event: 67.415 Executing VM operation: HandshakeAllThreads done
Event: 67.415 Executing VM operation: HandshakeAllThreads
Event: 67.415 Executing VM operation: HandshakeAllThreads done
Event: 68.415 Executing VM operation: Cleanup
Event: 68.416 Executing VM operation: Cleanup done
Event: 69.416 Executing VM operation: Cleanup
Event: 69.416 Executing VM operation: Cleanup done
Event: 71.417 Executing VM operation: Cleanup
Event: 71.417 Executing VM operation: Cleanup done

Events (20 events):
Event: 58.228 Thread 0x00000218a98dd8e0 flushing nmethod 0x000002188f646c10
Event: 58.228 Thread 0x00000218a98dd8e0 flushing nmethod 0x000002188f650390
Event: 58.228 Thread 0x00000218a98dd8e0 flushing nmethod 0x000002188f657a10
Event: 58.228 Thread 0x00000218a98dd8e0 flushing nmethod 0x000002188f659810
Event: 58.228 Thread 0x00000218a98dd8e0 flushing nmethod 0x000002188f662e90
Event: 58.228 Thread 0x00000218a98dd8e0 flushing nmethod 0x000002188f667710
Event: 58.228 Thread 0x00000218a98dd8e0 flushing nmethod 0x000002188f667f90
Event: 58.228 Thread 0x00000218a98dd8e0 flushing nmethod 0x000002188f708e10
Event: 58.228 Thread 0x00000218a98dd8e0 flushing nmethod 0x000002188f70a810
Event: 58.228 Thread 0x00000218a98dd8e0 flushing nmethod 0x000002188f70bc90
Event: 58.228 Thread 0x00000218a98dd8e0 flushing nmethod 0x000002188f714690
Event: 58.664 Thread 0x00000218b1485440 Thread exited: 0x00000218b1485440
Event: 58.778 Thread 0x00000218afca2bf0 Thread added: 0x00000218afca2bf0
Event: 59.799 Thread 0x00000218afca2bf0 Thread exited: 0x00000218afca2bf0
Event: 67.419 Thread 0x00000218a98dd8e0 flushing nmethod 0x000002188f30c790
Event: 67.420 Thread 0x00000218a98dd8e0 flushing nmethod 0x000002188f576b10
Event: 67.421 Thread 0x00000218afca2bf0 Thread added: 0x00000218afca2bf0
Event: 67.623 Thread 0x00000218afca2bf0 Thread exited: 0x00000218afca2bf0
Event: 68.978 Thread 0x00000218af8b2fb0 Thread added: 0x00000218af8b2fb0
Event: 68.994 Thread 0x00000218af8b2510 Thread added: 0x00000218af8b2510


Dynamic libraries:
0x00007ff7533f0000 - 0x00007ff753400000 	C:\Program Files\Java\jdk-19\bin\javaw.exe
0x00007ffaf0390000 - 0x00007ffaf0588000 	C:\WINDOWS\SYSTEM32\ntdll.dll
0x00007ffaef700000 - 0x00007ffaef7bd000 	C:\WINDOWS\System32\KERNEL32.DLL
0x00007ffaedd20000 - 0x00007ffaee016000 	C:\WINDOWS\System32\KERNELBASE.dll
0x00007ffaee190000 - 0x00007ffaee290000 	C:\WINDOWS\System32\ucrtbase.dll
0x00007ffae07c0000 - 0x00007ffae07d8000 	C:\Program Files\Java\jdk-19\bin\jli.dll
0x00007ffaef500000 - 0x00007ffaef5b3000 	C:\WINDOWS\System32\ADVAPI32.dll
0x00007ffaeeee0000 - 0x00007ffaeef7e000 	C:\WINDOWS\System32\msvcrt.dll
0x00007ffaefe60000 - 0x00007ffaefeff000 	C:\WINDOWS\System32\sechost.dll
0x00007ffaef5d0000 - 0x00007ffaef6f6000 	C:\WINDOWS\System32\RPCRT4.dll
0x00007ffaedc60000 - 0x00007ffaedc87000 	C:\WINDOWS\System32\bcrypt.dll
0x00007ffaefcc0000 - 0x00007ffaefe5e000 	C:\WINDOWS\System32\USER32.dll
0x00007ffaee290000 - 0x00007ffaee2b2000 	C:\WINDOWS\System32\win32u.dll
0x00007ffaeef80000 - 0x00007ffaeefac000 	C:\WINDOWS\System32\GDI32.dll
0x00007ffaee2c0000 - 0x00007ffaee3da000 	C:\WINDOWS\System32\gdi32full.dll
0x00007ffaedbc0000 - 0x00007ffaedc5d000 	C:\WINDOWS\System32\msvcp_win.dll
0x00007ffadfc20000 - 0x00007ffadfc3b000 	C:\Program Files\Java\jdk-19\bin\VCRUNTIME140.dll
0x00007ffac7f50000 - 0x00007ffac81ea000 	C:\WINDOWS\WinSxS\amd64_microsoft.windows.common-controls_6595b64144ccf1df_6.0.19041.3636_none_60b6a03d71f818d5\COMCTL32.dll
0x00007ffae7fa0000 - 0x00007ffae7faa000 	C:\WINDOWS\SYSTEM32\VERSION.dll
0x00007ffaeee20000 - 0x00007ffaeee50000 	C:\WINDOWS\System32\IMM32.DLL
0x00007ffae8aa0000 - 0x00007ffae8aac000 	C:\Program Files\Java\jdk-19\bin\vcruntime140_1.dll
0x00007ffac3930000 - 0x00007ffac39be000 	C:\Program Files\Java\jdk-19\bin\msvcp140.dll
0x00007ffa7fb50000 - 0x00007ffa80810000 	C:\Program Files\Java\jdk-19\bin\server\jvm.dll
0x00007ffadaa90000 - 0x00007ffadaa99000 	C:\WINDOWS\SYSTEM32\WSOCK32.dll
0x00007ffaf0080000 - 0x00007ffaf00eb000 	C:\WINDOWS\System32\WS2_32.dll
0x00007ffad9d00000 - 0x00007ffad9d27000 	C:\WINDOWS\SYSTEM32\WINMM.dll
0x00007ffaec290000 - 0x00007ffaec2a2000 	C:\WINDOWS\SYSTEM32\kernel.appcore.dll
0x00007ffae08f0000 - 0x00007ffae08fa000 	C:\Program Files\Java\jdk-19\bin\jimage.dll
0x00007ffad6d90000 - 0x00007ffad6f74000 	C:\WINDOWS\SYSTEM32\DBGHELP.DLL
0x00007ffad6d50000 - 0x00007ffad6d84000 	C:\WINDOWS\SYSTEM32\dbgcore.DLL
0x00007ffaedc90000 - 0x00007ffaedd12000 	C:\WINDOWS\System32\bcryptPrimitives.dll
0x00007ffadde30000 - 0x00007ffadde56000 	C:\Program Files\Java\jdk-19\bin\java.dll
0x00007ffab96c0000 - 0x00007ffab9797000 	C:\Program Files\Java\jdk-19\bin\jsvml.dll
0x00007ffaee6d0000 - 0x00007ffaeee15000 	C:\WINDOWS\System32\SHELL32.dll
0x00007ffaebac0000 - 0x00007ffaec25b000 	C:\WINDOWS\SYSTEM32\windows.storage.dll
0x00007ffaef830000 - 0x00007ffaefb84000 	C:\WINDOWS\System32\combase.dll
0x00007ffaed340000 - 0x00007ffaed36d000 	C:\WINDOWS\SYSTEM32\Wldp.dll
0x00007ffaf01a0000 - 0x00007ffaf024d000 	C:\WINDOWS\System32\SHCORE.dll
0x00007ffaefc60000 - 0x00007ffaefcb5000 	C:\WINDOWS\System32\shlwapi.dll
0x00007ffaed990000 - 0x00007ffaed9b5000 	C:\WINDOWS\SYSTEM32\profapi.dll
0x00007ffadf940000 - 0x00007ffadf953000 	C:\Program Files\Java\jdk-19\bin\net.dll
0x00007ffae5860000 - 0x00007ffae596a000 	C:\WINDOWS\SYSTEM32\WINHTTP.dll
0x00007ffaed0c0000 - 0x00007ffaed12a000 	C:\WINDOWS\system32\mswsock.dll
0x00007ffadf3b0000 - 0x00007ffadf3c6000 	C:\Program Files\Java\jdk-19\bin\nio.dll
0x00007ffadf250000 - 0x00007ffadf268000 	C:\Program Files\Java\jdk-19\bin\zip.dll
0x00007ffa8ebb0000 - 0x00007ffa8ed41000 	C:\Program Files\Java\jdk-19\bin\awt.dll
0x00007ffaefb90000 - 0x00007ffaefc5d000 	C:\WINDOWS\System32\OLEAUT32.dll
0x00007ffaeaee0000 - 0x00007ffaeaf70000 	C:\WINDOWS\SYSTEM32\apphelp.dll
0x00007ffae6790000 - 0x00007ffae67a0000 	C:\Program Files\Java\jdk-19\bin\verify.dll
0x00007ffaeb0a0000 - 0x00007ffaeb13e000 	C:\WINDOWS\system32\uxtheme.dll
0x00007ffaeff60000 - 0x00007ffaf0074000 	C:\WINDOWS\System32\MSCTF.dll
0x00007ffaee590000 - 0x00007ffaee6bb000 	C:\WINDOWS\System32\ole32.dll
0x00007ffaeb290000 - 0x00007ffaeb2bf000 	C:\WINDOWS\system32\DWMAPI.DLL
0x00007ffadabd0000 - 0x00007ffadacf5000 	C:\WINDOWS\system32\opengl32.dll
0x00007ffaddeb0000 - 0x00007ffaddedc000 	C:\WINDOWS\SYSTEM32\GLU32.dll
0x00007ffaed690000 - 0x00007ffaed6a8000 	C:\WINDOWS\SYSTEM32\CRYPTSP.dll
0x00007ffaeca10000 - 0x00007ffaeca44000 	C:\WINDOWS\system32\rsaenh.dll
0x00007ffaed950000 - 0x00007ffaed97e000 	C:\WINDOWS\SYSTEM32\USERENV.dll
0x00007ffaed250000 - 0x00007ffaed25c000 	C:\WINDOWS\SYSTEM32\CRYPTBASE.dll
0x00007ffaecdd0000 - 0x00007ffaece0b000 	C:\WINDOWS\SYSTEM32\IPHLPAPI.DLL
0x00007ffaef5c0000 - 0x00007ffaef5c8000 	C:\WINDOWS\System32\NSI.dll
0x00007ffae6600000 - 0x00007ffae6617000 	C:\WINDOWS\SYSTEM32\dhcpcsvc6.DLL
0x00007ffae65e0000 - 0x00007ffae65fd000 	C:\WINDOWS\SYSTEM32\dhcpcsvc.DLL
0x00007ffaece10000 - 0x00007ffaeceda000 	C:\WINDOWS\SYSTEM32\DNSAPI.dll
0x0000000070340000 - 0x000000007040e000 	C:\Users\hamit\AppData\Local\Temp\sqlite-3.30.1-e227ef90-e93b-44a5-aa10-af4cf8b33523-sqlitejdbc.dll
0x00007ffae9510000 - 0x00007ffae9516000 	C:\Users\hamit\AppData\Local\Temp\flatlaf.temp\flatlaf-windows-x86_64-4482829642148000.dll
0x00007ffadf2b0000 - 0x00007ffadf336000 	C:\Program Files\Java\jdk-19\bin\freetype.dll
0x00007ffac3880000 - 0x00007ffac3929000 	C:\Program Files\Java\jdk-19\bin\fontmanager.dll
0x00007ffae0750000 - 0x00007ffae075e000 	C:\Program Files\Java\jdk-19\bin\sunmscapi.dll
0x00007ffaeda60000 - 0x00007ffaedbbd000 	C:\WINDOWS\System32\CRYPT32.dll
0x00007ffaed3b0000 - 0x00007ffaed3d8000 	C:\WINDOWS\SYSTEM32\ncrypt.dll
0x00007ffaed370000 - 0x00007ffaed3ab000 	C:\WINDOWS\SYSTEM32\NTASN1.dll
0x00007ffaf00f0000 - 0x00007ffaf0199000 	C:\WINDOWS\System32\clbcatq.dll
0x00007ffae8470000 - 0x00007ffae8624000 	C:\WINDOWS\SYSTEM32\WindowsCodecs.dll
0x00007ffad5390000 - 0x00007ffad53ce000 	C:\WINDOWS\system32\dataexchange.dll
0x00007ffaea3d0000 - 0x00007ffaea5b3000 	C:\WINDOWS\system32\dcomp.dll
0x00007ffae9ba0000 - 0x00007ffae9e03000 	C:\WINDOWS\system32\d3d11.dll
0x00007ffaec2d0000 - 0x00007ffaec3c3000 	C:\WINDOWS\system32\dxgi.dll
0x00007ffae8130000 - 0x00007ffae8333000 	C:\WINDOWS\system32\twinapi.appcore.dll
0x00007ffadfdd0000 - 0x00007ffadfec9000 	C:\WINDOWS\SYSTEM32\textinputframework.dll
0x00007ffaeaca0000 - 0x00007ffaead92000 	C:\WINDOWS\System32\CoreMessaging.dll
0x00007ffaea5c0000 - 0x00007ffaea91b000 	C:\WINDOWS\System32\CoreUIComponents.dll
0x00007ffaecb30000 - 0x00007ffaecb63000 	C:\WINDOWS\SYSTEM32\ntmarta.dll
0x00007ffae95e0000 - 0x00007ffae9735000 	C:\WINDOWS\SYSTEM32\wintypes.dll

dbghelp: loaded successfully - version: 4.0.5 - missing functions: none
symbol engine: initialized successfully - sym options: 0x614 - pdb path: .;C:\Program Files\Java\jdk-19\bin;C:\WINDOWS\SYSTEM32;C:\WINDOWS\WinSxS\amd64_microsoft.windows.common-controls_6595b64144ccf1df_6.0.19041.3636_none_60b6a03d71f818d5;C:\Program Files\Java\jdk-19\bin\server;C:\Users\hamit\AppData\Local\Temp;C:\Users\hamit\AppData\Local\Temp\flatlaf.temp

VM Arguments:
jvm_args: -Dfile.encoding=UTF-8 -Dstdout.encoding=UTF-8 -Dstderr.encoding=UTF-8 -XX:+ShowCodeDetailsInExceptionMessages 
java_command: obs.backup.main.OBS_BACKUP
java_class_path (initial): C:\Users\hamit\git\Eclipse\OBS_BACKUP\bin;C:\Users\hamit\git\Eclipse\OBS_CLASS_2025\bin;C:\ELIF\2025\sqlite-jdbc-3.30.1.jar;C:\ELIF\2025\sqljdbc4-4.0.jar;C:\ELIF\2025\jcalendar-1.4.jar;C:\ELIF\2025\jcommon-1.0.8.jar;C:\ELIF\2025\jfreechart.jar;C:\ELIF\2025\mail.jar;C:\ELIF\2025\mysql-connector-j-8.0.31.jar;C:\ELIF\2025\commons-net-3.7.jar;C:\ELIF\2025\smsApi-Java-1.8.jar;C:\ELIF\2025\TimingFramework-0.55.jar;C:\ELIF\2025\ucanaccess-5.0.1.jar;C:\ELIF\2025\jackcess-4.0.5.jar;C:\ELIF\2025\jackcess-encrypt-4.0.2.jar;C:\ELIF\2025\commons-logging.jar;C:\ELIF\2025\commons-logging-1.2.jar;C:\ELIF\2025\commons-lang-2.1.jar;C:\ELIF\2025\commons-lang3-3.8.1.jar;C:\ELIF\2025\hsqldb-2.5.0.jar;C:\ELIF\2025\flatlaf-3.2.1.jar;C:\ELIF\2025\flatlaf-extras-3.2.5.jar;C:\ELIF\2025\gradient-icon-font.jar;C:\ELIF\2025\flatlaf-intellij-themes-3.2.1.jar;C:\ELIF\2025\swing-toast-notifications-1.0.1.jar;C:\ELIF\2025\jl-1.0.1.jar;C:\ELIF\2025\jsvg-1.2.0.jar;C:\ELIF\2025\commons-net-3.7-sources.jar;C:\ELIF\2025\activation.jar;C:\ELIF\2025\poi-ooxml-4.1.2.jar;C:\ELIF\2025\poi-ooxml-schemas-4.1.2.jar;C:\ELIF\2025\poi-scratchpad-4.1.2.jar;C:\ELIF\2025\pfjgraphics.jar;C:\ELIF\2025\poi-4.1.2.jar;C:\ELIF\2025\commons-collections4-4.4.jar;C:\ELIF\2025\rs2xml.jar;C:\ELIF\2025\xmlbeans-3.1.0.jar;C:\ELIF\2025\commons-compress-1.22.jar
Launcher Type: SUN_STANDARD

[Global flags]
     intx CICompilerCount                          = 3                                         {product} {ergonomic}
     uint ConcGCThreads                            = 1                                         {product} {ergonomic}
     uint G1ConcRefinementThreads                  = 4                                         {product} {ergonomic}
   size_t G1HeapRegionSize                         = 2097152                                   {product} {ergonomic}
    uintx GCDrainStackTargetSize                   = 64                                        {product} {ergonomic}
   size_t InitialHeapSize                          = 268435456                                 {product} {ergonomic}
   size_t MarkStackSize                            = 4194304                                   {product} {ergonomic}
   size_t MaxHeapSize                              = 4269801472                                {product} {ergonomic}
   size_t MaxNewSize                               = 2560622592                                {product} {ergonomic}
   size_t MinHeapDeltaBytes                        = 2097152                                   {product} {ergonomic}
   size_t MinHeapSize                              = 8388608                                   {product} {ergonomic}
    uintx NonNMethodCodeHeapSize                   = 5832780                                {pd product} {ergonomic}
    uintx NonProfiledCodeHeapSize                  = 122912730                              {pd product} {ergonomic}
    uintx ProfiledCodeHeapSize                     = 122912730                              {pd product} {ergonomic}
    uintx ReservedCodeCacheSize                    = 251658240                              {pd product} {ergonomic}
     bool SegmentedCodeCache                       = true                                      {product} {ergonomic}
     bool ShowCodeDetailsInExceptionMessages       = true                                   {manageable} {command line}
   size_t SoftMaxHeapSize                          = 4269801472                             {manageable} {ergonomic}
     bool UseCompressedClassPointers               = true                           {product lp64_product} {ergonomic}
     bool UseCompressedOops                        = true                           {product lp64_product} {ergonomic}
     bool UseG1GC                                  = true                                      {product} {ergonomic}
     bool UseLargePagesIndividualAllocation        = false                                  {pd product} {ergonomic}

Logging:
Log output configuration:
 #0: stdout all=warning uptime,level,tags foldmultilines=false
 #1: stderr all=off uptime,level,tags foldmultilines=false

Environment Variables:
JAVA_HOME=C:\Program Files\Java\jdk-21\bin
PATH=C:\Program Files\Common Files\Oracle\Java\javapath;C:\Program Files\Common Files\Siemens\Automation\Simatic OAM\bin;C:\Program Files (x86)\NVIDIA Corporation\PhysX\Common;C:\WINDOWS\system32;C:\WINDOWS;C:\WINDOWS\System32\Wbem;C:\WINDOWS\System32\WindowsPowerShell\v1.0\;C:\Program Files (x86)\Windows Live\Shared;C:\Program Files (x86)\Windows Kits\8.1\Windows Performance Toolkit\;C:\WINDOWS\System32\OpenSSH\;C:\Program Files\Azure Data Studio\bin;C:\Program Files\Microsoft SQL Server\Client SDK\ODBC\170\Tools\Binn\;C:\Program Files (x86)\Microsoft SQL Server\150\Tools\Binn\;C:\Program Files\Microsoft SQL Server\150\Tools\Binn\;C:\Program Files\Microsoft SQL Server\150\DTS\Binn\;C:\Program Files (x86)\Microsoft SQL Server\160\DTS\Binn\;C:\Program Files\Java\jdk-21\bin;C:\Program Files\dotnet\;C:\Program Files\MySQL\MySQL Shell 8.0\bin\;C:\Users\hamit\AppData\Local\Microsoft\WindowsApps;C:\Program Files\Azure Data Studio\bin;C:\Users\hamit\AppData\Local\Programs\Python\Python311\Scripts;C:\Users\hamit\AppData\Local\Programs\Python\Python311;;C:\Users\hamit\AppData\Local\Programs\Microsoft VS Code\bin;C:\Users\hamit\.dotnet\tools
USERNAME=hamit
OS=Windows_NT
PROCESSOR_IDENTIFIER=Intel64 Family 6 Model 94 Stepping 3, GenuineIntel
TMP=C:\Users\hamit\AppData\Local\Temp
TEMP=C:\Users\hamit\AppData\Local\Temp



---------------  S Y S T E M  ---------------

OS:
 Windows 10 , 64 bit Build 19041 (10.0.19041.3636)
OS uptime: 5 days 4:32 hours
Hyper-V role detected

CPU: total 4 (initial active 4) (4 cores per cpu, 1 threads per core) family 6 model 94 stepping 3 microcode 0xcc, cx8, cmov, fxsr, mmx, 3dnowpref, sse, sse2, sse3, ssse3, sse4.1, sse4.2, popcnt, lzcnt, tsc, tscinvbit, avx, avx2, aes, erms, clmul, bmi1, bmi2, rtm, adx, fma, vzeroupper, clflush, clflushopt, hv, rdtscp

Memory: 4k page, system-wide physical 16286M (6678M free)
TotalPageFile size 18718M (AvailPageFile size 6755M)
current process WorkingSet (physical memory assigned to process): 189M, peak: 200M
current process commit charge ("private bytes"): 216M, peak: 399M

vm_info: Java HotSpot(TM) 64-Bit Server VM (19+36-2238) for windows-amd64 JRE (19+36-2238), built on 2022-08-12T20:29:01Z by "mach5one" with MS VC++ 17.1 (VS2022)

END.
