#
# A fatal error has been detected by the Java Runtime Environment:
#
#  EXCEPTION_ACCESS_VIOLATION (0xc0000005) at pc=0x00000000703936c4, pid=5436, tid=17104
#
# JRE version: Java(TM) SE Runtime Environment (21.0+35) (build 21+35-LTS-2513)
# Java VM: Java HotSpot(TM) 64-Bit Server VM (21+35-LTS-2513, mixed mode, sharing, tiered, compressed oops, compressed class ptrs, g1 gc, windows-amd64)
# Problematic frame:
# C  [sqlite-3.30.1-86d2fd42-90fd-4d57-9caa-ac787cc28606-sqlitejdbc.dll+0x536c4]
#
# No core dump will be written. Minidumps are not enabled by default on client versions of Windows
#
# If you would like to submit a bug report, please visit:
#   https://bugreport.java.com/bugreport/crash.jsp
# The crash happened outside the Java Virtual Machine in native code.
# See problematic frame for where to report the bug.
#

---------------  S U M M A R Y ------------

Command Line: -Dfile.encoding=UTF-8 -Dstdout.encoding=UTF-8 -Dstderr.encoding=UTF-8 -XX:+ShowCodeDetailsInExceptionMessages obs.backup.main.OBS_BACKUP

Host: Intel(R) Core(TM) i5-6600 CPU @ 3.30GHz, 4 cores, 15G,  Windows 10 , 64 bit Build 19041 (10.0.19041.3636)
Time: Sat Jan 20 12:18:29 2024 FLE Standard Time elapsed time: 12.245900 seconds (0d 0h 0m 12s)

---------------  T H R E A D  ---------------

Current thread (0x000001950fad1b90):  JavaThread "Timer-1"          [_thread_in_native, id=17104, stack(0x00000017e8100000,0x00000017e8200000) (1024K)]

Stack: [0x00000017e8100000,0x00000017e8200000],  sp=0x00000017e81ff000,  free space=1020k
Native frames: (J=compiled Java code, j=interpreted, Vv=VM code, C=native code)
C  [sqlite-3.30.1-86d2fd42-90fd-4d57-9caa-ac787cc28606-sqlitejdbc.dll+0x536c4]

Java frames: (J=compiled Java code, j=interpreted, Vv=VM code)
j  org.sqlite.core.NativeDB.reset(J)I+0
j  org.sqlite.jdbc3.JDBC3PreparedStatement.executeQuery()Ljava/sql/ResultSet;+39
j  OBS_C_2025.BACKUP_GLOBAL.pid_oku()I+60
j  obs.backup.main.OBS_BACKUP.secondRUN()V+5
j  obs.backup.main.OBS_BACKUP$30.run()V+11
j  java.util.TimerThread.mainLoop()V+221 java.base@21
j  java.util.TimerThread.run()V+1 java.base@21
v  ~StubRoutines::call_stub 0x00000194b9bc100d

siginfo: EXCEPTION_ACCESS_VIOLATION (0xc0000005), reading address 0x000001951171fbd8


Registers:
RAX=0x0000000000000000, RBX=0x000001951171fbd8, RCX=0x000001951171fbd8, RDX=0x00000017e81ff118
RSP=0x00000017e81ff000, RBP=0x00000017e81ff0e8, RSI=0x0000000000000000, RDI=0x00000194b9bc896e
R8 =0x000001951171fbd8, R9 =0x0000000000000001, R10=0x00000194b9bcda25, R11=0x0000000000000121
R12=0x0000000000000000, R13=0x000001950ad1fa68, R14=0x00000017e81ff118, R15=0x000001950fad1b90
RIP=0x00000000703936c4, EFLAGS=0x0000000000010206


Register to memory mapping:

RAX=0x0 is null
RBX=0x000001951171fbd8 points into unknown readable memory: 0x000001951171f728 | 28 f7 71 11 95 01 00 00
RCX=0x000001951171fbd8 points into unknown readable memory: 0x000001951171f728 | 28 f7 71 11 95 01 00 00
RDX=0x00000017e81ff118 is pointing into the stack for thread: 0x000001950fad1b90
RSP=0x00000017e81ff000 is pointing into the stack for thread: 0x000001950fad1b90
RBP=0x00000017e81ff0e8 is pointing into the stack for thread: 0x000001950fad1b90
RSI=0x0 is null
RDI=0x00000194b9bc896e is at code_begin+1454 in an Interpreter codelet
return entry points  [0x00000194b9bc83c0, 0x00000194b9bc8f18]  2904 bytes
R8 =0x000001951171fbd8 points into unknown readable memory: 0x000001951171f728 | 28 f7 71 11 95 01 00 00
R9 =0x0000000000000001 is an unknown value
R10=0x00000194b9bcda25 is at code_begin+1285 in an Interpreter codelet
native method entry point (kind = native_synchronized)  [0x00000194b9bcd520, 0x00000194b9bce150]  3120 bytes
R11=0x0000000000000121 is an unknown value
R12=0x0 is null
R13={method} {0x000001950ad1fa70} 'reset' '(J)I' in 'org/sqlite/core/NativeDB'
R14=0x00000017e81ff118 is pointing into the stack for thread: 0x000001950fad1b90
R15=0x000001950fad1b90 is a thread

Top of Stack: (sp=0x00000017e81ff000)
0x00000017e81ff000:   0000001700000002 000001950f790540
0x00000017e81ff010:   00000017e81ff0e8 000000070573c610
0x00000017e81ff020:   000000070573c998 00007ffa7125520e
0x00000017e81ff030:   000000070573d4d8 000001950ad1fa68
0x00000017e81ff040:   0000000000000000 00000194b9bcda54
0x00000017e81ff050:   00000194b9bc896e 00000194b9bcd7a7
0x00000017e81ff060:   000001950ad1fa68 0000000000000000
0x00000017e81ff070:   0000000000000000 00000017e81ff0a8
0x00000017e81ff080:   00000017e81ff0f8 00000194b9bcd767
0x00000017e81ff090:   0000000000000003 000000070573c998
0x00000017e81ff0a0:   00000017e81ff090 000001950ad1fa68
0x00000017e81ff0b0:   0000000000000006 000001950ad78a00
0x00000017e81ff0c0:   0000000000000000 0000000710729288
0x00000017e81ff0d0:   000001950ad1fa68 0000000000000000
0x00000017e81ff0e0:   00000017e81ff108 00000017e81ff168
0x00000017e81ff0f0:   00000194b9bc896e 0000000000000000
0x00000017e81ff100:   00000194b9bca395 000001951171fbd8
0x00000017e81ff110:   0000000000000000 000000070573c998
0x00000017e81ff120:   00000017e81ff120 000001950ada376f
0x00000017e81ff130:   0000000000000004 000001950adac000
0x00000017e81ff140:   0000000000000000 000000071071e7c8
0x00000017e81ff150:   000001950ada3810 00000017e81ff108
0x00000017e81ff160:   00000017e81ff188 00000017e81ff1d8
0x00000017e81ff170:   00000194b9bc8e44 0000000000000000
0x00000017e81ff180:   0000000000000000 000000070573d470
0x00000017e81ff190:   00000017e81ff190 000001950a462d14
0x00000017e81ff1a0:   0000000000000006 000001950a45e000
0x00000017e81ff1b0:   0000000000000000 0000000701b90ba0
0x00000017e81ff1c0:   000001950a462d98 00000017e81ff188
0x00000017e81ff1d0:   00000017e81ff208 00000017e81ff258
0x00000017e81ff1e0:   00000194b9bc896e 0000000000000000
0x00000017e81ff1f0:   00000007103f0ae8 0000000000000000 

Instructions: (pc=0x00000000703936c4)
0x00000000703935c4:   48 89 43 28 eb 17 48 8b 4c 24 40 49 89 c0 48 89
0x00000000703935d4:   da 48 81 c1 c7 01 00 00 e8 78 ce fb ff 45 31 f6
0x00000000703935e4:   48 8b 43 18 45 89 34 24 48 89 45 28 48 81 c4 28
0x00000000703935f4:   01 00 00 5b 5e 5f 5d 41 5c 41 5d 41 5e 41 5f c3
0x0000000070393604:   48 83 ec 38 48 8d 05 0a 7e ff ff 48 89 44 24 20
0x0000000070393614:   e8 80 f3 ff ff 48 83 c4 38 c3 57 56 53 48 83 ec
0x0000000070393624:   20 48 8b 31 48 89 cb 48 8b 49 10 48 85 c9 74 05
0x0000000070393634:   e8 54 cc ff ff 48 8b 93 40 01 00 00 48 89 f1 e8
0x0000000070393644:   51 4b fc ff 48 8b 93 48 01 00 00 48 85 d2 74 15
0x0000000070393654:   48 8b 42 28 48 89 f1 48 89 83 48 01 00 00 e8 da
0x0000000070393664:   42 fc ff eb df 48 8b 93 50 01 00 00 48 89 f1 e8
0x0000000070393674:   f1 48 fc ff 48 8b 53 08 48 89 f1 e8 62 ea fb ff
0x0000000070393684:   48 8b 93 98 01 00 00 48 85 d2 74 11 48 8b 7a 18
0x0000000070393694:   48 89 f1 e8 4a ea fb ff 48 89 fa eb ea 48 89 d9
0x00000000703936a4:   48 83 c4 20 5b 5e 5f e9 55 41 fc ff 56 53 48 83
0x00000000703936b4:   ec 38 31 c0 48 85 c9 48 89 cb 0f 84 84 00 00 00
0x00000000703936c4:   48 8b 31 48 8b 4e 18 e8 d1 02 fb ff 48 83 bb b8
0x00000000703936d4:   00 00 00 00 7e 0b 48 89 da 48 89 f1 e8 24 8a fb
0x00000000703936e4:   ff 48 89 d9 e8 fd ca ff ff 48 89 f1 89 c2 c7 43
0x00000000703936f4:   24 a3 0d f2 2d c7 43 34 ff ff ff ff c7 43 38 00
0x0000000070393704:   00 00 00 c6 83 c2 00 00 00 02 c7 43 3c 00 00 00
0x0000000070393714:   00 c7 43 30 01 00 00 00 c6 83 c3 00 00 00 ff c7
0x0000000070393724:   43 40 00 00 00 00 48 c7 43 50 00 00 00 00 e8 15
0x0000000070393734:   f1 fb ff 48 8b 4e 18 89 44 24 2c e8 79 02 fb ff
0x0000000070393744:   8b 44 24 2c 48 83 c4 38 5b 5e c3 57 56 53 48 83
0x0000000070393754:   ec 20 48 8b 31 48 89 cf 48 8b 89 a0 00 00 00 e8
0x0000000070393764:   a0 8a fb ff 48 8b 8f b0 00 00 00 e8 94 8a fb ff
0x0000000070393774:   48 8b 5f 38 48 85 db 74 36 83 7f 20 05 b8 02 00
0x0000000070393784:   00 00 75 09 31 c0 83 7f 24 00 0f 95 c0 48 8b 56
0x0000000070393794:   28 48 89 d9 48 8d 34 c2 48 83 7e 28 00 75 0b e8
0x00000000703937a4:   08 ff ff ff 48 89 5e 28 eb 05 e8 15 cb ff ff 48
0x00000000703937b4:   8b 5f 48 48 85 db 74 10 48 8b 0b e8 04 cb ff ff 


Stack slot to memory mapping:

stack at sp + 0 slots: 0x0000001700000002 is an unknown value
stack at sp + 1 slots: 0x000001950f790540 points into unknown readable memory: 0x0000019500000002 | 02 00 00 00 95 01 00 00
stack at sp + 2 slots: 0x00000017e81ff0e8 is pointing into the stack for thread: 0x000001950fad1b90
stack at sp + 3 slots: 0x000000070573c610 is an oop: org.sqlite.jdbc4.JDBC4Connection 
{0x000000070573c610} - klass: 'org/sqlite/jdbc4/JDBC4Connection'
 - ---- fields (total size 4 words):
 - private final 'db' 'Lorg/sqlite/core/DB;' @12  a 'org/sqlite/core/NativeDB'{0x000000070573c998} (0xe0ae7933)
 - private 'meta' 'Lorg/sqlite/core/CoreDatabaseMetaData;' @16  null (0x00000000)
 - private final 'connectionConfig' 'Lorg/sqlite/SQLiteConnectionConfig;' @20  a 'org/sqlite/SQLiteConnectionConfig'{0x000000070573ca50} (0xe0ae794a)
 - private final 'savePoint' 'Ljava/util/concurrent/atomic/AtomicInteger;' @24  a 'java/util/concurrent/atomic/AtomicInteger'{0x000000070573d410} (0xe0ae7a82)
 - private 'typeMap' 'Ljava/util/Map;' @28  null (0x00000000)
stack at sp + 4 slots: 0x000000070573c998 is an oop: org.sqlite.core.NativeDB 
{0x000000070573c998} - klass: 'org/sqlite/core/NativeDB'
 - ---- fields (total size 8 words):
 - private final 'url' 'Ljava/lang/String;' @12  "jdbc:sqlite:C:\OBS_SISTEM\hamit_SQL_BACKUP.DB"{0x000000070573c450} (0xe0ae788a)
 - 'begin' 'J' @16  0 (0x0000000000000000)
 - 'commit' 'J' @24  0 (0x0000000000000000)
 - private final 'fileName' 'Ljava/lang/String;' @32  "C:\OBS_SISTEM\hamit_SQL_BACKUP.DB"{0x000000070573c630} (0xe0ae78c6)
 - private final 'config' 'Lorg/sqlite/SQLiteConfig;' @36  a 'org/sqlite/SQLiteConfig'{0x000000070573c7b8} (0xe0ae78f7)
 - private final 'closed' 'Ljava/util/concurrent/atomic/AtomicBoolean;' @40  a 'java/util/concurrent/atomic/AtomicBoolean'{0x000000070573c9d8} (0xe0ae793b)
 - private final 'stmts' 'Ljava/util/Map;' @44  a 'java/util/HashMap'{0x000000070573c9e8} (0xe0ae793d)
 - 'pointer' 'J' @48  0 (0x0000000000000000)
 - private final 'udfdatalist' 'J' @56  0 (0x0000000000000000)
stack at sp + 5 slots: 0x00007ffa7125520e jvm.dll
stack at sp + 6 slots: 0x000000070573d4d8 is an oop: org.sqlite.jdbc4.JDBC4ResultSet 
{0x000000070573d4d8} - klass: 'org/sqlite/jdbc4/JDBC4ResultSet'
 - ---- fields (total size 7 words):
 - public 'maxRows' 'I' @12  0 (0x00000000)
 - protected 'limitRows' 'I' @16  0 (0x00000000)
 - protected 'row' 'I' @20  0 (0x00000000)
 - protected 'lastCol' 'I' @24  -1 (0xffffffff)
 - public 'open' 'Z' @28  false (0x00)
 - public 'closeStmt' 'Z' @29  false (0x00)
 - protected final 'stmt' 'Lorg/sqlite/core/CoreStatement;' @32  a 'org/sqlite/jdbc4/JDBC4PreparedStatement'{0x000000070573d470} (0xe0ae7a8e)
 - public 'cols' '[Ljava/lang/String;' @36  null (0x00000000)
 - public 'colsMeta' '[Ljava/lang/String;' @40  null (0x00000000)
 - protected 'meta' '[[Z' @44  null (0x00000000)
 - protected 'columnNameToIndex' 'Ljava/util/Map;' @48  null (0x00000000)
stack at sp + 7 slots: {method} {0x000001950ad1fa70} 'reset' '(J)I' in 'org/sqlite/core/NativeDB'


---------------  P R O C E S S  ---------------

Threads class SMR info:
_java_thread_list=0x000001950e8ac8c0, length=22, elements={
0x00000194c8b38be0, 0x00000194c8b3a450, 0x00000194c8b3ea80, 0x00000194c8b3f760,
0x00000194c8b40b10, 0x00000194c8b41ec0, 0x00000194c8b47160, 0x00000194c8b541e0,
0x000001950e12db20, 0x000001950e132f90, 0x000001950e394250, 0x000001950e394aa0,
0x000001950e2739d0, 0x000001950e4dd9c0, 0x00000194a801ff60, 0x000001950fe618f0,
0x000001950fad4980, 0x000001950fad35d0, 0x000001950fad1b90, 0x00000194c8b548b0,
0x000001950fad28b0, 0x000001950f980490
}

Java Threads: ( => current thread )
  0x00000194c8b38be0 JavaThread "Reference Handler"          daemon [_thread_blocked, id=2072, stack(0x00000017e6900000,0x00000017e6a00000) (1024K)]
  0x00000194c8b3a450 JavaThread "Finalizer"                  daemon [_thread_blocked, id=11100, stack(0x00000017e6a00000,0x00000017e6b00000) (1024K)]
  0x00000194c8b3ea80 JavaThread "Signal Dispatcher"          daemon [_thread_blocked, id=7316, stack(0x00000017e6b00000,0x00000017e6c00000) (1024K)]
  0x00000194c8b3f760 JavaThread "Attach Listener"            daemon [_thread_blocked, id=10376, stack(0x00000017e6c00000,0x00000017e6d00000) (1024K)]
  0x00000194c8b40b10 JavaThread "Service Thread"             daemon [_thread_blocked, id=4756, stack(0x00000017e6d00000,0x00000017e6e00000) (1024K)]
  0x00000194c8b41ec0 JavaThread "Monitor Deflation Thread"   daemon [_thread_blocked, id=13188, stack(0x00000017e6e00000,0x00000017e6f00000) (1024K)]
  0x00000194c8b47160 JavaThread "C2 CompilerThread0"         daemon [_thread_in_vm, id=5624, stack(0x00000017e6f00000,0x00000017e7000000) (1024K)]
  0x00000194c8b541e0 JavaThread "C1 CompilerThread0"         daemon [_thread_in_vm, id=17040, stack(0x00000017e7000000,0x00000017e7100000) (1024K)]
  0x000001950e12db20 JavaThread "Notification Thread"        daemon [_thread_blocked, id=800, stack(0x00000017e7100000,0x00000017e7200000) (1024K)]
  0x000001950e132f90 JavaThread "Common-Cleaner"             daemon [_thread_blocked, id=17864, stack(0x00000017e7200000,0x00000017e7300000) (1024K)]
  0x000001950e394250 JavaThread "Java2D Disposer"            daemon [_thread_blocked, id=8288, stack(0x00000017e7300000,0x00000017e7400000) (1024K)]
  0x000001950e394aa0 JavaThread "AWT-Shutdown"                      [_thread_blocked, id=6452, stack(0x00000017e7400000,0x00000017e7500000) (1024K)]
  0x000001950e2739d0 JavaThread "AWT-Windows"                daemon [_thread_in_Java, id=17256, stack(0x00000017e7500000,0x00000017e7600000) (1024K)]
  0x000001950e4dd9c0 JavaThread "AWT-EventQueue-0"                  [_thread_in_native, id=4704, stack(0x00000017e7600000,0x00000017e7700000) (1024K)]
  0x00000194a801ff60 JavaThread "DestroyJavaVM"                     [_thread_blocked, id=1472, stack(0x00000017e6100000,0x00000017e6200000) (1024K)]
  0x000001950fe618f0 JavaThread "TimerQueue"                 daemon [_thread_blocked, id=16812, stack(0x00000017e7e00000,0x00000017e7f00000) (1024K)]
  0x000001950fad4980 JavaThread "mysql-cj-abandoned-connection-cleanup" daemon [_thread_blocked, id=10568, stack(0x00000017e7f00000,0x00000017e8000000) (1024K)]
  0x000001950fad35d0 JavaThread "Timer-0"                           [_thread_blocked, id=4732, stack(0x00000017e8000000,0x00000017e8100000) (1024K)]
=>0x000001950fad1b90 JavaThread "Timer-1"                           [_thread_in_native, id=17104, stack(0x00000017e8100000,0x00000017e8200000) (1024K)]
  0x00000194c8b548b0 JavaThread "C2 CompilerThread1"         daemon [_thread_blocked, id=7256, stack(0x00000017e7800000,0x00000017e7900000) (1024K)]
  0x000001950fad28b0 JavaThread "Timer-2"                           [_thread_blocked, id=11144, stack(0x00000017e7c00000,0x00000017e7d00000) (1024K)]
  0x000001950f980490 JavaThread "Timer-3"                           [_thread_blocked, id=8276, stack(0x00000017e7d00000,0x00000017e7e00000) (1024K)]
Total: 22

Other Threads:
  0x00000194c8b17820 VMThread "VM Thread"                           [id=10692, stack(0x00000017e6800000,0x00000017e6900000) (1024K)]
  0x00000194c8b018e0 WatcherThread "VM Periodic Task Thread"        [id=5248, stack(0x00000017e6700000,0x00000017e6800000) (1024K)]
  0x00000194aa28fe80 WorkerThread "GC Thread#0"                     [id=1544, stack(0x00000017e6200000,0x00000017e6300000) (1024K)]
  0x000001950e69a4a0 WorkerThread "GC Thread#1"                     [id=17160, stack(0x00000017e7900000,0x00000017e7a00000) (1024K)]
  0x000001950e69a840 WorkerThread "GC Thread#2"                     [id=18000, stack(0x00000017e7a00000,0x00000017e7b00000) (1024K)]
  0x000001950e69abe0 WorkerThread "GC Thread#3"                     [id=5908, stack(0x00000017e7b00000,0x00000017e7c00000) (1024K)]
  0x00000194aa2e0010 ConcurrentGCThread "G1 Main Marker"            [id=13012, stack(0x00000017e6300000,0x00000017e6400000) (1024K)]
  0x00000194aa2e0b10 WorkerThread "G1 Conc#0"                       [id=7464, stack(0x00000017e6400000,0x00000017e6500000) (1024K)]
  0x00000194c89c2200 ConcurrentGCThread "G1 Refine#0"               [id=15244, stack(0x00000017e6500000,0x00000017e6600000) (1024K)]
  0x00000194c89c2d70 ConcurrentGCThread "G1 Service"                [id=4116, stack(0x00000017e6600000,0x00000017e6700000) (1024K)]
Total: 10

Threads with active compile tasks:
C2 CompilerThread0    12343 4662       4       jdk.internal.org.objectweb.asm.Frame::execute (2305 bytes)
Total: 1

VM state: not at safepoint (normal execution)

VM Mutex/Monitor currently owned by a thread: None

Heap address: 0x0000000701800000, size: 4072 MB, Compressed Oops mode: Zero based, Oop shift amount: 3

CDS archive(s) mapped at: [0x00000194c9000000-0x00000194c9c90000-0x00000194c9c90000), size 13172736, SharedBaseAddress: 0x00000194c9000000, ArchiveRelocationMode: 1.
Compressed class space mapped at: 0x00000194ca000000-0x000001950a000000, reserved size: 1073741824
Narrow klass base: 0x00000194c9000000, Narrow klass shift: 0, Narrow klass range: 0x100000000

GC Precious Log:
 CardTable entry size: 512
 Card Set container configuration: InlinePtr #cards 4 size 8 Array Of Cards #cards 16 size 48 Howl #buckets 8 coarsen threshold 3686 Howl Bitmap #cards 512 size 80 coarsen threshold 460 Card regions per heap region 1 cards per card region 4096
 CPUs: 4 total, 4 available
 Memory: 16286M
 Large Page Support: Disabled
 NUMA Support: Disabled
 Compressed Oops: Enabled (Zero based)
 Heap Region Size: 2M
 Heap Min Capacity: 8M
 Heap Initial Capacity: 256M
 Heap Max Capacity: 4072M
 Pre-touch: Disabled
 Parallel Workers: 4
 Concurrent Workers: 1
 Concurrent Refinement Workers: 4
 Periodic GC: Disabled

Heap:
 garbage-first heap   total 81920K, used 45442K [0x0000000701800000, 0x0000000800000000)
  region size 2048K, 19 young (38912K), 6 survivors (12288K)
 Metaspace       used 23143K, committed 23488K, reserved 1114112K
  class space    used 2591K, committed 2752K, reserved 1048576K

Heap Regions: E=young(eden), S=young(survivor), O=old, HS=humongous(starts), HC=humongous(continues), CS=collection set, F=free, TAMS=top-at-mark-start, PB=parsable bottom
|   0|0x0000000701800000, 0x0000000701a00000, 0x0000000701a00000|100%| O|  |TAMS 0x0000000701800000| PB 0x0000000701800000| Untracked 
|   1|0x0000000701a00000, 0x0000000701c00000, 0x0000000701c00000|100%| O|  |TAMS 0x0000000701a00000| PB 0x0000000701a00000| Untracked 
|   2|0x0000000701c00000, 0x0000000701d71858, 0x0000000701e00000| 72%| O|Cm|TAMS 0x0000000701c00000| PB 0x0000000701c00000| Complete 
|   3|0x0000000701e00000, 0x0000000702000000, 0x0000000702000000|100%|HS|  |TAMS 0x0000000701e00000| PB 0x0000000701e00000| Complete 
|   4|0x0000000702000000, 0x0000000702200000, 0x0000000702200000|100%|HC|  |TAMS 0x0000000702000000| PB 0x0000000702000000| Complete 
|   5|0x0000000702200000, 0x0000000702200000, 0x0000000702400000|  0%| F|  |TAMS 0x0000000702200000| PB 0x0000000702200000| Untracked 
|   6|0x0000000702400000, 0x0000000702400000, 0x0000000702600000|  0%| F|  |TAMS 0x0000000702400000| PB 0x0000000702400000| Untracked 
|   7|0x0000000702600000, 0x0000000702600000, 0x0000000702800000|  0%| F|  |TAMS 0x0000000702600000| PB 0x0000000702600000| Untracked 
|   8|0x0000000702800000, 0x0000000702800000, 0x0000000702a00000|  0%| F|  |TAMS 0x0000000702800000| PB 0x0000000702800000| Untracked 
|   9|0x0000000702a00000, 0x0000000702a00000, 0x0000000702c00000|  0%| F|  |TAMS 0x0000000702a00000| PB 0x0000000702a00000| Untracked 
|  10|0x0000000702c00000, 0x0000000702c00000, 0x0000000702e00000|  0%| F|  |TAMS 0x0000000702c00000| PB 0x0000000702c00000| Untracked 
|  11|0x0000000702e00000, 0x0000000702e00000, 0x0000000703000000|  0%| F|  |TAMS 0x0000000702e00000| PB 0x0000000702e00000| Untracked 
|  12|0x0000000703000000, 0x0000000703000000, 0x0000000703200000|  0%| F|  |TAMS 0x0000000703000000| PB 0x0000000703000000| Untracked 
|  13|0x0000000703200000, 0x0000000703200000, 0x0000000703400000|  0%| F|  |TAMS 0x0000000703200000| PB 0x0000000703200000| Untracked 
|  14|0x0000000703400000, 0x0000000703400000, 0x0000000703600000|  0%| F|  |TAMS 0x0000000703400000| PB 0x0000000703400000| Untracked 
|  15|0x0000000703600000, 0x0000000703600000, 0x0000000703800000|  0%| F|  |TAMS 0x0000000703600000| PB 0x0000000703600000| Untracked 
|  16|0x0000000703800000, 0x0000000703800000, 0x0000000703a00000|  0%| F|  |TAMS 0x0000000703800000| PB 0x0000000703800000| Untracked 
|  17|0x0000000703a00000, 0x0000000703a00000, 0x0000000703c00000|  0%| F|  |TAMS 0x0000000703a00000| PB 0x0000000703a00000| Untracked 
|  18|0x0000000703c00000, 0x0000000703c00000, 0x0000000703e00000|  0%| F|  |TAMS 0x0000000703c00000| PB 0x0000000703c00000| Untracked 
|  19|0x0000000703e00000, 0x0000000703e00000, 0x0000000704000000|  0%| F|  |TAMS 0x0000000703e00000| PB 0x0000000703e00000| Untracked 
|  20|0x0000000704000000, 0x0000000704000000, 0x0000000704200000|  0%| F|  |TAMS 0x0000000704000000| PB 0x0000000704000000| Untracked 
|  21|0x0000000704200000, 0x0000000704400000, 0x0000000704400000|100%| E|  |TAMS 0x0000000704200000| PB 0x0000000704200000| Complete 
|  22|0x0000000704400000, 0x0000000704600000, 0x0000000704600000|100%| E|CS|TAMS 0x0000000704400000| PB 0x0000000704400000| Complete 
|  23|0x0000000704600000, 0x0000000704800000, 0x0000000704800000|100%| E|CS|TAMS 0x0000000704600000| PB 0x0000000704600000| Complete 
|  24|0x0000000704800000, 0x0000000704a00000, 0x0000000704a00000|100%| E|CS|TAMS 0x0000000704800000| PB 0x0000000704800000| Complete 
|  25|0x0000000704a00000, 0x0000000704c00000, 0x0000000704c00000|100%| E|CS|TAMS 0x0000000704a00000| PB 0x0000000704a00000| Complete 
|  26|0x0000000704c00000, 0x0000000704e00000, 0x0000000704e00000|100%| E|CS|TAMS 0x0000000704c00000| PB 0x0000000704c00000| Complete 
|  27|0x0000000704e00000, 0x0000000705000000, 0x0000000705000000|100%| E|CS|TAMS 0x0000000704e00000| PB 0x0000000704e00000| Complete 
|  28|0x0000000705000000, 0x0000000705200000, 0x0000000705200000|100%| E|CS|TAMS 0x0000000705000000| PB 0x0000000705000000| Complete 
|  29|0x0000000705200000, 0x0000000705400000, 0x0000000705400000|100%| E|CS|TAMS 0x0000000705200000| PB 0x0000000705200000| Complete 
|  30|0x0000000705400000, 0x0000000705600000, 0x0000000705600000|100%| E|CS|TAMS 0x0000000705400000| PB 0x0000000705400000| Complete 
|  31|0x0000000705600000, 0x0000000705800000, 0x0000000705800000|100%| E|CS|TAMS 0x0000000705600000| PB 0x0000000705600000| Complete 
|  32|0x0000000705800000, 0x0000000705a00000, 0x0000000705a00000|100%| E|CS|TAMS 0x0000000705800000| PB 0x0000000705800000| Complete 
| 114|0x000000070fc00000, 0x000000070fcef1c0, 0x000000070fe00000| 46%| S|CS|TAMS 0x000000070fc00000| PB 0x000000070fc00000| Complete 
| 115|0x000000070fe00000, 0x0000000710000000, 0x0000000710000000|100%| S|CS|TAMS 0x000000070fe00000| PB 0x000000070fe00000| Complete 
| 116|0x0000000710000000, 0x0000000710200000, 0x0000000710200000|100%| S|CS|TAMS 0x0000000710000000| PB 0x0000000710000000| Complete 
| 117|0x0000000710200000, 0x0000000710400000, 0x0000000710400000|100%| S|CS|TAMS 0x0000000710200000| PB 0x0000000710200000| Complete 
| 118|0x0000000710400000, 0x0000000710600000, 0x0000000710600000|100%| S|CS|TAMS 0x0000000710400000| PB 0x0000000710400000| Complete 
| 119|0x0000000710600000, 0x0000000710800000, 0x0000000710800000|100%| S|CS|TAMS 0x0000000710600000| PB 0x0000000710600000| Complete 
| 127|0x0000000711600000, 0x0000000711800000, 0x0000000711800000|100%| E|CS|TAMS 0x0000000711600000| PB 0x0000000711600000| Complete 

Card table byte_map: [0x00000194c1e90000,0x00000194c2690000] _byte_map_base: 0x00000194be684000

Marking Bits: (CMBitMap*) 0x00000194aa290d90
 Bits: [0x00000194c2690000, 0x00000194c6630000)

Polling page: 0x00000194a9a00000

Metaspace:

Usage:
  Non-class:     20.07 MB used.
      Class:      2.53 MB used.
       Both:     22.60 MB used.

Virtual space:
  Non-class space:       64.00 MB reserved,      20.25 MB ( 32%) committed,  1 nodes.
      Class space:        1.00 GB reserved,       2.69 MB ( <1%) committed,  1 nodes.
             Both:        1.06 GB reserved,      22.94 MB (  2%) committed. 

Chunk freelists:
   Non-Class:  10.84 MB
       Class:  13.15 MB
        Both:  24.00 MB

MaxMetaspaceSize: unlimited
CompressedClassSpaceSize: 1.00 GB
Initial GC threshold: 21.00 MB
Current GC threshold: 35.31 MB
CDS: on
 - commit_granule_bytes: 65536.
 - commit_granule_words: 8192.
 - virtual_space_node_default_size: 8388608.
 - enlarge_chunks_in_place: 1.
 - use_allocation_guard: 0.


Internal statistics:

num_allocs_failed_limit: 3.
num_arena_births: 354.
num_arena_deaths: 0.
num_vsnodes_births: 2.
num_vsnodes_deaths: 0.
num_space_committed: 367.
num_space_uncommitted: 0.
num_chunks_returned_to_freelist: 3.
num_chunks_taken_from_freelist: 714.
num_chunk_merges: 0.
num_chunk_splits: 407.
num_chunks_enlarged: 194.
num_inconsistent_stats: 0.

CodeHeap 'non-profiled nmethods': size=120000Kb used=2107Kb max_used=2107Kb free=117892Kb
 bounds [0x00000194ba160000, 0x00000194ba3d0000, 0x00000194c1690000]
CodeHeap 'profiled nmethods': size=120000Kb used=10380Kb max_used=10380Kb free=109619Kb
 bounds [0x00000194b2690000, 0x00000194b30c0000, 0x00000194b9bc0000]
CodeHeap 'non-nmethods': size=5760Kb used=1752Kb max_used=1836Kb free=4007Kb
 bounds [0x00000194b9bc0000, 0x00000194b9e30000, 0x00000194ba160000]
 total_blobs=5443 nmethods=4663 adapters=684
 compilation: enabled
              stopped_count=0, restarted_count=0
 full_count=0

Compilation events (20 events):
Event: 12.189 Thread 0x00000194c8b541e0 nmethod 4539 0x00000194ba35f410 code [0x00000194ba35f5a0, 0x00000194ba35f6c0]
Event: 12.190 Thread 0x00000194c8b541e0 4540       3       javax.swing.plaf.ActionMapUIResource::<init> (5 bytes)
Event: 12.190 Thread 0x00000194c8b541e0 nmethod 4540 0x00000194b3067210 code [0x00000194b30673c0, 0x00000194b3067588]
Event: 12.190 Thread 0x00000194c8b548b0 nmethod 4528 0x00000194ba35f710 code [0x00000194ba35f900, 0x00000194ba35fe90]
Event: 12.190 Thread 0x00000194c8b541e0 4541       3       com.formdev.flatlaf.ui.FlatLabelUI::applyStyle (20 bytes)
Event: 12.191 Thread 0x00000194c8b548b0 4530       4       java.lang.Character::digit (6 bytes)
Event: 12.191 Thread 0x00000194c8b541e0 nmethod 4541 0x00000194b3067690 code [0x00000194b30678a0, 0x00000194b3067f40]
Event: 12.191 Thread 0x00000194c8b541e0 4542       1       javax.swing.JComboBox::isEditable (5 bytes)
Event: 12.191 Thread 0x00000194c8b541e0 nmethod 4542 0x00000194ba360210 code [0x00000194ba3603a0, 0x00000194ba360470]
Event: 12.191 Thread 0x00000194c8b541e0 4543       1       com.formdev.flatlaf.ui.FlatComboBoxUI::access$3500 (5 bytes)
Event: 12.191 Thread 0x00000194c8b541e0 nmethod 4543 0x00000194ba360510 code [0x00000194ba3606a0, 0x00000194ba360758]
Event: 12.191 Thread 0x00000194c8b541e0 4544  s    3       com.formdev.flatlaf.ui.FlatComboBoxUI$CellPaddingBorder::getBorderInsets (236 bytes)
Event: 12.192 Thread 0x00000194c8b548b0 nmethod 4530 0x00000194ba360810 code [0x00000194ba3609a0, 0x00000194ba360b20]
Event: 12.192 Thread 0x00000194c8b541e0 nmethod 4544 0x00000194b3068190 code [0x00000194b3068480, 0x00000194b30695a0]
Event: 12.192 Thread 0x00000194c8b548b0 4529       4       java.lang.String::<init> (15 bytes)
Event: 12.192 Thread 0x00000194c8b541e0 4545       3       javax.swing.JComponent::setVisible (56 bytes)
Event: 12.192 Thread 0x00000194c8b541e0 nmethod 4545 0x00000194b3069a90 code [0x00000194b3069cc0, 0x00000194b306a6a0]
Event: 12.193 Thread 0x00000194c8b548b0 nmethod 4529 0x00000194ba360c90 code [0x00000194ba360e20, 0x00000194ba360fa0]
Event: 12.223 Thread 0x00000194c8b47160 nmethod 4494 0x00000194ba361010 code [0x00000194ba361480, 0x00000194ba3641d8]
Event: 12.229 Thread 0x00000194c8b541e0 4546       3       sun.util.calendar.ZoneInfo::getLastRawOffset (10 bytes)

GC Heap History (8 events):
Event: 0.459 GC heap before
{Heap before GC invocations=0 (full 0):
 garbage-first heap   total 262144K, used 10240K [0x0000000701800000, 0x0000000800000000)
  region size 2048K, 6 young (12288K), 0 survivors (0K)
 Metaspace       used 6399K, committed 6656K, reserved 1114112K
  class space    used 710K, committed 832K, reserved 1048576K
}
Event: 0.462 GC heap after
{Heap after GC invocations=1 (full 0):
 garbage-first heap   total 262144K, used 5322K [0x0000000701800000, 0x0000000800000000)
  region size 2048K, 1 young (2048K), 1 survivors (2048K)
 Metaspace       used 6399K, committed 6656K, reserved 1114112K
  class space    used 710K, committed 832K, reserved 1048576K
}
Event: 0.652 GC heap before
{Heap before GC invocations=1 (full 0):
 garbage-first heap   total 262144K, used 15562K [0x0000000701800000, 0x0000000800000000)
  region size 2048K, 6 young (12288K), 1 survivors (2048K)
 Metaspace       used 6565K, committed 6784K, reserved 1114112K
  class space    used 714K, committed 832K, reserved 1048576K
}
Event: 0.656 GC heap after
{Heap after GC invocations=2 (full 0):
 garbage-first heap   total 262144K, used 6122K [0x0000000701800000, 0x0000000800000000)
  region size 2048K, 1 young (2048K), 1 survivors (2048K)
 Metaspace       used 6565K, committed 6784K, reserved 1114112K
  class space    used 714K, committed 832K, reserved 1048576K
}
Event: 2.004 GC heap before
{Heap before GC invocations=2 (full 0):
 garbage-first heap   total 262144K, used 38890K [0x0000000701800000, 0x0000000800000000)
  region size 2048K, 18 young (36864K), 1 survivors (2048K)
 Metaspace       used 19845K, committed 20160K, reserved 1114112K
  class space    used 2287K, committed 2432K, reserved 1048576K
}
Event: 2.010 GC heap after
{Heap after GC invocations=3 (full 0):
 garbage-first heap   total 262144K, used 11718K [0x0000000701800000, 0x0000000800000000)
  region size 2048K, 3 young (6144K), 3 survivors (6144K)
 Metaspace       used 19845K, committed 20160K, reserved 1114112K
  class space    used 2287K, committed 2432K, reserved 1048576K
}
Event: 2.232 GC heap before
{Heap before GC invocations=3 (full 0):
 garbage-first heap   total 262144K, used 30150K [0x0000000701800000, 0x0000000800000000)
  region size 2048K, 11 young (22528K), 3 survivors (6144K)
 Metaspace       used 21164K, committed 21504K, reserved 1114112K
  class space    used 2420K, committed 2624K, reserved 1048576K
}
Event: 2.239 GC heap after
{Heap after GC invocations=4 (full 0):
 garbage-first heap   total 262144K, used 20866K [0x0000000701800000, 0x0000000800000000)
  region size 2048K, 6 young (12288K), 6 survivors (12288K)
 Metaspace       used 21164K, committed 21504K, reserved 1114112K
  class space    used 2420K, committed 2624K, reserved 1048576K
}

Dll operation events (13 events):
Event: 0.011 Loaded shared library C:\Program Files\Java\jdk-21\bin\java.dll
Event: 0.046 Loaded shared library C:\Program Files\Java\jdk-21\bin\jsvml.dll
Event: 0.089 Loaded shared library C:\Program Files\Java\jdk-21\bin\jimage.dll
Event: 0.113 Loaded shared library C:\Program Files\Java\jdk-21\bin\net.dll
Event: 0.114 Loaded shared library C:\Program Files\Java\jdk-21\bin\nio.dll
Event: 0.118 Loaded shared library C:\Program Files\Java\jdk-21\bin\zip.dll
Event: 0.180 Loaded shared library C:\Program Files\Java\jdk-21\bin\awt.dll
Event: 0.209 Loaded shared library C:\Program Files\Java\jdk-21\bin\verify.dll
Event: 0.374 Loaded shared library C:\Program Files\Java\jdk-21\bin\freetype.dll
Event: 0.375 Loaded shared library C:\Program Files\Java\jdk-21\bin\fontmanager.dll
Event: 1.448 Loaded shared library C:\Users\hamit\AppData\Local\Temp\sqlite-3.30.1-86d2fd42-90fd-4d57-9caa-ac787cc28606-sqlitejdbc.dll
Event: 1.471 Loaded shared library C:\Program Files\Java\jdk-21\bin\sunmscapi.dll
Event: 1.596 Loaded shared library C:\Users\hamit\AppData\Local\Temp\flatlaf.temp\flatlaf-windows-x86_64-1842808221818000.dll

Deoptimization events (20 events):
Event: 9.751 Thread 0x000001950e4dd9c0 DEOPT PACKING pc=0x00000194b2e56ad5 sp=0x00000017e76fd5a0
Event: 9.751 Thread 0x000001950e4dd9c0 DEOPT UNPACKING pc=0x00000194b9c14e42 sp=0x00000017e76fc998 mode 0
Event: 9.751 Thread 0x000001950e4dd9c0 DEOPT PACKING pc=0x00000194b2db44c9 sp=0x00000017e76fd570
Event: 9.751 Thread 0x000001950e4dd9c0 DEOPT UNPACKING pc=0x00000194b9c14e42 sp=0x00000017e76fc8f8 mode 0
Event: 11.565 Thread 0x000001950e4dd9c0 DEOPT PACKING pc=0x00000194b2da695a sp=0x00000017e76fd530
Event: 11.565 Thread 0x000001950e4dd9c0 DEOPT UNPACKING pc=0x00000194b9c14e42 sp=0x00000017e76fc9e0 mode 0
Event: 11.987 Thread 0x000001950e4dd9c0 Uncommon trap: trap_request=0xffffff45 fr.pc=0x00000194ba260d68 relative=0x0000000000000ca8
Event: 11.987 Thread 0x000001950e4dd9c0 Uncommon trap: reason=unstable_if action=reinterpret pc=0x00000194ba260d68 method=com.formdev.flatlaf.json.JsonParser.startCapture()V @ 4 c2
Event: 11.987 Thread 0x000001950e4dd9c0 DEOPT PACKING pc=0x00000194ba260d68 sp=0x00000017e76fd920
Event: 11.987 Thread 0x000001950e4dd9c0 DEOPT UNPACKING pc=0x00000194b9c146a2 sp=0x00000017e76fd8a0 mode 2
Event: 11.990 Thread 0x000001950e4dd9c0 DEOPT PACKING pc=0x00000194b28bf233 sp=0x00000017e76fd8f0
Event: 11.990 Thread 0x000001950e4dd9c0 DEOPT UNPACKING pc=0x00000194b9c14e42 sp=0x00000017e76fcdd8 mode 0
Event: 11.991 Thread 0x000001950e4dd9c0 DEOPT PACKING pc=0x00000194b28bf233 sp=0x00000017e76fd8f0
Event: 11.991 Thread 0x000001950e4dd9c0 DEOPT UNPACKING pc=0x00000194b9c14e42 sp=0x00000017e76fcdd8 mode 0
Event: 11.992 Thread 0x000001950e4dd9c0 DEOPT PACKING pc=0x00000194b28bf233 sp=0x00000017e76fd8f0
Event: 11.992 Thread 0x000001950e4dd9c0 DEOPT UNPACKING pc=0x00000194b9c14e42 sp=0x00000017e76fcdd8 mode 0
Event: 12.183 Thread 0x000001950e4dd9c0 Uncommon trap: trap_request=0xffffffcc fr.pc=0x00000194ba35e988 relative=0x0000000000000248
Event: 12.183 Thread 0x000001950e4dd9c0 Uncommon trap: reason=intrinsic_or_type_checked_inlining action=make_not_entrant pc=0x00000194ba35e988 method=java.util.ArrayList.toArray([Ljava/lang/Object;)[Ljava/lang/Object; @ 36 c2
Event: 12.183 Thread 0x000001950e4dd9c0 DEOPT PACKING pc=0x00000194ba35e988 sp=0x00000017e76fd8a0
Event: 12.183 Thread 0x000001950e4dd9c0 DEOPT UNPACKING pc=0x00000194b9c146a2 sp=0x00000017e76fd840 mode 2

Classes loaded (20 events):
Event: 9.450 Loading class javax/swing/JApplet
Event: 9.450 Loading class javax/swing/JApplet done
Event: 9.453 Loading class sun/awt/UngrabEvent
Event: 9.453 Loading class sun/awt/UngrabEvent done
Event: 9.457 Loading class java/awt/RadialGradientPaint
Event: 9.458 Loading class java/awt/MultipleGradientPaint
Event: 9.458 Loading class java/awt/MultipleGradientPaint done
Event: 9.458 Loading class java/awt/RadialGradientPaint done
Event: 9.458 Loading class java/awt/MultipleGradientPaint$CycleMethod
Event: 9.458 Loading class java/awt/MultipleGradientPaint$CycleMethod done
Event: 9.458 Loading class java/awt/MultipleGradientPaint$ColorSpaceType
Event: 9.458 Loading class java/awt/MultipleGradientPaint$ColorSpaceType done
Event: 9.458 Loading class java/awt/LinearGradientPaint
Event: 9.458 Loading class java/awt/LinearGradientPaint done
Event: 9.458 Loading class java/awt/RadialGradientPaintContext
Event: 9.458 Loading class java/awt/MultipleGradientPaintContext
Event: 9.458 Loading class java/awt/MultipleGradientPaintContext done
Event: 9.458 Loading class java/awt/RadialGradientPaintContext done
Event: 10.753 Loading class javax/swing/Autoscroller
Event: 10.753 Loading class javax/swing/Autoscroller done

Classes unloaded (0 events):
No events

Classes redefined (0 events):
No events

Internal exceptions (20 events):
Event: 1.277 Thread 0x000001950e4dd9c0 Exception <a 'java/lang/NoSuchMethodError'{0x000000071068b9e8}: 'void java.lang.invoke.DirectMethodHandle$Holder.invokeVirtual(java.lang.Object, java.lang.Object)'> (0x000000071068b9e8) 
thrown [s\open\src\hotspot\share\interpreter\linkResolver.cpp, line 773]
Event: 1.334 Thread 0x000001950e4dd9c0 Exception <a 'java/lang/NoSuchMethodError'{0x0000000710495378}: 'java.lang.Object java.lang.invoke.DirectMethodHandle$Holder.invokeInterface(java.lang.Object, java.lang.Object)'> (0x0000000710495378) 
thrown [s\open\src\hotspot\share\interpreter\linkResolver.cpp, line 773]
Event: 1.478 Thread 0x000001950e4dd9c0 Exception <a 'sun/nio/fs/WindowsException'{0x000000071034b5d8}> (0x000000071034b5d8) 
thrown [s\open\src\hotspot\share\prims\jni.cpp, line 520]
Event: 1.590 Thread 0x000001950e4dd9c0 Exception <a 'sun/nio/fs/WindowsException'{0x0000000710168de8}> (0x0000000710168de8) 
thrown [s\open\src\hotspot\share\prims\jni.cpp, line 520]
Event: 1.607 Thread 0x000001950e4dd9c0 Exception <a 'java/lang/NoSuchMethodError'{0x00000007101c2538}: 'int java.lang.invoke.DirectMethodHandle$Holder.invokeStatic(java.lang.Object)'> (0x00000007101c2538) 
thrown [s\open\src\hotspot\share\interpreter\linkResolver.cpp, line 773]
Event: 1.657 Thread 0x000001950e4dd9c0 Exception <a 'java/lang/NoSuchMethodError'{0x000000070ffe6db0}: 'java.lang.Object java.lang.invoke.Invokers$Holder.invokeExact_MT(java.lang.Object, java.lang.Object, java.lang.Object, java.lang.Object, java.lang.Object, java.lang.Object)'> (0x000000070ffe6db0) 
thrown [s\open\src\hotspot\share\interpreter\linkResolver.cpp, line 773]
Event: 1.665 Thread 0x000001950e4dd9c0 Implicit null exception at 0x00000194ba22176b to 0x00000194ba2227f0
Event: 1.687 Thread 0x000001950e4dd9c0 Exception <a 'java/lang/NoSuchMethodError'{0x000000070fcd9628}: 'java.lang.Object java.lang.invoke.DirectMethodHandle$Holder.invokeVirtual(java.lang.Object, java.lang.Object, java.lang.Object, java.lang.Object)'> (0x000000070fcd9628) 
thrown [s\open\src\hotspot\share\interpreter\linkResolver.cpp, line 773]
Event: 1.747 Thread 0x000001950e4dd9c0 Exception <a 'java/lang/NoSuchMethodError'{0x000000070facff18}: 'int java.lang.invoke.DirectMethodHandle$Holder.invokeVirtual(java.lang.Object, java.lang.Object)'> (0x000000070facff18) 
thrown [s\open\src\hotspot\share\interpreter\linkResolver.cpp, line 773]
Event: 1.748 Thread 0x000001950e4dd9c0 Exception <a 'java/lang/NoSuchMethodError'{0x000000070fad42c0}: 'int java.lang.invoke.DirectMethodHandle$Holder.invokeSpecial(java.lang.Object, java.lang.Object, java.lang.Object)'> (0x000000070fad42c0) 
thrown [s\open\src\hotspot\share\interpreter\linkResolver.cpp, line 773]
Event: 1.749 Thread 0x000001950e4dd9c0 Exception <a 'java/lang/NoSuchMethodError'{0x000000070fadeb28}: 'void java.lang.invoke.DirectMethodHandle$Holder.invokeVirtual(java.lang.Object, java.lang.Object, int)'> (0x000000070fadeb28) 
thrown [s\open\src\hotspot\share\interpreter\linkResolver.cpp, line 773]
Event: 1.749 Thread 0x000001950e4dd9c0 Exception <a 'java/lang/NoSuchMethodError'{0x000000070fae2b60}: 'int java.lang.invoke.DirectMethodHandle$Holder.invokeSpecial(java.lang.Object, java.lang.Object, java.lang.Object, int)'> (0x000000070fae2b60) 
thrown [s\open\src\hotspot\share\interpreter\linkResolver.cpp, line 773]
Event: 1.750 Thread 0x000001950e4dd9c0 Exception <a 'java/lang/NoSuchMethodError'{0x000000070faf5398}: 'java.lang.Object java.lang.invoke.DirectMethodHandle$Holder.invokeStatic(java.lang.Object, java.lang.Object, java.lang.Object, java.lang.Object, int)'> (0x000000070faf5398) 
thrown [s\open\src\hotspot\share\interpreter\linkResolver.cpp, line 773]
Event: 1.751 Thread 0x000001950e4dd9c0 Exception <a 'java/lang/NoSuchMethodError'{0x000000070fb00210}: 'void java.lang.invoke.DelegatingMethodHandle$Holder.reinvoke_L(java.lang.Object, java.lang.Object, int)'> (0x000000070fb00210) 
thrown [s\open\src\hotspot\share\interpreter\linkResolver.cpp, line 773]
Event: 1.755 Thread 0x000001950e4dd9c0 Exception <a 'java/lang/NoSuchMethodError'{0x000000070fb2cf78}: 'void java.lang.invoke.Invokers$Holder.invokeExact_MT(java.lang.Object, java.lang.Object, java.lang.Object, java.lang.Object)'> (0x000000070fb2cf78) 
thrown [s\open\src\hotspot\share\interpreter\linkResolver.cpp, line 773]
Event: 1.902 Thread 0x000001950e4dd9c0 Exception <a 'java/lang/NoSuchMethodError'{0x000000070f4d9558}: 'java.lang.Object java.lang.invoke.DirectMethodHandle$Holder.invokeStatic(java.lang.Object, long, java.lang.Object)'> (0x000000070f4d9558) 
thrown [s\open\src\hotspot\share\interpreter\linkResolver.cpp, line 773]
Event: 1.902 Thread 0x000001950e4dd9c0 Exception <a 'java/lang/NoSuchMethodError'{0x000000070f4dcbb0}: 'java.lang.Object java.lang.invoke.DirectMethodHandle$Holder.invokeStaticInit(java.lang.Object, long, java.lang.Object)'> (0x000000070f4dcbb0) 
thrown [s\open\src\hotspot\share\interpreter\linkResolver.cpp, line 773]
Event: 1.903 Thread 0x000001950e4dd9c0 Exception <a 'java/lang/NoSuchMethodError'{0x000000070f4e1f40}: 'java.lang.Object java.lang.invoke.DirectMethodHandle$Holder.newInvokeSpecial(java.lang.Object, long)'> (0x000000070f4e1f40) 
thrown [s\open\src\hotspot\share\interpreter\linkResolver.cpp, line 773]
Event: 2.115 Thread 0x000001950e4dd9c0 Exception <a 'java/lang/NoSuchMethodError'{0x0000000710bdd5a0}: 'void java.lang.invoke.DirectMethodHandle$Holder.invokeStaticInit(java.lang.Object)'> (0x0000000710bdd5a0) 
thrown [s\open\src\hotspot\share\interpreter\linkResolver.cpp, line 773]
Event: 9.448 Thread 0x000001950e4dd9c0 Implicit null exception at 0x00000194ba2ed2e0 to 0x00000194ba2ed33d

ZGC Phase Switch (0 events):
No events

VM Operations (20 events):
Event: 4.254 Executing VM operation: Cleanup
Event: 4.254 Executing VM operation: Cleanup done
Event: 5.254 Executing VM operation: Cleanup
Event: 5.254 Executing VM operation: Cleanup done
Event: 6.254 Executing VM operation: Cleanup
Event: 6.254 Executing VM operation: Cleanup done
Event: 7.255 Executing VM operation: Cleanup
Event: 7.255 Executing VM operation: Cleanup done
Event: 8.256 Executing VM operation: Cleanup
Event: 8.256 Executing VM operation: Cleanup done
Event: 9.256 Executing VM operation: Cleanup
Event: 9.256 Executing VM operation: Cleanup done
Event: 9.451 Executing VM operation: HandshakeAllThreads (Deoptimize)
Event: 9.451 Executing VM operation: HandshakeAllThreads (Deoptimize) done
Event: 10.451 Executing VM operation: Cleanup
Event: 10.451 Executing VM operation: Cleanup done
Event: 11.451 Executing VM operation: Cleanup
Event: 11.451 Executing VM operation: Cleanup done
Event: 12.068 Executing VM operation: ICBufferFull
Event: 12.068 Executing VM operation: ICBufferFull done

Events (20 events):
Event: 0.045 Thread 0x00000194c8b541e0 Thread added: 0x00000194c8b541e0
Event: 0.078 Thread 0x000001950e12db20 Thread added: 0x000001950e12db20
Event: 0.081 Thread 0x000001950e132f90 Thread added: 0x000001950e132f90
Event: 0.235 Thread 0x000001950e394250 Thread added: 0x000001950e394250
Event: 0.236 Thread 0x000001950e394aa0 Thread added: 0x000001950e394aa0
Event: 0.238 Thread 0x000001950e2739d0 Thread added: 0x000001950e2739d0
Event: 0.247 Thread 0x000001950e4dd9c0 Thread added: 0x000001950e4dd9c0
Event: 0.247 Thread 0x00000194a801ff60 Thread exited: 0x00000194a801ff60
Event: 0.247 Thread 0x00000194a801ff60 Thread added: 0x00000194a801ff60
Event: 0.359 Thread 0x00000194c8b548b0 Thread added: 0x00000194c8b548b0
Event: 0.868 Thread 0x000001951010af40 Thread added: 0x000001951010af40
Event: 0.918 Thread 0x00000195107007c0 Thread added: 0x00000195107007c0
Event: 0.962 Thread 0x000001950fe618f0 Thread added: 0x000001950fe618f0
Event: 1.353 Thread 0x000001950fad4980 Thread added: 0x000001950fad4980
Event: 2.104 Thread 0x000001950fad35d0 Thread added: 0x000001950fad35d0
Event: 2.105 Thread 0x000001950fad1b90 Thread added: 0x000001950fad1b90
Event: 2.788 Thread 0x00000194c8b548b0 Thread exited: 0x00000194c8b548b0
Event: 7.272 Thread 0x000001951010af40 Thread exited: 0x000001951010af40
Event: 9.752 Thread 0x00000195107007c0 Thread exited: 0x00000195107007c0
Event: 11.856 Thread 0x00000194c8b548b0 Thread added: 0x00000194c8b548b0


Dynamic libraries:
0x00007ff7c8de0000 - 0x00007ff7c8df0000 	C:\Program Files\Java\jdk-21\bin\javaw.exe
0x00007ffaf0390000 - 0x00007ffaf0588000 	C:\WINDOWS\SYSTEM32\ntdll.dll
0x00007ffaef700000 - 0x00007ffaef7bd000 	C:\WINDOWS\System32\KERNEL32.DLL
0x00007ffaedd20000 - 0x00007ffaee016000 	C:\WINDOWS\System32\KERNELBASE.dll
0x00007ffaee190000 - 0x00007ffaee290000 	C:\WINDOWS\System32\ucrtbase.dll
0x00007ffae6780000 - 0x00007ffae6799000 	C:\Program Files\Java\jdk-21\bin\jli.dll
0x00007ffaef500000 - 0x00007ffaef5b3000 	C:\WINDOWS\System32\ADVAPI32.dll
0x00007ffaeeee0000 - 0x00007ffaeef7e000 	C:\WINDOWS\System32\msvcrt.dll
0x00007ffaefe60000 - 0x00007ffaefeff000 	C:\WINDOWS\System32\sechost.dll
0x00007ffaef5d0000 - 0x00007ffaef6f6000 	C:\WINDOWS\System32\RPCRT4.dll
0x00007ffaedc60000 - 0x00007ffaedc87000 	C:\WINDOWS\System32\bcrypt.dll
0x00007ffaefcc0000 - 0x00007ffaefe5e000 	C:\WINDOWS\System32\USER32.dll
0x00007ffaee290000 - 0x00007ffaee2b2000 	C:\WINDOWS\System32\win32u.dll
0x00007ffaeef80000 - 0x00007ffaeefac000 	C:\WINDOWS\System32\GDI32.dll
0x00007ffaee2c0000 - 0x00007ffaee3da000 	C:\WINDOWS\System32\gdi32full.dll
0x00007ffaedbc0000 - 0x00007ffaedc5d000 	C:\WINDOWS\System32\msvcp_win.dll
0x00007ffae07c0000 - 0x00007ffae07db000 	C:\Program Files\Java\jdk-21\bin\VCRUNTIME140.dll
0x00007ffac7f50000 - 0x00007ffac81ea000 	C:\WINDOWS\WinSxS\amd64_microsoft.windows.common-controls_6595b64144ccf1df_6.0.19041.3636_none_60b6a03d71f818d5\COMCTL32.dll
0x00007ffae7fa0000 - 0x00007ffae7faa000 	C:\WINDOWS\SYSTEM32\VERSION.dll
0x00007ffaeee20000 - 0x00007ffaeee50000 	C:\WINDOWS\System32\IMM32.DLL
0x00007ffae8ab0000 - 0x00007ffae8abc000 	C:\Program Files\Java\jdk-21\bin\vcruntime140_1.dll
0x00007ffaddba0000 - 0x00007ffaddc2e000 	C:\Program Files\Java\jdk-21\bin\msvcp140.dll
0x00007ffa70e80000 - 0x00007ffa71b93000 	C:\Program Files\Java\jdk-21\bin\server\jvm.dll
0x00007ffaf0080000 - 0x00007ffaf00eb000 	C:\WINDOWS\System32\WS2_32.dll
0x00007ffaed810000 - 0x00007ffaed85b000 	C:\WINDOWS\SYSTEM32\POWRPROF.dll
0x00007ffad9d00000 - 0x00007ffad9d27000 	C:\WINDOWS\SYSTEM32\WINMM.dll
0x00007ffaed7e0000 - 0x00007ffaed7f2000 	C:\WINDOWS\SYSTEM32\UMPDC.dll
0x00007ffaec290000 - 0x00007ffaec2a2000 	C:\WINDOWS\SYSTEM32\kernel.appcore.dll
0x00007ffae95d0000 - 0x00007ffae95da000 	C:\Program Files\Java\jdk-21\bin\jimage.dll
0x00007ffad6d90000 - 0x00007ffad6f74000 	C:\WINDOWS\SYSTEM32\DBGHELP.DLL
0x00007ffad6d50000 - 0x00007ffad6d84000 	C:\WINDOWS\SYSTEM32\dbgcore.DLL
0x00007ffaedc90000 - 0x00007ffaedd12000 	C:\WINDOWS\System32\bcryptPrimitives.dll
0x00007ffae9210000 - 0x00007ffae922f000 	C:\Program Files\Java\jdk-21\bin\java.dll
0x00007ffaee6d0000 - 0x00007ffaeee15000 	C:\WINDOWS\System32\SHELL32.dll
0x00007ffaebac0000 - 0x00007ffaec25b000 	C:\WINDOWS\SYSTEM32\windows.storage.dll
0x00007ffaef830000 - 0x00007ffaefb84000 	C:\WINDOWS\System32\combase.dll
0x00007ffaed340000 - 0x00007ffaed36d000 	C:\WINDOWS\SYSTEM32\Wldp.dll
0x00007ffaf01a0000 - 0x00007ffaf024d000 	C:\WINDOWS\System32\SHCORE.dll
0x00007ffaefc60000 - 0x00007ffaefcb5000 	C:\WINDOWS\System32\shlwapi.dll
0x00007ffaed990000 - 0x00007ffaed9b5000 	C:\WINDOWS\SYSTEM32\profapi.dll
0x00007ffadf910000 - 0x00007ffadf9e7000 	C:\Program Files\Java\jdk-21\bin\jsvml.dll
0x00007ffae9580000 - 0x00007ffae9590000 	C:\Program Files\Java\jdk-21\bin\net.dll
0x00007ffae5860000 - 0x00007ffae596a000 	C:\WINDOWS\SYSTEM32\WINHTTP.dll
0x00007ffaed0c0000 - 0x00007ffaed12a000 	C:\WINDOWS\system32\mswsock.dll
0x00007ffae91f0000 - 0x00007ffae9206000 	C:\Program Files\Java\jdk-21\bin\nio.dll
0x00007ffae91d0000 - 0x00007ffae91e8000 	C:\Program Files\Java\jdk-21\bin\zip.dll
0x00007ffaba130000 - 0x00007ffaba2bf000 	C:\Program Files\Java\jdk-21\bin\awt.dll
0x00007ffaefb90000 - 0x00007ffaefc5d000 	C:\WINDOWS\System32\OLEAUT32.dll
0x00007ffaeaee0000 - 0x00007ffaeaf70000 	C:\WINDOWS\SYSTEM32\apphelp.dll
0x00007ffae9500000 - 0x00007ffae9510000 	C:\Program Files\Java\jdk-21\bin\verify.dll
0x00007ffaeb0a0000 - 0x00007ffaeb13e000 	C:\WINDOWS\system32\uxtheme.dll
0x00007ffaeff60000 - 0x00007ffaf0074000 	C:\WINDOWS\System32\MSCTF.dll
0x00007ffaee590000 - 0x00007ffaee6bb000 	C:\WINDOWS\System32\ole32.dll
0x00007ffaeb290000 - 0x00007ffaeb2bf000 	C:\WINDOWS\system32\DWMAPI.DLL
0x00007ffac8ad0000 - 0x00007ffac8bf5000 	C:\WINDOWS\system32\opengl32.dll
0x00007ffadbd30000 - 0x00007ffadbd5c000 	C:\WINDOWS\SYSTEM32\GLU32.dll
0x00007ffaed690000 - 0x00007ffaed6a8000 	C:\WINDOWS\SYSTEM32\CRYPTSP.dll
0x00007ffaeca10000 - 0x00007ffaeca44000 	C:\WINDOWS\system32\rsaenh.dll
0x00007ffaed950000 - 0x00007ffaed97e000 	C:\WINDOWS\SYSTEM32\USERENV.dll
0x00007ffaed250000 - 0x00007ffaed25c000 	C:\WINDOWS\SYSTEM32\CRYPTBASE.dll
0x00007ffaecdd0000 - 0x00007ffaece0b000 	C:\WINDOWS\SYSTEM32\IPHLPAPI.DLL
0x00007ffaef5c0000 - 0x00007ffaef5c8000 	C:\WINDOWS\System32\NSI.dll
0x00007ffac5ec0000 - 0x00007ffac5f47000 	C:\Program Files\Java\jdk-21\bin\freetype.dll
0x00007ffabd110000 - 0x00007ffabd1e3000 	C:\Program Files\Java\jdk-21\bin\fontmanager.dll
0x0000000070340000 - 0x000000007040e000 	C:\Users\hamit\AppData\Local\Temp\sqlite-3.30.1-86d2fd42-90fd-4d57-9caa-ac787cc28606-sqlitejdbc.dll
0x00007ffae9380000 - 0x00007ffae938e000 	C:\Program Files\Java\jdk-21\bin\sunmscapi.dll
0x00007ffaeda60000 - 0x00007ffaedbbd000 	C:\WINDOWS\System32\CRYPT32.dll
0x00007ffaed3b0000 - 0x00007ffaed3d8000 	C:\WINDOWS\SYSTEM32\ncrypt.dll
0x00007ffaed370000 - 0x00007ffaed3ab000 	C:\WINDOWS\SYSTEM32\NTASN1.dll
0x00007ffae8a90000 - 0x00007ffae8a96000 	C:\Users\hamit\AppData\Local\Temp\flatlaf.temp\flatlaf-windows-x86_64-1842808221818000.dll
0x00007ffaf00f0000 - 0x00007ffaf0199000 	C:\WINDOWS\System32\clbcatq.dll
0x00007ffae8470000 - 0x00007ffae8624000 	C:\WINDOWS\SYSTEM32\WindowsCodecs.dll
0x00007ffac4d90000 - 0x00007ffac4dce000 	C:\WINDOWS\system32\dataexchange.dll
0x00007ffae9ba0000 - 0x00007ffae9e03000 	C:\WINDOWS\system32\d3d11.dll
0x00007ffaea3d0000 - 0x00007ffaea5b3000 	C:\WINDOWS\system32\dcomp.dll
0x00007ffaec2d0000 - 0x00007ffaec3c3000 	C:\WINDOWS\system32\dxgi.dll
0x00007ffae8130000 - 0x00007ffae8333000 	C:\WINDOWS\system32\twinapi.appcore.dll
0x00007ffadfdd0000 - 0x00007ffadfec9000 	C:\WINDOWS\SYSTEM32\textinputframework.dll
0x00007ffaea5c0000 - 0x00007ffaea91b000 	C:\WINDOWS\System32\CoreUIComponents.dll
0x00007ffaeaca0000 - 0x00007ffaead92000 	C:\WINDOWS\System32\CoreMessaging.dll
0x00007ffaecb30000 - 0x00007ffaecb63000 	C:\WINDOWS\SYSTEM32\ntmarta.dll
0x00007ffae95e0000 - 0x00007ffae9735000 	C:\WINDOWS\SYSTEM32\wintypes.dll

dbghelp: loaded successfully - version: 4.0.5 - missing functions: none
symbol engine: initialized successfully - sym options: 0x614 - pdb path: .;C:\Program Files\Java\jdk-21\bin;C:\WINDOWS\SYSTEM32;C:\WINDOWS\WinSxS\amd64_microsoft.windows.common-controls_6595b64144ccf1df_6.0.19041.3636_none_60b6a03d71f818d5;C:\Program Files\Java\jdk-21\bin\server;C:\Users\hamit\AppData\Local\Temp;C:\Users\hamit\AppData\Local\Temp\flatlaf.temp

VM Arguments:
jvm_args: -Dfile.encoding=UTF-8 -Dstdout.encoding=UTF-8 -Dstderr.encoding=UTF-8 -XX:+ShowCodeDetailsInExceptionMessages 
java_command: obs.backup.main.OBS_BACKUP
java_class_path (initial): C:\Users\hamit\git\Eclipse\OBS_BACKUP\bin;C:\Users\hamit\git\Eclipse\OBS_CLASS_2025\bin;C:\ELIF\2025\sqlite-jdbc-3.30.1.jar;C:\ELIF\2025\sqljdbc4-4.0.jar;C:\ELIF\2025\jcalendar-1.4.jar;C:\ELIF\2025\jcommon-1.0.8.jar;C:\ELIF\2025\jfreechart.jar;C:\ELIF\2025\mail.jar;C:\ELIF\2025\mysql-connector-j-8.0.31.jar;C:\ELIF\2025\commons-net-3.7.jar;C:\ELIF\2025\smsApi-Java-1.8.jar;C:\ELIF\2025\TimingFramework-0.55.jar;C:\ELIF\2025\ucanaccess-5.0.1.jar;C:\ELIF\2025\jackcess-4.0.5.jar;C:\ELIF\2025\jackcess-encrypt-4.0.2.jar;C:\ELIF\2025\commons-logging.jar;C:\ELIF\2025\commons-logging-1.2.jar;C:\ELIF\2025\commons-lang-2.1.jar;C:\ELIF\2025\commons-lang3-3.8.1.jar;C:\ELIF\2025\hsqldb-2.5.0.jar;C:\ELIF\2025\flatlaf-3.2.1.jar;C:\ELIF\2025\flatlaf-extras-3.2.5.jar;C:\ELIF\2025\gradient-icon-font.jar;C:\ELIF\2025\flatlaf-fonts-roboto-2.137.jar;C:\ELIF\2025\flatlaf-intellij-themes-3.2.1.jar;C:\ELIF\2025\swing-toast-notifications-1.0.1.jar;C:\ELIF\2025\jl-1.0.1.jar;C:\ELIF\2025\jsvg-1.2.0.jar;C:\ELIF\2025\commons-net-3.7-sources.jar;C:\ELIF\2025\activation.jar;C:\ELIF\2025\poi-ooxml-4.1.2.jar;C:\ELIF\2025\poi-ooxml-schemas-4.1.2.jar;C:\ELIF\2025\poi-scratchpad-4.1.2.jar;C:\ELIF\2025\pfjgraphics.jar;C:\ELIF\2025\poi-4.1.2.jar;C:\ELIF\2025\commons-collections4-4.4.jar;C:\ELIF\2025\rs2xml.jar;C:\ELIF\2025\xmlbeans-3.1.0.jar;C:\ELIF\2025\commons-compress-1.22.jar
Launcher Type: SUN_STANDARD

[Global flags]
     intx CICompilerCount                          = 3                                         {product} {ergonomic}
     uint ConcGCThreads                            = 1                                         {product} {ergonomic}
     uint G1ConcRefinementThreads                  = 4                                         {product} {ergonomic}
   size_t G1HeapRegionSize                         = 2097152                                   {product} {ergonomic}
    uintx GCDrainStackTargetSize                   = 64                                        {product} {ergonomic}
   size_t InitialHeapSize                          = 268435456                                 {product} {ergonomic}
   size_t MarkStackSize                            = 4194304                                   {product} {ergonomic}
   size_t MaxHeapSize                              = 4269801472                                {product} {ergonomic}
   size_t MaxNewSize                               = 2560622592                                {product} {ergonomic}
   size_t MinHeapDeltaBytes                        = 2097152                                   {product} {ergonomic}
   size_t MinHeapSize                              = 8388608                                   {product} {ergonomic}
    uintx NonNMethodCodeHeapSize                   = 5832780                                {pd product} {ergonomic}
    uintx NonProfiledCodeHeapSize                  = 122912730                              {pd product} {ergonomic}
    uintx ProfiledCodeHeapSize                     = 122912730                              {pd product} {ergonomic}
    uintx ReservedCodeCacheSize                    = 251658240                              {pd product} {ergonomic}
     bool SegmentedCodeCache                       = true                                      {product} {ergonomic}
     bool ShowCodeDetailsInExceptionMessages       = true                                   {manageable} {command line}
   size_t SoftMaxHeapSize                          = 4269801472                             {manageable} {ergonomic}
     bool UseCompressedOops                        = true                           {product lp64_product} {ergonomic}
     bool UseG1GC                                  = true                                      {product} {ergonomic}
     bool UseLargePagesIndividualAllocation        = false                                  {pd product} {ergonomic}

Logging:
Log output configuration:
 #0: stdout all=warning uptime,level,tags foldmultilines=false
 #1: stderr all=off uptime,level,tags foldmultilines=false

Environment Variables:
JAVA_HOME=C:\Program Files\Java\jdk-21\bin
PATH=C:/Program Files/Java/jdk-21/bin/server;C:/Program Files/Java/jdk-21/bin;C:\Program Files\Common Files\Siemens\Automation\Simatic OAM\bin;C:\Program Files (x86)\NVIDIA Corporation\PhysX\Common;C:\WINDOWS\system32;C:\WINDOWS;C:\WINDOWS\System32\Wbem;C:\WINDOWS\System32\WindowsPowerShell\v1.0\;C:\Program Files (x86)\Windows Live\Shared;C:\Program Files (x86)\Windows Kits\8.1\Windows Performance Toolkit\;C:\WINDOWS\System32\OpenSSH\;C:\Program Files\Azure Data Studio\bin;C:\Program Files\Microsoft SQL Server\Client SDK\ODBC\170\Tools\Binn\;C:\Program Files (x86)\Microsoft SQL Server\150\Tools\Binn\;C:\Program Files\Microsoft SQL Server\150\Tools\Binn\;C:\Program Files\Microsoft SQL Server\150\DTS\Binn\;C:\Program Files (x86)\Microsoft SQL Server\160\DTS\Binn\;C:\Program Files\Java\jdk-21\bin;C:\Program Files\dotnet\;C:\Program Files\MySQL\MySQL Shell 8.0\bin\;C:\Users\hamit\AppData\Local\Microsoft\WindowsApps;C:\Program Files\Azure Data Studio\bin;C:\Users\hamit\AppData\Local\Programs\Python\Python311\Scripts;C:\Users\hamit\AppData\Local\Programs\Python\Python311;;C:\Users\hamit\AppData\Local\Programs\Microsoft VS Code\bin;C:\Users\hamit\.dotnet\tools;C:\WINDOWS\System32;
USERNAME=hamit
OS=Windows_NT
PROCESSOR_IDENTIFIER=Intel64 Family 6 Model 94 Stepping 3, GenuineIntel
TMP=C:\Users\hamit\AppData\Local\Temp
TEMP=C:\Users\hamit\AppData\Local\Temp




---------------  S Y S T E M  ---------------

OS:
 Windows 10 , 64 bit Build 19041 (10.0.19041.3636)
OS uptime: 2 days 3:11 hours
Hyper-V role detected

CPU: total 4 (initial active 4) (4 cores per cpu, 1 threads per core) family 6 model 94 stepping 3 microcode 0xcc, cx8, cmov, fxsr, mmx, 3dnowpref, sse, sse2, sse3, ssse3, sse4.1, sse4.2, popcnt, lzcnt, tsc, tscinvbit, avx, avx2, aes, erms, clmul, bmi1, bmi2, rtm, adx, fma, vzeroupper, clflush, clflushopt, hv, rdtscp, f16c
Processor Information for all 4 processors :
  Max Mhz: 3301, Current Mhz: 3301, Mhz Limit: 3301

Memory: 4k page, system-wide physical 16286M (8253M free)
TotalPageFile size 18718M (AvailPageFile size 8919M)
current process WorkingSet (physical memory assigned to process): 160M, peak: 160M
current process commit charge ("private bytes"): 220M, peak: 393M

vm_info: Java HotSpot(TM) 64-Bit Server VM (21+35-LTS-2513) for windows-amd64 JRE (21+35-LTS-2513), built on 2023-08-09T20:25:10Z by "mach5one" with MS VC++ 17.1 (VS2022)

END.
