#
# A fatal error has been detected by the Java Runtime Environment:
#
#  EXCEPTION_ACCESS_VIOLATION (0xc0000005) at pc=0x00007fff49c71d1d, pid=93964, tid=79068
#
# JRE version: Java(TM) SE Runtime Environment (19.0+36) (build 19+36-2238)
# Java VM: Java HotSpot(TM) 64-Bit Server VM (19+36-2238, mixed mode, sharing, tiered, compressed oops, compressed class ptrs, g1 gc, windows-amd64)
# Problematic frame:
# C  [ntdll.dll+0x21d1d]
#
# No core dump will be written. Minidumps are not enabled by default on client versions of Windows
#
# If you would like to submit a bug report, please visit:
#   https://bugreport.java.com/bugreport/crash.jsp
# The crash happened outside the Java Virtual Machine in native code.
# See problematic frame for where to report the bug.
#

---------------  S U M M A R Y ------------

Command Line: -Dfile.encoding=UTF-8 -XX:+ShowCodeDetailsInExceptionMessages VT_YEDEK.BASLA

Host: Intel(R) Core(TM) i7-1065G7 CPU @ 1.30GHz, 8 cores, 15G,  Windows 11 , 64 bit Build 22621 (10.0.22621.1105)
Time: Thu Jan 12 13:43:58 2023 Turkey Standard Time elapsed time: 64.997050 seconds (0d 0h 1m 4s)

---------------  T H R E A D  ---------------

Current thread (0x0000024dffa0b700):  JavaThread "Timer-1" [_thread_in_native, id=79068, stack(0x000000d83ba00000,0x000000d83bb00000)]

Stack: [0x000000d83ba00000,0x000000d83bb00000],  sp=0x000000d83baff040,  free space=1020k
Native frames: (J=compiled Java code, j=interpreted, Vv=VM code, C=native code)
C  [ntdll.dll+0x21d1d]
C  [sqlite-3.30.1-a57a5524-78da-475b-a6bc-2a547a7afbae-sqlitejdbc.dll+0x536d0]

Java frames: (J=compiled Java code, j=interpreted, Vv=VM code)
J 2672  org.sqlite.core.NativeDB.reset(J)I (0 bytes) @ 0x0000024d87bbe183 [0x0000024d87bbe140+0x0000000000000043]
j  org.sqlite.jdbc3.JDBC3PreparedStatement.executeQuery()Ljava/sql/ResultSet;+39
j  OBS_C_2025.SQL_BACKUP.emirLER()Ljava/sql/ResultSet;+55
j  VT_YEDEK.BASLA.emirDOLDUR()V+3
j  VT_YEDEK.BASLA$10.run()V+0
j  java.util.TimerThread.mainLoop()V+221 java.base@19
j  java.util.TimerThread.run()V+1 java.base@19
v  ~StubRoutines::call_stub 0x0000024d875310e8

siginfo: EXCEPTION_ACCESS_VIOLATION (0xc0000005), reading address 0xffffffffffffffff


Registers:
RAX=0x000000d839a28000, RBX=0x0000024d99cd85e8, RCX=0x2045524548572020, RDX=0x000000d83baff0e0
RSP=0x000000d83baff040, RBP=0x000000d83baff120, RSI=0x0000024d99cda208, RDI=0x00000000000001f6
R8 =0x0000024d99cd85e8, R9 =0x0000000000000001, R10=0x00000000703427a3, R11=0x000000d83bafedc0
R12=0x0000000000000000, R13=0x000000d83baff110, R14=0x000000d83baff0e0, R15=0x0000024dffa0b700
RIP=0x00007fff49c71d1d, EFLAGS=0x0000000000010202


Register to memory mapping:

RIP=0x00007fff49c71d1d ntdll.dll
RAX=0x000000d839a28000 points into unknown readable memory: 0x0000000000000000 | 00 00 00 00 00 00 00 00
RBX=0x0000024d99cd85e8 points into unknown readable memory: 0x0000000100000000 | 00 00 00 00 01 00 00 00
RCX=0x2045524548572020 is an unknown value
RDX=0x000000d83baff0e0 is pointing into the stack for thread: 0x0000024dffa0b700
RSP=0x000000d83baff040 is pointing into the stack for thread: 0x0000024dffa0b700
RBP=0x000000d83baff120 is pointing into the stack for thread: 0x0000024dffa0b700
RSI=0x0000024d99cda208 points into unknown readable memory: 0x20205443454c4553 | 53 45 4c 45 43 54 20 20
RDI=0x00000000000001f6 is an unknown value
R8 =0x0000024d99cd85e8 points into unknown readable memory: 0x0000000100000000 | 00 00 00 00 01 00 00 00
R9 =0x0000000000000001 is an unknown value
R10=0x00000000703427a3 sqlite-3.30.1-a57a5524-78da-475b-a6bc-2a547a7afbae-sqlitejdbc.dll
R11=0x000000d83bafedc0 is pointing into the stack for thread: 0x0000024dffa0b700
R12=0x0 is NULL
R13=0x000000d83baff110 is pointing into the stack for thread: 0x0000024dffa0b700
R14=0x000000d83baff0e0 is pointing into the stack for thread: 0x0000024dffa0b700
R15=0x0000024dffa0b700 is a thread


Top of Stack: (sp=0x000000d83baff040)
0x000000d83baff040:   000000d83baff110 000000071ac80688
0x000000d83baff050:   00000000000001f6 00007ffee18a198e
0x000000d83baff060:   0000024dffa0b700 00000000703936d0
0x000000d83baff070:   000000d83baff0d8 0000024d9372fc68
0x000000d83baff080:   000000071ac80a08 0000024d87bbe3db
0x000000d83baff090:   0000024d93444160 000000071ad57918
0x000000d83baff0a0:   000000d83baff0b8 000000071ac80a08
0x000000d83baff0b0:   0000000000000158 0000024d87bbe252
0x000000d83baff0c0:   000000d83baff198 0000024d803b6524
0x000000d83baff0d0:   00000007066ad7f0 000000071ac80688
0x000000d83baff0e0:   000000071ac80a08 0000024d93446685
0x000000d83baff0f0:   000000d83baff150 0000024d9372f8c0
0x000000d83baff100:   0000000000000000 0000000700000000
0x000000d83baff110:   0000000000000003 0000000000000000
0x000000d83baff120:   000000d83baff198 0000024d8754b8aa
0x000000d83baff130:   0000024d8754b8aa 0000024d99cd85e8 

Instructions: (pc=0x00007fff49c71d1d)
0x00007fff49c71c1d:   00 00 00 3b a9 84 00 00 00 73 7a 8b 94 e9 88 00
0x00007fff49c71c2d:   00 00 85 d2 74 32 8b 84 e9 8c 00 00 00 41 89 07
0x00007fff49c71c3d:   40 84 f6 74 3d 48 8d 04 17 49 89 06 8b c3 48 8b
0x00007fff49c71c4d:   5c 24 48 48 8b 6c 24 50 48 8b 74 24 58 48 83 c4
0x00007fff49c71c5d:   20 41 5f 41 5e 5f c3 cc bb 02 00 00 c0 eb dd 3b
0x00007fff49c71c6d:   69 74 73 31 8b 54 e9 78 85 d2 74 ec 8b 44 e9 7c
0x00007fff49c71c7d:   eb bb 3b 51 54 72 be 44 8b c2 48 8b d7 e8 31 96
0x00007fff49c71c8d:   00 00 49 89 06 bb 0d 00 00 c0 48 f7 d8 1b c9 f7
0x00007fff49c71c9d:   d1 23 d9 eb a7 bb 0d 00 00 c0 eb a0 cc cc cc cc
0x00007fff49c71cad:   cc cc cc 33 c0 48 39 05 ff 76 17 00 74 1d f6 05
0x00007fff49c71cbd:   da 76 17 00 01 75 14 48 8b 0d d5 76 17 00 48 c1
0x00007fff49c71ccd:   e9 28 80 e1 03 80 f9 03 0f 94 c0 c3 cc cc cc cc
0x00007fff49c71cdd:   cc cc cc 48 83 ec 28 48 85 c9 74 10 48 8b 05 28
0x00007fff49c71ced:   25 16 00 48 85 c0 0f 85 99 5f 09 00 32 c0 48 83
0x00007fff49c71cfd:   c4 28 c3 cc cc cc cc cc cc cc cc 71 b9 df 5a a1
0x00007fff49c71d0d:   8f 48 c5 48 83 ec 28 65 48 8b 04 25 30 00 00 00
0x00007fff49c71d1d:   f0 0f ba 71 08 00 48 8b 40 48 73 13 48 89 41 10
0x00007fff49c71d2d:   33 c0 c7 41 0c 01 00 00 00 48 83 c4 28 c3 cc 48
0x00007fff49c71d3d:   39 41 10 75 0b ff 41 0c 33 c0 48 83 c4 28 c3 cc
0x00007fff49c71d4d:   e8 0e 00 00 00 eb e2 cc cc cc cc cc cc cc cc cc
0x00007fff49c71d5d:   cc cc cc 40 53 55 56 57 41 54 41 55 41 56 41 57
0x00007fff49c71d6d:   48 83 ec 38 8b 41 20 4c 8b e9 48 0f ba e0 1a 0f
0x00007fff49c71d7d:   82 29 03 00 00 33 ff 66 83 3c 25 6a 03 fe 7f 01
0x00007fff49c71d8d:   40 88 bc 24 88 00 00 00 76 1d 49 8b 7d 20 48 8b
0x00007fff49c71d9d:   c7 81 e7 ff ff ff 00 25 00 00 00 02 48 85 c0 0f
0x00007fff49c71dad:   95 84 24 88 00 00 00 40 32 f6 40 32 ed 40 88 ac
0x00007fff49c71dbd:   24 80 00 00 00 41 8b 45 08 4d 8d 65 08 40 84 ed
0x00007fff49c71dcd:   ba 01 00 00 00 41 bf 03 00 00 00 41 bb 6a 03 fe
0x00007fff49c71ddd:   7f 44 0f 44 fa 44 0f b6 d6 48 8b df 84 c2 0f 85
0x00007fff49c71ded:   b1 01 00 00 45 33 c0 8d 0c bf 03 c9 66 41 83 3b
0x00007fff49c71dfd:   01 0f 86 ec 00 00 00 4d 85 e4 74 0e 80 3c 25 97
0x00007fff49c71e0d:   02 fe 7f 00 0f 85 81 8b 08 00 0f b7 1c 25 d6 02 


Stack slot to memory mapping:
stack at sp + 0 slots: 0x000000d83baff110 is pointing into the stack for thread: 0x0000024dffa0b700
stack at sp + 1 slots: 0x000000071ac80688 is an oop: org.sqlite.jdbc4.JDBC4Connection 
{0x000000071ac80688} - klass: 'org/sqlite/jdbc4/JDBC4Connection'
 - ---- fields (total size 4 words):
 - private final 'db' 'Lorg/sqlite/core/DB;' @12  a 'org/sqlite/core/NativeDB'{0x000000071ac80a08} (e3590141)
 - private 'meta' 'Lorg/sqlite/core/CoreDatabaseMetaData;' @16  NULL (0)
 - private final 'connectionConfig' 'Lorg/sqlite/SQLiteConnectionConfig;' @20  a 'org/sqlite/SQLiteConnectionConfig'{0x000000071ad56c40} (e35aad88)
 - private final 'savePoint' 'Ljava/util/concurrent/atomic/AtomicInteger;' @24  a 'java/util/concurrent/atomic/AtomicInteger'{0x000000071ad57850} (e35aaf0a)
 - private 'typeMap' 'Ljava/util/Map;' @28  NULL (0)
stack at sp + 2 slots: 0x00000000000001f6 is an unknown value
stack at sp + 3 slots: 0x00007ffee18a198e jvm.dll
stack at sp + 4 slots: 0x0000024dffa0b700 is a thread
stack at sp + 5 slots: 0x00000000703936d0 sqlite-3.30.1-a57a5524-78da-475b-a6bc-2a547a7afbae-sqlitejdbc.dll
stack at sp + 6 slots: 0x000000d83baff0d8 is pointing into the stack for thread: 0x0000024dffa0b700
stack at sp + 7 slots: 0x0000024d9372fc68 is pointing into metadata


Compiled method (n/a)   65079 2672  s  n 0       org.sqlite.core.NativeDB::reset (native)
 total in heap  [0x0000024d87bbdf90,0x0000024d87bbe460] = 1232
 relocation     [0x0000024d87bbe0f0,0x0000024d87bbe128] = 56
 main code      [0x0000024d87bbe140,0x0000024d87bbe456] = 790
 stub code      [0x0000024d87bbe456,0x0000024d87bbe458] = 2
 oops           [0x0000024d87bbe458,0x0000024d87bbe460] = 8

[Constant Pool (empty)]

[MachCode]
[Entry Point]
  # {method} {0x0000024d93718040} 'reset' '(J)I' in 'org/sqlite/core/NativeDB'
  # this:     rdx:rdx   = 'org/sqlite/core/NativeDB'
  # parm0:    r8:r8     = long
  #           [sp+0x70]  (sp of caller)
  0x0000024d87bbe140: 448b 5208 | 49bb 0000 | 0000 0800 | 0000 4d03 | d349 3bc2 | 0f84 0600 

  0x0000024d87bbe158: ;   {runtime_call ic_miss_stub}
  0x0000024d87bbe158: 0000 e921 | 3e9d ff90 
[Verified Entry Point]
  0x0000024d87bbe160: 8984 2400 | 90ff ff55 | 488b ec48 | 83ec 6048 | 8954 2420 | 4883 fa00 | 488d 5424 | 2048 0f44 
  0x0000024d87bbe180: 5424 20c5 

  0x0000024d87bbe184: ;   {internal_word}
  0x0000024d87bbe184: f877 49ba | 83e1 bb87 | 4d02 0000 | 4d89 97c8 | 0200 0049 | 89a7 c002 

  0x0000024d87bbe19c: ;   {external_word}
  0x0000024d87bbe19c: 0000 49ba | d984 d2e1 | fe7f 0000 | 4180 3a00 | 0f84 4c00 | 0000 5241 

  0x0000024d87bbe1b4: ;   {metadata({method} {0x0000024d93718040} 'reset' '(J)I' in 'org/sqlite/core/NativeDB')}
  0x0000024d87bbe1b4: 5048 ba38 | 8071 934d | 0200 0049 | 8bcf 4883 | ec20 40f6 | c40f 0f84 | 1a00 0000 | 4883 ec08 
  0x0000024d87bbe1d4: ;   {runtime_call}
  0x0000024d87bbe1d4: 49ba 902b | 8ae1 fe7f | 0000 41ff | d248 83c4 | 08e9 0d00 

  0x0000024d87bbe1e8: ;   {runtime_call}
  0x0000024d87bbe1e8: 0000 49ba | 902b 8ae1 | fe7f 0000 | 41ff d248 | 83c4 2041 | 585a 4c8b | f24c 8d6c | 2450 498b 
  0x0000024d87bbe208: 1eb8 0100 | 0000 480b | 0349 8945 | 00f0 4c0f | b12b 0f84 | 1300 0000 | 482b c448 | 2503 f0ff 
  0x0000024d87bbe228: ff49 8945 | 000f 8567 | 0100 0049 | 8d8f e002 | 0000 41c7 | 8774 0300 | 0004 0000 

  0x0000024d87bbe244: ;   {runtime_call}
  0x0000024d87bbe244: 0049 baa3 | 2734 7000 | 0000 0041 | ffd2 c5f8 | 7741 c787 | 7403 0000 | 0500 0000 | f083 4424 
  0x0000024d87bbe264: c000 493b | af78 0300 | 000f 8711 | 0000 0041 | 81bf 7003 | 0000 0000 | 0000 0f84 | 2c00 0000 
  0x0000024d87bbe284: c5f8 7748 | 8945 f849 | 8bcf 4c8b | e448 83ec | 2048 83e4 

  0x0000024d87bbe298: ;   {runtime_call}
  0x0000024d87bbe298: f049 baa0 | 1895 e1fe | 7f00 0041 | ffd2 498b | e44d 33e4 | 488b 45f8 | 41c7 8774 | 0300 0008 
  0x0000024d87bbe2b8: 0000 0041 | 81bf e803 | 0000 0200 | 0000 0f84 | 5c01 0000 | 498b 1e48 | 817c 2450 | 0000 0000 
  0x0000024d87bbe2d8: 0f84 1b00 | 0000 4889 | 45f8 488d | 4424 504c | 8b28 f04c | 0fb1 2b0f | 85f2 0000 | 0048 8b45 
  0x0000024d87bbe2f8: ;   {external_word}
  0x0000024d87bbe2f8: f849 bad9 | 84d2 e1fe | 7f00 0041 | 803a 000f | 844e 0000 | 0048 8945 

  0x0000024d87bbe310: ;   {metadata({method} {0x0000024d93718040} 'reset' '(J)I' in 'org/sqlite/core/NativeDB')}
  0x0000024d87bbe310: f848 ba38 | 8071 934d | 0200 0049 | 8bcf 4883 | ec20 40f6 | c40f 0f84 | 1a00 0000 | 4883 ec08 
  0x0000024d87bbe330: ;   {runtime_call}
  0x0000024d87bbe330: 49ba 902b | 8ae1 fe7f | 0000 41ff | d248 83c4 | 08e9 0d00 

  0x0000024d87bbe344: ;   {runtime_call}
  0x0000024d87bbe344: 0000 49ba | 902b 8ae1 | fe7f 0000 | 41ff d248 | 83c4 2048 | 8b45 f849 | c787 c002 | 0000 0000 
  0x0000024d87bbe364: 0000 49c7 | 87c8 0200 | 0000 0000 | 00c5 f877 | 498b 8f50 | 0300 00c7 | 8100 0100 | 0000 0000 
  0x0000024d87bbe384: 00c9 4981 | 7f08 0000 | 0000 0f85 | 0100 0000 

  0x0000024d87bbe394: ;   {runtime_call StubRoutines (1)}
  0x0000024d87bbe394: c3e9 662b | 97ff 5241 | 5048 8bcb | 498b d54d | 8bc7 4883 | ec20 40f6 | c40f 0f84 | 1a00 0000 
  0x0000024d87bbe3b4: 4883 ec08 

  0x0000024d87bbe3b8: ;   {runtime_call}
  0x0000024d87bbe3b8: 49ba 8019 | 8ae1 fe7f | 0000 41ff | d248 83c4 | 08e9 0d00 

  0x0000024d87bbe3cc: ;   {runtime_call}
  0x0000024d87bbe3cc: 0000 49ba | 8019 8ae1 | fe7f 0000 | 41ff d248 | 83c4 2041 | 585a e94c | feff ffc5 | f877 488d 
  0x0000024d87bbe3ec: 5424 5048 | 8bcb 4d8b | c74c 8be4 | 4883 ec20 | 4883 e4f0 | 498b 5f08 | 49c7 4708 | 0000 0000 
  0x0000024d87bbe40c: ;   {runtime_call}
  0x0000024d87bbe40c: 49ba 401a | 8ae1 fe7f | 0000 41ff | d249 8be4 | 4d33 e449 | 895f 08e9 | cdfe ffff | c5f8 7748 
  0x0000024d87bbe42c: 8945 f84c | 8be4 4883 | ec20 4883 

  0x0000024d87bbe438: ;   {runtime_call}
  0x0000024d87bbe438: e4f0 49ba | d05f 8ae1 | fe7f 0000 | 41ff d249 | 8be4 4d33 | e448 8b45 | f8e9 76fe | ffff f4f4 
[/MachCode]


---------------  P R O C E S S  ---------------

Threads class SMR info:
_java_thread_list=0x0000024d9950ca80, length=21, elements={
0x0000024dff9e3f60, 0x0000024dff9e52c0, 0x0000024dff9e8990, 0x0000024dff9e93b0,
0x0000024dff9ec720, 0x0000024dff9f2590, 0x0000024dff9f49a0, 0x0000024dff9f5ab0,
0x0000024dffa0b1b0, 0x0000024dffa0c1a0, 0x0000024dffa091d0, 0x0000024dffa08c80,
0x0000024dffa0bc50, 0x0000024dffa09720, 0x0000024dffa09c70, 0x0000024dffa0a1c0,
0x0000024dffa0a710, 0x0000024dffa0b700, 0x0000024d970c5f60, 0x0000024d99833ed0,
0x0000024d99936f80
}

Java Threads: ( => current thread )
  0x0000024dff9e3f60 JavaThread "Reference Handler" daemon [_thread_blocked, id=73152, stack(0x000000d83a700000,0x000000d83a800000)]
  0x0000024dff9e52c0 JavaThread "Finalizer" daemon [_thread_blocked, id=50848, stack(0x000000d83a800000,0x000000d83a900000)]
  0x0000024dff9e8990 JavaThread "Signal Dispatcher" daemon [_thread_blocked, id=48696, stack(0x000000d83a900000,0x000000d83aa00000)]
  0x0000024dff9e93b0 JavaThread "Attach Listener" daemon [_thread_blocked, id=57756, stack(0x000000d83aa00000,0x000000d83ab00000)]
  0x0000024dff9ec720 JavaThread "Service Thread" daemon [_thread_blocked, id=31984, stack(0x000000d83ab00000,0x000000d83ac00000)]
  0x0000024dff9f2590 JavaThread "Monitor Deflation Thread" daemon [_thread_blocked, id=93780, stack(0x000000d83ac00000,0x000000d83ad00000)]
  0x0000024dff9f49a0 JavaThread "C2 CompilerThread0" daemon [_thread_blocked, id=91864, stack(0x000000d83ad00000,0x000000d83ae00000)]
  0x0000024dff9f5ab0 JavaThread "C1 CompilerThread0" daemon [_thread_blocked, id=11280, stack(0x000000d83ae00000,0x000000d83af00000)]
  0x0000024dffa0b1b0 JavaThread "Sweeper thread" daemon [_thread_blocked, id=28780, stack(0x000000d83af00000,0x000000d83b000000)]
  0x0000024dffa0c1a0 JavaThread "Notification Thread" daemon [_thread_blocked, id=68480, stack(0x000000d83b000000,0x000000d83b100000)]
  0x0000024dffa091d0 JavaThread "Common-Cleaner" daemon [_thread_blocked, id=70984, stack(0x000000d83b200000,0x000000d83b300000)]
  0x0000024dffa08c80 JavaThread "Java2D Disposer" daemon [_thread_blocked, id=96504, stack(0x000000d83b300000,0x000000d83b400000)]
  0x0000024dffa0bc50 JavaThread "AWT-Shutdown" [_thread_blocked, id=40948, stack(0x000000d83b400000,0x000000d83b500000)]
  0x0000024dffa09720 JavaThread "AWT-Windows" daemon [_thread_in_native, id=18492, stack(0x000000d83b500000,0x000000d83b600000)]
  0x0000024dffa09c70 JavaThread "AWT-EventQueue-0" [_thread_blocked, id=64020, stack(0x000000d83b600000,0x000000d83b700000)]
  0x0000024dffa0a1c0 JavaThread "DestroyJavaVM" [_thread_blocked, id=8, stack(0x000000d83a000000,0x000000d83a100000)]
  0x0000024dffa0a710 JavaThread "mysql-cj-abandoned-connection-cleanup" daemon [_thread_blocked, id=3572, stack(0x000000d83b800000,0x000000d83b900000)]
=>0x0000024dffa0b700 JavaThread "Timer-1" [_thread_in_native, id=79068, stack(0x000000d83ba00000,0x000000d83bb00000)]
  0x0000024d970c5f60 JavaThread "TimerQueue" daemon [_thread_blocked, id=45236, stack(0x000000d83b700000,0x000000d83b800000)]
  0x0000024d99833ed0 JavaThread "C2 CompilerThread1" daemon [_thread_blocked, id=22320, stack(0x000000d83c500000,0x000000d83c600000)]
  0x0000024d99936f80 JavaThread "C2 CompilerThread2" daemon [_thread_blocked, id=11964, stack(0x000000d83c600000,0x000000d83c700000)]

Other Threads:
  0x0000024dff9c7fa0 VMThread "VM Thread" [stack: 0x000000d83a600000,0x000000d83a700000] [id=57572]
  0x0000024d97109b40 WatcherThread "VM Periodic Task Thread" [stack: 0x000000d83b100000,0x000000d83b200000] [id=89024]
  0x0000024def798200 WorkerThread "GC Thread#0" [stack: 0x000000d83a100000,0x000000d83a200000] [id=41704]
  0x0000024d9944b9b0 WorkerThread "GC Thread#1" [stack: 0x000000d83bb00000,0x000000d83bc00000] [id=95224]
  0x0000024d9944c7c0 WorkerThread "GC Thread#2" [stack: 0x000000d83bc00000,0x000000d83bd00000] [id=22676]
  0x0000024d9944ca90 WorkerThread "GC Thread#3" [stack: 0x000000d83bd00000,0x000000d83be00000] [id=18404]
  0x0000024d9944b6e0 WorkerThread "GC Thread#4" [stack: 0x000000d83be00000,0x000000d83bf00000] [id=89176]
  0x0000024d9944ae70 WorkerThread "GC Thread#5" [stack: 0x000000d83bf00000,0x000000d83c000000] [id=18388]
  0x0000024d9944b140 WorkerThread "GC Thread#6" [stack: 0x000000d83c000000,0x000000d83c100000] [id=43304]
  0x0000024d9944bf50 WorkerThread "GC Thread#7" [stack: 0x000000d83c100000,0x000000d83c200000] [id=79684]
  0x0000024def7a9490 ConcurrentGCThread "G1 Main Marker" [stack: 0x000000d83a200000,0x000000d83a300000] [id=43988]
  0x0000024def7a9dc0 WorkerThread "G1 Conc#0" [stack: 0x000000d83a300000,0x000000d83a400000] [id=21352]
  0x0000024dff87e540 ConcurrentGCThread "G1 Refine#0" [stack: 0x000000d83a400000,0x000000d83a500000] [id=2328]
  0x0000024dff87fd40 ConcurrentGCThread "G1 Service" [stack: 0x000000d83a500000,0x000000d83a600000] [id=31200]

Threads with active compile tasks:

VM state: not at safepoint (normal execution)

VM Mutex/Monitor currently owned by a thread: None

Heap address: 0x0000000706600000, size: 3994 MB, Compressed Oops mode: Zero based, Oop shift amount: 3

CDS archive(s) mapped at: [0x0000000800000000-0x0000000800c40000-0x0000000800c40000), size 12845056, SharedBaseAddress: 0x0000000800000000, ArchiveRelocationMode: 0.
Compressed class space mapped at: 0x0000000801000000-0x0000000841000000, reserved size: 1073741824
Narrow klass base: 0x0000000800000000, Narrow klass shift: 0, Narrow klass range: 0x100000000

GC Precious Log:
 CardTable entry size: 512
 Card Set container configuration: InlinePtr #cards 4 size 8 Array Of Cards #cards 8 size 32 Howl #buckets 8 coarsen threshold 3686 Howl Bitmap #cards 512 size 80 coarsen threshold 460 Card regions per heap region 1 cards per card region 4096
 CPUs: 8 total, 8 available
 Memory: 15969M
 Large Page Support: Disabled
 NUMA Support: Disabled
 Compressed Oops: Enabled (Zero based)
 Heap Region Size: 2M
 Heap Min Capacity: 8M
 Heap Initial Capacity: 250M
 Heap Max Capacity: 3994M
 Pre-touch: Disabled
 Parallel Workers: 8
 Concurrent Workers: 2
 Concurrent Refinement Workers: 8
 Periodic GC: Disabled

Heap:
 garbage-first heap   total 442368K, used 120444K [0x0000000706600000, 0x0000000800000000)
  region size 2048K, 55 young (112640K), 1 survivors (2048K)
 Metaspace       used 21156K, committed 21504K, reserved 1114112K
  class space    used 2200K, committed 2368K, reserved 1048576K

Heap Regions: E=young(eden), S=young(survivor), O=old, HS=humongous(starts), HC=humongous(continues), CS=collection set, F=free, OA=open archive, CA=closed archive, TAMS=top-at-mark-start (previous, next)
|   0|0x0000000706600000, 0x0000000706800000, 0x0000000706800000|100%| O|  |TAMS 0x0000000706600000, 0x0000000706600000| Untracked 
|   1|0x0000000706800000, 0x0000000706a00000, 0x0000000706a00000|100%| O|  |TAMS 0x0000000706800000, 0x0000000706800000| Untracked 
|   2|0x0000000706a00000, 0x0000000706c00000, 0x0000000706c00000|100%|HS|  |TAMS 0x0000000706a00000, 0x0000000706a00000| Complete 
|   3|0x0000000706c00000, 0x0000000706e00000, 0x0000000706e00000|100%|HC|  |TAMS 0x0000000706c00000, 0x0000000706c00000| Complete 
|   4|0x0000000706e00000, 0x0000000707000000, 0x0000000707000000|100%|HC|  |TAMS 0x0000000706e00000, 0x0000000706e00000| Complete 
|   5|0x0000000707000000, 0x0000000707200000, 0x0000000707200000|100%|HC|  |TAMS 0x0000000707000000, 0x0000000707000000| Complete 
|   6|0x0000000707200000, 0x0000000707384c00, 0x0000000707400000| 75%| O|  |TAMS 0x0000000707200000, 0x0000000707200000| Untracked 
|   7|0x0000000707400000, 0x0000000707400000, 0x0000000707600000|  0%| F|  |TAMS 0x0000000707400000, 0x0000000707400000| Untracked 
|   8|0x0000000707600000, 0x0000000707600000, 0x0000000707800000|  0%| F|  |TAMS 0x0000000707600000, 0x0000000707600000| Untracked 
|   9|0x0000000707800000, 0x0000000707800000, 0x0000000707a00000|  0%| F|  |TAMS 0x0000000707800000, 0x0000000707800000| Untracked 
|  10|0x0000000707a00000, 0x0000000707a00000, 0x0000000707c00000|  0%| F|  |TAMS 0x0000000707a00000, 0x0000000707a00000| Untracked 
|  11|0x0000000707c00000, 0x0000000707c00000, 0x0000000707e00000|  0%| F|  |TAMS 0x0000000707c00000, 0x0000000707c00000| Untracked 
|  12|0x0000000707e00000, 0x0000000707e00000, 0x0000000708000000|  0%| F|  |TAMS 0x0000000707e00000, 0x0000000707e00000| Untracked 
|  13|0x0000000708000000, 0x0000000708000000, 0x0000000708200000|  0%| F|  |TAMS 0x0000000708000000, 0x0000000708000000| Untracked 
|  14|0x0000000708200000, 0x0000000708200000, 0x0000000708400000|  0%| F|  |TAMS 0x0000000708200000, 0x0000000708200000| Untracked 
|  15|0x0000000708400000, 0x0000000708400000, 0x0000000708600000|  0%| F|  |TAMS 0x0000000708400000, 0x0000000708400000| Untracked 
|  16|0x0000000708600000, 0x0000000708600000, 0x0000000708800000|  0%| F|  |TAMS 0x0000000708600000, 0x0000000708600000| Untracked 
|  17|0x0000000708800000, 0x0000000708800000, 0x0000000708a00000|  0%| F|  |TAMS 0x0000000708800000, 0x0000000708800000| Untracked 
|  18|0x0000000708a00000, 0x0000000708a00000, 0x0000000708c00000|  0%| F|  |TAMS 0x0000000708a00000, 0x0000000708a00000| Untracked 
|  19|0x0000000708c00000, 0x0000000708c00000, 0x0000000708e00000|  0%| F|  |TAMS 0x0000000708c00000, 0x0000000708c00000| Untracked 
|  20|0x0000000708e00000, 0x0000000708e00000, 0x0000000709000000|  0%| F|  |TAMS 0x0000000708e00000, 0x0000000708e00000| Untracked 
|  21|0x0000000709000000, 0x0000000709000000, 0x0000000709200000|  0%| F|  |TAMS 0x0000000709000000, 0x0000000709000000| Untracked 
|  22|0x0000000709200000, 0x0000000709200000, 0x0000000709400000|  0%| F|  |TAMS 0x0000000709200000, 0x0000000709200000| Untracked 
|  23|0x0000000709400000, 0x0000000709400000, 0x0000000709600000|  0%| F|  |TAMS 0x0000000709400000, 0x0000000709400000| Untracked 
|  24|0x0000000709600000, 0x0000000709600000, 0x0000000709800000|  0%| F|  |TAMS 0x0000000709600000, 0x0000000709600000| Untracked 
|  25|0x0000000709800000, 0x0000000709800000, 0x0000000709a00000|  0%| F|  |TAMS 0x0000000709800000, 0x0000000709800000| Untracked 
|  26|0x0000000709a00000, 0x0000000709a00000, 0x0000000709c00000|  0%| F|  |TAMS 0x0000000709a00000, 0x0000000709a00000| Untracked 
|  27|0x0000000709c00000, 0x0000000709c00000, 0x0000000709e00000|  0%| F|  |TAMS 0x0000000709c00000, 0x0000000709c00000| Untracked 
|  28|0x0000000709e00000, 0x0000000709e00000, 0x000000070a000000|  0%| F|  |TAMS 0x0000000709e00000, 0x0000000709e00000| Untracked 
|  29|0x000000070a000000, 0x000000070a000000, 0x000000070a200000|  0%| F|  |TAMS 0x000000070a000000, 0x000000070a000000| Untracked 
|  30|0x000000070a200000, 0x000000070a200000, 0x000000070a400000|  0%| F|  |TAMS 0x000000070a200000, 0x000000070a200000| Untracked 
|  31|0x000000070a400000, 0x000000070a400000, 0x000000070a600000|  0%| F|  |TAMS 0x000000070a400000, 0x000000070a400000| Untracked 
|  32|0x000000070a600000, 0x000000070a600000, 0x000000070a800000|  0%| F|  |TAMS 0x000000070a600000, 0x000000070a600000| Untracked 
|  33|0x000000070a800000, 0x000000070a800000, 0x000000070aa00000|  0%| F|  |TAMS 0x000000070a800000, 0x000000070a800000| Untracked 
|  34|0x000000070aa00000, 0x000000070aa00000, 0x000000070ac00000|  0%| F|  |TAMS 0x000000070aa00000, 0x000000070aa00000| Untracked 
|  35|0x000000070ac00000, 0x000000070ac00000, 0x000000070ae00000|  0%| F|  |TAMS 0x000000070ac00000, 0x000000070ac00000| Untracked 
|  36|0x000000070ae00000, 0x000000070ae00000, 0x000000070b000000|  0%| F|  |TAMS 0x000000070ae00000, 0x000000070ae00000| Untracked 
|  37|0x000000070b000000, 0x000000070b000000, 0x000000070b200000|  0%| F|  |TAMS 0x000000070b000000, 0x000000070b000000| Untracked 
|  38|0x000000070b200000, 0x000000070b200000, 0x000000070b400000|  0%| F|  |TAMS 0x000000070b200000, 0x000000070b200000| Untracked 
|  39|0x000000070b400000, 0x000000070b400000, 0x000000070b600000|  0%| F|  |TAMS 0x000000070b400000, 0x000000070b400000| Untracked 
|  40|0x000000070b600000, 0x000000070b600000, 0x000000070b800000|  0%| F|  |TAMS 0x000000070b600000, 0x000000070b600000| Untracked 
|  41|0x000000070b800000, 0x000000070b800000, 0x000000070ba00000|  0%| F|  |TAMS 0x000000070b800000, 0x000000070b800000| Untracked 
|  42|0x000000070ba00000, 0x000000070ba00000, 0x000000070bc00000|  0%| F|  |TAMS 0x000000070ba00000, 0x000000070ba00000| Untracked 
|  43|0x000000070bc00000, 0x000000070bc00000, 0x000000070be00000|  0%| F|  |TAMS 0x000000070bc00000, 0x000000070bc00000| Untracked 
|  44|0x000000070be00000, 0x000000070be00000, 0x000000070c000000|  0%| F|  |TAMS 0x000000070be00000, 0x000000070be00000| Untracked 
|  45|0x000000070c000000, 0x000000070c000000, 0x000000070c200000|  0%| F|  |TAMS 0x000000070c000000, 0x000000070c000000| Untracked 
|  46|0x000000070c200000, 0x000000070c200000, 0x000000070c400000|  0%| F|  |TAMS 0x000000070c200000, 0x000000070c200000| Untracked 
|  47|0x000000070c400000, 0x000000070c400000, 0x000000070c600000|  0%| F|  |TAMS 0x000000070c400000, 0x000000070c400000| Untracked 
|  48|0x000000070c600000, 0x000000070c600000, 0x000000070c800000|  0%| F|  |TAMS 0x000000070c600000, 0x000000070c600000| Untracked 
|  49|0x000000070c800000, 0x000000070c800000, 0x000000070ca00000|  0%| F|  |TAMS 0x000000070c800000, 0x000000070c800000| Untracked 
|  50|0x000000070ca00000, 0x000000070ca00000, 0x000000070cc00000|  0%| F|  |TAMS 0x000000070ca00000, 0x000000070ca00000| Untracked 
|  51|0x000000070cc00000, 0x000000070cc00000, 0x000000070ce00000|  0%| F|  |TAMS 0x000000070cc00000, 0x000000070cc00000| Untracked 
|  52|0x000000070ce00000, 0x000000070ce00000, 0x000000070d000000|  0%| F|  |TAMS 0x000000070ce00000, 0x000000070ce00000| Untracked 
|  53|0x000000070d000000, 0x000000070d000000, 0x000000070d200000|  0%| F|  |TAMS 0x000000070d000000, 0x000000070d000000| Untracked 
|  54|0x000000070d200000, 0x000000070d200000, 0x000000070d400000|  0%| F|  |TAMS 0x000000070d200000, 0x000000070d200000| Untracked 
|  55|0x000000070d400000, 0x000000070d400000, 0x000000070d600000|  0%| F|  |TAMS 0x000000070d400000, 0x000000070d400000| Untracked 
|  56|0x000000070d600000, 0x000000070d600000, 0x000000070d800000|  0%| F|  |TAMS 0x000000070d600000, 0x000000070d600000| Untracked 
|  57|0x000000070d800000, 0x000000070d800000, 0x000000070da00000|  0%| F|  |TAMS 0x000000070d800000, 0x000000070d800000| Untracked 
|  58|0x000000070da00000, 0x000000070da00000, 0x000000070dc00000|  0%| F|  |TAMS 0x000000070da00000, 0x000000070da00000| Untracked 
|  59|0x000000070dc00000, 0x000000070dc00000, 0x000000070de00000|  0%| F|  |TAMS 0x000000070dc00000, 0x000000070dc00000| Untracked 
|  60|0x000000070de00000, 0x000000070de00000, 0x000000070e000000|  0%| F|  |TAMS 0x000000070de00000, 0x000000070de00000| Untracked 
|  61|0x000000070e000000, 0x000000070e000000, 0x000000070e200000|  0%| F|  |TAMS 0x000000070e000000, 0x000000070e000000| Untracked 
|  62|0x000000070e200000, 0x000000070e200000, 0x000000070e400000|  0%| F|  |TAMS 0x000000070e200000, 0x000000070e200000| Untracked 
|  63|0x000000070e400000, 0x000000070e400000, 0x000000070e600000|  0%| F|  |TAMS 0x000000070e400000, 0x000000070e400000| Untracked 
|  64|0x000000070e600000, 0x000000070e600000, 0x000000070e800000|  0%| F|  |TAMS 0x000000070e600000, 0x000000070e600000| Untracked 
|  65|0x000000070e800000, 0x000000070e800000, 0x000000070ea00000|  0%| F|  |TAMS 0x000000070e800000, 0x000000070e800000| Untracked 
|  66|0x000000070ea00000, 0x000000070ea00000, 0x000000070ec00000|  0%| F|  |TAMS 0x000000070ea00000, 0x000000070ea00000| Untracked 
|  67|0x000000070ec00000, 0x000000070ec00000, 0x000000070ee00000|  0%| F|  |TAMS 0x000000070ec00000, 0x000000070ec00000| Untracked 
|  68|0x000000070ee00000, 0x000000070ee00000, 0x000000070f000000|  0%| F|  |TAMS 0x000000070ee00000, 0x000000070ee00000| Untracked 
|  69|0x000000070f000000, 0x000000070f000000, 0x000000070f200000|  0%| F|  |TAMS 0x000000070f000000, 0x000000070f000000| Untracked 
|  70|0x000000070f200000, 0x000000070f200000, 0x000000070f400000|  0%| F|  |TAMS 0x000000070f200000, 0x000000070f200000| Untracked 
|  71|0x000000070f400000, 0x000000070f400000, 0x000000070f600000|  0%| F|  |TAMS 0x000000070f400000, 0x000000070f400000| Untracked 
|  72|0x000000070f600000, 0x000000070f600000, 0x000000070f800000|  0%| F|  |TAMS 0x000000070f600000, 0x000000070f600000| Untracked 
|  73|0x000000070f800000, 0x000000070f800000, 0x000000070fa00000|  0%| F|  |TAMS 0x000000070f800000, 0x000000070f800000| Untracked 
|  74|0x000000070fa00000, 0x000000070fa00000, 0x000000070fc00000|  0%| F|  |TAMS 0x000000070fa00000, 0x000000070fa00000| Untracked 
|  75|0x000000070fc00000, 0x000000070fc00000, 0x000000070fe00000|  0%| F|  |TAMS 0x000000070fc00000, 0x000000070fc00000| Untracked 
|  76|0x000000070fe00000, 0x000000070fe00000, 0x0000000710000000|  0%| F|  |TAMS 0x000000070fe00000, 0x000000070fe00000| Untracked 
|  77|0x0000000710000000, 0x0000000710000000, 0x0000000710200000|  0%| F|  |TAMS 0x0000000710000000, 0x0000000710000000| Untracked 
|  78|0x0000000710200000, 0x0000000710200000, 0x0000000710400000|  0%| F|  |TAMS 0x0000000710200000, 0x0000000710200000| Untracked 
|  79|0x0000000710400000, 0x0000000710400000, 0x0000000710600000|  0%| F|  |TAMS 0x0000000710400000, 0x0000000710400000| Untracked 
|  80|0x0000000710600000, 0x0000000710600000, 0x0000000710800000|  0%| F|  |TAMS 0x0000000710600000, 0x0000000710600000| Untracked 
|  81|0x0000000710800000, 0x0000000710800000, 0x0000000710a00000|  0%| F|  |TAMS 0x0000000710800000, 0x0000000710800000| Untracked 
|  82|0x0000000710a00000, 0x0000000710a00000, 0x0000000710c00000|  0%| F|  |TAMS 0x0000000710a00000, 0x0000000710a00000| Untracked 
|  83|0x0000000710c00000, 0x0000000710c00000, 0x0000000710e00000|  0%| F|  |TAMS 0x0000000710c00000, 0x0000000710c00000| Untracked 
|  84|0x0000000710e00000, 0x0000000710e00000, 0x0000000711000000|  0%| F|  |TAMS 0x0000000710e00000, 0x0000000710e00000| Untracked 
|  85|0x0000000711000000, 0x0000000711000000, 0x0000000711200000|  0%| F|  |TAMS 0x0000000711000000, 0x0000000711000000| Untracked 
|  86|0x0000000711200000, 0x000000071121a5a0, 0x0000000711400000|  5%| S|CS|TAMS 0x0000000711200000, 0x0000000711200000| Complete 
|  87|0x0000000711400000, 0x0000000711400000, 0x0000000711600000|  0%| F|  |TAMS 0x0000000711400000, 0x0000000711400000| Untracked 
|  88|0x0000000711600000, 0x0000000711600000, 0x0000000711800000|  0%| F|  |TAMS 0x0000000711600000, 0x0000000711600000| Untracked 
|  89|0x0000000711800000, 0x0000000711800000, 0x0000000711a00000|  0%| F|  |TAMS 0x0000000711800000, 0x0000000711800000| Untracked 
|  90|0x0000000711a00000, 0x0000000711a00000, 0x0000000711c00000|  0%| F|  |TAMS 0x0000000711a00000, 0x0000000711a00000| Untracked 
|  91|0x0000000711c00000, 0x0000000711c00000, 0x0000000711e00000|  0%| F|  |TAMS 0x0000000711c00000, 0x0000000711c00000| Untracked 
|  92|0x0000000711e00000, 0x0000000711e00000, 0x0000000712000000|  0%| F|  |TAMS 0x0000000711e00000, 0x0000000711e00000| Untracked 
|  93|0x0000000712000000, 0x0000000712000000, 0x0000000712200000|  0%| F|  |TAMS 0x0000000712000000, 0x0000000712000000| Untracked 
|  94|0x0000000712200000, 0x0000000712200000, 0x0000000712400000|  0%| F|  |TAMS 0x0000000712200000, 0x0000000712200000| Untracked 
|  95|0x0000000712400000, 0x0000000712400000, 0x0000000712600000|  0%| F|  |TAMS 0x0000000712400000, 0x0000000712400000| Untracked 
|  96|0x0000000712600000, 0x0000000712600000, 0x0000000712800000|  0%| F|  |TAMS 0x0000000712600000, 0x0000000712600000| Untracked 
|  97|0x0000000712800000, 0x0000000712800000, 0x0000000712a00000|  0%| F|  |TAMS 0x0000000712800000, 0x0000000712800000| Untracked 
|  98|0x0000000712a00000, 0x0000000712a00000, 0x0000000712c00000|  0%| F|  |TAMS 0x0000000712a00000, 0x0000000712a00000| Untracked 
|  99|0x0000000712c00000, 0x0000000712c00000, 0x0000000712e00000|  0%| F|  |TAMS 0x0000000712c00000, 0x0000000712c00000| Untracked 
| 100|0x0000000712e00000, 0x0000000712e00000, 0x0000000713000000|  0%| F|  |TAMS 0x0000000712e00000, 0x0000000712e00000| Untracked 
| 101|0x0000000713000000, 0x0000000713000000, 0x0000000713200000|  0%| F|  |TAMS 0x0000000713000000, 0x0000000713000000| Untracked 
| 102|0x0000000713200000, 0x0000000713200000, 0x0000000713400000|  0%| F|  |TAMS 0x0000000713200000, 0x0000000713200000| Untracked 
| 103|0x0000000713400000, 0x0000000713400000, 0x0000000713600000|  0%| F|  |TAMS 0x0000000713400000, 0x0000000713400000| Untracked 
| 104|0x0000000713600000, 0x0000000713600000, 0x0000000713800000|  0%| F|  |TAMS 0x0000000713600000, 0x0000000713600000| Untracked 
| 105|0x0000000713800000, 0x0000000713800000, 0x0000000713a00000|  0%| F|  |TAMS 0x0000000713800000, 0x0000000713800000| Untracked 
| 106|0x0000000713a00000, 0x0000000713a00000, 0x0000000713c00000|  0%| F|  |TAMS 0x0000000713a00000, 0x0000000713a00000| Untracked 
| 107|0x0000000713c00000, 0x0000000713c00000, 0x0000000713e00000|  0%| F|  |TAMS 0x0000000713c00000, 0x0000000713c00000| Untracked 
| 108|0x0000000713e00000, 0x0000000713e00000, 0x0000000714000000|  0%| F|  |TAMS 0x0000000713e00000, 0x0000000713e00000| Untracked 
| 109|0x0000000714000000, 0x0000000714000000, 0x0000000714200000|  0%| F|  |TAMS 0x0000000714000000, 0x0000000714000000| Untracked 
| 110|0x0000000714200000, 0x0000000714200000, 0x0000000714400000|  0%| F|  |TAMS 0x0000000714200000, 0x0000000714200000| Untracked 
| 111|0x0000000714400000, 0x0000000714400000, 0x0000000714600000|  0%| F|  |TAMS 0x0000000714400000, 0x0000000714400000| Untracked 
| 112|0x0000000714600000, 0x0000000714600000, 0x0000000714800000|  0%| F|  |TAMS 0x0000000714600000, 0x0000000714600000| Untracked 
| 113|0x0000000714800000, 0x0000000714800000, 0x0000000714a00000|  0%| F|  |TAMS 0x0000000714800000, 0x0000000714800000| Untracked 
| 114|0x0000000714a00000, 0x0000000714a00000, 0x0000000714c00000|  0%| F|  |TAMS 0x0000000714a00000, 0x0000000714a00000| Untracked 
| 115|0x0000000714c00000, 0x0000000714c00000, 0x0000000714e00000|  0%| F|  |TAMS 0x0000000714c00000, 0x0000000714c00000| Untracked 
| 116|0x0000000714e00000, 0x0000000714e00000, 0x0000000715000000|  0%| F|  |TAMS 0x0000000714e00000, 0x0000000714e00000| Untracked 
| 117|0x0000000715000000, 0x0000000715000000, 0x0000000715200000|  0%| F|  |TAMS 0x0000000715000000, 0x0000000715000000| Untracked 
| 118|0x0000000715200000, 0x0000000715200000, 0x0000000715400000|  0%| F|  |TAMS 0x0000000715200000, 0x0000000715200000| Untracked 
| 119|0x0000000715400000, 0x0000000715400000, 0x0000000715600000|  0%| F|  |TAMS 0x0000000715400000, 0x0000000715400000| Untracked 
| 120|0x0000000715600000, 0x0000000715600000, 0x0000000715800000|  0%| F|  |TAMS 0x0000000715600000, 0x0000000715600000| Untracked 
| 121|0x0000000715800000, 0x0000000715800000, 0x0000000715a00000|  0%| F|  |TAMS 0x0000000715800000, 0x0000000715800000| Untracked 
| 122|0x0000000715a00000, 0x0000000715a00000, 0x0000000715c00000|  0%| F|  |TAMS 0x0000000715a00000, 0x0000000715a00000| Untracked 
| 123|0x0000000715c00000, 0x0000000715c00000, 0x0000000715e00000|  0%| F|  |TAMS 0x0000000715c00000, 0x0000000715c00000| Untracked 
| 124|0x0000000715e00000, 0x0000000715e00000, 0x0000000716000000|  0%| F|  |TAMS 0x0000000715e00000, 0x0000000715e00000| Untracked 
| 125|0x0000000716000000, 0x0000000716000000, 0x0000000716200000|  0%| F|  |TAMS 0x0000000716000000, 0x0000000716000000| Untracked 
| 126|0x0000000716200000, 0x0000000716200000, 0x0000000716400000|  0%| F|  |TAMS 0x0000000716200000, 0x0000000716200000| Untracked 
| 127|0x0000000716400000, 0x0000000716400000, 0x0000000716600000|  0%| F|  |TAMS 0x0000000716400000, 0x0000000716400000| Untracked 
| 128|0x0000000716600000, 0x0000000716600000, 0x0000000716800000|  0%| F|  |TAMS 0x0000000716600000, 0x0000000716600000| Untracked 
| 129|0x0000000716800000, 0x0000000716800000, 0x0000000716a00000|  0%| F|  |TAMS 0x0000000716800000, 0x0000000716800000| Untracked 
| 130|0x0000000716a00000, 0x0000000716a00000, 0x0000000716c00000|  0%| F|  |TAMS 0x0000000716a00000, 0x0000000716a00000| Untracked 
| 131|0x0000000716c00000, 0x0000000716c00000, 0x0000000716e00000|  0%| F|  |TAMS 0x0000000716c00000, 0x0000000716c00000| Untracked 
| 132|0x0000000716e00000, 0x0000000716e00000, 0x0000000717000000|  0%| F|  |TAMS 0x0000000716e00000, 0x0000000716e00000| Untracked 
| 133|0x0000000717000000, 0x0000000717000000, 0x0000000717200000|  0%| F|  |TAMS 0x0000000717000000, 0x0000000717000000| Untracked 
| 134|0x0000000717200000, 0x0000000717200000, 0x0000000717400000|  0%| F|  |TAMS 0x0000000717200000, 0x0000000717200000| Untracked 
| 135|0x0000000717400000, 0x0000000717400000, 0x0000000717600000|  0%| F|  |TAMS 0x0000000717400000, 0x0000000717400000| Untracked 
| 136|0x0000000717600000, 0x0000000717600000, 0x0000000717800000|  0%| F|  |TAMS 0x0000000717600000, 0x0000000717600000| Untracked 
| 137|0x0000000717800000, 0x0000000717800000, 0x0000000717a00000|  0%| F|  |TAMS 0x0000000717800000, 0x0000000717800000| Untracked 
| 138|0x0000000717a00000, 0x0000000717a00000, 0x0000000717c00000|  0%| F|  |TAMS 0x0000000717a00000, 0x0000000717a00000| Untracked 
| 139|0x0000000717c00000, 0x0000000717c00000, 0x0000000717e00000|  0%| F|  |TAMS 0x0000000717c00000, 0x0000000717c00000| Untracked 
| 140|0x0000000717e00000, 0x0000000717e00000, 0x0000000718000000|  0%| F|  |TAMS 0x0000000717e00000, 0x0000000717e00000| Untracked 
| 141|0x0000000718000000, 0x0000000718000000, 0x0000000718200000|  0%| F|  |TAMS 0x0000000718000000, 0x0000000718000000| Untracked 
| 142|0x0000000718200000, 0x0000000718200000, 0x0000000718400000|  0%| F|  |TAMS 0x0000000718200000, 0x0000000718200000| Untracked 
| 143|0x0000000718400000, 0x0000000718400000, 0x0000000718600000|  0%| F|  |TAMS 0x0000000718400000, 0x0000000718400000| Untracked 
| 144|0x0000000718600000, 0x0000000718600000, 0x0000000718800000|  0%| F|  |TAMS 0x0000000718600000, 0x0000000718600000| Untracked 
| 145|0x0000000718800000, 0x0000000718800000, 0x0000000718a00000|  0%| F|  |TAMS 0x0000000718800000, 0x0000000718800000| Untracked 
| 146|0x0000000718a00000, 0x0000000718a00000, 0x0000000718c00000|  0%| F|  |TAMS 0x0000000718a00000, 0x0000000718a00000| Untracked 
| 147|0x0000000718c00000, 0x0000000718c00000, 0x0000000718e00000|  0%| F|  |TAMS 0x0000000718c00000, 0x0000000718c00000| Untracked 
| 148|0x0000000718e00000, 0x0000000718e00000, 0x0000000719000000|  0%| F|  |TAMS 0x0000000718e00000, 0x0000000718e00000| Untracked 
| 149|0x0000000719000000, 0x0000000719000000, 0x0000000719200000|  0%| F|  |TAMS 0x0000000719000000, 0x0000000719000000| Untracked 
| 150|0x0000000719200000, 0x0000000719200000, 0x0000000719400000|  0%| F|  |TAMS 0x0000000719200000, 0x0000000719200000| Untracked 
| 151|0x0000000719400000, 0x0000000719400000, 0x0000000719600000|  0%| F|  |TAMS 0x0000000719400000, 0x0000000719400000| Untracked 
| 152|0x0000000719600000, 0x0000000719600000, 0x0000000719800000|  0%| F|  |TAMS 0x0000000719600000, 0x0000000719600000| Untracked 
| 153|0x0000000719800000, 0x0000000719800000, 0x0000000719a00000|  0%| F|  |TAMS 0x0000000719800000, 0x0000000719800000| Untracked 
| 154|0x0000000719a00000, 0x0000000719a00000, 0x0000000719c00000|  0%| F|  |TAMS 0x0000000719a00000, 0x0000000719a00000| Untracked 
| 155|0x0000000719c00000, 0x0000000719c00000, 0x0000000719e00000|  0%| F|  |TAMS 0x0000000719c00000, 0x0000000719c00000| Untracked 
| 156|0x0000000719e00000, 0x0000000719e00000, 0x000000071a000000|  0%| F|  |TAMS 0x0000000719e00000, 0x0000000719e00000| Untracked 
| 157|0x000000071a000000, 0x000000071a000000, 0x000000071a200000|  0%| F|  |TAMS 0x000000071a000000, 0x000000071a000000| Untracked 
| 158|0x000000071a200000, 0x000000071a200000, 0x000000071a400000|  0%| F|  |TAMS 0x000000071a200000, 0x000000071a200000| Untracked 
| 159|0x000000071a400000, 0x000000071a400000, 0x000000071a600000|  0%| F|  |TAMS 0x000000071a400000, 0x000000071a400000| Untracked 
| 160|0x000000071a600000, 0x000000071a600000, 0x000000071a800000|  0%| F|  |TAMS 0x000000071a600000, 0x000000071a600000| Untracked 
| 161|0x000000071a800000, 0x000000071a800000, 0x000000071aa00000|  0%| F|  |TAMS 0x000000071a800000, 0x000000071a800000| Untracked 
| 162|0x000000071aa00000, 0x000000071aaad8c8, 0x000000071ac00000| 33%| E|  |TAMS 0x000000071aa00000, 0x000000071aa00000| Complete 
| 163|0x000000071ac00000, 0x000000071ae00000, 0x000000071ae00000|100%| E|CS|TAMS 0x000000071ac00000, 0x000000071ac00000| Complete 
| 164|0x000000071ae00000, 0x000000071b000000, 0x000000071b000000|100%| E|CS|TAMS 0x000000071ae00000, 0x000000071ae00000| Complete 
| 165|0x000000071b000000, 0x000000071b200000, 0x000000071b200000|100%| E|CS|TAMS 0x000000071b000000, 0x000000071b000000| Complete 
| 166|0x000000071b200000, 0x000000071b400000, 0x000000071b400000|100%| E|CS|TAMS 0x000000071b200000, 0x000000071b200000| Complete 
| 167|0x000000071b400000, 0x000000071b600000, 0x000000071b600000|100%| E|CS|TAMS 0x000000071b400000, 0x000000071b400000| Complete 
| 168|0x000000071b600000, 0x000000071b800000, 0x000000071b800000|100%| E|CS|TAMS 0x000000071b600000, 0x000000071b600000| Complete 
| 169|0x000000071b800000, 0x000000071ba00000, 0x000000071ba00000|100%| E|CS|TAMS 0x000000071b800000, 0x000000071b800000| Complete 
| 170|0x000000071ba00000, 0x000000071bc00000, 0x000000071bc00000|100%| E|CS|TAMS 0x000000071ba00000, 0x000000071ba00000| Complete 
| 171|0x000000071bc00000, 0x000000071bdfffe8, 0x000000071be00000| 99%| E|  |TAMS 0x000000071bc00000, 0x000000071bc00000| Complete 
| 172|0x000000071be00000, 0x000000071c000000, 0x000000071c000000|100%| E|CS|TAMS 0x000000071be00000, 0x000000071be00000| Complete 
| 173|0x000000071c000000, 0x000000071c200000, 0x000000071c200000|100%| E|CS|TAMS 0x000000071c000000, 0x000000071c000000| Complete 
| 174|0x000000071c200000, 0x000000071c400000, 0x000000071c400000|100%| E|CS|TAMS 0x000000071c200000, 0x000000071c200000| Complete 
| 175|0x000000071c400000, 0x000000071c600000, 0x000000071c600000|100%| E|CS|TAMS 0x000000071c400000, 0x000000071c400000| Complete 
| 176|0x000000071c600000, 0x000000071c800000, 0x000000071c800000|100%| E|CS|TAMS 0x000000071c600000, 0x000000071c600000| Complete 
| 177|0x000000071c800000, 0x000000071ca00000, 0x000000071ca00000|100%| E|CS|TAMS 0x000000071c800000, 0x000000071c800000| Complete 
| 178|0x000000071ca00000, 0x000000071cc00000, 0x000000071cc00000|100%| E|CS|TAMS 0x000000071ca00000, 0x000000071ca00000| Complete 
| 179|0x000000071cc00000, 0x000000071ce00000, 0x000000071ce00000|100%| E|CS|TAMS 0x000000071cc00000, 0x000000071cc00000| Complete 
| 180|0x000000071ce00000, 0x000000071d000000, 0x000000071d000000|100%| E|CS|TAMS 0x000000071ce00000, 0x000000071ce00000| Complete 
| 181|0x000000071d000000, 0x000000071d200000, 0x000000071d200000|100%| E|CS|TAMS 0x000000071d000000, 0x000000071d000000| Complete 
| 182|0x000000071d200000, 0x000000071d400000, 0x000000071d400000|100%| E|CS|TAMS 0x000000071d200000, 0x000000071d200000| Complete 
| 183|0x000000071d400000, 0x000000071d600000, 0x000000071d600000|100%| E|CS|TAMS 0x000000071d400000, 0x000000071d400000| Complete 
| 184|0x000000071d600000, 0x000000071d800000, 0x000000071d800000|100%| E|CS|TAMS 0x000000071d600000, 0x000000071d600000| Complete 
| 185|0x000000071d800000, 0x000000071da00000, 0x000000071da00000|100%| E|CS|TAMS 0x000000071d800000, 0x000000071d800000| Complete 
| 186|0x000000071da00000, 0x000000071dc00000, 0x000000071dc00000|100%| E|CS|TAMS 0x000000071da00000, 0x000000071da00000| Complete 
| 187|0x000000071dc00000, 0x000000071de00000, 0x000000071de00000|100%| E|CS|TAMS 0x000000071dc00000, 0x000000071dc00000| Complete 
| 188|0x000000071de00000, 0x000000071e000000, 0x000000071e000000|100%| E|CS|TAMS 0x000000071de00000, 0x000000071de00000| Complete 
| 189|0x000000071e000000, 0x000000071e200000, 0x000000071e200000|100%| E|CS|TAMS 0x000000071e000000, 0x000000071e000000| Complete 
| 190|0x000000071e200000, 0x000000071e400000, 0x000000071e400000|100%| E|CS|TAMS 0x000000071e200000, 0x000000071e200000| Complete 
| 191|0x000000071e400000, 0x000000071e600000, 0x000000071e600000|100%| E|CS|TAMS 0x000000071e400000, 0x000000071e400000| Complete 
| 192|0x000000071e600000, 0x000000071e800000, 0x000000071e800000|100%| E|CS|TAMS 0x000000071e600000, 0x000000071e600000| Complete 
| 193|0x000000071e800000, 0x000000071ea00000, 0x000000071ea00000|100%| E|CS|TAMS 0x000000071e800000, 0x000000071e800000| Complete 
| 194|0x000000071ea00000, 0x000000071ec00000, 0x000000071ec00000|100%| E|CS|TAMS 0x000000071ea00000, 0x000000071ea00000| Complete 
| 195|0x000000071ec00000, 0x000000071ee00000, 0x000000071ee00000|100%| E|CS|TAMS 0x000000071ec00000, 0x000000071ec00000| Complete 
| 196|0x000000071ee00000, 0x000000071f000000, 0x000000071f000000|100%| E|CS|TAMS 0x000000071ee00000, 0x000000071ee00000| Complete 
| 197|0x000000071f000000, 0x000000071f200000, 0x000000071f200000|100%| E|CS|TAMS 0x000000071f000000, 0x000000071f000000| Complete 
| 198|0x000000071f200000, 0x000000071f400000, 0x000000071f400000|100%| E|CS|TAMS 0x000000071f200000, 0x000000071f200000| Complete 
| 199|0x000000071f400000, 0x000000071f600000, 0x000000071f600000|100%| E|CS|TAMS 0x000000071f400000, 0x000000071f400000| Complete 
| 200|0x000000071f600000, 0x000000071f800000, 0x000000071f800000|100%| E|CS|TAMS 0x000000071f600000, 0x000000071f600000| Complete 
| 201|0x000000071f800000, 0x000000071fa00000, 0x000000071fa00000|100%| E|CS|TAMS 0x000000071f800000, 0x000000071f800000| Complete 
| 202|0x000000071fa00000, 0x000000071fc00000, 0x000000071fc00000|100%| E|CS|TAMS 0x000000071fa00000, 0x000000071fa00000| Complete 
| 203|0x000000071fc00000, 0x000000071fe00000, 0x000000071fe00000|100%| E|CS|TAMS 0x000000071fc00000, 0x000000071fc00000| Complete 
| 204|0x000000071fe00000, 0x0000000720000000, 0x0000000720000000|100%| E|CS|TAMS 0x000000071fe00000, 0x000000071fe00000| Complete 
| 205|0x0000000720000000, 0x0000000720200000, 0x0000000720200000|100%| E|CS|TAMS 0x0000000720000000, 0x0000000720000000| Complete 
| 206|0x0000000720200000, 0x0000000720400000, 0x0000000720400000|100%| E|CS|TAMS 0x0000000720200000, 0x0000000720200000| Complete 
| 207|0x0000000720400000, 0x0000000720600000, 0x0000000720600000|100%| E|CS|TAMS 0x0000000720400000, 0x0000000720400000| Complete 
| 208|0x0000000720600000, 0x0000000720800000, 0x0000000720800000|100%| E|CS|TAMS 0x0000000720600000, 0x0000000720600000| Complete 
| 209|0x0000000720800000, 0x0000000720a00000, 0x0000000720a00000|100%| E|CS|TAMS 0x0000000720800000, 0x0000000720800000| Complete 
| 210|0x0000000720a00000, 0x0000000720c00000, 0x0000000720c00000|100%| E|CS|TAMS 0x0000000720a00000, 0x0000000720a00000| Complete 
| 211|0x0000000720c00000, 0x0000000720e00000, 0x0000000720e00000|100%| E|CS|TAMS 0x0000000720c00000, 0x0000000720c00000| Complete 
| 212|0x0000000720e00000, 0x0000000721000000, 0x0000000721000000|100%| E|CS|TAMS 0x0000000720e00000, 0x0000000720e00000| Complete 
| 213|0x0000000721000000, 0x0000000721200000, 0x0000000721200000|100%| E|CS|TAMS 0x0000000721000000, 0x0000000721000000| Complete 
| 214|0x0000000721200000, 0x0000000721400000, 0x0000000721400000|100%| E|CS|TAMS 0x0000000721200000, 0x0000000721200000| Complete 
| 215|0x0000000721400000, 0x0000000721600000, 0x0000000721600000|100%| E|CS|TAMS 0x0000000721400000, 0x0000000721400000| Complete 

Card table byte_map: [0x0000024df8190000,0x0000024df8960000] _byte_map_base: 0x0000024df495d000

Marking Bits (Prev, Next): (CMBitMap*) 0x0000024def798730, (CMBitMap*) 0x0000024def798770
 Prev Bits: [0x0000024df9130000, 0x0000024dfcf98000)
 Next Bits: [0x0000024d8f000000, 0x0000024d92e68000)

Polling page: 0x0000024deeef0000

Metaspace:

Usage:
  Non-class:     18.51 MB used.
      Class:      2.15 MB used.
       Both:     20.66 MB used.

Virtual space:
  Non-class space:       64.00 MB reserved,      18.69 MB ( 29%) committed,  1 nodes.
      Class space:        1.00 GB reserved,       2.31 MB ( <1%) committed,  1 nodes.
             Both:        1.06 GB reserved,      21.00 MB (  2%) committed. 

Chunk freelists:
   Non-Class:  682.00 KB
       Class:  1.67 MB
        Both:  2.33 MB

MaxMetaspaceSize: unlimited
CompressedClassSpaceSize: 1.00 GB
Initial GC threshold: 21.00 MB
Current GC threshold: 21.00 MB
CDS: on
MetaspaceReclaimPolicy: balanced
 - commit_granule_bytes: 65536.
 - commit_granule_words: 8192.
 - virtual_space_node_default_size: 8388608.
 - enlarge_chunks_in_place: 1.
 - new_chunks_are_fully_committed: 0.
 - uncommit_free_chunks: 1.
 - use_allocation_guard: 0.


Internal statistics:

num_allocs_failed_limit: 0.
num_arena_births: 194.
num_arena_deaths: 0.
num_vsnodes_births: 2.
num_vsnodes_deaths: 0.
num_space_committed: 336.
num_space_uncommitted: 0.
num_chunks_returned_to_freelist: 0.
num_chunks_taken_from_freelist: 380.
num_chunk_merges: 0.
num_chunk_splits: 242.
num_chunks_enlarged: 154.
num_inconsistent_stats: 0.

CodeHeap 'non-profiled nmethods': size=120000Kb used=1459Kb max_used=1459Kb free=118540Kb
 bounds [0x0000024d87ad0000, 0x0000024d87d40000, 0x0000024d8f000000]
CodeHeap 'profiled nmethods': size=120000Kb used=8457Kb max_used=8457Kb free=111542Kb
 bounds [0x0000024d80000000, 0x0000024d80850000, 0x0000024d87530000]
CodeHeap 'non-nmethods': size=5760Kb used=1500Kb max_used=1537Kb free=4259Kb
 bounds [0x0000024d87530000, 0x0000024d877a0000, 0x0000024d87ad0000]
 total_blobs=4694 nmethods=3940 adapters=663
 compilation: enabled
              stopped_count=0, restarted_count=0
 full_count=0

Compilation events (20 events):
Event: 61.212 Thread 0x0000024dff9f5ab0 3901       3       javax.swing.plaf.metal.MetalUtils::isToolBarButton (8 bytes)
Event: 61.212 Thread 0x0000024dff9f5ab0 nmethod 3901 0x0000024d80837490 code [0x0000024d80837640, 0x0000024d80837938]
Event: 61.510 Thread 0x0000024dff9f49a0 3902   !   4       jdk.internal.logger.LazyLoggers$LazyLoggerAccessor::platform (103 bytes)
Event: 61.512 Thread 0x0000024dff9f5ab0 3903       1       javax.swing.text.AbstractDocument::getDocumentFilter (5 bytes)
Event: 61.512 Thread 0x0000024dff9f5ab0 nmethod 3903 0x0000024d87c34890 code [0x0000024d87c34a20, 0x0000024d87c34af8]
Event: 61.513 Thread 0x0000024dff9f5ab0 3904       3       java.awt.Component::getNativeContainer (29 bytes)
Event: 61.513 Thread 0x0000024dff9f5ab0 nmethod 3904 0x0000024d80837a10 code [0x0000024d80837be0, 0x0000024d80838058]
Event: 61.515 Thread 0x0000024dff9f49a0 nmethod 3902 0x0000024d87c34b90 code [0x0000024d87c34d40, 0x0000024d87c354f0]
Event: 61.522 Thread 0x0000024dff9f5ab0 3905       1       javax.swing.AbstractButton::isFocusPainted (5 bytes)
Event: 61.522 Thread 0x0000024dff9f5ab0 nmethod 3905 0x0000024d87c35690 code [0x0000024d87c35820, 0x0000024d87c358f8]
Event: 61.522 Thread 0x0000024dff9f5ab0 3906       3       javax.swing.plaf.basic.BasicTextUI$RootView::setSize (17 bytes)
Event: 61.522 Thread 0x0000024dff9f5ab0 nmethod 3906 0x0000024d80838190 code [0x0000024d80838340, 0x0000024d80838548]
Event: 61.523 Thread 0x0000024dff9f5ab0 3907       3       javax.swing.text.PlainView::setSize (11 bytes)
Event: 61.523 Thread 0x0000024dff9f5ab0 nmethod 3907 0x0000024d80838610 code [0x0000024d808387c0, 0x0000024d808389e8]
Event: 64.900 Thread 0x0000024dff9f5ab0 3908       3       jdk.internal.misc.VM::isModuleSystemInited (13 bytes)
Event: 64.900 Thread 0x0000024dff9f5ab0 nmethod 3908 0x0000024d80838b10 code [0x0000024d80838ca0, 0x0000024d80838df8]
Event: 64.901 Thread 0x0000024dff9f49a0 3909       4       java.lang.StringBuilder::append (8 bytes)
Event: 64.901 Thread 0x0000024dff9f5ab0 3910   !   3       sun.awt.PostEventQueue::flush (168 bytes)
Event: 64.901 Thread 0x0000024dff9f49a0 nmethod 3909 0x0000024d87c35990 code [0x0000024d87c35b20, 0x0000024d87c35bc8]
Event: 64.902 Thread 0x0000024dff9f5ab0 nmethod 3910 0x0000024d80838e90 code [0x0000024d80839140, 0x0000024d80839ea8]

GC Heap History (20 events):
Event: 49.606 GC heap before
{Heap before GC invocations=667 (full 0):
 garbage-first heap   total 442368K, used 276066K [0x0000000706600000, 0x0000000800000000)
  region size 2048K, 129 young (264192K), 1 survivors (2048K)
 Metaspace       used 12831K, committed 13056K, reserved 1114112K
  class space    used 1218K, committed 1344K, reserved 1048576K
}
Event: 49.606 GC heap after
{Heap after GC invocations=668 (full 0):
 garbage-first heap   total 442368K, used 13915K [0x0000000706600000, 0x0000000800000000)
  region size 2048K, 1 young (2048K), 1 survivors (2048K)
 Metaspace       used 12831K, committed 13056K, reserved 1114112K
  class space    used 1218K, committed 1344K, reserved 1048576K
}
Event: 49.682 GC heap before
{Heap before GC invocations=668 (full 0):
 garbage-first heap   total 442368K, used 276059K [0x0000000706600000, 0x0000000800000000)
  region size 2048K, 129 young (264192K), 1 survivors (2048K)
 Metaspace       used 12831K, committed 13056K, reserved 1114112K
  class space    used 1218K, committed 1344K, reserved 1048576K
}
Event: 49.683 GC heap after
{Heap after GC invocations=669 (full 0):
 garbage-first heap   total 442368K, used 13911K [0x0000000706600000, 0x0000000800000000)
  region size 2048K, 1 young (2048K), 1 survivors (2048K)
 Metaspace       used 12831K, committed 13056K, reserved 1114112K
  class space    used 1218K, committed 1344K, reserved 1048576K
}
Event: 49.758 GC heap before
{Heap before GC invocations=669 (full 0):
 garbage-first heap   total 442368K, used 276055K [0x0000000706600000, 0x0000000800000000)
  region size 2048K, 129 young (264192K), 1 survivors (2048K)
 Metaspace       used 12831K, committed 13056K, reserved 1114112K
  class space    used 1218K, committed 1344K, reserved 1048576K
}
Event: 49.759 GC heap after
{Heap after GC invocations=670 (full 0):
 garbage-first heap   total 442368K, used 13913K [0x0000000706600000, 0x0000000800000000)
  region size 2048K, 1 young (2048K), 1 survivors (2048K)
 Metaspace       used 12831K, committed 13056K, reserved 1114112K
  class space    used 1218K, committed 1344K, reserved 1048576K
}
Event: 49.836 GC heap before
{Heap before GC invocations=670 (full 0):
 garbage-first heap   total 442368K, used 276057K [0x0000000706600000, 0x0000000800000000)
  region size 2048K, 129 young (264192K), 1 survivors (2048K)
 Metaspace       used 12831K, committed 13056K, reserved 1114112K
  class space    used 1218K, committed 1344K, reserved 1048576K
}
Event: 49.837 GC heap after
{Heap after GC invocations=671 (full 0):
 garbage-first heap   total 442368K, used 13914K [0x0000000706600000, 0x0000000800000000)
  region size 2048K, 1 young (2048K), 1 survivors (2048K)
 Metaspace       used 12831K, committed 13056K, reserved 1114112K
  class space    used 1218K, committed 1344K, reserved 1048576K
}
Event: 49.913 GC heap before
{Heap before GC invocations=671 (full 0):
 garbage-first heap   total 442368K, used 276058K [0x0000000706600000, 0x0000000800000000)
  region size 2048K, 129 young (264192K), 1 survivors (2048K)
 Metaspace       used 12843K, committed 13120K, reserved 1114112K
  class space    used 1218K, committed 1344K, reserved 1048576K
}
Event: 49.914 GC heap after
{Heap after GC invocations=672 (full 0):
 garbage-first heap   total 442368K, used 13919K [0x0000000706600000, 0x0000000800000000)
  region size 2048K, 1 young (2048K), 1 survivors (2048K)
 Metaspace       used 12843K, committed 13120K, reserved 1114112K
  class space    used 1218K, committed 1344K, reserved 1048576K
}
Event: 49.988 GC heap before
{Heap before GC invocations=672 (full 0):
 garbage-first heap   total 442368K, used 276063K [0x0000000706600000, 0x0000000800000000)
  region size 2048K, 129 young (264192K), 1 survivors (2048K)
 Metaspace       used 12843K, committed 13120K, reserved 1114112K
  class space    used 1218K, committed 1344K, reserved 1048576K
}
Event: 49.989 GC heap after
{Heap after GC invocations=673 (full 0):
 garbage-first heap   total 442368K, used 13920K [0x0000000706600000, 0x0000000800000000)
  region size 2048K, 1 young (2048K), 1 survivors (2048K)
 Metaspace       used 12843K, committed 13120K, reserved 1114112K
  class space    used 1218K, committed 1344K, reserved 1048576K
}
Event: 50.063 GC heap before
{Heap before GC invocations=673 (full 0):
 garbage-first heap   total 442368K, used 276064K [0x0000000706600000, 0x0000000800000000)
  region size 2048K, 129 young (264192K), 1 survivors (2048K)
 Metaspace       used 12843K, committed 13120K, reserved 1114112K
  class space    used 1218K, committed 1344K, reserved 1048576K
}
Event: 50.064 GC heap after
{Heap after GC invocations=674 (full 0):
 garbage-first heap   total 442368K, used 13945K [0x0000000706600000, 0x0000000800000000)
  region size 2048K, 1 young (2048K), 1 survivors (2048K)
 Metaspace       used 12843K, committed 13120K, reserved 1114112K
  class space    used 1218K, committed 1344K, reserved 1048576K
}
Event: 50.138 GC heap before
{Heap before GC invocations=674 (full 0):
 garbage-first heap   total 442368K, used 276089K [0x0000000706600000, 0x0000000800000000)
  region size 2048K, 129 young (264192K), 1 survivors (2048K)
 Metaspace       used 12843K, committed 13120K, reserved 1114112K
  class space    used 1218K, committed 1344K, reserved 1048576K
}
Event: 50.139 GC heap after
{Heap after GC invocations=675 (full 0):
 garbage-first heap   total 442368K, used 13920K [0x0000000706600000, 0x0000000800000000)
  region size 2048K, 1 young (2048K), 1 survivors (2048K)
 Metaspace       used 12843K, committed 13120K, reserved 1114112K
  class space    used 1218K, committed 1344K, reserved 1048576K
}
Event: 50.206 GC heap before
{Heap before GC invocations=675 (full 0):
 garbage-first heap   total 442368K, used 276064K [0x0000000706600000, 0x0000000800000000)
  region size 2048K, 129 young (264192K), 1 survivors (2048K)
 Metaspace       used 12843K, committed 13120K, reserved 1114112K
  class space    used 1218K, committed 1344K, reserved 1048576K
}
Event: 50.207 GC heap after
{Heap after GC invocations=676 (full 0):
 garbage-first heap   total 442368K, used 13920K [0x0000000706600000, 0x0000000800000000)
  region size 2048K, 1 young (2048K), 1 survivors (2048K)
 Metaspace       used 12843K, committed 13120K, reserved 1114112K
  class space    used 1218K, committed 1344K, reserved 1048576K
}
Event: 50.278 GC heap before
{Heap before GC invocations=676 (full 0):
 garbage-first heap   total 442368K, used 276064K [0x0000000706600000, 0x0000000800000000)
  region size 2048K, 129 young (264192K), 1 survivors (2048K)
 Metaspace       used 12852K, committed 13120K, reserved 1114112K
  class space    used 1220K, committed 1344K, reserved 1048576K
}
Event: 50.278 GC heap after
{Heap after GC invocations=677 (full 0):
 garbage-first heap   total 442368K, used 13948K [0x0000000706600000, 0x0000000800000000)
  region size 2048K, 1 young (2048K), 1 survivors (2048K)
 Metaspace       used 12852K, committed 13120K, reserved 1114112K
  class space    used 1220K, committed 1344K, reserved 1048576K
}

Dll operation events (13 events):
Event: 0.010 Loaded shared library C:\Program Files\Java\jdk-19\bin\java.dll
Event: 0.023 Loaded shared library C:\Program Files\Java\jdk-19\bin\jsvml.dll
Event: 0.082 Loaded shared library C:\Program Files\Java\jdk-19\bin\jimage.dll
Event: 0.103 Loaded shared library C:\Program Files\Java\jdk-19\bin\net.dll
Event: 0.105 Loaded shared library C:\Program Files\Java\jdk-19\bin\nio.dll
Event: 0.109 Loaded shared library C:\Program Files\Java\jdk-19\bin\zip.dll
Event: 0.133 Loaded shared library C:\Program Files\Java\jdk-19\bin\awt.dll
Event: 0.173 Loaded shared library C:\Program Files\Java\jdk-19\bin\verify.dll
Event: 0.769 Loaded shared library C:\Users\hamit\AppData\Local\Temp\sqlite-3.30.1-a57a5524-78da-475b-a6bc-2a547a7afbae-sqlitejdbc.dll
Event: 0.846 Loaded shared library C:\Program Files\Java\jdk-19\bin\freetype.dll
Event: 0.848 Loaded shared library C:\Program Files\Java\jdk-19\bin\fontmanager.dll
Event: 50.540 Loaded shared library C:\Program Files\Java\jdk-19\bin\sunmscapi.dll
Event: 50.587 Loaded shared library C:\Program Files\Java\jdk-19\bin\extnet.dll

Deoptimization events (20 events):
Event: 51.267 Thread 0x0000024dffa09c70 DEOPT PACKING pc=0x0000024d8057a51e sp=0x000000d83b6fd090
Event: 51.267 Thread 0x0000024dffa09c70 DEOPT UNPACKING pc=0x0000024d8759b0e3 sp=0x000000d83b6fc540 mode 0
Event: 53.240 Thread 0x0000024dffa09c70 Uncommon trap: trap_request=0xffffff45 fr.pc=0x0000024d87bcc5c8 relative=0x00000000000000a8
Event: 53.240 Thread 0x0000024dffa09c70 Uncommon trap: reason=unstable_if action=reinterpret pc=0x0000024d87bcc5c8 method=javax.swing.SwingUtilities.computeIntersection(IIIILjava/awt/Rectangle;)Ljava/awt/Rectangle; @ 6 c2
Event: 53.240 Thread 0x0000024dffa09c70 DEOPT PACKING pc=0x0000024d87bcc5c8 sp=0x000000d83b6fdb10
Event: 53.240 Thread 0x0000024dffa09c70 DEOPT UNPACKING pc=0x0000024d8759a5a3 sp=0x000000d83b6fda70 mode 2
Event: 53.250 Thread 0x0000024d970c5f60 DEOPT PACKING pc=0x0000024d805254c4 sp=0x000000d83b7fee20
Event: 53.250 Thread 0x0000024d970c5f60 DEOPT UNPACKING pc=0x0000024d8759b0e3 sp=0x000000d83b7fe1f8 mode 0
Event: 61.547 Thread 0x0000024dffa09c70 Uncommon trap: trap_request=0xffffff45 fr.pc=0x0000024d87c08c80 relative=0x0000000000004080
Event: 61.547 Thread 0x0000024dffa09c70 Uncommon trap: reason=unstable_if action=reinterpret pc=0x0000024d87c08c80 method=java.awt.EventQueue.eventToCacheIndex(Ljava/awt/AWTEvent;)I @ 4 c2
Event: 61.547 Thread 0x0000024dffa09c70 DEOPT PACKING pc=0x0000024d87c08c80 sp=0x000000d83b6fe0a0
Event: 61.547 Thread 0x0000024dffa09c70 DEOPT UNPACKING pc=0x0000024d8759a5a3 sp=0x000000d83b6fde70 mode 2
Event: 64.902 Thread 0x0000024dffa09c70 Uncommon trap: trap_request=0xffffffde fr.pc=0x0000024d87c130c0 relative=0x0000000000000ee0
Event: 64.902 Thread 0x0000024dffa09c70 Uncommon trap: reason=class_check action=maybe_recompile pc=0x0000024d87c130c0 method=java.awt.Container.getMouseEventTargetImpl(IIZLjava/awt/Container$EventTargetFilter;ZZ)Ljava/awt/Component; @ 191 c2
Event: 64.902 Thread 0x0000024dffa09c70 DEOPT PACKING pc=0x0000024d87c130c0 sp=0x000000d83b6fdac0
Event: 64.902 Thread 0x0000024dffa09c70 DEOPT UNPACKING pc=0x0000024d8759a5a3 sp=0x000000d83b6fda58 mode 2
Event: 64.903 Thread 0x0000024dffa09c70 Uncommon trap: trap_request=0xffffffde fr.pc=0x0000024d87c130c0 relative=0x0000000000000ee0
Event: 64.903 Thread 0x0000024dffa09c70 Uncommon trap: reason=class_check action=maybe_recompile pc=0x0000024d87c130c0 method=java.awt.Container.getMouseEventTargetImpl(IIZLjava/awt/Container$EventTargetFilter;ZZ)Ljava/awt/Component; @ 191 c2
Event: 64.903 Thread 0x0000024dffa09c70 DEOPT PACKING pc=0x0000024d87c130c0 sp=0x000000d83b6fdac0
Event: 64.903 Thread 0x0000024dffa09c70 DEOPT UNPACKING pc=0x0000024d8759a5a3 sp=0x000000d83b6fda58 mode 2

Classes loaded (20 events):
Event: 54.988 Loading class javax/swing/Popup$HeavyWeightWindow
Event: 54.988 Loading class javax/swing/JWindow
Event: 54.988 Loading class javax/swing/JWindow done
Event: 54.989 Loading class javax/swing/Popup$HeavyWeightWindow done
Event: 64.898 Loading class java/util/concurrent/atomic/AtomicReferenceFieldUpdater
Event: 64.898 Loading class java/util/concurrent/atomic/AtomicReferenceFieldUpdater done
Event: 64.898 Loading class java/util/concurrent/atomic/AtomicReferenceFieldUpdater$AtomicReferenceFieldUpdaterImpl
Event: 64.898 Loading class java/util/concurrent/atomic/AtomicReferenceFieldUpdater$AtomicReferenceFieldUpdaterImpl done
Event: 64.898 Loading class java/util/concurrent/atomic/AtomicReferenceFieldUpdater$AtomicReferenceFieldUpdaterImpl$1
Event: 64.899 Loading class java/util/concurrent/atomic/AtomicReferenceFieldUpdater$AtomicReferenceFieldUpdaterImpl$1 done
Event: 64.899 Loading class java/lang/Throwable$WrappedPrintStream
Event: 64.899 Loading class java/lang/Throwable$PrintStreamOrWriter
Event: 64.899 Loading class java/lang/Throwable$PrintStreamOrWriter done
Event: 64.899 Loading class java/lang/Throwable$WrappedPrintStream done
Event: 64.900 Loading class java/lang/StackTraceElement$HashedModules
Event: 64.900 Loading class java/lang/StackTraceElement$HashedModules done
Event: 64.902 Loading class java/awt/event/MouseWheelEvent
Event: 64.902 Loading class java/awt/event/MouseWheelEvent done
Event: 64.903 Loading class java/awt/LightweightDispatcher$2
Event: 64.903 Loading class java/awt/LightweightDispatcher$2 done

Classes unloaded (0 events):
No events

Classes redefined (0 events):
No events

Internal exceptions (20 events):
Event: 0.122 Thread 0x0000024def728e50 Exception <a 'java/lang/ClassNotFoundException'{0x0000000715ce0f10}: sun/awt/resources/spi/awtProvider> (0x0000000715ce0f10) 
thrown [s\open\src\hotspot\share\classfile\systemDictionary.cpp, line 255]
Event: 0.146 Thread 0x0000024def728e50 Exception <a 'java/io/FileNotFoundException'{0x0000000715d543e8}> (0x0000000715d543e8) 
thrown [s\open\src\hotspot\share\prims\jni.cpp, line 517]
Event: 0.154 Thread 0x0000024def728e50 Exception <a 'java/io/FileNotFoundException'{0x0000000715d80c78}> (0x0000000715d80c78) 
thrown [s\open\src\hotspot\share\prims\jni.cpp, line 517]
Event: 0.198 Thread 0x0000024def728e50 Exception <a 'java/lang/NoSuchMethodError'{0x0000000715de0fe0}: 'java.lang.Object java.lang.invoke.DirectMethodHandle$Holder.invokeStaticInit(java.lang.Object)'> (0x0000000715de0fe0) 
thrown [s\open\src\hotspot\share\interpreter\linkResolver.cpp, line 774]
Event: 0.249 Thread 0x0000024dffa09c70 Exception <a 'java/lang/NoSuchMethodError'{0x0000000715b3b5e0}: 'void java.lang.invoke.DirectMethodHandle$Holder.invokeSpecial(java.lang.Object, java.lang.Object, java.lang.Object)'> (0x0000000715b3b5e0) 
thrown [s\open\src\hotspot\share\interpreter\linkResolver.cpp, line 774]
Event: 0.259 Thread 0x0000024dffa09c70 Exception <a 'java/lang/NoSuchMethodError'{0x0000000715bd6d68}: 'java.lang.Object java.lang.invoke.DirectMethodHandle$Holder.newInvokeSpecial(java.lang.Object, java.lang.Object, java.lang.Object, java.lang.Object, java.lang.Object)'> (0x0000000715bd6d68) 
thrown [s\open\src\hotspot\share\interpreter\linkResolver.cpp, line 774]
Event: 0.266 Thread 0x0000024dffa09c70 Exception <a 'java/lang/NoSuchMethodError'{0x00000007158088f8}: 'java.lang.Object java.lang.invoke.DirectMethodHandle$Holder.invokeStatic(java.lang.Object, int, java.lang.Object)'> (0x00000007158088f8) 
thrown [s\open\src\hotspot\share\interpreter\linkResolver.cpp, line 774]
Event: 0.305 Thread 0x0000024dffa09c70 Exception <a 'java/lang/ClassNotFoundException'{0x00000007158c4228}: com/sun/swing/internal/plaf/metal/resources/spi/metalProvider> (0x00000007158c4228) 
thrown [s\open\src\hotspot\share\classfile\systemDictionary.cpp, line 255]
Event: 0.306 Thread 0x0000024dffa09c70 Exception <a 'java/lang/ClassNotFoundException'{0x00000007158c81f8}: com/sun/swing/internal/plaf/basic/resources/spi/basicProvider> (0x00000007158c81f8) 
thrown [s\open\src\hotspot\share\classfile\systemDictionary.cpp, line 255]
Event: 0.317 Thread 0x0000024dffa09c70 Exception <a 'java/lang/NoSuchMethodError'{0x00000007158e86b8}: 'int java.lang.invoke.Invokers$Holder.invokeExact_MT(java.lang.Object, java.lang.Object)'> (0x00000007158e86b8) 
thrown [s\open\src\hotspot\share\interpreter\linkResolver.cpp, line 774]
Event: 0.335 Thread 0x0000024dffa09c70 Exception <a 'java/lang/NoSuchMethodError'{0x00000007158fb390}: 'void java.lang.invoke.DirectMethodHandle$Holder.invokeStatic(java.lang.Object, java.lang.Object, java.lang.Object)'> (0x00000007158fb390) 
thrown [s\open\src\hotspot\share\interpreter\linkResolver.cpp, line 774]
Event: 0.336 Thread 0x0000024dffa09c70 Exception <a 'java/lang/NoSuchMethodError'{0x0000000715901aa0}: 'void java.lang.invoke.DirectMethodHandle$Holder.invokeStatic(java.lang.Object, java.lang.Object)'> (0x0000000715901aa0) 
thrown [s\open\src\hotspot\share\interpreter\linkResolver.cpp, line 774]
Event: 0.525 Thread 0x0000024dffa09c70 Exception <a 'java/lang/NoSuchMethodError'{0x0000000715450d00}: 'java.lang.Object java.lang.invoke.DirectMethodHandle$Holder.invokeInterface(java.lang.Object, java.lang.Object)'> (0x0000000715450d00) 
thrown [s\open\src\hotspot\share\interpreter\linkResolver.cpp, line 774]
Event: 0.644 Thread 0x0000024dffa09c70 Exception <a 'java/lang/NoSuchMethodError'{0x0000000715367ad0}: 'java.lang.Object java.lang.invoke.DirectMethodHandle$Holder.invokeStaticInit(java.lang.Object, int, int, int, int)'> (0x0000000715367ad0) 
thrown [s\open\src\hotspot\share\interpreter\linkResolver.cpp, line 774]
Event: 0.707 Thread 0x0000024dffa09c70 Exception <a 'java/lang/NoSuchMethodError'{0x00000007153f6820}: 'java.lang.Object java.lang.invoke.DirectMethodHandle$Holder.invokeStaticInit(java.lang.Object, java.lang.Object, int, int, int, int)'> (0x00000007153f6820) 
thrown [s\open\src\hotspot\share\interpreter\linkResolver.cpp, line 774]
Event: 0.825 Thread 0x0000024dffa09720 Exception <a 'java/lang/NoSuchMethodError'{0x0000000715e01408}: 'void java.lang.invoke.DirectMethodHandle$Holder.invokeVirtual(java.lang.Object, java.lang.Object)'> (0x0000000715e01408) 
thrown [s\open\src\hotspot\share\interpreter\linkResolver.cpp, line 774]
Event: 0.841 Thread 0x0000024dffa09c70 Exception <a 'java/lang/NoSuchMethodError'{0x0000000715ca9e18}: 'void java.lang.invoke.DirectMethodHandle$Holder.invokeStaticInit(java.lang.Object)'> (0x0000000715ca9e18) 
thrown [s\open\src\hotspot\share\interpreter\linkResolver.cpp, line 774]
Event: 50.423 Thread 0x0000024dffa09c70 Implicit null exception at 0x0000024d87b51679 to 0x0000024d87b519e2
Event: 50.481 Thread 0x0000024dffa09c70 Exception <a 'java/lang/NoSuchMethodError'{0x000000071be29980}: 'int java.lang.invoke.DirectMethodHandle$Holder.invokeStatic(java.lang.Object)'> (0x000000071be29980) 
thrown [s\open\src\hotspot\share\interpreter\linkResolver.cpp, line 774]
Event: 50.552 Thread 0x0000024dffa09c70 Exception <a 'sun/nio/fs/WindowsException'{0x000000071bc00828}> (0x000000071bc00828) 
thrown [s\open\src\hotspot\share\prims\jni.cpp, line 517]

VM Operations (20 events):
Event: 52.807 Executing VM operation: Cleanup
Event: 52.808 Executing VM operation: Cleanup done
Event: 53.808 Executing VM operation: Cleanup
Event: 53.808 Executing VM operation: Cleanup done
Event: 54.809 Executing VM operation: Cleanup
Event: 54.809 Executing VM operation: Cleanup done
Event: 55.810 Executing VM operation: Cleanup
Event: 55.810 Executing VM operation: Cleanup done
Event: 56.810 Executing VM operation: Cleanup
Event: 56.810 Executing VM operation: Cleanup done
Event: 57.810 Executing VM operation: Cleanup
Event: 57.811 Executing VM operation: Cleanup done
Event: 58.811 Executing VM operation: Cleanup
Event: 58.811 Executing VM operation: Cleanup done
Event: 59.811 Executing VM operation: Cleanup
Event: 59.811 Executing VM operation: Cleanup done
Event: 60.811 Executing VM operation: Cleanup
Event: 60.812 Executing VM operation: Cleanup done
Event: 61.812 Executing VM operation: Cleanup
Event: 61.812 Executing VM operation: Cleanup done

Events (20 events):
Event: 50.303 Thread 0x0000024dffa0ac60 Thread added: 0x0000024dffa0ac60
Event: 50.303 Thread 0x0000024d9a80cea0 Thread exited: 0x0000024d9a80cea0
Event: 50.303 Thread 0x0000024d99340130 Thread added: 0x0000024d99340130
Event: 50.303 Thread 0x0000024dffa0ac60 Thread exited: 0x0000024dffa0ac60
Event: 50.303 Thread 0x0000024d9a84dff0 Thread added: 0x0000024d9a84dff0
Event: 50.303 Thread 0x0000024d99340130 Thread exited: 0x0000024d99340130
Event: 50.304 Thread 0x0000024d9728d4b0 Thread added: 0x0000024d9728d4b0
Event: 50.304 Thread 0x0000024d9a84dff0 Thread exited: 0x0000024d9a84dff0
Event: 50.304 Thread 0x0000024d9a80c400 Thread added: 0x0000024d9a80c400
Event: 50.304 Thread 0x0000024d9728d4b0 Thread exited: 0x0000024d9728d4b0
Event: 50.304 Thread 0x0000024dffa0ac60 Thread added: 0x0000024dffa0ac60
Event: 50.304 Thread 0x0000024d9a80c400 Thread exited: 0x0000024d9a80c400
Event: 50.304 Thread 0x0000024d9a80d3f0 Thread added: 0x0000024d9a80d3f0
Event: 50.304 Thread 0x0000024dffa0ac60 Thread exited: 0x0000024dffa0ac60
Event: 50.304 Thread 0x0000024d9a84d550 Thread added: 0x0000024d9a84d550
Event: 50.304 Thread 0x0000024d9a80d3f0 Thread exited: 0x0000024d9a80d3f0
Event: 50.305 Thread 0x0000024d9a84d550 Thread exited: 0x0000024d9a84d550
Event: 50.423 Thread 0x0000024d970c5f60 Thread added: 0x0000024d970c5f60
Event: 50.726 Thread 0x0000024d99602660 Thread added: 0x0000024d99602660
Event: 51.263 Thread 0x0000024d99602660 Thread exited: 0x0000024d99602660


Dynamic libraries:
0x00007ff7c5140000 - 0x00007ff7c5150000 	C:\Program Files\Java\jdk-19\bin\javaw.exe
0x00007fff49c50000 - 0x00007fff49e64000 	C:\WINDOWS\SYSTEM32\ntdll.dll
0x00007fff487a0000 - 0x00007fff48863000 	C:\WINDOWS\System32\KERNEL32.DLL
0x00007fff47580000 - 0x00007fff4791d000 	C:\WINDOWS\System32\KERNELBASE.dll
0x00007fff47280000 - 0x00007fff47391000 	C:\WINDOWS\System32\ucrtbase.dll
0x00007ffee5800000 - 0x00007ffee5818000 	C:\Program Files\Java\jdk-19\bin\jli.dll
0x00007ffee3690000 - 0x00007ffee36ab000 	C:\Program Files\Java\jdk-19\bin\VCRUNTIME140.dll
0x00007fff485f0000 - 0x00007fff4869e000 	C:\WINDOWS\System32\ADVAPI32.dll
0x00007fff48fd0000 - 0x00007fff49077000 	C:\WINDOWS\System32\msvcrt.dll
0x00007fff48910000 - 0x00007fff489b4000 	C:\WINDOWS\System32\sechost.dll
0x00007fff48e20000 - 0x00007fff48f35000 	C:\WINDOWS\System32\RPCRT4.dll
0x00007fff48af0000 - 0x00007fff48c9d000 	C:\WINDOWS\System32\USER32.dll
0x00007fff47550000 - 0x00007fff47576000 	C:\WINDOWS\System32\win32u.dll
0x00007fff39650000 - 0x00007fff398de000 	C:\WINDOWS\WinSxS\amd64_microsoft.windows.common-controls_6595b64144ccf1df_6.0.22621.608_none_a9444ca7c10bb01d\COMCTL32.dll
0x00007fff49b70000 - 0x00007fff49b99000 	C:\WINDOWS\System32\GDI32.dll
0x00007fff47920000 - 0x00007fff47a32000 	C:\WINDOWS\System32\gdi32full.dll
0x00007fff47070000 - 0x00007fff4710a000 	C:\WINDOWS\System32\msvcp_win.dll
0x00007fff3c770000 - 0x00007fff3c77a000 	C:\WINDOWS\SYSTEM32\VERSION.dll
0x00007fff48a40000 - 0x00007fff48a72000 	C:\WINDOWS\System32\IMM32.DLL
0x00007fff24900000 - 0x00007fff2490c000 	C:\Program Files\Java\jdk-19\bin\vcruntime140_1.dll
0x00007ffee1e10000 - 0x00007ffee1e9e000 	C:\Program Files\Java\jdk-19\bin\msvcp140.dll
0x00007ffee1150000 - 0x00007ffee1e10000 	C:\Program Files\Java\jdk-19\bin\server\jvm.dll
0x00007fff248a0000 - 0x00007fff248a9000 	C:\WINDOWS\SYSTEM32\WSOCK32.dll
0x00007fff3cce0000 - 0x00007fff3cd14000 	C:\WINDOWS\SYSTEM32\WINMM.dll
0x00007fff489c0000 - 0x00007fff48a31000 	C:\WINDOWS\System32\WS2_32.dll
0x00007fff46190000 - 0x00007fff461a8000 	C:\WINDOWS\SYSTEM32\kernel.appcore.dll
0x00007fff23440000 - 0x00007fff2344a000 	C:\Program Files\Java\jdk-19\bin\jimage.dll
0x00007fff44a90000 - 0x00007fff44cbe000 	C:\WINDOWS\SYSTEM32\DBGHELP.DLL
0x00007fff497e0000 - 0x00007fff49b6a000 	C:\WINDOWS\System32\combase.dll
0x00007fff49560000 - 0x00007fff49637000 	C:\WINDOWS\System32\OLEAUT32.dll
0x00007fff3ba20000 - 0x00007fff3ba52000 	C:\WINDOWS\SYSTEM32\dbgcore.DLL
0x00007fff473a0000 - 0x00007fff4741b000 	C:\WINDOWS\System32\bcryptPrimitives.dll
0x00007ffee3660000 - 0x00007ffee3686000 	C:\Program Files\Java\jdk-19\bin\java.dll
0x00007ffee1070000 - 0x00007ffee1147000 	C:\Program Files\Java\jdk-19\bin\jsvml.dll
0x00007fff47b10000 - 0x00007fff482ff000 	C:\WINDOWS\System32\SHELL32.dll
0x00007fff45040000 - 0x00007fff45908000 	C:\WINDOWS\SYSTEM32\windows.storage.dll
0x00007fff44f00000 - 0x00007fff4503e000 	C:\WINDOWS\SYSTEM32\wintypes.dll
0x00007fff486a0000 - 0x00007fff48791000 	C:\WINDOWS\System32\SHCORE.dll
0x00007fff48870000 - 0x00007fff488ce000 	C:\WINDOWS\System32\shlwapi.dll
0x00007fff46fa0000 - 0x00007fff46fc1000 	C:\WINDOWS\SYSTEM32\profapi.dll
0x00007ffee3640000 - 0x00007ffee3653000 	C:\Program Files\Java\jdk-19\bin\net.dll
0x00007fff411d0000 - 0x00007fff412ff000 	C:\WINDOWS\SYSTEM32\WINHTTP.dll
0x00007fff46620000 - 0x00007fff46689000 	C:\WINDOWS\system32\mswsock.dll
0x00007ffee1050000 - 0x00007ffee1066000 	C:\Program Files\Java\jdk-19\bin\nio.dll
0x00007ffee1030000 - 0x00007ffee1048000 	C:\Program Files\Java\jdk-19\bin\zip.dll
0x00007ffefbee0000 - 0x00007ffefc071000 	C:\Program Files\Java\jdk-19\bin\awt.dll
0x00007fff43bf0000 - 0x00007fff43c87000 	C:\WINDOWS\SYSTEM32\apphelp.dll
0x00007fff20d10000 - 0x00007fff20d20000 	C:\Program Files\Java\jdk-19\bin\verify.dll
0x00007fff43df0000 - 0x00007fff43e9b000 	C:\WINDOWS\system32\uxtheme.dll
0x00007fff48300000 - 0x00007fff4841e000 	C:\WINDOWS\System32\MSCTF.dll
0x00007fff49640000 - 0x00007fff497dc000 	C:\WINDOWS\System32\ole32.dll
0x00007fff441d0000 - 0x00007fff441fb000 	C:\WINDOWS\system32\DWMAPI.DLL
0x00007fff36590000 - 0x00007fff36690000 	C:\WINDOWS\system32\opengl32.dll
0x00007fff37680000 - 0x00007fff376ad000 	C:\WINDOWS\SYSTEM32\GLU32.dll
0x00007fff44210000 - 0x00007fff44246000 	C:\WINDOWS\SYSTEM32\dxcore.dll
0x00007fff46870000 - 0x00007fff4688b000 	C:\WINDOWS\SYSTEM32\CRYPTSP.dll
0x00007fff460f0000 - 0x00007fff46125000 	C:\WINDOWS\system32\rsaenh.dll
0x00007fff46710000 - 0x00007fff46738000 	C:\WINDOWS\SYSTEM32\USERENV.dll
0x00007fff46a10000 - 0x00007fff46a38000 	C:\WINDOWS\SYSTEM32\bcrypt.dll
0x00007fff46890000 - 0x00007fff4689c000 	C:\WINDOWS\SYSTEM32\CRYPTBASE.dll
0x00007fff45b70000 - 0x00007fff45b9d000 	C:\WINDOWS\SYSTEM32\IPHLPAPI.DLL
0x00007fff48900000 - 0x00007fff48909000 	C:\WINDOWS\System32\NSI.dll
0x00007fff3d7e0000 - 0x00007fff3d7f9000 	C:\WINDOWS\SYSTEM32\dhcpcsvc6.DLL
0x00007fff3d330000 - 0x00007fff3d34f000 	C:\WINDOWS\SYSTEM32\dhcpcsvc.DLL
0x00007fff45be0000 - 0x00007fff45cd2000 	C:\WINDOWS\SYSTEM32\DNSAPI.dll
0x0000000070340000 - 0x000000007040e000 	C:\Users\hamit\AppData\Local\Temp\sqlite-3.30.1-a57a5524-78da-475b-a6bc-2a547a7afbae-sqlitejdbc.dll
0x00007fff1c800000 - 0x00007fff1c886000 	C:\Program Files\Java\jdk-19\bin\freetype.dll
0x00007fff07140000 - 0x00007fff071e9000 	C:\Program Files\Java\jdk-19\bin\fontmanager.dll
0x00007fff22490000 - 0x00007fff225bd000 	C:\WINDOWS\SYSTEM32\textinputframework.dll
0x00007fff3b270000 - 0x00007fff3b2d9000 	C:\WINDOWS\system32\Oleacc.dll
0x00007fff43a40000 - 0x00007fff43b73000 	C:\WINDOWS\SYSTEM32\CoreMessaging.dll
0x00007fff23c70000 - 0x00007fff23fdc000 	C:\WINDOWS\SYSTEM32\CoreUIComponents.dll
0x00007fff47a50000 - 0x00007fff47b07000 	C:\WINDOWS\System32\clbcatq.dll
0x00007fff42f20000 - 0x00007fff430d0000 	C:\WINDOWS\SYSTEM32\WindowsCodecs.dll
0x00007fff18bd0000 - 0x00007fff18c2e000 	C:\WINDOWS\system32\dataexchange.dll
0x00007fff356c0000 - 0x00007fff3592a000 	C:\WINDOWS\system32\twinapi.appcore.dll
0x00007fff3a9d0000 - 0x00007fff3a9de000 	C:\Program Files\Java\jdk-19\bin\sunmscapi.dll
0x00007fff47110000 - 0x00007fff47276000 	C:\WINDOWS\System32\CRYPT32.dll
0x00007fff469e0000 - 0x00007fff46a0d000 	C:\WINDOWS\SYSTEM32\ncrypt.dll
0x00007fff469a0000 - 0x00007fff469d7000 	C:\WINDOWS\SYSTEM32\NTASN1.dll
0x00007fff3d680000 - 0x00007fff3d688000 	C:\Program Files\Java\jdk-19\bin\extnet.dll
0x00007fff3c780000 - 0x00007fff3c78a000 	C:\Windows\System32\rasadhlp.dll
0x00007fff3c3f0000 - 0x00007fff3c473000 	C:\WINDOWS\System32\fwpuclnt.dll
0x00007fff1b070000 - 0x00007fff1b087000 	C:\WINDOWS\system32\napinsp.dll
0x00007fff1acb0000 - 0x00007fff1accb000 	C:\WINDOWS\system32\pnrpnsp.dll
0x00007fff1ab30000 - 0x00007fff1ab41000 	C:\WINDOWS\System32\winrnr.dll
0x00007fff3c3b0000 - 0x00007fff3c3c5000 	C:\WINDOWS\system32\wshbth.dll
0x00007fff1ab00000 - 0x00007fff1ab21000 	C:\WINDOWS\system32\nlansp_c.dll

dbghelp: loaded successfully - version: 4.0.5 - missing functions: none
symbol engine: initialized successfully - sym options: 0x614 - pdb path: .;C:\Program Files\Java\jdk-19\bin;C:\WINDOWS\SYSTEM32;C:\WINDOWS\WinSxS\amd64_microsoft.windows.common-controls_6595b64144ccf1df_6.0.22621.608_none_a9444ca7c10bb01d;C:\Program Files\Java\jdk-19\bin\server;C:\Users\hamit\AppData\Local\Temp

VM Arguments:
jvm_args: -Dfile.encoding=UTF-8 -XX:+ShowCodeDetailsInExceptionMessages 
java_command: VT_YEDEK.BASLA
java_class_path (initial): C:\Users\hamit\git\Eclipse\VERITABANI_YEDEK\bin;C:\Users\hamit\git\Eclipse\OBS_CLASS_2025\bin;C:\ELIF\2025\sqlite-jdbc-3.30.1.jar;C:\ELIF\2025\sqljdbc4-4.0.jar;C:\ELIF\2025\jcalendar-1.4.jar;C:\ELIF\2025\jcommon-1.0.8.jar;C:\ELIF\2025\jfreechart.jar;C:\ELIF\2025\mail.jar;C:\ELIF\2025\mysql-connector-j-8.0.31.jar;C:\ELIF\2025\commons-net-3.7.jar
Launcher Type: SUN_STANDARD

[Global flags]
     intx CICompilerCount                          = 4                                         {product} {ergonomic}
     uint ConcGCThreads                            = 2                                         {product} {ergonomic}
     uint G1ConcRefinementThreads                  = 8                                         {product} {ergonomic}
   size_t G1HeapRegionSize                         = 2097152                                   {product} {ergonomic}
    uintx GCDrainStackTargetSize                   = 64                                        {product} {ergonomic}
   size_t InitialHeapSize                          = 262144000                                 {product} {ergonomic}
   size_t MarkStackSize                            = 4194304                                   {product} {ergonomic}
   size_t MaxHeapSize                              = 4188012544                                {product} {ergonomic}
   size_t MaxNewSize                               = 2512388096                                {product} {ergonomic}
   size_t MinHeapDeltaBytes                        = 2097152                                   {product} {ergonomic}
   size_t MinHeapSize                              = 8388608                                   {product} {ergonomic}
    uintx NonNMethodCodeHeapSize                   = 5839372                                {pd product} {ergonomic}
    uintx NonProfiledCodeHeapSize                  = 122909434                              {pd product} {ergonomic}
    uintx ProfiledCodeHeapSize                     = 122909434                              {pd product} {ergonomic}
    uintx ReservedCodeCacheSize                    = 251658240                              {pd product} {ergonomic}
     bool SegmentedCodeCache                       = true                                      {product} {ergonomic}
     bool ShowCodeDetailsInExceptionMessages       = true                                   {manageable} {command line}
   size_t SoftMaxHeapSize                          = 4188012544                             {manageable} {ergonomic}
     bool UseCompressedClassPointers               = true                           {product lp64_product} {ergonomic}
     bool UseCompressedOops                        = true                           {product lp64_product} {ergonomic}
     bool UseG1GC                                  = true                                      {product} {ergonomic}
     bool UseLargePagesIndividualAllocation        = false                                  {pd product} {ergonomic}

Logging:
Log output configuration:
 #0: stdout all=warning uptime,level,tags foldmultilines=false
 #1: stderr all=off uptime,level,tags foldmultilines=false

Environment Variables:
JAVA_HOME=C:\Program Files\Java\jdk-19
PATH=C:\Program Files\Common Files\Oracle\Java\javapath;C:\WINDOWS\system32;C:\WINDOWS;C:\WINDOWS\System32\Wbem;C:\WINDOWS\System32\WindowsPowerShell\v1.0\;C:\WINDOWS\System32\OpenSSH\;C:\Program Files\Microsoft SQL Server\Client SDK\ODBC\170\Tools\Binn\;C:\Program Files\Microsoft SQL Server\150\Tools\Binn\;C:\Program Files\Java\jdk-19\bin;C:\Program Files (x86)\Microsoft SQL Server\150\Tools\Binn\;C:\Program Files\Microsoft SQL Server\150\DTS\Binn\;C:\Program Files (x86)\Microsoft SQL Server\150\DTS\Binn\;C:\Program Files\Azure Data Studio\bin;C:\WINDOWS\system32;C:\WINDOWS;C:\WINDOWS\System32\Wbem;C:\WINDOWS\System32\WindowsPowerShell\v1.0\;C:\WINDOWS\System32\OpenSSH\;C:\Program Files\dotnet\;C:\Program Files\MySQL\MySQL Shell 8.0\bin\;C:\Users\hamit\AppData\Local\Microsoft\WindowsApps;C:\Program Files\Azure Data Studio\bin;C:\Users\hamit\.dotnet\tools
USERNAME=hamit
OS=Windows_NT
PROCESSOR_IDENTIFIER=Intel64 Family 6 Model 126 Stepping 5, GenuineIntel
TMP=C:\Users\hamit\AppData\Local\Temp
TEMP=C:\Users\hamit\AppData\Local\Temp



---------------  S Y S T E M  ---------------

OS:
 Windows 11 , 64 bit Build 22621 (10.0.22621.1105)
OS uptime: 1 days 1:53 hours
Hyper-V role detected

CPU: total 8 (initial active 8) (4 cores per cpu, 2 threads per core) family 6 model 126 stepping 5 microcode 0xb0, cx8, cmov, fxsr, ht, mmx, 3dnowpref, sse, sse2, sse3, ssse3, sse4.1, sse4.2, popcnt, lzcnt, tsc, tscinvbit, avx, avx2, aes, erms, clmul, bmi1, bmi2, adx, avx512f, avx512dq, avx512cd, avx512bw, avx512vl, sha, fma, vzeroupper, avx512_vpopcntdq, avx512_vpclmulqdq, avx512_vaes, avx512_vnni, clflush, clflushopt, avx512_vbmi2, avx512_vbmi, hv, rdtscp, rdpid, fsrm, gfni, avx512_bitalg

Memory: 4k page, system-wide physical 15969M (7986M free)
TotalPageFile size 16993M (AvailPageFile size 4908M)
current process WorkingSet (physical memory assigned to process): 166M, peak: 166M
current process commit charge ("private bytes"): 576M, peak: 580M

vm_info: Java HotSpot(TM) 64-Bit Server VM (19+36-2238) for windows-amd64 JRE (19+36-2238), built on 2022-08-12T20:29:01Z by "mach5one" with MS VC++ 17.1 (VS2022)

END.
