#
# A fatal error has been detected by the Java Runtime Environment:
#
#  EXCEPTION_ACCESS_VIOLATION (0xc0000005) at pc=0x000000007034537d, pid=40284, tid=10372
#
# JRE version: Java(TM) SE Runtime Environment (19.0+36) (build 19+36-2238)
# Java VM: Java HotSpot(TM) 64-Bit Server VM (19+36-2238, mixed mode, sharing, tiered, compressed oops, compressed class ptrs, g1 gc, windows-amd64)
# Problematic frame:
# C  [sqlite-3.30.1-ccdfc6c3-1bbe-480e-8886-7e87837b0770-sqlitejdbc.dll+0x537d]
#
# No core dump will be written. Minidumps are not enabled by default on client versions of Windows
#
# If you would like to submit a bug report, please visit:
#   https://bugreport.java.com/bugreport/crash.jsp
# The crash happened outside the Java Virtual Machine in native code.
# See problematic frame for where to report the bug.
#

---------------  S U M M A R Y ------------

Command Line: -Dfile.encoding=UTF-8 -XX:+ShowCodeDetailsInExceptionMessages VT_YEDEK.BASLA

Host: Intel(R) Core(TM) i7-1065G7 CPU @ 1.30GHz, 8 cores, 15G,  Windows 11 , 64 bit Build 22621 (10.0.22621.1105)
Time: Fri Jan 13 18:05:00 2023 Turkey Standard Time elapsed time: 160.606577 seconds (0d 0h 2m 40s)

---------------  T H R E A D  ---------------

Current thread (0x000002360ac96ff0):  JavaThread "Timer-521566" [_thread_in_native, id=10372, stack(0x0000009c9ad00000,0x0000009c9ae00000)]

Stack: [0x0000009c9ad00000,0x0000009c9ae00000],  sp=0x0000009c9adff1a8,  free space=1020k
Native frames: (J=compiled Java code, j=interpreted, Vv=VM code, C=native code)
C  [sqlite-3.30.1-ccdfc6c3-1bbe-480e-8886-7e87837b0770-sqlitejdbc.dll+0x537d]

Java frames: (J=compiled Java code, j=interpreted, Vv=VM code)
j  org.sqlite.core.NativeDB.column_count(J)I+0
j  org.sqlite.jdbc3.JDBC3Statement.getResultSet()Ljava/sql/ResultSet;+37
j  org.sqlite.jdbc3.JDBC3PreparedStatement.executeQuery()Ljava/sql/ResultSet;+133
j  OBS_C_2025.SQL_BACKUP.emirBILGI(Ljava/lang/String;)Ljava/sql/ResultSet;+76
j  VT_YEDEK.BASLA.backUP(Ljava/lang/String;)V+4
j  VT_YEDEK.BASLA.yedekLE()V+108
j  VT_YEDEK.BASLA$7.run()V+0
j  java.util.TimerThread.mainLoop()V+221 java.base@19
J 1568 c2 java.util.TimerThread.run()V java.base@19 (74 bytes) @ 0x00000236731a6bf4 [0x00000236731a6bc0+0x0000000000000034]
v  ~StubRoutines::call_stub 0x0000023672b810e8

siginfo: EXCEPTION_ACCESS_VIOLATION (0xc0000005), reading address 0x000002360d881ed8


Registers:
RAX=0x0000000000000000, RBX=0x000002360731fed0, RCX=0x000002360d881e18, RDX=0x0000009c9adff278
RSP=0x0000009c9adff1a8, RBP=0x0000009c9adff248, RSI=0x0000000000000064, RDI=0x0000000000000005
R8 =0x000002360d881e18, R9 =0x0000000000000001, R10=0x0000023672ba074b, R11=0x0000000000000121
R12=0x0000000000000000, R13=0x000002360731fed0, R14=0x0000009c9adff278, R15=0x000002360ac96ff0
RIP=0x000000007034537d, EFLAGS=0x0000000000010206


Register to memory mapping:

RIP=0x000000007034537d sqlite-3.30.1-ccdfc6c3-1bbe-480e-8886-7e87837b0770-sqlitejdbc.dll
RAX=0x0 is NULL
RBX={method} {0x000002360731fed8} 'column_count' '(J)I' in 'org/sqlite/core/NativeDB'
RCX=0x000002360d881e18 is an unknown value
RDX=0x0000009c9adff278 is pointing into the stack for thread: 0x000002360ac96ff0
RSP=0x0000009c9adff1a8 is pointing into the stack for thread: 0x000002360ac96ff0
RBP=0x0000009c9adff248 is pointing into the stack for thread: 0x000002360ac96ff0
RSI=0x0000000000000064 is an unknown value
RDI=0x0000000000000005 is an unknown value
R8 =0x000002360d881e18 is an unknown value
R9 =0x0000000000000001 is an unknown value
R10=0x0000023672ba074b is at code_begin+1259 in an Interpreter codelet
method entry point (kind = native_synchronized)  [0x0000023672ba0260, 0x0000023672ba0f68]  3336 bytes
R11=0x0000000000000121 is an unknown value
R12=0x0 is NULL
R13={method} {0x000002360731fed8} 'column_count' '(J)I' in 'org/sqlite/core/NativeDB'
R14=0x0000009c9adff278 is pointing into the stack for thread: 0x000002360ac96ff0
R15=0x000002360ac96ff0 is a thread


Top of Stack: (sp=0x0000009c9adff1a8)
0x0000009c9adff1a8:   0000023672ba077a 0000000000000005
0x0000009c9adff1b8:   0000023672ba04cc 000002360731fed0
0x0000009c9adff1c8:   0000000000000064 0000009c9adff2d8
0x0000009c9adff1d8:   000002360d14d690 000000071a401018
0x0000009c9adff1e8:   0000023672ba048b 0000000000000003
0x0000009c9adff1f8:   000000071a401018 0000009c9adff1f0
0x0000009c9adff208:   000002360731fed0 0000009c9adff278
0x0000009c9adff218:   0000023607374c98 0000000000000000
0x0000009c9adff228:   0000000706761350 000002360731fed0
0x0000009c9adff238:   0000000000000000 0000009c9adff268
0x0000009c9adff248:   0000009c9adff2c8 0000023672b9b8aa
0x0000009c9adff258:   0000000000000000 0000023672b9d195
0x0000009c9adff268:   000002360d881e18 0000000000000000
0x0000009c9adff278:   000000071a401018 0000009c9adff280
0x0000009c9adff288:   000002360738293d 0000009c9adff2e0
0x0000009c9adff298:   00000236073a15d0 0000000000000000 

Instructions: (pc=0x000000007034537d)
0x000000007034527d:   14 51 d1 e8 41 89 40 0c 66 41 89 50 08 c3 48 8b
0x000000007034528d:   41 08 ff c2 83 e2 03 48 85 c0 74 17 8a 88 c8 00
0x000000007034529d:   00 00 83 e1 fc 09 d1 88 88 c8 00 00 00 48 8b 40
0x00000000703452ad:   10 eb e4 c3 b8 01 00 00 00 48 85 c9 74 0c 31 c0
0x00000000703452bd:   f6 81 c8 00 00 00 03 0f 95 c0 c3 31 c0 66 83 79
0x00000000703452cd:   08 00 79 04 0f b6 41 0b c3 8b 41 08 48 8d 15 c0
0x00000000703452dd:   a4 0a 00 83 e0 3f 0f b6 04 02 c3 8b 41 08 66 25
0x00000000703452ed:   01 40 66 3d 01 40 0f 94 c0 0f b6 c0 c3 8b 41 08
0x00000000703452fd:   66 c1 e8 06 83 e0 01 c3 48 8b 01 88 50 0b 66 81
0x000000007034530d:   48 08 00 80 c3 48 8b 41 08 48 8b 40 08 c3 48 8b
0x000000007034531d:   01 48 8b 40 28 c3 48 8b 01 8b 40 08 66 25 01 40
0x000000007034532d:   66 3d 01 40 0f 94 c0 0f b6 c0 c3 48 8b 41 18 41
0x000000007034533d:   89 d0 41 c1 e8 1f 48 8b 80 20 01 00 00 48 85 c0
0x000000007034534d:   74 1e 39 50 04 75 13 44 8b 49 20 44 39 08 74 05
0x000000007034535d:   45 84 c0 74 05 48 8b 40 08 c3 48 8b 40 18 eb dd
0x000000007034536d:   c3 48 8b 41 10 8b 40 0c c3 31 c0 48 85 c9 74 07
0x000000007034537d:   0f b7 81 c0 00 00 00 c3 31 c0 48 85 c9 74 11 48
0x000000007034538d:   83 b9 a0 00 00 00 00 74 07 0f b7 81 c0 00 00 00
0x000000007034539d:   c3 31 c0 48 85 c9 74 03 8b 41 20 c3 48 85 c9 74
0x00000000703453ad:   0c 48 8b 89 b0 00 00 00 e9 49 ed ff ff 31 c0 c3
0x00000000703453bd:   31 c0 48 85 c9 74 03 48 8b 01 c3 b8 01 00 00 00
0x00000000703453cd:   48 85 c9 74 09 8a 81 c9 00 00 00 83 e0 01 c3 31
0x00000000703453dd:   c0 48 85 c9 74 0c 8a 81 c8 00 00 00 c0 e8 02 83
0x00000000703453ed:   e0 03 c3 31 c0 48 85 c9 74 11 81 79 24 a3 0d f2
0x00000000703453fd:   2d 75 08 8b 41 34 f7 d0 c1 e8 1f c3 56 53 48 83
0x000000007034540d:   ec 28 48 89 cb 48 8b 49 18 48 89 d6 e8 83 e5 ff
0x000000007034541d:   ff 48 85 f6 75 06 48 8b 73 08 eb 04 48 8b 76 10
0x000000007034542d:   48 8b 4b 18 e8 87 e5 ff ff 48 89 f0 48 83 c4 28
0x000000007034543d:   5b 5e c3 31 c0 48 85 c9 74 07 48 8b 81 f0 00 00
0x000000007034544d:   00 c3 31 c0 48 85 c9 74 09 48 83 79 18 00 74 02
0x000000007034545d:   8b 01 c3 41 54 55 57 56 53 48 83 ec 40 48 8d 7c
0x000000007034546d:   24 38 4c 8d 64 24 34 48 89 cd 48 89 d6 4c 89 c3 


Stack slot to memory mapping:
stack at sp + 0 slots: 0x0000023672ba077a is at code_begin+1306 in an Interpreter codelet
method entry point (kind = native_synchronized)  [0x0000023672ba0260, 0x0000023672ba0f68]  3336 bytes
stack at sp + 1 slots: 0x0000000000000005 is an unknown value
stack at sp + 2 slots: 0x0000023672ba04cc is at code_begin+620 in an Interpreter codelet
method entry point (kind = native_synchronized)  [0x0000023672ba0260, 0x0000023672ba0f68]  3336 bytes
stack at sp + 3 slots: {method} {0x000002360731fed8} 'column_count' '(J)I' in 'org/sqlite/core/NativeDB'
stack at sp + 4 slots: 0x0000000000000064 is an unknown value
stack at sp + 5 slots: 0x0000009c9adff2d8 is pointing into the stack for thread: 0x000002360ac96ff0
stack at sp + 6 slots: 0x000002360d14d690 points into unknown readable memory: 0x0000000000000000 | 00 00 00 00 00 00 00 00
stack at sp + 7 slots: 0x000000071a401018 is an oop: org.sqlite.core.NativeDB 
{0x000000071a401018} - klass: 'org/sqlite/core/NativeDB'
 - ---- fields (total size 8 words):
 - private final 'url' 'Ljava/lang/String;' @12  "jdbc:sqlite:C:\OBS_SISTEM\SQL_BACKUP.DB"{0x000000071a400ab0} (e3480156)
 - 'begin' 'J' @16  0 (0 0)
 - 'commit' 'J' @24  0 (0 0)
 - private final 'fileName' 'Ljava/lang/String;' @32  "C:\OBS_SISTEM\SQL_BACKUP.DB"{0x000000071a400cb8} (e3480197)
 - private final 'config' 'Lorg/sqlite/SQLiteConfig;' @36  a 'org/sqlite/SQLiteConfig'{0x000000071a400e38} (e34801c7)
 - private final 'closed' 'Ljava/util/concurrent/atomic/AtomicBoolean;' @40  a 'java/util/concurrent/atomic/AtomicBoolean'{0x000000071a401058} (e348020b)
 - private final 'stmts' 'Ljava/util/Map;' @44  a 'java/util/HashMap'{0x000000071a401068} (e348020d)
 - 'pointer' 'J' @48  0 (0 0)
 - private final 'udfdatalist' 'J' @56  0 (0 0)


Compiled method (c2)  160677 1568   !   4       java.util.TimerThread::run (74 bytes)
 total in heap  [0x00000236731a6a10,0x00000236731a73a0] = 2448
 relocation     [0x00000236731a6b70,0x00000236731a6bb0] = 64
 main code      [0x00000236731a6bc0,0x00000236731a7120] = 1376
 stub code      [0x00000236731a7120,0x00000236731a7158] = 56
 metadata       [0x00000236731a7158,0x00000236731a7170] = 24
 scopes data    [0x00000236731a7170,0x00000236731a7280] = 272
 scopes pcs     [0x00000236731a7280,0x00000236731a7350] = 208
 dependencies   [0x00000236731a7350,0x00000236731a7358] = 8
 handler table  [0x00000236731a7358,0x00000236731a7388] = 48
 nul chk table  [0x00000236731a7388,0x00000236731a73a0] = 24

[Constant Pool (empty)]

[MachCode]
[Entry Point]
  # {method} {0x00000236073dd7b0} 'run' '()V' in 'java/util/TimerThread'
  #           [sp+0x60]  (sp of caller)
  0x00000236731a6bc0: 448b 5208 | 49bb 0000 | 0000 0800 | 0000 4d03 | d349 3bc2 

  0x00000236731a6bd4: ;   {runtime_call ic_miss_stub}
  0x00000236731a6bd4: 0f85 a6b3 | a3ff 6690 | 0f1f 4000 
[Verified Entry Point]
  0x00000236731a6be0: 8984 2400 | 90ff ff55 | 4883 ec50 

  0x00000236731a6bec: ;   {optimized virtual_call}
  0x00000236731a6bec: 488b eae8 

  0x00000236731a6bf0: ; ImmutableOopMap {rbp=Oop }
                      ;*invokevirtual mainLoop {reexecute=0 rethrow=0 return_oop=0}
                      ; - java.util.TimerThread::run@1 (line 516)
  0x00000236731a6bf0: acd9 ffff | 448b 5d70 | 4585 db0f | 84e2 0100 | 004f 8d14 | dc48 8d5c | 2440 498b | 02a8 0275 
  0x00000236731a6c10: 2348 83c8 | 0148 8903 | f049 0fb1 | 1a0f 843d | 0000 0048 | 2bc4 4825 | 07f0 ffff | 4889 03e9 
  0x00000236731a6c30: 2c00 0000 | 4c8b c048 | 33c0 f04d | 0fb1 783e | 48c7 0303 | 0000 000f | 8413 0000 | 004c 3bf8 
  0x00000236731a6c50: 0f85 0a00 | 0000 49ff | 8086 0000 | 0048 33c0 | 0f85 8a01 | 0000 448b | 7570 4488 | 6537 438b 
  0x00000236731a6c70: 5cf4 0c83 | fb01 0f8c | 8700 0000 | 478b 4cf4 | 1043 8b4c | cc0c 83f9 | 010f 86d2 | 0100 004c 
  0x00000236731a6c90: 63c1 8bfb | ffc7 4863 | cf48 ffc9 | 493b c80f | 83bc 0100 | 0081 fbfe | ffff 7f0f | 8fcb 0100 
  0x00000236731a6cb0: 004f 8d04 | f44f 8d2c | ccbe 0100 | 0000 8beb | 2bee ffc5 | 4533 c93b | fe41 0f4c | e981 fde8 
  0x00000236731a6cd0: 0300 0041 | bbe8 0300 | 0041 0f47 | eb03 ee41 | 807f 4000 | 0f85 c500 | 0000 4589 | 64b5 10ff 
  0x00000236731a6cf0: c63b f57c | ea4d 8b8f 

  0x00000236731a6cf8: ; ImmutableOopMap {r10=Oop r8=Oop r13=Oop r14=NarrowOop }
                      ;*goto {reexecute=1 rethrow=0 return_oop=0}
                      ; - (reexecute) java.util.TaskQueue::clear@20 (line 675)
                      ; - java.util.TimerThread::run@20 (line 521)
  0x00000236731a6cf8: 8003 0000 

  0x00000236731a6cfc: ;   {poll}
  0x00000236731a6cfc: 4185 013b | f77c bb47 | 8964 f40c | 488d 4424 | 4048 8138 | 0000 0000 | 0f84 7c00 | 0000 4d8b 
  0x00000236731a6d1c: 1a41 f6c3 | 0274 6b49 | 81bb 8600 | 0000 0000 | 0000 7409 | 49ff 8b86 | 0000 00eb | 5149 8b83 
  0x00000236731a6d3c: 9600 0000 | 490b 838e | 0000 0075 | 0a49 c743 | 3e00 0000 | 00eb 4349 | 81bb 9e00 | 0000 0000 
  0x00000236731a6d5c: 0000 7425 | 4833 c049 | c743 3e00 | 0000 00f0 | 8304 2400 | 4981 bb9e | 0000 0000 | 0000 0075 
  0x00000236731a6d7c: 0df0 4d0f | b17b 3e75 | 0583 c801 | eb0c a800 | eb08 4c8b | 18f0 4d0f | b11a 0f85 | 7f00 0000 
  0x00000236731a6d9c: 4883 c450 

  0x00000236731a6da0: ;   {poll_return}
  0x00000236731a6da0: 5d49 3ba7 | 7803 0000 | 0f87 4b03 | 0000 c345 | 8b5c b510 | 4585 db0f | 842d ffff | ff4d 8b4f 
  0x00000236731a6dc0: 2849 8bcb | 48c1 e103 | 4d85 c974 | 6b4d 8b5f | 384b 894c | 0bf8 4983 | c1f8 4d89 | 4f28 e907 
  0x00000236731a6de0: ffff ffba | f6ff ffff 

  0x00000236731a6de8: ;   {runtime_call UncommonTrapBlob}
  0x00000236731a6de8: 6666 90e8 

  0x00000236731a6dec: ; ImmutableOopMap {rbp=Oop }
                      ;*monitorenter {reexecute=0 rethrow=0 return_oop=0}
                      ; - java.util.TimerThread::run@10 (line 519)
  0x00000236731a6dec: 1037 a4ff | 4489 5c24 | 3049 8bd2 | 4c8d 4424 | 404c 8954 | 2428 4c89 

  0x00000236731a6e04: ;   {runtime_call _complete_monitor_locking_Java}
  0x00000236731a6e04: 5424 38e8 

  0x00000236731a6e08: ; ImmutableOopMap {rbp=Oop [40]=Oop [48]=NarrowOop [56]=Oop }
                      ;*monitorenter {reexecute=0 rethrow=0 return_oop=0}
                      ; - java.util.TimerThread::run@10 (line 519)
  0x00000236731a6e08: 740e afff | 448b 5c24 | 304c 8b54 | 2428 e94b | feff ff49 | 8bca 488d | 5424 404d | 8bc7 49ba 
  0x00000236731a6e28: 401a 63c5 | fe7f 0000 | 41ff d2e9 | 64ff ffff | 4c89 4424 | 284c 8954 | 2420 498b | d749 bab0 
  0x00000236731a6e48: 1b20 c5fe | 7f00 0041 | ffd2 4c8b | 5424 204c | 8b44 2428 | e989 feff | ffba 76ff | ffff 4489 
  0x00000236731a6e68: 5c24 2044 | 8974 2424 | 895c 2428 

  0x00000236731a6e74: ;   {runtime_call UncommonTrapBlob}
  0x00000236731a6e74: 6666 90e8 

  0x00000236731a6e78: ; ImmutableOopMap {[32]=NarrowOop [36]=NarrowOop }
                      ;*if_icmpgt {reexecute=1 rethrow=0 return_oop=0}
                      ; - (reexecute) java.util.TaskQueue::clear@7 (line 675)
                      ; - java.util.TimerThread::run@20 (line 521)
  0x00000236731a6e78: 8436 a4ff | ba6e ffff | ff44 895c | 2420 4489 | 7424 2489 

  0x00000236731a6e8c: ;   {runtime_call UncommonTrapBlob}
  0x00000236731a6e8c: 5c24 28e8 

  0x00000236731a6e90: ; ImmutableOopMap {[32]=NarrowOop [36]=NarrowOop }
                      ;*if_icmpgt {reexecute=1 rethrow=0 return_oop=0}
                      ; - (reexecute) java.util.TaskQueue::clear@7 (line 675)
                      ; - java.util.TimerThread::run@20 (line 521)
  0x00000236731a6e90: 6c36 a4ff | baf6 ffff | ff44 895c 

  0x00000236731a6e9c: ;   {runtime_call UncommonTrapBlob}
  0x00000236731a6e9c: 2420 90e8 

  0x00000236731a6ea0: ; ImmutableOopMap {[32]=NarrowOop }
                      ;*invokevirtual clear {reexecute=0 rethrow=0 return_oop=0}
                      ; - java.util.TimerThread::run@20 (line 521)
  0x00000236731a6ea0: 5c36 a4ff | 488b d848 | 8d44 2440 | 4881 3800 | 0000 000f | 847e 0000 | 004c 8b55 | 0041 f6c2 
  0x00000236731a6ec0: 0274 6b49 | 81ba 8600 | 0000 0000 | 0000 7409 | 49ff 8a86 | 0000 00eb | 5149 8b82 | 9600 0000 
  0x00000236731a6ee0: 490b 828e | 0000 0075 | 0a49 c742 | 3e00 0000 | 00eb 4449 | 81ba 9e00 | 0000 0000 | 0000 7425 
  0x00000236731a6f00: 4833 c049 | c742 3e00 | 0000 00f0 | 8304 2400 | 4981 ba9e | 0000 0000 | 0000 0075 | 0df0 4d0f 
  0x00000236731a6f20: b17a 3e75 | 0583 c801 | eb0d a800 | eb09 4c8b | 10f0 4c0f | b155 000f | 859f 0100 | 0048 8bd3 
  0x00000236731a6f40: e936 0100 | 0048 8944 | 2420 4889 | 6c24 2844 | 8b55 7045 | 85d2 0f84 | 2901 0000 | 4b8d 2cd4 
  0x00000236731a6f60: 488d 5c24 | 4048 8b45 | 00a8 0275 | 2448 83c8 | 0148 8903 | f048 0fb1 | 5d00 0f84 | 3d00 0000 
  0x00000236731a6f80: 482b c448 | 2507 f0ff | ff48 8903 | e92c 0000 | 004c 8bd8 | 4833 c0f0 | 4d0f b17b | 3e48 c703 
  0x00000236731a6fa0: 0300 0000 | 0f84 1300 | 0000 4c3b | f80f 850a | 0000 0049 | ff83 8600 | 0000 4833 | c00f 85e1 
  0x00000236731a6fc0: 0000 004c | 8b5c 2428 | 458b 4370 | 4588 6337 | 4585 c00f | 84b7 0000 | 004b 8d14 

  0x00000236731a6fdc: ;   {optimized virtual_call}
  0x00000236731a6fdc: c466 90e8 

  0x00000236731a6fe0: ; ImmutableOopMap {rbp=Oop [32]=Oop }
                      ;*invokevirtual clear {reexecute=0 rethrow=0 return_oop=0}
                      ; - java.util.TimerThread::run@54 (line 521)
  0x00000236731a6fe0: 1cb5 a3ff | 488d 4424 | 4048 8138 | 0000 0000 | 0f84 7e00 | 0000 4c8b | 5500 41f6 | c202 746b 
  0x00000236731a7000: 4981 ba86 | 0000 0000 | 0000 0074 | 0949 ff8a | 8600 0000 | eb51 498b | 8296 0000 | 0049 0b82 
  0x00000236731a7020: 8e00 0000 | 750a 49c7 | 423e 0000 | 0000 eb44 | 4981 ba9e | 0000 0000 | 0000 0074 | 2548 33c0 
  0x00000236731a7040: 49c7 423e | 0000 0000 | f083 0424 | 0049 81ba | 9e00 0000 | 0000 0000 | 750d f04d | 0fb1 7a3e 
  0x00000236731a7060: 7505 83c8 | 01eb 0da8 | 00eb 094c | 8b10 f04c | 0fb1 5500 | 754c 488b | 5424 2048 | 83c4 505d 
  0x00000236731a7080: ;   {runtime_call _rethrow_Java}
  0x00000236731a7080: e9fb 02af | ffba f6ff 

  0x00000236731a7088: ;   {runtime_call UncommonTrapBlob}
  0x00000236731a7088: ffff 90e8 

  0x00000236731a708c: ; ImmutableOopMap {rbp=Oop [32]=Oop }
                      ;*monitorenter {reexecute=0 rethrow=0 return_oop=0}
                      ; - java.util.TimerThread::run@44 (line 519)
  0x00000236731a708c: 7034 a4ff | baf6 ffff | ff48 8b6c | 2420 4489 

  0x00000236731a709c: ;   {runtime_call UncommonTrapBlob}
  0x00000236731a709c: 5424 24e8 

  0x00000236731a70a0: ; ImmutableOopMap {rbp=Oop [36]=NarrowOop }
                      ;*invokevirtual clear {reexecute=0 rethrow=0 return_oop=0}
                      ; - java.util.TimerThread::run@54 (line 521)
  0x00000236731a70a0: 5c34 a4ff | 4489 5424 | 3848 8bd5 | 4c8d 4424 

  0x00000236731a70b0: ;   {runtime_call _complete_monitor_locking_Java}
  0x00000236731a70b0: 4066 90e8 

  0x00000236731a70b4: ; ImmutableOopMap {rbp=Oop [32]=Oop [40]=Oop [56]=NarrowOop }
                      ;*monitorenter {reexecute=0 rethrow=0 return_oop=0}
                      ; - java.util.TimerThread::run@44 (line 519)
  0x00000236731a70b4: c80b afff | 448b 5424 | 38e9 01ff | ffff 488b | cd48 8d54 | 2440 4d8b | c749 ba40 | 1a63 c5fe 
  0x00000236731a70d4: 7f00 0041 | ffd2 eb9a | 488b cd48 | 8d54 2440 | 4d8b c749 | ba40 1a63 | c5fe 7f00 | 0041 ffd2 
  0x00000236731a70f4: e944 feff 

  0x00000236731a70f8: ;   {internal_word}
  0x00000236731a70f8: ff49 baa1 | 6d1a 7336 | 0200 004d | 8997 9003 

  0x00000236731a7108: ;   {runtime_call SafepointBlob}
  0x00000236731a7108: 0000 e971 | 22a4 fff4 | f4f4 f4f4 | f4f4 f4f4 | f4f4 f4f4 | f4f4 f4f4 
[Stub Code]
  0x00000236731a7120: ;   {no_reloc}
  0x00000236731a7120: 48bb 0000 | 0000 0000 

  0x00000236731a7128: ;   {runtime_call}
  0x00000236731a7128: 0000 e9fb 

  0x00000236731a712c: ;   {static_stub}
  0x00000236731a712c: ffff ff48 | bb00 0000 | 0000 0000 

  0x00000236731a7138: ;   {runtime_call}
  0x00000236731a7138: 00e9 fbff 

  0x00000236731a713c: ;   {runtime_call ExceptionBlob}
  0x00000236731a713c: ffff e93d | 48ae ffe8 | 0000 0000 | 4883 2c24 

  0x00000236731a714c: ;   {runtime_call DeoptimizationBlob}
  0x00000236731a714c: 05e9 ce36 | a4ff f4f4 | f4f4 f4f4 
[/MachCode]


---------------  P R O C E S S  ---------------

Threads class SMR info:
_java_thread_list=0x000002360d0dff10, length=18, elements={
0x000002360616e6c0, 0x00000236061712f0, 0x00000236061742d0, 0x0000023606176d50,
0x00000236061772a0, 0x0000023606174820, 0x000002360617e790, 0x000002360ac0d990,
0x0000023606175810, 0x0000023606175d60, 0x0000023606176800, 0x00000236061777f0,
0x0000023606174d70, 0x00000236061752c0, 0x00000236061762b0, 0x000002360afb00a0,
0x000002360afaaba0, 0x000002360ac96ff0
}

Java Threads: ( => current thread )
  0x000002360616e6c0 JavaThread "Reference Handler" daemon [_thread_blocked, id=56604, stack(0x0000009c9b700000,0x0000009c9b800000)]
  0x00000236061712f0 JavaThread "Finalizer" daemon [_thread_blocked, id=58848, stack(0x0000009c9b800000,0x0000009c9b900000)]
  0x00000236061742d0 JavaThread "Signal Dispatcher" daemon [_thread_blocked, id=73340, stack(0x0000009c9b900000,0x0000009c9ba00000)]
  0x0000023606176d50 JavaThread "Attach Listener" daemon [_thread_blocked, id=7492, stack(0x0000009c9ba00000,0x0000009c9bb00000)]
  0x00000236061772a0 JavaThread "Service Thread" daemon [_thread_blocked, id=60556, stack(0x0000009c9bb00000,0x0000009c9bc00000)]
  0x0000023606174820 JavaThread "Monitor Deflation Thread" daemon [_thread_blocked, id=56376, stack(0x0000009c9bc00000,0x0000009c9bd00000)]
  0x000002360617e790 JavaThread "C2 CompilerThread0" daemon [_thread_blocked, id=4908, stack(0x0000009c9bd00000,0x0000009c9be00000)]
  0x000002360ac0d990 JavaThread "C1 CompilerThread0" daemon [_thread_blocked, id=47716, stack(0x0000009c9be00000,0x0000009c9bf00000)]
  0x0000023606175810 JavaThread "Sweeper thread" daemon [_thread_blocked, id=81544, stack(0x0000009c9bf00000,0x0000009c9c000000)]
  0x0000023606175d60 JavaThread "Notification Thread" daemon [_thread_blocked, id=18348, stack(0x0000009c9c000000,0x0000009c9c100000)]
  0x0000023606176800 JavaThread "Common-Cleaner" daemon [_thread_blocked, id=36452, stack(0x0000009c9c200000,0x0000009c9c300000)]
  0x00000236061777f0 JavaThread "Java2D Disposer" daemon [_thread_blocked, id=37800, stack(0x0000009c9c300000,0x0000009c9c400000)]
  0x0000023606174d70 JavaThread "AWT-Shutdown" [_thread_blocked, id=64500, stack(0x0000009c9c400000,0x0000009c9c500000)]
  0x00000236061752c0 JavaThread "AWT-Windows" daemon [_thread_in_native, id=43588, stack(0x0000009c9c500000,0x0000009c9c600000)]
  0x00000236061762b0 JavaThread "AWT-EventQueue-0" [_thread_blocked, id=94308, stack(0x0000009c9c600000,0x0000009c9c700000)]
  0x000002360afb00a0 JavaThread "DestroyJavaVM" [_thread_blocked, id=14424, stack(0x0000009c9b000000,0x0000009c9b100000)]
  0x000002360afaaba0 JavaThread "mysql-cj-abandoned-connection-cleanup" daemon [_thread_blocked, id=90280, stack(0x0000009c9c800000,0x0000009c9c900000)]
=>0x000002360ac96ff0 JavaThread "Timer-521566" [_thread_in_native, id=10372, stack(0x0000009c9ad00000,0x0000009c9ae00000)]

Other Threads:
  0x0000023606155860 VMThread "VM Thread" [stack: 0x0000009c9b600000,0x0000009c9b700000] [id=43892]
  0x000002360ad457e0 WatcherThread "VM Periodic Task Thread" [stack: 0x0000009c9c100000,0x0000009c9c200000] [id=89716]
  0x0000023663765a00 WorkerThread "GC Thread#0" [stack: 0x0000009c9b100000,0x0000009c9b200000] [id=73376]
  0x000002360cfe0150 WorkerThread "GC Thread#1" [stack: 0x0000009c9c900000,0x0000009c9ca00000] [id=18448]
  0x000002360cfdf8e0 WorkerThread "GC Thread#2" [stack: 0x0000009c9cc00000,0x0000009c9cd00000] [id=70664]
  0x000002360cfdfbb0 WorkerThread "GC Thread#3" [stack: 0x0000009c9cd00000,0x0000009c9ce00000] [id=84708]
  0x000002360cfdfe80 WorkerThread "GC Thread#4" [stack: 0x0000009c9ce00000,0x0000009c9cf00000] [id=58676]
  0x000002360cfdf610 WorkerThread "GC Thread#5" [stack: 0x0000009c9cf00000,0x0000009c9d000000] [id=27720]
  0x000002360cfe0420 WorkerThread "GC Thread#6" [stack: 0x0000009c9d000000,0x0000009c9d100000] [id=43636]
  0x000002360cfe0c90 WorkerThread "GC Thread#7" [stack: 0x0000009c9d100000,0x0000009c9d200000] [id=78016]
  0x00000236637b47b0 ConcurrentGCThread "G1 Main Marker" [stack: 0x0000009c9b200000,0x0000009c9b300000] [id=30340]
  0x00000236637b51e0 WorkerThread "G1 Conc#0" [stack: 0x0000009c9b300000,0x0000009c9b400000] [id=53480]
  0x000002360600d7e0 ConcurrentGCThread "G1 Refine#0" [stack: 0x0000009c9b400000,0x0000009c9b500000] [id=47072]
  0x000002360600f1d0 ConcurrentGCThread "G1 Service" [stack: 0x0000009c9b500000,0x0000009c9b600000] [id=28616]

Threads with active compile tasks:

VM state: not at safepoint (normal execution)

VM Mutex/Monitor currently owned by a thread: None

Heap address: 0x0000000706600000, size: 3994 MB, Compressed Oops mode: Zero based, Oop shift amount: 3

CDS archive(s) mapped at: [0x0000000800000000-0x0000000800c40000-0x0000000800c40000), size 12845056, SharedBaseAddress: 0x0000000800000000, ArchiveRelocationMode: 0.
Compressed class space mapped at: 0x0000000801000000-0x0000000841000000, reserved size: 1073741824
Narrow klass base: 0x0000000800000000, Narrow klass shift: 0, Narrow klass range: 0x100000000

GC Precious Log:
 CardTable entry size: 512
 Card Set container configuration: InlinePtr #cards 4 size 8 Array Of Cards #cards 8 size 32 Howl #buckets 8 coarsen threshold 3686 Howl Bitmap #cards 512 size 80 coarsen threshold 460 Card regions per heap region 1 cards per card region 4096
 CPUs: 8 total, 8 available
 Memory: 15969M
 Large Page Support: Disabled
 NUMA Support: Disabled
 Compressed Oops: Enabled (Zero based)
 Heap Region Size: 2M
 Heap Min Capacity: 8M
 Heap Initial Capacity: 250M
 Heap Max Capacity: 3994M
 Pre-touch: Disabled
 Parallel Workers: 8
 Concurrent Workers: 2
 Concurrent Refinement Workers: 8
 Periodic GC: Disabled

Heap:
 garbage-first heap   total 532480K, used 217668K [0x0000000706600000, 0x0000000800000000)
  region size 2048K, 102 young (208896K), 1 survivors (2048K)
 Metaspace       used 11947K, committed 12160K, reserved 1114112K
  class space    used 1217K, committed 1344K, reserved 1048576K

Heap Regions: E=young(eden), S=young(survivor), O=old, HS=humongous(starts), HC=humongous(continues), CS=collection set, F=free, OA=open archive, CA=closed archive, TAMS=top-at-mark-start (previous, next)
|   0|0x0000000706600000, 0x0000000706800000, 0x0000000706800000|100%| O|  |TAMS 0x0000000706600000, 0x0000000706600000| Untracked 
|   1|0x0000000706800000, 0x0000000706a00000, 0x0000000706a00000|100%| O|  |TAMS 0x0000000706800000, 0x0000000706800000| Untracked 
|   2|0x0000000706a00000, 0x0000000706c00000, 0x0000000706c00000|100%|HS|  |TAMS 0x0000000706a00000, 0x0000000706a00000| Complete 
|   3|0x0000000706c00000, 0x0000000706e00000, 0x0000000706e00000|100%|HC|  |TAMS 0x0000000706c00000, 0x0000000706c00000| Complete 
|   4|0x0000000706e00000, 0x0000000707000000, 0x0000000707000000|100%|HC|  |TAMS 0x0000000706e00000, 0x0000000706e00000| Complete 
|   5|0x0000000707000000, 0x0000000707200000, 0x0000000707200000|100%|HC|  |TAMS 0x0000000707000000, 0x0000000707000000| Complete 
|   6|0x0000000707200000, 0x0000000707290000, 0x0000000707400000| 28%| O|  |TAMS 0x0000000707200000, 0x0000000707200000| Untracked 
|   7|0x0000000707400000, 0x0000000707400000, 0x0000000707600000|  0%| F|  |TAMS 0x0000000707400000, 0x0000000707400000| Untracked 
|   8|0x0000000707600000, 0x0000000707600000, 0x0000000707800000|  0%| F|  |TAMS 0x0000000707600000, 0x0000000707600000| Untracked 
|   9|0x0000000707800000, 0x0000000707800000, 0x0000000707a00000|  0%| F|  |TAMS 0x0000000707800000, 0x0000000707800000| Untracked 
|  10|0x0000000707a00000, 0x0000000707a00000, 0x0000000707c00000|  0%| F|  |TAMS 0x0000000707a00000, 0x0000000707a00000| Untracked 
|  11|0x0000000707c00000, 0x0000000707c00000, 0x0000000707e00000|  0%| F|  |TAMS 0x0000000707c00000, 0x0000000707c00000| Untracked 
|  12|0x0000000707e00000, 0x0000000707e00000, 0x0000000708000000|  0%| F|  |TAMS 0x0000000707e00000, 0x0000000707e00000| Untracked 
|  13|0x0000000708000000, 0x0000000708000000, 0x0000000708200000|  0%| F|  |TAMS 0x0000000708000000, 0x0000000708000000| Untracked 
|  14|0x0000000708200000, 0x0000000708200000, 0x0000000708400000|  0%| F|  |TAMS 0x0000000708200000, 0x0000000708200000| Untracked 
|  15|0x0000000708400000, 0x0000000708400000, 0x0000000708600000|  0%| F|  |TAMS 0x0000000708400000, 0x0000000708400000| Untracked 
|  16|0x0000000708600000, 0x0000000708600000, 0x0000000708800000|  0%| F|  |TAMS 0x0000000708600000, 0x0000000708600000| Untracked 
|  17|0x0000000708800000, 0x0000000708800000, 0x0000000708a00000|  0%| F|  |TAMS 0x0000000708800000, 0x0000000708800000| Untracked 
|  18|0x0000000708a00000, 0x0000000708a00000, 0x0000000708c00000|  0%| F|  |TAMS 0x0000000708a00000, 0x0000000708a00000| Untracked 
|  19|0x0000000708c00000, 0x0000000708c00000, 0x0000000708e00000|  0%| F|  |TAMS 0x0000000708c00000, 0x0000000708c00000| Untracked 
|  20|0x0000000708e00000, 0x0000000708e00000, 0x0000000709000000|  0%| F|  |TAMS 0x0000000708e00000, 0x0000000708e00000| Untracked 
|  21|0x0000000709000000, 0x0000000709000000, 0x0000000709200000|  0%| F|  |TAMS 0x0000000709000000, 0x0000000709000000| Untracked 
|  22|0x0000000709200000, 0x0000000709200000, 0x0000000709400000|  0%| F|  |TAMS 0x0000000709200000, 0x0000000709200000| Untracked 
|  23|0x0000000709400000, 0x0000000709400000, 0x0000000709600000|  0%| F|  |TAMS 0x0000000709400000, 0x0000000709400000| Untracked 
|  24|0x0000000709600000, 0x0000000709600000, 0x0000000709800000|  0%| F|  |TAMS 0x0000000709600000, 0x0000000709600000| Untracked 
|  25|0x0000000709800000, 0x0000000709800000, 0x0000000709a00000|  0%| F|  |TAMS 0x0000000709800000, 0x0000000709800000| Untracked 
|  26|0x0000000709a00000, 0x0000000709a00000, 0x0000000709c00000|  0%| F|  |TAMS 0x0000000709a00000, 0x0000000709a00000| Untracked 
|  27|0x0000000709c00000, 0x0000000709c00000, 0x0000000709e00000|  0%| F|  |TAMS 0x0000000709c00000, 0x0000000709c00000| Untracked 
|  28|0x0000000709e00000, 0x0000000709e00000, 0x000000070a000000|  0%| F|  |TAMS 0x0000000709e00000, 0x0000000709e00000| Untracked 
|  29|0x000000070a000000, 0x000000070a000000, 0x000000070a200000|  0%| F|  |TAMS 0x000000070a000000, 0x000000070a000000| Untracked 
|  30|0x000000070a200000, 0x000000070a200000, 0x000000070a400000|  0%| F|  |TAMS 0x000000070a200000, 0x000000070a200000| Untracked 
|  31|0x000000070a400000, 0x000000070a400000, 0x000000070a600000|  0%| F|  |TAMS 0x000000070a400000, 0x000000070a400000| Untracked 
|  32|0x000000070a600000, 0x000000070a600000, 0x000000070a800000|  0%| F|  |TAMS 0x000000070a600000, 0x000000070a600000| Untracked 
|  33|0x000000070a800000, 0x000000070a800000, 0x000000070aa00000|  0%| F|  |TAMS 0x000000070a800000, 0x000000070a800000| Untracked 
|  34|0x000000070aa00000, 0x000000070aa00000, 0x000000070ac00000|  0%| F|  |TAMS 0x000000070aa00000, 0x000000070aa00000| Untracked 
|  35|0x000000070ac00000, 0x000000070ac00000, 0x000000070ae00000|  0%| F|  |TAMS 0x000000070ac00000, 0x000000070ac00000| Untracked 
|  36|0x000000070ae00000, 0x000000070ae00000, 0x000000070b000000|  0%| F|  |TAMS 0x000000070ae00000, 0x000000070ae00000| Untracked 
|  37|0x000000070b000000, 0x000000070b000000, 0x000000070b200000|  0%| F|  |TAMS 0x000000070b000000, 0x000000070b000000| Untracked 
|  38|0x000000070b200000, 0x000000070b200000, 0x000000070b400000|  0%| F|  |TAMS 0x000000070b200000, 0x000000070b200000| Untracked 
|  39|0x000000070b400000, 0x000000070b400000, 0x000000070b600000|  0%| F|  |TAMS 0x000000070b400000, 0x000000070b400000| Untracked 
|  40|0x000000070b600000, 0x000000070b600000, 0x000000070b800000|  0%| F|  |TAMS 0x000000070b600000, 0x000000070b600000| Untracked 
|  41|0x000000070b800000, 0x000000070b800000, 0x000000070ba00000|  0%| F|  |TAMS 0x000000070b800000, 0x000000070b800000| Untracked 
|  42|0x000000070ba00000, 0x000000070ba00000, 0x000000070bc00000|  0%| F|  |TAMS 0x000000070ba00000, 0x000000070ba00000| Untracked 
|  43|0x000000070bc00000, 0x000000070bc00000, 0x000000070be00000|  0%| F|  |TAMS 0x000000070bc00000, 0x000000070bc00000| Untracked 
|  44|0x000000070be00000, 0x000000070be00000, 0x000000070c000000|  0%| F|  |TAMS 0x000000070be00000, 0x000000070be00000| Untracked 
|  45|0x000000070c000000, 0x000000070c000000, 0x000000070c200000|  0%| F|  |TAMS 0x000000070c000000, 0x000000070c000000| Untracked 
|  46|0x000000070c200000, 0x000000070c200000, 0x000000070c400000|  0%| F|  |TAMS 0x000000070c200000, 0x000000070c200000| Untracked 
|  47|0x000000070c400000, 0x000000070c400000, 0x000000070c600000|  0%| F|  |TAMS 0x000000070c400000, 0x000000070c400000| Untracked 
|  48|0x000000070c600000, 0x000000070c600000, 0x000000070c800000|  0%| F|  |TAMS 0x000000070c600000, 0x000000070c600000| Untracked 
|  49|0x000000070c800000, 0x000000070c800000, 0x000000070ca00000|  0%| F|  |TAMS 0x000000070c800000, 0x000000070c800000| Untracked 
|  50|0x000000070ca00000, 0x000000070ca00000, 0x000000070cc00000|  0%| F|  |TAMS 0x000000070ca00000, 0x000000070ca00000| Untracked 
|  51|0x000000070cc00000, 0x000000070cc00000, 0x000000070ce00000|  0%| F|  |TAMS 0x000000070cc00000, 0x000000070cc00000| Untracked 
|  52|0x000000070ce00000, 0x000000070ce00000, 0x000000070d000000|  0%| F|  |TAMS 0x000000070ce00000, 0x000000070ce00000| Untracked 
|  53|0x000000070d000000, 0x000000070d000000, 0x000000070d200000|  0%| F|  |TAMS 0x000000070d000000, 0x000000070d000000| Untracked 
|  54|0x000000070d200000, 0x000000070d200000, 0x000000070d400000|  0%| F|  |TAMS 0x000000070d200000, 0x000000070d200000| Untracked 
|  55|0x000000070d400000, 0x000000070d400000, 0x000000070d600000|  0%| F|  |TAMS 0x000000070d400000, 0x000000070d400000| Untracked 
|  56|0x000000070d600000, 0x000000070d600000, 0x000000070d800000|  0%| F|  |TAMS 0x000000070d600000, 0x000000070d600000| Untracked 
|  57|0x000000070d800000, 0x000000070d800000, 0x000000070da00000|  0%| F|  |TAMS 0x000000070d800000, 0x000000070d800000| Untracked 
|  58|0x000000070da00000, 0x000000070da00000, 0x000000070dc00000|  0%| F|  |TAMS 0x000000070da00000, 0x000000070da00000| Untracked 
|  59|0x000000070dc00000, 0x000000070dc00000, 0x000000070de00000|  0%| F|  |TAMS 0x000000070dc00000, 0x000000070dc00000| Untracked 
|  60|0x000000070de00000, 0x000000070de00000, 0x000000070e000000|  0%| F|  |TAMS 0x000000070de00000, 0x000000070de00000| Untracked 
|  61|0x000000070e000000, 0x000000070e000000, 0x000000070e200000|  0%| F|  |TAMS 0x000000070e000000, 0x000000070e000000| Untracked 
|  62|0x000000070e200000, 0x000000070e200000, 0x000000070e400000|  0%| F|  |TAMS 0x000000070e200000, 0x000000070e200000| Untracked 
|  63|0x000000070e400000, 0x000000070e400000, 0x000000070e600000|  0%| F|  |TAMS 0x000000070e400000, 0x000000070e400000| Untracked 
|  64|0x000000070e600000, 0x000000070e600000, 0x000000070e800000|  0%| F|  |TAMS 0x000000070e600000, 0x000000070e600000| Untracked 
|  65|0x000000070e800000, 0x000000070e800000, 0x000000070ea00000|  0%| F|  |TAMS 0x000000070e800000, 0x000000070e800000| Untracked 
|  66|0x000000070ea00000, 0x000000070ea00000, 0x000000070ec00000|  0%| F|  |TAMS 0x000000070ea00000, 0x000000070ea00000| Untracked 
|  67|0x000000070ec00000, 0x000000070ec00000, 0x000000070ee00000|  0%| F|  |TAMS 0x000000070ec00000, 0x000000070ec00000| Untracked 
|  68|0x000000070ee00000, 0x000000070ee00000, 0x000000070f000000|  0%| F|  |TAMS 0x000000070ee00000, 0x000000070ee00000| Untracked 
|  69|0x000000070f000000, 0x000000070f000000, 0x000000070f200000|  0%| F|  |TAMS 0x000000070f000000, 0x000000070f000000| Untracked 
|  70|0x000000070f200000, 0x000000070f200000, 0x000000070f400000|  0%| F|  |TAMS 0x000000070f200000, 0x000000070f200000| Untracked 
|  71|0x000000070f400000, 0x000000070f400000, 0x000000070f600000|  0%| F|  |TAMS 0x000000070f400000, 0x000000070f400000| Untracked 
|  72|0x000000070f600000, 0x000000070f600000, 0x000000070f800000|  0%| F|  |TAMS 0x000000070f600000, 0x000000070f600000| Untracked 
|  73|0x000000070f800000, 0x000000070f800000, 0x000000070fa00000|  0%| F|  |TAMS 0x000000070f800000, 0x000000070f800000| Untracked 
|  74|0x000000070fa00000, 0x000000070fa00000, 0x000000070fc00000|  0%| F|  |TAMS 0x000000070fa00000, 0x000000070fa00000| Untracked 
|  75|0x000000070fc00000, 0x000000070fc00000, 0x000000070fe00000|  0%| F|  |TAMS 0x000000070fc00000, 0x000000070fc00000| Untracked 
|  76|0x000000070fe00000, 0x000000070fe00000, 0x0000000710000000|  0%| F|  |TAMS 0x000000070fe00000, 0x000000070fe00000| Untracked 
|  77|0x0000000710000000, 0x0000000710000000, 0x0000000710200000|  0%| F|  |TAMS 0x0000000710000000, 0x0000000710000000| Untracked 
|  78|0x0000000710200000, 0x0000000710200000, 0x0000000710400000|  0%| F|  |TAMS 0x0000000710200000, 0x0000000710200000| Untracked 
|  79|0x0000000710400000, 0x0000000710400000, 0x0000000710600000|  0%| F|  |TAMS 0x0000000710400000, 0x0000000710400000| Untracked 
|  80|0x0000000710600000, 0x0000000710600000, 0x0000000710800000|  0%| F|  |TAMS 0x0000000710600000, 0x0000000710600000| Untracked 
|  81|0x0000000710800000, 0x0000000710800000, 0x0000000710a00000|  0%| F|  |TAMS 0x0000000710800000, 0x0000000710800000| Untracked 
|  82|0x0000000710a00000, 0x0000000710a00000, 0x0000000710c00000|  0%| F|  |TAMS 0x0000000710a00000, 0x0000000710a00000| Untracked 
|  83|0x0000000710c00000, 0x0000000710c00000, 0x0000000710e00000|  0%| F|  |TAMS 0x0000000710c00000, 0x0000000710c00000| Untracked 
|  84|0x0000000710e00000, 0x0000000710e00000, 0x0000000711000000|  0%| F|  |TAMS 0x0000000710e00000, 0x0000000710e00000| Untracked 
|  85|0x0000000711000000, 0x0000000711000000, 0x0000000711200000|  0%| F|  |TAMS 0x0000000711000000, 0x0000000711000000| Untracked 
|  86|0x0000000711200000, 0x0000000711200000, 0x0000000711400000|  0%| F|  |TAMS 0x0000000711200000, 0x0000000711200000| Untracked 
|  87|0x0000000711400000, 0x0000000711400000, 0x0000000711600000|  0%| F|  |TAMS 0x0000000711400000, 0x0000000711400000| Untracked 
|  88|0x0000000711600000, 0x0000000711600000, 0x0000000711800000|  0%| F|  |TAMS 0x0000000711600000, 0x0000000711600000| Untracked 
|  89|0x0000000711800000, 0x0000000711800000, 0x0000000711a00000|  0%| F|  |TAMS 0x0000000711800000, 0x0000000711800000| Untracked 
|  90|0x0000000711a00000, 0x0000000711a00000, 0x0000000711c00000|  0%| F|  |TAMS 0x0000000711a00000, 0x0000000711a00000| Untracked 
|  91|0x0000000711c00000, 0x0000000711c00000, 0x0000000711e00000|  0%| F|  |TAMS 0x0000000711c00000, 0x0000000711c00000| Untracked 
|  92|0x0000000711e00000, 0x0000000711e00000, 0x0000000712000000|  0%| F|  |TAMS 0x0000000711e00000, 0x0000000711e00000| Untracked 
|  93|0x0000000712000000, 0x0000000712000000, 0x0000000712200000|  0%| F|  |TAMS 0x0000000712000000, 0x0000000712000000| Untracked 
|  94|0x0000000712200000, 0x0000000712200000, 0x0000000712400000|  0%| F|  |TAMS 0x0000000712200000, 0x0000000712200000| Untracked 
|  95|0x0000000712400000, 0x0000000712400000, 0x0000000712600000|  0%| F|  |TAMS 0x0000000712400000, 0x0000000712400000| Untracked 
|  96|0x0000000712600000, 0x0000000712600000, 0x0000000712800000|  0%| F|  |TAMS 0x0000000712600000, 0x0000000712600000| Untracked 
|  97|0x0000000712800000, 0x0000000712800000, 0x0000000712a00000|  0%| F|  |TAMS 0x0000000712800000, 0x0000000712800000| Untracked 
|  98|0x0000000712a00000, 0x0000000712a00000, 0x0000000712c00000|  0%| F|  |TAMS 0x0000000712a00000, 0x0000000712a00000| Untracked 
|  99|0x0000000712c00000, 0x0000000712c00000, 0x0000000712e00000|  0%| F|  |TAMS 0x0000000712c00000, 0x0000000712c00000| Untracked 
| 100|0x0000000712e00000, 0x0000000712e00000, 0x0000000713000000|  0%| F|  |TAMS 0x0000000712e00000, 0x0000000712e00000| Untracked 
| 101|0x0000000713000000, 0x0000000713000000, 0x0000000713200000|  0%| F|  |TAMS 0x0000000713000000, 0x0000000713000000| Untracked 
| 102|0x0000000713200000, 0x0000000713200000, 0x0000000713400000|  0%| F|  |TAMS 0x0000000713200000, 0x0000000713200000| Untracked 
| 103|0x0000000713400000, 0x0000000713400000, 0x0000000713600000|  0%| F|  |TAMS 0x0000000713400000, 0x0000000713400000| Untracked 
| 104|0x0000000713600000, 0x0000000713601020, 0x0000000713800000|  0%| S|CS|TAMS 0x0000000713600000, 0x0000000713600000| Complete 
| 105|0x0000000713800000, 0x0000000713800000, 0x0000000713a00000|  0%| F|  |TAMS 0x0000000713800000, 0x0000000713800000| Untracked 
| 106|0x0000000713a00000, 0x0000000713a00000, 0x0000000713c00000|  0%| F|  |TAMS 0x0000000713a00000, 0x0000000713a00000| Untracked 
| 107|0x0000000713c00000, 0x0000000713c00000, 0x0000000713e00000|  0%| F|  |TAMS 0x0000000713c00000, 0x0000000713c00000| Untracked 
| 108|0x0000000713e00000, 0x0000000713e00000, 0x0000000714000000|  0%| F|  |TAMS 0x0000000713e00000, 0x0000000713e00000| Untracked 
| 109|0x0000000714000000, 0x0000000714000000, 0x0000000714200000|  0%| F|  |TAMS 0x0000000714000000, 0x0000000714000000| Untracked 
| 110|0x0000000714200000, 0x0000000714200000, 0x0000000714400000|  0%| F|  |TAMS 0x0000000714200000, 0x0000000714200000| Untracked 
| 111|0x0000000714400000, 0x0000000714400000, 0x0000000714600000|  0%| F|  |TAMS 0x0000000714400000, 0x0000000714400000| Untracked 
| 112|0x0000000714600000, 0x0000000714600000, 0x0000000714800000|  0%| F|  |TAMS 0x0000000714600000, 0x0000000714600000| Untracked 
| 113|0x0000000714800000, 0x0000000714800000, 0x0000000714a00000|  0%| F|  |TAMS 0x0000000714800000, 0x0000000714800000| Untracked 
| 114|0x0000000714a00000, 0x0000000714a00000, 0x0000000714c00000|  0%| F|  |TAMS 0x0000000714a00000, 0x0000000714a00000| Untracked 
| 115|0x0000000714c00000, 0x0000000714c00000, 0x0000000714e00000|  0%| F|  |TAMS 0x0000000714c00000, 0x0000000714c00000| Untracked 
| 116|0x0000000714e00000, 0x0000000714e00000, 0x0000000715000000|  0%| F|  |TAMS 0x0000000714e00000, 0x0000000714e00000| Untracked 
| 117|0x0000000715000000, 0x0000000715000000, 0x0000000715200000|  0%| F|  |TAMS 0x0000000715000000, 0x0000000715000000| Untracked 
| 118|0x0000000715200000, 0x0000000715200000, 0x0000000715400000|  0%| F|  |TAMS 0x0000000715200000, 0x0000000715200000| Untracked 
| 119|0x0000000715400000, 0x0000000715400000, 0x0000000715600000|  0%| F|  |TAMS 0x0000000715400000, 0x0000000715400000| Untracked 
| 120|0x0000000715600000, 0x0000000715600000, 0x0000000715800000|  0%| F|  |TAMS 0x0000000715600000, 0x0000000715600000| Untracked 
| 121|0x0000000715800000, 0x0000000715800000, 0x0000000715a00000|  0%| F|  |TAMS 0x0000000715800000, 0x0000000715800000| Untracked 
| 122|0x0000000715a00000, 0x0000000715a00000, 0x0000000715c00000|  0%| F|  |TAMS 0x0000000715a00000, 0x0000000715a00000| Untracked 
| 123|0x0000000715c00000, 0x0000000715c00000, 0x0000000715e00000|  0%| F|  |TAMS 0x0000000715c00000, 0x0000000715c00000| Untracked 
| 124|0x0000000715e00000, 0x0000000715e00000, 0x0000000716000000|  0%| F|  |TAMS 0x0000000715e00000, 0x0000000715e00000| Untracked 
| 125|0x0000000716000000, 0x0000000716000000, 0x0000000716200000|  0%| F|  |TAMS 0x0000000716000000, 0x0000000716000000| Untracked 
| 126|0x0000000716200000, 0x0000000716200000, 0x0000000716400000|  0%| F|  |TAMS 0x0000000716200000, 0x0000000716200000| Untracked 
| 127|0x0000000716400000, 0x0000000716400000, 0x0000000716600000|  0%| F|  |TAMS 0x0000000716400000, 0x0000000716400000| Untracked 
| 128|0x0000000716600000, 0x0000000716600000, 0x0000000716800000|  0%| F|  |TAMS 0x0000000716600000, 0x0000000716600000| Untracked 
| 129|0x0000000716800000, 0x0000000716800000, 0x0000000716a00000|  0%| F|  |TAMS 0x0000000716800000, 0x0000000716800000| Untracked 
| 130|0x0000000716a00000, 0x0000000716a00000, 0x0000000716c00000|  0%| F|  |TAMS 0x0000000716a00000, 0x0000000716a00000| Untracked 
| 131|0x0000000716c00000, 0x0000000716c00000, 0x0000000716e00000|  0%| F|  |TAMS 0x0000000716c00000, 0x0000000716c00000| Untracked 
| 132|0x0000000716e00000, 0x0000000716e00000, 0x0000000717000000|  0%| F|  |TAMS 0x0000000716e00000, 0x0000000716e00000| Untracked 
| 133|0x0000000717000000, 0x0000000717000000, 0x0000000717200000|  0%| F|  |TAMS 0x0000000717000000, 0x0000000717000000| Untracked 
| 134|0x0000000717200000, 0x0000000717200000, 0x0000000717400000|  0%| F|  |TAMS 0x0000000717200000, 0x0000000717200000| Untracked 
| 135|0x0000000717400000, 0x0000000717400000, 0x0000000717600000|  0%| F|  |TAMS 0x0000000717400000, 0x0000000717400000| Untracked 
| 136|0x0000000717600000, 0x0000000717600000, 0x0000000717800000|  0%| F|  |TAMS 0x0000000717600000, 0x0000000717600000| Untracked 
| 137|0x0000000717800000, 0x0000000717800000, 0x0000000717a00000|  0%| F|  |TAMS 0x0000000717800000, 0x0000000717800000| Untracked 
| 138|0x0000000717a00000, 0x0000000717a00000, 0x0000000717c00000|  0%| F|  |TAMS 0x0000000717a00000, 0x0000000717a00000| Untracked 
| 139|0x0000000717c00000, 0x0000000717c00000, 0x0000000717e00000|  0%| F|  |TAMS 0x0000000717c00000, 0x0000000717c00000| Untracked 
| 140|0x0000000717e00000, 0x0000000717e00000, 0x0000000718000000|  0%| F|  |TAMS 0x0000000717e00000, 0x0000000717e00000| Untracked 
| 141|0x0000000718000000, 0x0000000718000000, 0x0000000718200000|  0%| F|  |TAMS 0x0000000718000000, 0x0000000718000000| Untracked 
| 142|0x0000000718200000, 0x0000000718200000, 0x0000000718400000|  0%| F|  |TAMS 0x0000000718200000, 0x0000000718200000| Untracked 
| 143|0x0000000718400000, 0x0000000718400000, 0x0000000718600000|  0%| F|  |TAMS 0x0000000718400000, 0x0000000718400000| Untracked 
| 144|0x0000000718600000, 0x0000000718600000, 0x0000000718800000|  0%| F|  |TAMS 0x0000000718600000, 0x0000000718600000| Untracked 
| 145|0x0000000718800000, 0x0000000718800000, 0x0000000718a00000|  0%| F|  |TAMS 0x0000000718800000, 0x0000000718800000| Untracked 
| 146|0x0000000718a00000, 0x0000000718a00000, 0x0000000718c00000|  0%| F|  |TAMS 0x0000000718a00000, 0x0000000718a00000| Untracked 
| 147|0x0000000718c00000, 0x0000000718c00000, 0x0000000718e00000|  0%| F|  |TAMS 0x0000000718c00000, 0x0000000718c00000| Untracked 
| 148|0x0000000718e00000, 0x0000000718e00000, 0x0000000719000000|  0%| F|  |TAMS 0x0000000718e00000, 0x0000000718e00000| Untracked 
| 149|0x0000000719000000, 0x0000000719000000, 0x0000000719200000|  0%| F|  |TAMS 0x0000000719000000, 0x0000000719000000| Untracked 
| 150|0x0000000719200000, 0x0000000719200000, 0x0000000719400000|  0%| F|  |TAMS 0x0000000719200000, 0x0000000719200000| Untracked 
| 151|0x0000000719400000, 0x0000000719400000, 0x0000000719600000|  0%| F|  |TAMS 0x0000000719400000, 0x0000000719400000| Untracked 
| 152|0x0000000719600000, 0x0000000719600000, 0x0000000719800000|  0%| F|  |TAMS 0x0000000719600000, 0x0000000719600000| Untracked 
| 153|0x0000000719800000, 0x0000000719800000, 0x0000000719a00000|  0%| F|  |TAMS 0x0000000719800000, 0x0000000719800000| Untracked 
| 154|0x0000000719a00000, 0x0000000719a00000, 0x0000000719c00000|  0%| F|  |TAMS 0x0000000719a00000, 0x0000000719a00000| Untracked 
| 155|0x0000000719c00000, 0x0000000719c00000, 0x0000000719e00000|  0%| F|  |TAMS 0x0000000719c00000, 0x0000000719c00000| Untracked 
| 156|0x0000000719e00000, 0x0000000719e00000, 0x000000071a000000|  0%| F|  |TAMS 0x0000000719e00000, 0x0000000719e00000| Untracked 
| 157|0x000000071a000000, 0x000000071a000000, 0x000000071a200000|  0%| F|  |TAMS 0x000000071a000000, 0x000000071a000000| Untracked 
| 158|0x000000071a200000, 0x000000071a200000, 0x000000071a400000|  0%| F|  |TAMS 0x000000071a200000, 0x000000071a200000| Untracked 
| 159|0x000000071a400000, 0x000000071a527710, 0x000000071a600000| 57%| E|  |TAMS 0x000000071a400000, 0x000000071a400000| Complete 
| 160|0x000000071a600000, 0x000000071a800000, 0x000000071a800000|100%| E|CS|TAMS 0x000000071a600000, 0x000000071a600000| Complete 
| 161|0x000000071a800000, 0x000000071aa00000, 0x000000071aa00000|100%| E|CS|TAMS 0x000000071a800000, 0x000000071a800000| Complete 
| 162|0x000000071aa00000, 0x000000071ac00000, 0x000000071ac00000|100%| E|CS|TAMS 0x000000071aa00000, 0x000000071aa00000| Complete 
| 163|0x000000071ac00000, 0x000000071ae00000, 0x000000071ae00000|100%| E|CS|TAMS 0x000000071ac00000, 0x000000071ac00000| Complete 
| 164|0x000000071ae00000, 0x000000071b000000, 0x000000071b000000|100%| E|CS|TAMS 0x000000071ae00000, 0x000000071ae00000| Complete 
| 165|0x000000071b000000, 0x000000071b200000, 0x000000071b200000|100%| E|CS|TAMS 0x000000071b000000, 0x000000071b000000| Complete 
| 166|0x000000071b200000, 0x000000071b400000, 0x000000071b400000|100%| E|CS|TAMS 0x000000071b200000, 0x000000071b200000| Complete 
| 167|0x000000071b400000, 0x000000071b600000, 0x000000071b600000|100%| E|CS|TAMS 0x000000071b400000, 0x000000071b400000| Complete 
| 168|0x000000071b600000, 0x000000071b800000, 0x000000071b800000|100%| E|CS|TAMS 0x000000071b600000, 0x000000071b600000| Complete 
| 169|0x000000071b800000, 0x000000071ba00000, 0x000000071ba00000|100%| E|CS|TAMS 0x000000071b800000, 0x000000071b800000| Complete 
| 170|0x000000071ba00000, 0x000000071bc00000, 0x000000071bc00000|100%| E|CS|TAMS 0x000000071ba00000, 0x000000071ba00000| Complete 
| 171|0x000000071bc00000, 0x000000071be00000, 0x000000071be00000|100%| E|CS|TAMS 0x000000071bc00000, 0x000000071bc00000| Complete 
| 172|0x000000071be00000, 0x000000071c000000, 0x000000071c000000|100%| E|CS|TAMS 0x000000071be00000, 0x000000071be00000| Complete 
| 173|0x000000071c000000, 0x000000071c200000, 0x000000071c200000|100%| E|CS|TAMS 0x000000071c000000, 0x000000071c000000| Complete 
| 174|0x000000071c200000, 0x000000071c400000, 0x000000071c400000|100%| E|CS|TAMS 0x000000071c200000, 0x000000071c200000| Complete 
| 175|0x000000071c400000, 0x000000071c600000, 0x000000071c600000|100%| E|CS|TAMS 0x000000071c400000, 0x000000071c400000| Complete 
| 176|0x000000071c600000, 0x000000071c800000, 0x000000071c800000|100%| E|CS|TAMS 0x000000071c600000, 0x000000071c600000| Complete 
| 177|0x000000071c800000, 0x000000071ca00000, 0x000000071ca00000|100%| E|CS|TAMS 0x000000071c800000, 0x000000071c800000| Complete 
| 178|0x000000071ca00000, 0x000000071cc00000, 0x000000071cc00000|100%| E|CS|TAMS 0x000000071ca00000, 0x000000071ca00000| Complete 
| 179|0x000000071cc00000, 0x000000071ce00000, 0x000000071ce00000|100%| E|CS|TAMS 0x000000071cc00000, 0x000000071cc00000| Complete 
| 180|0x000000071ce00000, 0x000000071d000000, 0x000000071d000000|100%| E|CS|TAMS 0x000000071ce00000, 0x000000071ce00000| Complete 
| 181|0x000000071d000000, 0x000000071d200000, 0x000000071d200000|100%| E|CS|TAMS 0x000000071d000000, 0x000000071d000000| Complete 
| 182|0x000000071d200000, 0x000000071d400000, 0x000000071d400000|100%| E|CS|TAMS 0x000000071d200000, 0x000000071d200000| Complete 
| 183|0x000000071d400000, 0x000000071d600000, 0x000000071d600000|100%| E|CS|TAMS 0x000000071d400000, 0x000000071d400000| Complete 
| 184|0x000000071d600000, 0x000000071d800000, 0x000000071d800000|100%| E|CS|TAMS 0x000000071d600000, 0x000000071d600000| Complete 
| 185|0x000000071d800000, 0x000000071da00000, 0x000000071da00000|100%| E|CS|TAMS 0x000000071d800000, 0x000000071d800000| Complete 
| 186|0x000000071da00000, 0x000000071dc00000, 0x000000071dc00000|100%| E|CS|TAMS 0x000000071da00000, 0x000000071da00000| Complete 
| 187|0x000000071dc00000, 0x000000071de00000, 0x000000071de00000|100%| E|CS|TAMS 0x000000071dc00000, 0x000000071dc00000| Complete 
| 188|0x000000071de00000, 0x000000071e000000, 0x000000071e000000|100%| E|CS|TAMS 0x000000071de00000, 0x000000071de00000| Complete 
| 189|0x000000071e000000, 0x000000071e200000, 0x000000071e200000|100%| E|CS|TAMS 0x000000071e000000, 0x000000071e000000| Complete 
| 190|0x000000071e200000, 0x000000071e400000, 0x000000071e400000|100%| E|CS|TAMS 0x000000071e200000, 0x000000071e200000| Complete 
| 191|0x000000071e400000, 0x000000071e600000, 0x000000071e600000|100%| E|CS|TAMS 0x000000071e400000, 0x000000071e400000| Complete 
| 192|0x000000071e600000, 0x000000071e800000, 0x000000071e800000|100%| E|CS|TAMS 0x000000071e600000, 0x000000071e600000| Complete 
| 193|0x000000071e800000, 0x000000071ea00000, 0x000000071ea00000|100%| E|CS|TAMS 0x000000071e800000, 0x000000071e800000| Complete 
| 194|0x000000071ea00000, 0x000000071ec00000, 0x000000071ec00000|100%| E|CS|TAMS 0x000000071ea00000, 0x000000071ea00000| Complete 
| 195|0x000000071ec00000, 0x000000071ee00000, 0x000000071ee00000|100%| E|CS|TAMS 0x000000071ec00000, 0x000000071ec00000| Complete 
| 196|0x000000071ee00000, 0x000000071f000000, 0x000000071f000000|100%| E|CS|TAMS 0x000000071ee00000, 0x000000071ee00000| Complete 
| 197|0x000000071f000000, 0x000000071f200000, 0x000000071f200000|100%| E|CS|TAMS 0x000000071f000000, 0x000000071f000000| Complete 
| 198|0x000000071f200000, 0x000000071f400000, 0x000000071f400000|100%| E|CS|TAMS 0x000000071f200000, 0x000000071f200000| Complete 
| 199|0x000000071f400000, 0x000000071f600000, 0x000000071f600000|100%| E|CS|TAMS 0x000000071f400000, 0x000000071f400000| Complete 
| 200|0x000000071f600000, 0x000000071f800000, 0x000000071f800000|100%| E|CS|TAMS 0x000000071f600000, 0x000000071f600000| Complete 
| 201|0x000000071f800000, 0x000000071fa00000, 0x000000071fa00000|100%| E|CS|TAMS 0x000000071f800000, 0x000000071f800000| Complete 
| 202|0x000000071fa00000, 0x000000071fc00000, 0x000000071fc00000|100%| E|CS|TAMS 0x000000071fa00000, 0x000000071fa00000| Complete 
| 203|0x000000071fc00000, 0x000000071fe00000, 0x000000071fe00000|100%| E|CS|TAMS 0x000000071fc00000, 0x000000071fc00000| Complete 
| 204|0x000000071fe00000, 0x0000000720000000, 0x0000000720000000|100%| E|CS|TAMS 0x000000071fe00000, 0x000000071fe00000| Complete 
| 205|0x0000000720000000, 0x0000000720200000, 0x0000000720200000|100%| E|CS|TAMS 0x0000000720000000, 0x0000000720000000| Complete 
| 206|0x0000000720200000, 0x0000000720400000, 0x0000000720400000|100%| E|CS|TAMS 0x0000000720200000, 0x0000000720200000| Complete 
| 207|0x0000000720400000, 0x0000000720600000, 0x0000000720600000|100%| E|CS|TAMS 0x0000000720400000, 0x0000000720400000| Complete 
| 208|0x0000000720600000, 0x0000000720800000, 0x0000000720800000|100%| E|CS|TAMS 0x0000000720600000, 0x0000000720600000| Complete 
| 209|0x0000000720800000, 0x0000000720a00000, 0x0000000720a00000|100%| E|CS|TAMS 0x0000000720800000, 0x0000000720800000| Complete 
| 210|0x0000000720a00000, 0x0000000720c00000, 0x0000000720c00000|100%| E|CS|TAMS 0x0000000720a00000, 0x0000000720a00000| Complete 
| 211|0x0000000720c00000, 0x0000000720e00000, 0x0000000720e00000|100%| E|CS|TAMS 0x0000000720c00000, 0x0000000720c00000| Complete 
| 212|0x0000000720e00000, 0x0000000721000000, 0x0000000721000000|100%| E|CS|TAMS 0x0000000720e00000, 0x0000000720e00000| Complete 
| 213|0x0000000721000000, 0x0000000721200000, 0x0000000721200000|100%| E|CS|TAMS 0x0000000721000000, 0x0000000721000000| Complete 
| 214|0x0000000721200000, 0x0000000721400000, 0x0000000721400000|100%| E|CS|TAMS 0x0000000721200000, 0x0000000721200000| Complete 
| 215|0x0000000721400000, 0x0000000721600000, 0x0000000721600000|100%| E|CS|TAMS 0x0000000721400000, 0x0000000721400000| Complete 
| 216|0x0000000721600000, 0x0000000721800000, 0x0000000721800000|100%| E|CS|TAMS 0x0000000721600000, 0x0000000721600000| Complete 
| 217|0x0000000721800000, 0x0000000721a00000, 0x0000000721a00000|100%| E|CS|TAMS 0x0000000721800000, 0x0000000721800000| Complete 
| 218|0x0000000721a00000, 0x0000000721c00000, 0x0000000721c00000|100%| E|CS|TAMS 0x0000000721a00000, 0x0000000721a00000| Complete 
| 219|0x0000000721c00000, 0x0000000721e00000, 0x0000000721e00000|100%| E|CS|TAMS 0x0000000721c00000, 0x0000000721c00000| Complete 
| 220|0x0000000721e00000, 0x0000000722000000, 0x0000000722000000|100%| E|CS|TAMS 0x0000000721e00000, 0x0000000721e00000| Complete 
| 221|0x0000000722000000, 0x0000000722200000, 0x0000000722200000|100%| E|CS|TAMS 0x0000000722000000, 0x0000000722000000| Complete 
| 222|0x0000000722200000, 0x0000000722400000, 0x0000000722400000|100%| E|CS|TAMS 0x0000000722200000, 0x0000000722200000| Complete 
| 223|0x0000000722400000, 0x0000000722600000, 0x0000000722600000|100%| E|CS|TAMS 0x0000000722400000, 0x0000000722400000| Complete 
| 224|0x0000000722600000, 0x0000000722800000, 0x0000000722800000|100%| E|CS|TAMS 0x0000000722600000, 0x0000000722600000| Complete 
| 225|0x0000000722800000, 0x0000000722a00000, 0x0000000722a00000|100%| E|CS|TAMS 0x0000000722800000, 0x0000000722800000| Complete 
| 226|0x0000000722a00000, 0x0000000722c00000, 0x0000000722c00000|100%| E|CS|TAMS 0x0000000722a00000, 0x0000000722a00000| Complete 
| 227|0x0000000722c00000, 0x0000000722e00000, 0x0000000722e00000|100%| E|CS|TAMS 0x0000000722c00000, 0x0000000722c00000| Complete 
| 228|0x0000000722e00000, 0x0000000723000000, 0x0000000723000000|100%| E|CS|TAMS 0x0000000722e00000, 0x0000000722e00000| Complete 
| 229|0x0000000723000000, 0x0000000723200000, 0x0000000723200000|100%| E|CS|TAMS 0x0000000723000000, 0x0000000723000000| Complete 
| 230|0x0000000723200000, 0x0000000723400000, 0x0000000723400000|100%| E|CS|TAMS 0x0000000723200000, 0x0000000723200000| Complete 
| 231|0x0000000723400000, 0x0000000723600000, 0x0000000723600000|100%| E|CS|TAMS 0x0000000723400000, 0x0000000723400000| Complete 
| 232|0x0000000723600000, 0x0000000723800000, 0x0000000723800000|100%| E|CS|TAMS 0x0000000723600000, 0x0000000723600000| Complete 
| 233|0x0000000723800000, 0x0000000723a00000, 0x0000000723a00000|100%| E|CS|TAMS 0x0000000723800000, 0x0000000723800000| Complete 
| 234|0x0000000723a00000, 0x0000000723c00000, 0x0000000723c00000|100%| E|CS|TAMS 0x0000000723a00000, 0x0000000723a00000| Complete 
| 235|0x0000000723c00000, 0x0000000723e00000, 0x0000000723e00000|100%| E|CS|TAMS 0x0000000723c00000, 0x0000000723c00000| Complete 
| 236|0x0000000723e00000, 0x0000000724000000, 0x0000000724000000|100%| E|CS|TAMS 0x0000000723e00000, 0x0000000723e00000| Complete 
| 237|0x0000000724000000, 0x0000000724200000, 0x0000000724200000|100%| E|CS|TAMS 0x0000000724000000, 0x0000000724000000| Complete 
| 238|0x0000000724200000, 0x0000000724400000, 0x0000000724400000|100%| E|CS|TAMS 0x0000000724200000, 0x0000000724200000| Complete 
| 239|0x0000000724400000, 0x0000000724600000, 0x0000000724600000|100%| E|CS|TAMS 0x0000000724400000, 0x0000000724400000| Complete 
| 240|0x0000000724600000, 0x0000000724800000, 0x0000000724800000|100%| E|CS|TAMS 0x0000000724600000, 0x0000000724600000| Complete 
| 241|0x0000000724800000, 0x0000000724a00000, 0x0000000724a00000|100%| E|CS|TAMS 0x0000000724800000, 0x0000000724800000| Complete 
| 242|0x0000000724a00000, 0x0000000724c00000, 0x0000000724c00000|100%| E|CS|TAMS 0x0000000724a00000, 0x0000000724a00000| Complete 
| 243|0x0000000724c00000, 0x0000000724e00000, 0x0000000724e00000|100%| E|CS|TAMS 0x0000000724c00000, 0x0000000724c00000| Complete 
| 244|0x0000000724e00000, 0x0000000725000000, 0x0000000725000000|100%| E|CS|TAMS 0x0000000724e00000, 0x0000000724e00000| Complete 
| 245|0x0000000725000000, 0x0000000725200000, 0x0000000725200000|100%| E|CS|TAMS 0x0000000725000000, 0x0000000725000000| Complete 
| 246|0x0000000725200000, 0x0000000725400000, 0x0000000725400000|100%| E|CS|TAMS 0x0000000725200000, 0x0000000725200000| Complete 
| 247|0x0000000725400000, 0x0000000725600000, 0x0000000725600000|100%| E|CS|TAMS 0x0000000725400000, 0x0000000725400000| Complete 
| 248|0x0000000725600000, 0x0000000725800000, 0x0000000725800000|100%| E|CS|TAMS 0x0000000725600000, 0x0000000725600000| Complete 
| 249|0x0000000725800000, 0x0000000725a00000, 0x0000000725a00000|100%| E|CS|TAMS 0x0000000725800000, 0x0000000725800000| Complete 
| 250|0x0000000725a00000, 0x0000000725c00000, 0x0000000725c00000|100%| E|CS|TAMS 0x0000000725a00000, 0x0000000725a00000| Complete 
| 251|0x0000000725c00000, 0x0000000725e00000, 0x0000000725e00000|100%| E|CS|TAMS 0x0000000725c00000, 0x0000000725c00000| Complete 
| 252|0x0000000725e00000, 0x0000000726000000, 0x0000000726000000|100%| E|CS|TAMS 0x0000000725e00000, 0x0000000725e00000| Complete 
| 253|0x0000000726000000, 0x0000000726200000, 0x0000000726200000|100%| E|CS|TAMS 0x0000000726000000, 0x0000000726000000| Complete 
| 254|0x0000000726200000, 0x0000000726400000, 0x0000000726400000|100%| E|CS|TAMS 0x0000000726200000, 0x0000000726200000| Complete 
| 255|0x0000000726400000, 0x0000000726600000, 0x0000000726600000|100%| E|CS|TAMS 0x0000000726400000, 0x0000000726400000| Complete 
| 256|0x0000000726600000, 0x0000000726800000, 0x0000000726800000|100%| E|CS|TAMS 0x0000000726600000, 0x0000000726600000| Complete 
| 257|0x0000000726800000, 0x0000000726a00000, 0x0000000726a00000|100%| E|CS|TAMS 0x0000000726800000, 0x0000000726800000| Complete 
| 258|0x0000000726a00000, 0x0000000726c00000, 0x0000000726c00000|100%| E|CS|TAMS 0x0000000726a00000, 0x0000000726a00000| Complete 
| 259|0x0000000726c00000, 0x0000000726e00000, 0x0000000726e00000|100%| E|CS|TAMS 0x0000000726c00000, 0x0000000726c00000| Complete 

Card table byte_map: [0x000002367b160000,0x000002367b930000] _byte_map_base: 0x000002367792d000

Marking Bits (Prev, Next): (CMBitMap*) 0x0000023663766030, (CMBitMap*) 0x0000023663766070
 Prev Bits: [0x000002367c100000, 0x000002367ff68000)
 Next Bits: [0x0000023600000000, 0x0000023603e68000)

Polling page: 0x0000023661630000

Metaspace:

Usage:
  Non-class:     10.48 MB used.
      Class:      1.19 MB used.
       Both:     11.67 MB used.

Virtual space:
  Non-class space:       64.00 MB reserved,      10.56 MB ( 17%) committed,  1 nodes.
      Class space:        1.00 GB reserved,       1.31 MB ( <1%) committed,  1 nodes.
             Both:        1.06 GB reserved,      11.88 MB (  1%) committed. 

Chunk freelists:
   Non-Class:  1.00 MB
       Class:  2.74 MB
        Both:  3.74 MB

MaxMetaspaceSize: unlimited
CompressedClassSpaceSize: 1.00 GB
Initial GC threshold: 21.00 MB
Current GC threshold: 21.00 MB
CDS: on
MetaspaceReclaimPolicy: balanced
 - commit_granule_bytes: 65536.
 - commit_granule_words: 8192.
 - virtual_space_node_default_size: 8388608.
 - enlarge_chunks_in_place: 1.
 - new_chunks_are_fully_committed: 0.
 - uncommit_free_chunks: 1.
 - use_allocation_guard: 0.


Internal statistics:

num_allocs_failed_limit: 0.
num_arena_births: 178.
num_arena_deaths: 0.
num_vsnodes_births: 2.
num_vsnodes_deaths: 0.
num_space_committed: 190.
num_space_uncommitted: 0.
num_chunks_returned_to_freelist: 0.
num_chunks_taken_from_freelist: 267.
num_chunk_merges: 0.
num_chunk_splits: 175.
num_chunks_enlarged: 111.
num_inconsistent_stats: 0.

CodeHeap 'non-profiled nmethods': size=120000Kb used=583Kb max_used=583Kb free=119417Kb
 bounds [0x0000023673120000, 0x0000023673390000, 0x000002367a650000]
CodeHeap 'profiled nmethods': size=120000Kb used=3253Kb max_used=3253Kb free=116746Kb
 bounds [0x000002366b650000, 0x000002366b980000, 0x0000023672b80000]
CodeHeap 'non-nmethods': size=5760Kb used=1426Kb max_used=1441Kb free=4333Kb
 bounds [0x0000023672b80000, 0x0000023672df0000, 0x0000023673120000]
 total_blobs=2486 nmethods=1813 adapters=584
 compilation: enabled
              stopped_count=0, restarted_count=0
 full_count=0

Compilation events (20 events):
Event: 155.019 Thread 0x000002360ac0d990 1804       3       java.text.SimpleDateFormat::initialize (84 bytes)
Event: 155.021 Thread 0x000002360ac0d990 nmethod 1804 0x000002366b974f10 code [0x000002366b975220, 0x000002366b9764e8]
Event: 160.570 Thread 0x000002360617e790 1805       4       java.lang.Character::digit (6 bytes)
Event: 160.572 Thread 0x000002360617e790 nmethod 1805 0x00000236731b1510 code [0x00000236731b16a0, 0x00000236731b17d8]
Event: 160.572 Thread 0x000002360ac0d990 1806       3       javax.swing.SwingUtilities::layoutCompoundLabel (163 bytes)
Event: 160.573 Thread 0x000002360ac0d990 nmethod 1806 0x000002366b976b90 code [0x000002366b976d60, 0x000002366b977328]
Event: 160.573 Thread 0x000002360ac0d990 1807       3       javax.swing.SwingUtilities::layoutCompoundLabelImpl (758 bytes)
Event: 160.575 Thread 0x000002360ac0d990 nmethod 1807 0x000002366b977490 code [0x000002366b977820, 0x000002366b979588]
Event: 160.575 Thread 0x000002360ac0d990 1809   !   3       sun.swing.SwingUtilities2::stringWidth (110 bytes)
Event: 160.576 Thread 0x000002360ac0d990 nmethod 1809 0x000002366b97a310 code [0x000002366b97a5a0, 0x000002366b97b018]
Event: 160.576 Thread 0x000002360ac0d990 1810       3       sun.swing.SwingUtilities2::getFontStringWidth (30 bytes)
Event: 160.576 Thread 0x000002360ac0d990 nmethod 1810 0x000002366b97b410 code [0x000002366b97b5e0, 0x000002366b97b9c8]
Event: 160.576 Thread 0x000002360ac0d990 1811       3       sun.swing.SwingUtilities2::getLeftSideBearing (24 bytes)
Event: 160.577 Thread 0x000002360ac0d990 nmethod 1811 0x000002366b97bb90 code [0x000002366b97bdc0, 0x000002366b97c508]
Event: 160.577 Thread 0x000002360ac0d990 1808       3       sun.swing.SwingUtilities2::stringWidth (9 bytes)
Event: 160.577 Thread 0x000002360ac0d990 nmethod 1808 0x000002366b97c810 code [0x000002366b97c9c0, 0x000002366b97cae8]
Event: 160.577 Thread 0x000002360ac0d990 1812       3       javax.swing.JComponent::getInsets (79 bytes)
Event: 160.577 Thread 0x000002360ac0d990 nmethod 1812 0x000002366b97cb90 code [0x000002366b97cd80, 0x000002366b97d478]
Event: 160.577 Thread 0x000002360ac0d990 1813       1       sun.awt.geom.Edge::getCurve (5 bytes)
Event: 160.577 Thread 0x000002360ac0d990 nmethod 1813 0x00000236731b1910 code [0x00000236731b1aa0, 0x00000236731b1b78]

GC Heap History (20 events):
Event: 159.240 GC heap before
{Heap before GC invocations=1264 (full 0):
 garbage-first heap   total 532480K, used 330310K [0x0000000706600000, 0x0000000800000000)
  region size 2048K, 156 young (319488K), 1 survivors (2048K)
 Metaspace       used 11836K, committed 12096K, reserved 1114112K
  class space    used 1207K, committed 1344K, reserved 1048576K
}
Event: 159.242 GC heap after
{Heap after GC invocations=1265 (full 0):
 garbage-first heap   total 532480K, used 12870K [0x0000000706600000, 0x0000000800000000)
  region size 2048K, 1 young (2048K), 1 survivors (2048K)
 Metaspace       used 11836K, committed 12096K, reserved 1114112K
  class space    used 1207K, committed 1344K, reserved 1048576K
}
Event: 159.377 GC heap before
{Heap before GC invocations=1265 (full 0):
 garbage-first heap   total 532480K, used 330310K [0x0000000706600000, 0x0000000800000000)
  region size 2048K, 156 young (319488K), 1 survivors (2048K)
 Metaspace       used 11836K, committed 12096K, reserved 1114112K
  class space    used 1207K, committed 1344K, reserved 1048576K
}
Event: 159.379 GC heap after
{Heap after GC invocations=1266 (full 0):
 garbage-first heap   total 532480K, used 12870K [0x0000000706600000, 0x0000000800000000)
  region size 2048K, 1 young (2048K), 1 survivors (2048K)
 Metaspace       used 11836K, committed 12096K, reserved 1114112K
  class space    used 1207K, committed 1344K, reserved 1048576K
}
Event: 159.512 GC heap before
{Heap before GC invocations=1266 (full 0):
 garbage-first heap   total 532480K, used 330310K [0x0000000706600000, 0x0000000800000000)
  region size 2048K, 156 young (319488K), 1 survivors (2048K)
 Metaspace       used 11836K, committed 12096K, reserved 1114112K
  class space    used 1207K, committed 1344K, reserved 1048576K
}
Event: 159.515 GC heap after
{Heap after GC invocations=1267 (full 0):
 garbage-first heap   total 532480K, used 12872K [0x0000000706600000, 0x0000000800000000)
  region size 2048K, 1 young (2048K), 1 survivors (2048K)
 Metaspace       used 11836K, committed 12096K, reserved 1114112K
  class space    used 1207K, committed 1344K, reserved 1048576K
}
Event: 159.649 GC heap before
{Heap before GC invocations=1267 (full 0):
 garbage-first heap   total 532480K, used 330312K [0x0000000706600000, 0x0000000800000000)
  region size 2048K, 156 young (319488K), 1 survivors (2048K)
 Metaspace       used 11836K, committed 12096K, reserved 1114112K
  class space    used 1207K, committed 1344K, reserved 1048576K
}
Event: 159.651 GC heap after
{Heap after GC invocations=1268 (full 0):
 garbage-first heap   total 532480K, used 12866K [0x0000000706600000, 0x0000000800000000)
  region size 2048K, 1 young (2048K), 1 survivors (2048K)
 Metaspace       used 11836K, committed 12096K, reserved 1114112K
  class space    used 1207K, committed 1344K, reserved 1048576K
}
Event: 159.786 GC heap before
{Heap before GC invocations=1268 (full 0):
 garbage-first heap   total 532480K, used 330306K [0x0000000706600000, 0x0000000800000000)
  region size 2048K, 156 young (319488K), 1 survivors (2048K)
 Metaspace       used 11836K, committed 12096K, reserved 1114112K
  class space    used 1207K, committed 1344K, reserved 1048576K
}
Event: 159.788 GC heap after
{Heap after GC invocations=1269 (full 0):
 garbage-first heap   total 532480K, used 12872K [0x0000000706600000, 0x0000000800000000)
  region size 2048K, 1 young (2048K), 1 survivors (2048K)
 Metaspace       used 11836K, committed 12096K, reserved 1114112K
  class space    used 1207K, committed 1344K, reserved 1048576K
}
Event: 159.932 GC heap before
{Heap before GC invocations=1269 (full 0):
 garbage-first heap   total 532480K, used 330312K [0x0000000706600000, 0x0000000800000000)
  region size 2048K, 156 young (319488K), 1 survivors (2048K)
 Metaspace       used 11836K, committed 12096K, reserved 1114112K
  class space    used 1207K, committed 1344K, reserved 1048576K
}
Event: 159.934 GC heap after
{Heap after GC invocations=1270 (full 0):
 garbage-first heap   total 532480K, used 12872K [0x0000000706600000, 0x0000000800000000)
  region size 2048K, 1 young (2048K), 1 survivors (2048K)
 Metaspace       used 11836K, committed 12096K, reserved 1114112K
  class space    used 1207K, committed 1344K, reserved 1048576K
}
Event: 160.072 GC heap before
{Heap before GC invocations=1270 (full 0):
 garbage-first heap   total 532480K, used 330312K [0x0000000706600000, 0x0000000800000000)
  region size 2048K, 156 young (319488K), 1 survivors (2048K)
 Metaspace       used 11836K, committed 12096K, reserved 1114112K
  class space    used 1207K, committed 1344K, reserved 1048576K
}
Event: 160.074 GC heap after
{Heap after GC invocations=1271 (full 0):
 garbage-first heap   total 532480K, used 12868K [0x0000000706600000, 0x0000000800000000)
  region size 2048K, 1 young (2048K), 1 survivors (2048K)
 Metaspace       used 11836K, committed 12096K, reserved 1114112K
  class space    used 1207K, committed 1344K, reserved 1048576K
}
Event: 160.207 GC heap before
{Heap before GC invocations=1271 (full 0):
 garbage-first heap   total 532480K, used 330308K [0x0000000706600000, 0x0000000800000000)
  region size 2048K, 156 young (319488K), 1 survivors (2048K)
 Metaspace       used 11836K, committed 12096K, reserved 1114112K
  class space    used 1207K, committed 1344K, reserved 1048576K
}
Event: 160.210 GC heap after
{Heap after GC invocations=1272 (full 0):
 garbage-first heap   total 532480K, used 12872K [0x0000000706600000, 0x0000000800000000)
  region size 2048K, 1 young (2048K), 1 survivors (2048K)
 Metaspace       used 11836K, committed 12096K, reserved 1114112K
  class space    used 1207K, committed 1344K, reserved 1048576K
}
Event: 160.341 GC heap before
{Heap before GC invocations=1272 (full 0):
 garbage-first heap   total 532480K, used 330312K [0x0000000706600000, 0x0000000800000000)
  region size 2048K, 156 young (319488K), 1 survivors (2048K)
 Metaspace       used 11836K, committed 12096K, reserved 1114112K
  class space    used 1207K, committed 1344K, reserved 1048576K
}
Event: 160.344 GC heap after
{Heap after GC invocations=1273 (full 0):
 garbage-first heap   total 532480K, used 12868K [0x0000000706600000, 0x0000000800000000)
  region size 2048K, 1 young (2048K), 1 survivors (2048K)
 Metaspace       used 11836K, committed 12096K, reserved 1114112K
  class space    used 1207K, committed 1344K, reserved 1048576K
}
Event: 160.469 GC heap before
{Heap before GC invocations=1273 (full 0):
 garbage-first heap   total 532480K, used 330308K [0x0000000706600000, 0x0000000800000000)
  region size 2048K, 156 young (319488K), 1 survivors (2048K)
 Metaspace       used 11836K, committed 12096K, reserved 1114112K
  class space    used 1207K, committed 1344K, reserved 1048576K
}
Event: 160.472 GC heap after
{Heap after GC invocations=1274 (full 0):
 garbage-first heap   total 532480K, used 12868K [0x0000000706600000, 0x0000000800000000)
  region size 2048K, 1 young (2048K), 1 survivors (2048K)
 Metaspace       used 11836K, committed 12096K, reserved 1114112K
  class space    used 1207K, committed 1344K, reserved 1048576K
}

Dll operation events (11 events):
Event: 0.010 Loaded shared library C:\Program Files\Java\jdk-19\bin\java.dll
Event: 0.028 Loaded shared library C:\Program Files\Java\jdk-19\bin\jsvml.dll
Event: 0.093 Loaded shared library C:\Program Files\Java\jdk-19\bin\jimage.dll
Event: 0.117 Loaded shared library C:\Program Files\Java\jdk-19\bin\net.dll
Event: 0.119 Loaded shared library C:\Program Files\Java\jdk-19\bin\nio.dll
Event: 0.123 Loaded shared library C:\Program Files\Java\jdk-19\bin\zip.dll
Event: 0.159 Loaded shared library C:\Program Files\Java\jdk-19\bin\awt.dll
Event: 0.220 Loaded shared library C:\Program Files\Java\jdk-19\bin\verify.dll
Event: 0.931 Loaded shared library C:\Users\hamit\AppData\Local\Temp\sqlite-3.30.1-ccdfc6c3-1bbe-480e-8886-7e87837b0770-sqlitejdbc.dll
Event: 1.076 Loaded shared library C:\Program Files\Java\jdk-19\bin\freetype.dll
Event: 1.078 Loaded shared library C:\Program Files\Java\jdk-19\bin\fontmanager.dll

Deoptimization events (20 events):
Event: 1.013 Thread 0x00000236061762b0 DEOPT PACKING pc=0x00000236731622e4 sp=0x0000009c9c6fe800
Event: 1.013 Thread 0x00000236061762b0 DEOPT UNPACKING pc=0x0000023672bea5a3 sp=0x0000009c9c6fe7a8 mode 2
Event: 1.205 Thread 0x00000236061762b0 Uncommon trap: trap_request=0xffffff45 fr.pc=0x000002367315393c relative=0x000000000000017c
Event: 1.205 Thread 0x00000236061762b0 Uncommon trap: reason=unstable_if action=reinterpret pc=0x000002367315393c method=java.lang.invoke.VarHandle.checkAccessModeThenIsDirect(Ljava/lang/invoke/VarHandle$AccessDescriptor;)Z @ 4 c2
Event: 1.205 Thread 0x00000236061762b0 DEOPT PACKING pc=0x000002367315393c sp=0x0000009c9c6fec40
Event: 1.205 Thread 0x00000236061762b0 DEOPT UNPACKING pc=0x0000023672bea5a3 sp=0x0000009c9c6feb78 mode 2
Event: 1.393 Thread 0x00000236061762b0 DEOPT PACKING pc=0x000002366b8a6f83 sp=0x0000009c9c6fd2b0
Event: 1.393 Thread 0x00000236061762b0 DEOPT UNPACKING pc=0x0000023672beb0e3 sp=0x0000009c9c6fc780 mode 0
Event: 1.394 Thread 0x00000236061762b0 DEOPT PACKING pc=0x000002366b8a6f83 sp=0x0000009c9c6fd2b0
Event: 1.394 Thread 0x00000236061762b0 DEOPT UNPACKING pc=0x0000023672beb0e3 sp=0x0000009c9c6fc780 mode 0
Event: 1.395 Thread 0x00000236061762b0 DEOPT PACKING pc=0x000002366b8a6f83 sp=0x0000009c9c6fd2b0
Event: 1.395 Thread 0x00000236061762b0 DEOPT UNPACKING pc=0x0000023672beb0e3 sp=0x0000009c9c6fc780 mode 0
Event: 106.036 Thread 0x000002360afad620 Uncommon trap: trap_request=0xffffffcc fr.pc=0x00000236731af3f4 relative=0x0000000000000254
Event: 106.036 Thread 0x000002360afad620 Uncommon trap: reason=intrinsic_or_type_checked_inlining action=make_not_entrant pc=0x00000236731af3f4 method=java.util.Arrays.copyOf([Ljava/lang/Object;ILjava/lang/Class;)[Ljava/lang/Object; @ 35 c2
Event: 106.036 Thread 0x000002360afad620 DEOPT PACKING pc=0x00000236731af3f4 sp=0x0000009c9cafee80
Event: 106.036 Thread 0x000002360afad620 DEOPT UNPACKING pc=0x0000023672bea5a3 sp=0x0000009c9cafee10 mode 2
Event: 160.563 Thread 0x000002360ac96ff0 Uncommon trap: trap_request=0xffffff45 fr.pc=0x00000236731a5798 relative=0x0000000000001218
Event: 160.563 Thread 0x000002360ac96ff0 Uncommon trap: reason=unstable_if action=reinterpret pc=0x00000236731a5798 method=VT_YEDEK.BASLA.yedekLE()V @ 11 c2
Event: 160.563 Thread 0x000002360ac96ff0 DEOPT PACKING pc=0x00000236731a5798 sp=0x0000009c9adff550
Event: 160.563 Thread 0x000002360ac96ff0 DEOPT UNPACKING pc=0x0000023672bea5a3 sp=0x0000009c9adff410 mode 2

Classes loaded (20 events):
Event: 160.575 Loading class sun/awt/geom/Order1
Event: 160.575 Loading class sun/awt/geom/Order1 done
Event: 160.575 Loading class sun/awt/geom/AreaOp$NZWindOp
Event: 160.575 Loading class sun/awt/geom/AreaOp
Event: 160.575 Loading class sun/awt/geom/AreaOp done
Event: 160.575 Loading class sun/awt/geom/AreaOp$NZWindOp done
Event: 160.575 Loading class sun/awt/geom/AreaOp$1
Event: 160.575 Loading class sun/awt/geom/AreaOp$1 done
Event: 160.575 Loading class sun/awt/geom/CurveLink
Event: 160.576 Loading class sun/awt/geom/CurveLink done
Event: 160.576 Loading class sun/awt/geom/ChainEnd
Event: 160.576 Loading class sun/awt/geom/ChainEnd done
Event: 160.576 Loading class java/util/Vector$1
Event: 160.576 Loading class java/util/Vector$1 done
Event: 160.576 Loading class sun/awt/geom/Edge
Event: 160.576 Loading class sun/awt/geom/Edge done
Event: 160.576 Loading class sun/awt/geom/AreaOp$IntOp
Event: 160.576 Loading class sun/awt/geom/AreaOp$CAGOp
Event: 160.576 Loading class sun/awt/geom/AreaOp$CAGOp done
Event: 160.576 Loading class sun/awt/geom/AreaOp$IntOp done

Classes unloaded (0 events):
No events

Classes redefined (0 events):
No events

Internal exceptions (17 events):
Event: 0.142 Thread 0x00000236636f6e30 Exception <a 'java/lang/ClassNotFoundException'{0x0000000715cc9920}: sun/awt/resources/spi/awtProvider> (0x0000000715cc9920) 
thrown [s\open\src\hotspot\share\classfile\systemDictionary.cpp, line 255]
Event: 0.180 Thread 0x00000236636f6e30 Exception <a 'java/io/FileNotFoundException'{0x0000000715d22bb8}> (0x0000000715d22bb8) 
thrown [s\open\src\hotspot\share\prims\jni.cpp, line 517]
Event: 0.191 Thread 0x00000236636f6e30 Exception <a 'java/io/FileNotFoundException'{0x0000000715d4f0b0}> (0x0000000715d4f0b0) 
thrown [s\open\src\hotspot\share\prims\jni.cpp, line 517]
Event: 0.256 Thread 0x00000236636f6e30 Exception <a 'java/lang/NoSuchMethodError'{0x0000000715daf3c8}: 'java.lang.Object java.lang.invoke.DirectMethodHandle$Holder.invokeStaticInit(java.lang.Object)'> (0x0000000715daf3c8) 
thrown [s\open\src\hotspot\share\interpreter\linkResolver.cpp, line 774]
Event: 0.316 Thread 0x00000236061762b0 Exception <a 'java/lang/NoSuchMethodError'{0x0000000715aca990}: 'void java.lang.invoke.DirectMethodHandle$Holder.invokeSpecial(java.lang.Object, java.lang.Object, java.lang.Object)'> (0x0000000715aca990) 
thrown [s\open\src\hotspot\share\interpreter\linkResolver.cpp, line 774]
Event: 0.326 Thread 0x00000236061762b0 Exception <a 'java/lang/NoSuchMethodError'{0x0000000715b664f0}: 'java.lang.Object java.lang.invoke.DirectMethodHandle$Holder.newInvokeSpecial(java.lang.Object, java.lang.Object, java.lang.Object, java.lang.Object, java.lang.Object)'> (0x0000000715b664f0) 
thrown [s\open\src\hotspot\share\interpreter\linkResolver.cpp, line 774]
Event: 0.334 Thread 0x00000236061762b0 Exception <a 'java/lang/NoSuchMethodError'{0x0000000715b97bd8}: 'java.lang.Object java.lang.invoke.DirectMethodHandle$Holder.invokeStatic(java.lang.Object, int, java.lang.Object)'> (0x0000000715b97bd8) 
thrown [s\open\src\hotspot\share\interpreter\linkResolver.cpp, line 774]
Event: 0.379 Thread 0x00000236061762b0 Exception <a 'java/lang/ClassNotFoundException'{0x0000000715853af8}: com/sun/swing/internal/plaf/metal/resources/spi/metalProvider> (0x0000000715853af8) 
thrown [s\open\src\hotspot\share\classfile\systemDictionary.cpp, line 255]
Event: 0.380 Thread 0x00000236061762b0 Exception <a 'java/lang/ClassNotFoundException'{0x0000000715857ac8}: com/sun/swing/internal/plaf/basic/resources/spi/basicProvider> (0x0000000715857ac8) 
thrown [s\open\src\hotspot\share\classfile\systemDictionary.cpp, line 255]
Event: 0.391 Thread 0x00000236061762b0 Exception <a 'java/lang/NoSuchMethodError'{0x0000000715877f98}: 'int java.lang.invoke.Invokers$Holder.invokeExact_MT(java.lang.Object, java.lang.Object)'> (0x0000000715877f98) 
thrown [s\open\src\hotspot\share\interpreter\linkResolver.cpp, line 774]
Event: 0.406 Thread 0x00000236061762b0 Exception <a 'java/lang/NoSuchMethodError'{0x000000071588ac70}: 'void java.lang.invoke.DirectMethodHandle$Holder.invokeStatic(java.lang.Object, java.lang.Object, java.lang.Object)'> (0x000000071588ac70) 
thrown [s\open\src\hotspot\share\interpreter\linkResolver.cpp, line 774]
Event: 0.407 Thread 0x00000236061762b0 Exception <a 'java/lang/NoSuchMethodError'{0x0000000715891380}: 'void java.lang.invoke.DirectMethodHandle$Holder.invokeStatic(java.lang.Object, java.lang.Object)'> (0x0000000715891380) 
thrown [s\open\src\hotspot\share\interpreter\linkResolver.cpp, line 774]
Event: 0.585 Thread 0x00000236061762b0 Exception <a 'java/lang/NoSuchMethodError'{0x00000007157dee20}: 'java.lang.Object java.lang.invoke.DirectMethodHandle$Holder.invokeInterface(java.lang.Object, java.lang.Object)'> (0x00000007157dee20) 
thrown [s\open\src\hotspot\share\interpreter\linkResolver.cpp, line 774]
Event: 0.740 Thread 0x00000236061762b0 Exception <a 'java/lang/NoSuchMethodError'{0x00000007152faa18}: 'java.lang.Object java.lang.invoke.DirectMethodHandle$Holder.invokeStaticInit(java.lang.Object, int, int, int, int)'> (0x00000007152faa18) 
thrown [s\open\src\hotspot\share\interpreter\linkResolver.cpp, line 774]
Event: 0.813 Thread 0x00000236061762b0 Exception <a 'java/lang/NoSuchMethodError'{0x00000007153891a0}: 'java.lang.Object java.lang.invoke.DirectMethodHandle$Holder.invokeStaticInit(java.lang.Object, java.lang.Object, int, int, int, int)'> (0x00000007153891a0) 
thrown [s\open\src\hotspot\share\interpreter\linkResolver.cpp, line 774]
Event: 1.037 Thread 0x00000236061752c0 Exception <a 'java/lang/NoSuchMethodError'{0x0000000715a0f948}: 'void java.lang.invoke.DirectMethodHandle$Holder.invokeVirtual(java.lang.Object, java.lang.Object)'> (0x0000000715a0f948) 
thrown [s\open\src\hotspot\share\interpreter\linkResolver.cpp, line 774]
Event: 1.071 Thread 0x00000236061762b0 Exception <a 'java/lang/NoSuchMethodError'{0x0000000715ef1930}: 'void java.lang.invoke.DirectMethodHandle$Holder.invokeStaticInit(java.lang.Object)'> (0x0000000715ef1930) 
thrown [s\open\src\hotspot\share\interpreter\linkResolver.cpp, line 774]

VM Operations (20 events):
Event: 159.240 Executing VM operation: G1CollectForAllocation
Event: 159.242 Executing VM operation: G1CollectForAllocation done
Event: 159.376 Executing VM operation: G1CollectForAllocation
Event: 159.379 Executing VM operation: G1CollectForAllocation done
Event: 159.512 Executing VM operation: G1CollectForAllocation
Event: 159.515 Executing VM operation: G1CollectForAllocation done
Event: 159.649 Executing VM operation: G1CollectForAllocation
Event: 159.651 Executing VM operation: G1CollectForAllocation done
Event: 159.786 Executing VM operation: G1CollectForAllocation
Event: 159.788 Executing VM operation: G1CollectForAllocation done
Event: 159.932 Executing VM operation: G1CollectForAllocation
Event: 159.934 Executing VM operation: G1CollectForAllocation done
Event: 160.072 Executing VM operation: G1CollectForAllocation
Event: 160.074 Executing VM operation: G1CollectForAllocation done
Event: 160.207 Executing VM operation: G1CollectForAllocation
Event: 160.210 Executing VM operation: G1CollectForAllocation done
Event: 160.341 Executing VM operation: G1CollectForAllocation
Event: 160.344 Executing VM operation: G1CollectForAllocation done
Event: 160.469 Executing VM operation: G1CollectForAllocation
Event: 160.472 Executing VM operation: G1CollectForAllocation done

Events (20 events):
Event: 160.560 Thread 0x000002360ac97a90 Thread added: 0x000002360ac97a90
Event: 160.560 Thread 0x000002360afadb70 Thread exited: 0x000002360afadb70
Event: 160.561 Thread 0x000002360cede980 Thread added: 0x000002360cede980
Event: 160.561 Thread 0x000002360ac97a90 Thread exited: 0x000002360ac97a90
Event: 160.561 Thread 0x000002360d4b5230 Thread added: 0x000002360d4b5230
Event: 160.561 Thread 0x000002360cede980 Thread exited: 0x000002360cede980
Event: 160.561 Thread 0x000002360afabb90 Thread added: 0x000002360afabb90
Event: 160.561 Thread 0x000002360d4b5230 Thread exited: 0x000002360d4b5230
Event: 160.561 Thread 0x000002360ac97a90 Thread added: 0x000002360ac97a90
Event: 160.561 Thread 0x000002360afabb90 Thread exited: 0x000002360afabb90
Event: 160.562 Thread 0x000002360afabb90 Thread added: 0x000002360afabb90
Event: 160.562 Thread 0x000002360ac97a90 Thread exited: 0x000002360ac97a90
Event: 160.562 Thread 0x000002360ac97fe0 Thread added: 0x000002360ac97fe0
Event: 160.562 Thread 0x000002360afabb90 Thread exited: 0x000002360afabb90
Event: 160.562 Thread 0x000002360afadb70 Thread added: 0x000002360afadb70
Event: 160.562 Thread 0x000002360ac97fe0 Thread exited: 0x000002360ac97fe0
Event: 160.563 Thread 0x000002360afaf600 Thread added: 0x000002360afaf600
Event: 160.563 Thread 0x000002360afadb70 Thread exited: 0x000002360afadb70
Event: 160.563 Thread 0x000002360ac96ff0 Thread added: 0x000002360ac96ff0
Event: 160.563 Thread 0x000002360afaf600 Thread exited: 0x000002360afaf600


Dynamic libraries:
0x00007ff7720c0000 - 0x00007ff7720d0000 	C:\Program Files\Java\jdk-19\bin\javaw.exe
0x00007fff49c50000 - 0x00007fff49e64000 	C:\WINDOWS\SYSTEM32\ntdll.dll
0x00007fff487a0000 - 0x00007fff48863000 	C:\WINDOWS\System32\KERNEL32.DLL
0x00007fff47580000 - 0x00007fff4791d000 	C:\WINDOWS\System32\KERNELBASE.dll
0x00007fff47280000 - 0x00007fff47391000 	C:\WINDOWS\System32\ucrtbase.dll
0x00007fff3c240000 - 0x00007fff3c25b000 	C:\Program Files\Java\jdk-19\bin\VCRUNTIME140.dll
0x00007fff3b2f0000 - 0x00007fff3b308000 	C:\Program Files\Java\jdk-19\bin\jli.dll
0x00007fff485f0000 - 0x00007fff4869e000 	C:\WINDOWS\System32\ADVAPI32.dll
0x00007fff48fd0000 - 0x00007fff49077000 	C:\WINDOWS\System32\msvcrt.dll
0x00007fff48910000 - 0x00007fff489b4000 	C:\WINDOWS\System32\sechost.dll
0x00007fff48e20000 - 0x00007fff48f35000 	C:\WINDOWS\System32\RPCRT4.dll
0x00007fff48af0000 - 0x00007fff48c9d000 	C:\WINDOWS\System32\USER32.dll
0x00007fff47550000 - 0x00007fff47576000 	C:\WINDOWS\System32\win32u.dll
0x00007fff39650000 - 0x00007fff398de000 	C:\WINDOWS\WinSxS\amd64_microsoft.windows.common-controls_6595b64144ccf1df_6.0.22621.608_none_a9444ca7c10bb01d\COMCTL32.dll
0x00007fff49b70000 - 0x00007fff49b99000 	C:\WINDOWS\System32\GDI32.dll
0x00007fff47920000 - 0x00007fff47a32000 	C:\WINDOWS\System32\gdi32full.dll
0x00007fff47070000 - 0x00007fff4710a000 	C:\WINDOWS\System32\msvcp_win.dll
0x00007fff3c770000 - 0x00007fff3c77a000 	C:\WINDOWS\SYSTEM32\VERSION.dll
0x00007fff48a40000 - 0x00007fff48a72000 	C:\WINDOWS\System32\IMM32.DLL
0x00007fff3cd70000 - 0x00007fff3cd7c000 	C:\Program Files\Java\jdk-19\bin\vcruntime140_1.dll
0x00007fff263b0000 - 0x00007fff2643e000 	C:\Program Files\Java\jdk-19\bin\msvcp140.dll
0x00007ffec4ee0000 - 0x00007ffec5ba0000 	C:\Program Files\Java\jdk-19\bin\server\jvm.dll
0x00007fff3b2e0000 - 0x00007fff3b2e9000 	C:\WINDOWS\SYSTEM32\WSOCK32.dll
0x00007fff3cce0000 - 0x00007fff3cd14000 	C:\WINDOWS\SYSTEM32\WINMM.dll
0x00007fff489c0000 - 0x00007fff48a31000 	C:\WINDOWS\System32\ws2_32.DLL
0x00007fff46190000 - 0x00007fff461a8000 	C:\WINDOWS\SYSTEM32\kernel.appcore.dll
0x00007fff3ab00000 - 0x00007fff3ab0a000 	C:\Program Files\Java\jdk-19\bin\jimage.dll
0x00007fff44a90000 - 0x00007fff44cbe000 	C:\WINDOWS\SYSTEM32\DBGHELP.DLL
0x00007fff497e0000 - 0x00007fff49b6a000 	C:\WINDOWS\System32\combase.dll
0x00007fff49560000 - 0x00007fff49637000 	C:\WINDOWS\System32\OLEAUT32.dll
0x00007fff3ba20000 - 0x00007fff3ba52000 	C:\WINDOWS\SYSTEM32\dbgcore.DLL
0x00007fff473a0000 - 0x00007fff4741b000 	C:\WINDOWS\System32\bcryptPrimitives.dll
0x00007fff393f0000 - 0x00007fff39416000 	C:\Program Files\Java\jdk-19\bin\java.dll
0x00007fff25a60000 - 0x00007fff25b37000 	C:\Program Files\Java\jdk-19\bin\jsvml.dll
0x00007fff47b10000 - 0x00007fff482ff000 	C:\WINDOWS\System32\SHELL32.dll
0x00007fff45040000 - 0x00007fff45908000 	C:\WINDOWS\SYSTEM32\windows.storage.dll
0x00007fff44f00000 - 0x00007fff4503e000 	C:\WINDOWS\SYSTEM32\wintypes.dll
0x00007fff486a0000 - 0x00007fff48791000 	C:\WINDOWS\System32\SHCORE.dll
0x00007fff48870000 - 0x00007fff488ce000 	C:\WINDOWS\System32\shlwapi.dll
0x00007fff46fa0000 - 0x00007fff46fc1000 	C:\WINDOWS\SYSTEM32\profapi.dll
0x00007fff3aa50000 - 0x00007fff3aa63000 	C:\Program Files\Java\jdk-19\bin\net.dll
0x00007fff411d0000 - 0x00007fff412ff000 	C:\WINDOWS\SYSTEM32\WINHTTP.dll
0x00007fff46620000 - 0x00007fff46689000 	C:\WINDOWS\system32\mswsock.dll
0x00007fff3a3c0000 - 0x00007fff3a3d6000 	C:\Program Files\Java\jdk-19\bin\nio.dll
0x00007fff35ed0000 - 0x00007fff35ee8000 	C:\Program Files\Java\jdk-19\bin\zip.dll
0x00007fff251a0000 - 0x00007fff25331000 	C:\Program Files\Java\jdk-19\bin\awt.dll
0x00007fff43bf0000 - 0x00007fff43c87000 	C:\WINDOWS\SYSTEM32\apphelp.dll
0x00007fff3a960000 - 0x00007fff3a970000 	C:\Program Files\Java\jdk-19\bin\verify.dll
0x00007fff43df0000 - 0x00007fff43e9b000 	C:\WINDOWS\system32\uxtheme.dll
0x00007fff48300000 - 0x00007fff4841e000 	C:\WINDOWS\System32\MSCTF.dll
0x00007fff49640000 - 0x00007fff497dc000 	C:\WINDOWS\System32\ole32.dll
0x00007fff441d0000 - 0x00007fff441fb000 	C:\WINDOWS\system32\DWMAPI.DLL
0x00007fff340d0000 - 0x00007fff341d0000 	C:\WINDOWS\system32\opengl32.dll
0x00007fff39590000 - 0x00007fff395bd000 	C:\WINDOWS\SYSTEM32\GLU32.dll
0x00007fff44210000 - 0x00007fff44246000 	C:\WINDOWS\SYSTEM32\dxcore.dll
0x00007fff46870000 - 0x00007fff4688b000 	C:\WINDOWS\SYSTEM32\CRYPTSP.dll
0x00007fff460f0000 - 0x00007fff46125000 	C:\WINDOWS\system32\rsaenh.dll
0x00007fff46710000 - 0x00007fff46738000 	C:\WINDOWS\SYSTEM32\USERENV.dll
0x00007fff46a10000 - 0x00007fff46a38000 	C:\WINDOWS\SYSTEM32\bcrypt.dll
0x00007fff46890000 - 0x00007fff4689c000 	C:\WINDOWS\SYSTEM32\CRYPTBASE.dll
0x00007fff45b70000 - 0x00007fff45b9d000 	C:\WINDOWS\SYSTEM32\IPHLPAPI.DLL
0x00007fff48900000 - 0x00007fff48909000 	C:\WINDOWS\System32\NSI.dll
0x00007fff3d7e0000 - 0x00007fff3d7f9000 	C:\WINDOWS\SYSTEM32\dhcpcsvc6.DLL
0x00007fff3d330000 - 0x00007fff3d34f000 	C:\WINDOWS\SYSTEM32\dhcpcsvc.DLL
0x00007fff45be0000 - 0x00007fff45cd2000 	C:\WINDOWS\SYSTEM32\DNSAPI.dll
0x0000000070340000 - 0x000000007040e000 	C:\Users\hamit\AppData\Local\Temp\sqlite-3.30.1-ccdfc6c3-1bbe-480e-8886-7e87837b0770-sqlitejdbc.dll
0x00007fff25900000 - 0x00007fff25986000 	C:\Program Files\Java\jdk-19\bin\freetype.dll
0x00007fff24e60000 - 0x00007fff24f09000 	C:\Program Files\Java\jdk-19\bin\fontmanager.dll
0x00007fff37680000 - 0x00007fff377ad000 	C:\WINDOWS\SYSTEM32\textinputframework.dll
0x00007fff3b270000 - 0x00007fff3b2d9000 	C:\WINDOWS\system32\Oleacc.dll
0x00007fff43a40000 - 0x00007fff43b73000 	C:\WINDOWS\SYSTEM32\CoreMessaging.dll
0x00007fff23c70000 - 0x00007fff23fdc000 	C:\WINDOWS\SYSTEM32\CoreUIComponents.dll

dbghelp: loaded successfully - version: 4.0.5 - missing functions: none
symbol engine: initialized successfully - sym options: 0x614 - pdb path: .;C:\Program Files\Java\jdk-19\bin;C:\WINDOWS\SYSTEM32;C:\WINDOWS\WinSxS\amd64_microsoft.windows.common-controls_6595b64144ccf1df_6.0.22621.608_none_a9444ca7c10bb01d;C:\Program Files\Java\jdk-19\bin\server;C:\Users\hamit\AppData\Local\Temp

VM Arguments:
jvm_args: -Dfile.encoding=UTF-8 -XX:+ShowCodeDetailsInExceptionMessages 
java_command: VT_YEDEK.BASLA
java_class_path (initial): C:\Users\hamit\git\Eclipse\VERITABANI_YEDEK\bin;C:\Users\hamit\git\Eclipse\OBS_CLASS_2025\bin;C:\ELIF\2025\sqlite-jdbc-3.30.1.jar;C:\ELIF\2025\sqljdbc4-4.0.jar;C:\ELIF\2025\jcalendar-1.4.jar;C:\ELIF\2025\jcommon-1.0.8.jar;C:\ELIF\2025\jfreechart.jar;C:\ELIF\2025\mail.jar;C:\ELIF\2025\mysql-connector-j-8.0.31.jar;C:\ELIF\2025\commons-net-3.7.jar
Launcher Type: SUN_STANDARD

[Global flags]
     intx CICompilerCount                          = 4                                         {product} {ergonomic}
     uint ConcGCThreads                            = 2                                         {product} {ergonomic}
     uint G1ConcRefinementThreads                  = 8                                         {product} {ergonomic}
   size_t G1HeapRegionSize                         = 2097152                                   {product} {ergonomic}
    uintx GCDrainStackTargetSize                   = 64                                        {product} {ergonomic}
   size_t InitialHeapSize                          = 262144000                                 {product} {ergonomic}
   size_t MarkStackSize                            = 4194304                                   {product} {ergonomic}
   size_t MaxHeapSize                              = 4188012544                                {product} {ergonomic}
   size_t MaxNewSize                               = 2512388096                                {product} {ergonomic}
   size_t MinHeapDeltaBytes                        = 2097152                                   {product} {ergonomic}
   size_t MinHeapSize                              = 8388608                                   {product} {ergonomic}
    uintx NonNMethodCodeHeapSize                   = 5839372                                {pd product} {ergonomic}
    uintx NonProfiledCodeHeapSize                  = 122909434                              {pd product} {ergonomic}
    uintx ProfiledCodeHeapSize                     = 122909434                              {pd product} {ergonomic}
    uintx ReservedCodeCacheSize                    = 251658240                              {pd product} {ergonomic}
     bool SegmentedCodeCache                       = true                                      {product} {ergonomic}
     bool ShowCodeDetailsInExceptionMessages       = true                                   {manageable} {command line}
   size_t SoftMaxHeapSize                          = 4188012544                             {manageable} {ergonomic}
     bool UseCompressedClassPointers               = true                           {product lp64_product} {ergonomic}
     bool UseCompressedOops                        = true                           {product lp64_product} {ergonomic}
     bool UseG1GC                                  = true                                      {product} {ergonomic}
     bool UseLargePagesIndividualAllocation        = false                                  {pd product} {ergonomic}

Logging:
Log output configuration:
 #0: stdout all=warning uptime,level,tags foldmultilines=false
 #1: stderr all=off uptime,level,tags foldmultilines=false

Environment Variables:
JAVA_HOME=C:\Program Files\Java\jdk-19
PATH=C:\Program Files\Common Files\Oracle\Java\javapath;C:\WINDOWS\system32;C:\WINDOWS;C:\WINDOWS\System32\Wbem;C:\WINDOWS\System32\WindowsPowerShell\v1.0\;C:\WINDOWS\System32\OpenSSH\;C:\Program Files\Microsoft SQL Server\Client SDK\ODBC\170\Tools\Binn\;C:\Program Files\Microsoft SQL Server\150\Tools\Binn\;C:\Program Files\Java\jdk-19\bin;C:\Program Files (x86)\Microsoft SQL Server\150\Tools\Binn\;C:\Program Files\Microsoft SQL Server\150\DTS\Binn\;C:\Program Files (x86)\Microsoft SQL Server\150\DTS\Binn\;C:\Program Files\Azure Data Studio\bin;C:\WINDOWS\system32;C:\WINDOWS;C:\WINDOWS\System32\Wbem;C:\WINDOWS\System32\WindowsPowerShell\v1.0\;C:\WINDOWS\System32\OpenSSH\;C:\Program Files\dotnet\;C:\Program Files\MySQL\MySQL Shell 8.0\bin\;C:\Users\hamit\AppData\Local\Microsoft\WindowsApps;C:\Program Files\Azure Data Studio\bin;C:\Users\hamit\.dotnet\tools
USERNAME=hamit
OS=Windows_NT
PROCESSOR_IDENTIFIER=Intel64 Family 6 Model 126 Stepping 5, GenuineIntel
TMP=C:\Users\hamit\AppData\Local\Temp
TEMP=C:\Users\hamit\AppData\Local\Temp



---------------  S Y S T E M  ---------------

OS:
 Windows 11 , 64 bit Build 22621 (10.0.22621.1105)
OS uptime: 2 days 6:14 hours
Hyper-V role detected

CPU: total 8 (initial active 8) (4 cores per cpu, 2 threads per core) family 6 model 126 stepping 5 microcode 0xb0, cx8, cmov, fxsr, ht, mmx, 3dnowpref, sse, sse2, sse3, ssse3, sse4.1, sse4.2, popcnt, lzcnt, tsc, tscinvbit, avx, avx2, aes, erms, clmul, bmi1, bmi2, adx, avx512f, avx512dq, avx512cd, avx512bw, avx512vl, sha, fma, vzeroupper, avx512_vpopcntdq, avx512_vpclmulqdq, avx512_vaes, avx512_vnni, clflush, clflushopt, avx512_vbmi2, avx512_vbmi, hv, rdtscp, rdpid, fsrm, gfni, avx512_bitalg

Memory: 4k page, system-wide physical 15969M (9264M free)
TotalPageFile size 16993M (AvailPageFile size 6914M)
current process WorkingSet (physical memory assigned to process): 113M, peak: 113M
current process commit charge ("private bytes"): 644M, peak: 645M

vm_info: Java HotSpot(TM) 64-Bit Server VM (19+36-2238) for windows-amd64 JRE (19+36-2238), built on 2022-08-12T20:29:01Z by "mach5one" with MS VC++ 17.1 (VS2022)

END.
