#
# A fatal error has been detected by the Java Runtime Environment:
#
#  EXCEPTION_ACCESS_VIOLATION (0xc0000005) at pc=0x00000000703936c4, pid=80708, tid=27348
#
# JRE version: Java(TM) SE Runtime Environment (19.0+36) (build 19+36-2238)
# Java VM: Java HotSpot(TM) 64-Bit Server VM (19+36-2238, mixed mode, sharing, tiered, compressed oops, compressed class ptrs, g1 gc, windows-amd64)
# Problematic frame:
# C  [sqlite-3.30.1-e5d52075-f46b-4092-a985-455c4caf9784-sqlitejdbc.dll+0x536c4]
#
# No core dump will be written. Minidumps are not enabled by default on client versions of Windows
#
# If you would like to submit a bug report, please visit:
#   https://bugreport.java.com/bugreport/crash.jsp
# The crash happened outside the Java Virtual Machine in native code.
# See problematic frame for where to report the bug.
#

---------------  S U M M A R Y ------------

Command Line: -Dfile.encoding=UTF-8 -XX:+ShowCodeDetailsInExceptionMessages VT_YEDEK.BASLA

Host: Intel(R) Core(TM) i7-1065G7 CPU @ 1.30GHz, 8 cores, 15G,  Windows 11 , 64 bit Build 22621 (10.0.22621.1105)
Time: Fri Jan 13 19:53:00 2023 Turkey Standard Time elapsed time: 55.281917 seconds (0d 0h 0m 55s)

---------------  T H R E A D  ---------------

Current thread (0x0000021ffa979360):  JavaThread "Timer-1" [_thread_in_native, id=27348, stack(0x000000d797d00000,0x000000d797e00000)]

Stack: [0x000000d797d00000,0x000000d797e00000],  sp=0x000000d797dfefb0,  free space=1019k
Native frames: (J=compiled Java code, j=interpreted, Vv=VM code, C=native code)
C  [sqlite-3.30.1-e5d52075-f46b-4092-a985-455c4caf9784-sqlitejdbc.dll+0x536c4]

Java frames: (J=compiled Java code, j=interpreted, Vv=VM code)
j  org.sqlite.core.NativeDB.reset(J)I+0
j  org.sqlite.jdbc3.JDBC3PreparedStatement.executeQuery()Ljava/sql/ResultSet;+39
j  OBS_C_2025.SQL_BACKUP.yedeklemeBILGI(Ljava/lang/String;)Ljava/sql/ResultSet;+76
j  VT_YEDEK.GOREV.yedekLEE()V+87
j  VT_YEDEK.GOREV.basla()V+108
j  VT_YEDEK.GOREV$3.actionPerformed(Ljava/awt/event/ActionEvent;)V+0
j  javax.swing.AbstractButton.fireActionPerformed(Ljava/awt/event/ActionEvent;)V+84 java.desktop@19
j  javax.swing.AbstractButton$Handler.actionPerformed(Ljava/awt/event/ActionEvent;)V+5 java.desktop@19
j  javax.swing.DefaultButtonModel.fireActionPerformed(Ljava/awt/event/ActionEvent;)V+34 java.desktop@19
j  javax.swing.DefaultButtonModel.setPressed(Z)V+117 java.desktop@19
j  javax.swing.AbstractButton.doClick(I)V+60 java.desktop@19
j  javax.swing.AbstractButton.doClick()V+3 java.desktop@19
j  VT_YEDEK.BASLA$8.run()V+219
j  java.util.TimerThread.mainLoop()V+221 java.base@19
j  java.util.TimerThread.run()V+1 java.base@19
v  ~StubRoutines::call_stub 0x0000021fe06d10e8

siginfo: EXCEPTION_ACCESS_VIOLATION (0xc0000005), reading address 0x0000021ffb261e18


Registers:
RAX=0x0000000000000000, RBX=0x0000021ffb261e18, RCX=0x0000021ffb261e18, RDX=0x000000d797dff0c0
RSP=0x000000d797dfefb0, RBP=0x000000d797dff090, RSI=0x0000000000000000, RDI=0x0000021fe06eb8aa
R8 =0x0000021ffb261e18, R9 =0x0000000000000001, R10=0x0000021fe06f074b, R11=0x0000000000000121
R12=0x0000000000000000, R13=0x0000021ff4b17f18, R14=0x000000d797dff0c0, R15=0x0000021ffa979360
RIP=0x00000000703936c4, EFLAGS=0x0000000000010206


Register to memory mapping:

RIP=0x00000000703936c4 sqlite-3.30.1-e5d52075-f46b-4092-a985-455c4caf9784-sqlitejdbc.dll
RAX=0x0 is NULL
RBX=0x0000021ffb261e18 is an unknown value
RCX=0x0000021ffb261e18 is an unknown value
RDX=0x000000d797dff0c0 is pointing into the stack for thread: 0x0000021ffa979360
RSP=0x000000d797dfefb0 is pointing into the stack for thread: 0x0000021ffa979360
RBP=0x000000d797dff090 is pointing into the stack for thread: 0x0000021ffa979360
RSI=0x0 is NULL
RDI=0x0000021fe06eb8aa is at code_begin+1386 in an Interpreter codelet
return entry points  [0x0000021fe06eb340, 0x0000021fe06ebe20]  2784 bytes
R8 =0x0000021ffb261e18 is an unknown value
R9 =0x0000000000000001 is an unknown value
R10=0x0000021fe06f074b is at code_begin+1259 in an Interpreter codelet
method entry point (kind = native_synchronized)  [0x0000021fe06f0260, 0x0000021fe06f0f68]  3336 bytes
R11=0x0000000000000121 is an unknown value
R12=0x0 is NULL
R13={method} {0x0000021ff4b17f20} 'reset' '(J)I' in 'org/sqlite/core/NativeDB'
R14=0x000000d797dff0c0 is pointing into the stack for thread: 0x0000021ffa979360
R15=0x0000021ffa979360 is a thread


Top of Stack: (sp=0x000000d797dfefb0)
0x000000d797dfefb0:   0000021ffa979300 0000000700000005
0x000000d797dfefc0:   0000000000000002 0000021ff4b17f18
0x000000d797dfefd0:   00000007184003e8 00007ffed062c0fe
0x000000d797dfefe0:   0000021ffa979360 0000021ff4b17f18
0x000000d797dfeff0:   0000000000000000 0000021fe06f077a
0x000000d797dff000:   0000021fe06eb8aa 0000021fe06f04e2
0x000000d797dff010:   0000021ff4b17f18 0000000000000000
0x000000d797dff020:   000000d797dff050 000000d797dff0a0
0x000000d797dff030:   0000021fe06f048b 0000000000000003
0x000000d797dff040:   00000007184003e8 000000d797dff038
0x000000d797dff050:   0000021ff4b17f18 000000d797dff0c0
0x000000d797dff060:   0000021ff4b6ceb0 0000000000000000
0x000000d797dff070:   0000000706682ed8 0000021ff4b17f18
0x000000d797dff080:   0000000000000000 000000d797dff0b0
0x000000d797dff090:   000000d797dff110 0000021fe06eb8aa
0x000000d797dff0a0:   0000000000000000 0000021fe06ed195 

Instructions: (pc=0x00000000703936c4)
0x00000000703935c4:   48 89 43 28 eb 17 48 8b 4c 24 40 49 89 c0 48 89
0x00000000703935d4:   da 48 81 c1 c7 01 00 00 e8 78 ce fb ff 45 31 f6
0x00000000703935e4:   48 8b 43 18 45 89 34 24 48 89 45 28 48 81 c4 28
0x00000000703935f4:   01 00 00 5b 5e 5f 5d 41 5c 41 5d 41 5e 41 5f c3
0x0000000070393604:   48 83 ec 38 48 8d 05 0a 7e ff ff 48 89 44 24 20
0x0000000070393614:   e8 80 f3 ff ff 48 83 c4 38 c3 57 56 53 48 83 ec
0x0000000070393624:   20 48 8b 31 48 89 cb 48 8b 49 10 48 85 c9 74 05
0x0000000070393634:   e8 54 cc ff ff 48 8b 93 40 01 00 00 48 89 f1 e8
0x0000000070393644:   51 4b fc ff 48 8b 93 48 01 00 00 48 85 d2 74 15
0x0000000070393654:   48 8b 42 28 48 89 f1 48 89 83 48 01 00 00 e8 da
0x0000000070393664:   42 fc ff eb df 48 8b 93 50 01 00 00 48 89 f1 e8
0x0000000070393674:   f1 48 fc ff 48 8b 53 08 48 89 f1 e8 62 ea fb ff
0x0000000070393684:   48 8b 93 98 01 00 00 48 85 d2 74 11 48 8b 7a 18
0x0000000070393694:   48 89 f1 e8 4a ea fb ff 48 89 fa eb ea 48 89 d9
0x00000000703936a4:   48 83 c4 20 5b 5e 5f e9 55 41 fc ff 56 53 48 83
0x00000000703936b4:   ec 38 31 c0 48 85 c9 48 89 cb 0f 84 84 00 00 00
0x00000000703936c4:   48 8b 31 48 8b 4e 18 e8 d1 02 fb ff 48 83 bb b8
0x00000000703936d4:   00 00 00 00 7e 0b 48 89 da 48 89 f1 e8 24 8a fb
0x00000000703936e4:   ff 48 89 d9 e8 fd ca ff ff 48 89 f1 89 c2 c7 43
0x00000000703936f4:   24 a3 0d f2 2d c7 43 34 ff ff ff ff c7 43 38 00
0x0000000070393704:   00 00 00 c6 83 c2 00 00 00 02 c7 43 3c 00 00 00
0x0000000070393714:   00 c7 43 30 01 00 00 00 c6 83 c3 00 00 00 ff c7
0x0000000070393724:   43 40 00 00 00 00 48 c7 43 50 00 00 00 00 e8 15
0x0000000070393734:   f1 fb ff 48 8b 4e 18 89 44 24 2c e8 79 02 fb ff
0x0000000070393744:   8b 44 24 2c 48 83 c4 38 5b 5e c3 57 56 53 48 83
0x0000000070393754:   ec 20 48 8b 31 48 89 cf 48 8b 89 a0 00 00 00 e8
0x0000000070393764:   a0 8a fb ff 48 8b 8f b0 00 00 00 e8 94 8a fb ff
0x0000000070393774:   48 8b 5f 38 48 85 db 74 36 83 7f 20 05 b8 02 00
0x0000000070393784:   00 00 75 09 31 c0 83 7f 24 00 0f 95 c0 48 8b 56
0x0000000070393794:   28 48 89 d9 48 8d 34 c2 48 83 7e 28 00 75 0b e8
0x00000000703937a4:   08 ff ff ff 48 89 5e 28 eb 05 e8 15 cb ff ff 48
0x00000000703937b4:   8b 5f 48 48 85 db 74 10 48 8b 0b e8 04 cb ff ff 


Stack slot to memory mapping:
stack at sp + 0 slots: 0x0000021ffa979300 points into unknown readable memory: 0xd030100000000000 | 00 00 00 00 00 10 30 d0
stack at sp + 1 slots: 0x0000000700000005 is an unknown value
stack at sp + 2 slots: 0x0000000000000002 is an unknown value
stack at sp + 3 slots: {method} {0x0000021ff4b17f20} 'reset' '(J)I' in 'org/sqlite/core/NativeDB'
stack at sp + 4 slots: 0x00000007184003e8 is an oop: org.sqlite.core.NativeDB 
{0x00000007184003e8} - klass: 'org/sqlite/core/NativeDB'
 - ---- fields (total size 8 words):
 - private final 'url' 'Ljava/lang/String;' @12  "jdbc:sqlite:C:\OBS_SISTEM\SQL_BACKUP.DB"{0x0000000718600700} (e30c00e0)
 - 'begin' 'J' @16  0 (0 0)
 - 'commit' 'J' @24  0 (0 0)
 - private final 'fileName' 'Ljava/lang/String;' @32  "C:\OBS_SISTEM\SQL_BACKUP.DB"{0x0000000718400088} (e3080011)
 - private final 'config' 'Lorg/sqlite/SQLiteConfig;' @36  a 'org/sqlite/SQLiteConfig'{0x0000000718400208} (e3080041)
 - private final 'closed' 'Ljava/util/concurrent/atomic/AtomicBoolean;' @40  a 'java/util/concurrent/atomic/AtomicBoolean'{0x0000000718400428} (e3080085)
 - private final 'stmts' 'Ljava/util/Map;' @44  a 'java/util/HashMap'{0x0000000718400438} (e3080087)
 - 'pointer' 'J' @48  0 (0 0)
 - private final 'udfdatalist' 'J' @56  0 (0 0)
stack at sp + 5 slots: 0x00007ffed062c0fe jvm.dll
stack at sp + 6 slots: 0x0000021ffa979360 is a thread
stack at sp + 7 slots: {method} {0x0000021ff4b17f20} 'reset' '(J)I' in 'org/sqlite/core/NativeDB'


---------------  P R O C E S S  ---------------

Threads class SMR info:
_java_thread_list=0x0000021ff86492f0, length=21, elements={
0x0000021ff435c140, 0x0000021ff435f6b0, 0x0000021ff4362c20, 0x0000021ff4365ab0,
0x0000021ff4366e10, 0x0000021ff436b0a0, 0x0000021ff4371b90, 0x0000021ff4376c50,
0x0000021ff4370080, 0x0000021ff85fc150, 0x0000021ff8600380, 0x0000021ff8860e60,
0x0000021ff8861fd0, 0x0000021ff88650f0, 0x0000021ff886ee40, 0x0000021fd12471b0,
0x0000021ffa6c7030, 0x0000021ffa979360, 0x0000021ff87dd200, 0x0000021ffab8c540,
0x0000021ffab8ca90
}

Java Threads: ( => current thread )
  0x0000021ff435c140 JavaThread "Reference Handler" daemon [_thread_blocked, id=68820, stack(0x000000d796a00000,0x000000d796b00000)]
  0x0000021ff435f6b0 JavaThread "Finalizer" daemon [_thread_blocked, id=86752, stack(0x000000d796b00000,0x000000d796c00000)]
  0x0000021ff4362c20 JavaThread "Signal Dispatcher" daemon [_thread_blocked, id=75928, stack(0x000000d796c00000,0x000000d796d00000)]
  0x0000021ff4365ab0 JavaThread "Attach Listener" daemon [_thread_blocked, id=2344, stack(0x000000d796d00000,0x000000d796e00000)]
  0x0000021ff4366e10 JavaThread "Service Thread" daemon [_thread_blocked, id=28028, stack(0x000000d796e00000,0x000000d796f00000)]
  0x0000021ff436b0a0 JavaThread "Monitor Deflation Thread" daemon [_thread_blocked, id=87168, stack(0x000000d796f00000,0x000000d797000000)]
  0x0000021ff4371b90 JavaThread "C2 CompilerThread0" daemon [_thread_blocked, id=50976, stack(0x000000d797000000,0x000000d797100000)]
  0x0000021ff4376c50 JavaThread "C1 CompilerThread0" daemon [_thread_in_native, id=51112, stack(0x000000d797100000,0x000000d797200000)]
  0x0000021ff4370080 JavaThread "Sweeper thread" daemon [_thread_blocked, id=3976, stack(0x000000d797200000,0x000000d797300000)]
  0x0000021ff85fc150 JavaThread "Notification Thread" daemon [_thread_blocked, id=22496, stack(0x000000d797300000,0x000000d797400000)]
  0x0000021ff8600380 JavaThread "Common-Cleaner" daemon [_thread_blocked, id=2888, stack(0x000000d797500000,0x000000d797600000)]
  0x0000021ff8860e60 JavaThread "Java2D Disposer" daemon [_thread_blocked, id=2736, stack(0x000000d797600000,0x000000d797700000)]
  0x0000021ff8861fd0 JavaThread "AWT-Shutdown" [_thread_blocked, id=97096, stack(0x000000d797700000,0x000000d797800000)]
  0x0000021ff88650f0 JavaThread "AWT-Windows" daemon [_thread_in_native, id=33908, stack(0x000000d797800000,0x000000d797900000)]
  0x0000021ff886ee40 JavaThread "AWT-EventQueue-0" [_thread_blocked, id=49668, stack(0x000000d797900000,0x000000d797a00000)]
  0x0000021fd12471b0 JavaThread "DestroyJavaVM" [_thread_blocked, id=82336, stack(0x000000d796300000,0x000000d796400000)]
  0x0000021ffa6c7030 JavaThread "mysql-cj-abandoned-connection-cleanup" daemon [_thread_blocked, id=94812, stack(0x000000d797b00000,0x000000d797c00000)]
=>0x0000021ffa979360 JavaThread "Timer-1" [_thread_in_native, id=27348, stack(0x000000d797d00000,0x000000d797e00000)]
  0x0000021ff87dd200 JavaThread "Timer-176661" [_thread_in_native, id=20692, stack(0x000000d798600000,0x000000d798700000)]
  0x0000021ffab8c540 JavaThread "Code Executer" [_thread_in_vm, id=27416, stack(0x000000d797a00000,0x000000d797b00000)]
  0x0000021ffab8ca90 JavaThread "Timer-176662" [_thread_blocked, id=94744, stack(0x000000d798700000,0x000000d798800000)]

Other Threads:
  0x0000021ff4343970 VMThread "VM Thread" [stack: 0x000000d796900000,0x000000d796a00000] [id=70232]
  0x0000021ff85fdad0 WatcherThread "VM Periodic Task Thread" [stack: 0x000000d797400000,0x000000d797500000] [id=92368]
  0x0000021fd12b87d0 WorkerThread "GC Thread#0" [stack: 0x000000d796400000,0x000000d796500000] [id=28136]
  0x0000021ffa8f9c80 WorkerThread "GC Thread#1" [stack: 0x000000d797c00000,0x000000d797d00000] [id=39204]
  0x0000021ffa8f99b0 WorkerThread "GC Thread#2" [stack: 0x000000d797f00000,0x000000d798000000] [id=12292]
  0x0000021ffa8fad60 WorkerThread "GC Thread#3" [stack: 0x000000d798000000,0x000000d798100000] [id=2788]
  0x0000021ffa8fa7c0 WorkerThread "GC Thread#4" [stack: 0x000000d798100000,0x000000d798200000] [id=76876]
  0x0000021ffa8fb030 WorkerThread "GC Thread#5" [stack: 0x000000d798200000,0x000000d798300000] [id=69272]
  0x0000021ffa8f9f50 WorkerThread "GC Thread#6" [stack: 0x000000d798300000,0x000000d798400000] [id=27420]
  0x0000021ffa8faa90 WorkerThread "GC Thread#7" [stack: 0x000000d798400000,0x000000d798500000] [id=75724]
  0x0000021fd12c9b60 ConcurrentGCThread "G1 Main Marker" [stack: 0x000000d796500000,0x000000d796600000] [id=51476]
  0x0000021fd12ca590 WorkerThread "G1 Conc#0" [stack: 0x000000d796600000,0x000000d796700000] [id=85256]
  0x0000021ff4200960 ConcurrentGCThread "G1 Refine#0" [stack: 0x000000d796700000,0x000000d796800000] [id=24088]
  0x0000021fd130e810 ConcurrentGCThread "G1 Service" [stack: 0x000000d796800000,0x000000d796900000] [id=35060]

Threads with active compile tasks:
C1 CompilerThread0    55364 1754   !   3       java.util.concurrent.ConcurrentHashMap::computeIfAbsent (576 bytes)

VM state: not at safepoint (normal execution)

VM Mutex/Monitor currently owned by a thread: None

Heap address: 0x0000000706600000, size: 3994 MB, Compressed Oops mode: Zero based, Oop shift amount: 3

CDS archive(s) mapped at: [0x0000000800000000-0x0000000800c40000-0x0000000800c40000), size 12845056, SharedBaseAddress: 0x0000000800000000, ArchiveRelocationMode: 0.
Compressed class space mapped at: 0x0000000801000000-0x0000000841000000, reserved size: 1073741824
Narrow klass base: 0x0000000800000000, Narrow klass shift: 0, Narrow klass range: 0x100000000

GC Precious Log:
 CardTable entry size: 512
 Card Set container configuration: InlinePtr #cards 4 size 8 Array Of Cards #cards 8 size 32 Howl #buckets 8 coarsen threshold 3686 Howl Bitmap #cards 512 size 80 coarsen threshold 460 Card regions per heap region 1 cards per card region 4096
 CPUs: 8 total, 8 available
 Memory: 15969M
 Large Page Support: Disabled
 NUMA Support: Disabled
 Compressed Oops: Enabled (Zero based)
 Heap Region Size: 2M
 Heap Min Capacity: 8M
 Heap Initial Capacity: 250M
 Heap Max Capacity: 3994M
 Pre-touch: Disabled
 Parallel Workers: 8
 Concurrent Workers: 2
 Concurrent Refinement Workers: 8
 Periodic GC: Disabled

Heap:
 garbage-first heap   total 442368K, used 160143K [0x0000000706600000, 0x0000000800000000)
  region size 2048K, 74 young (151552K), 1 survivors (2048K)
 Metaspace       used 12349K, committed 12608K, reserved 1114112K
  class space    used 1274K, committed 1408K, reserved 1048576K

Heap Regions: E=young(eden), S=young(survivor), O=old, HS=humongous(starts), HC=humongous(continues), CS=collection set, F=free, OA=open archive, CA=closed archive, TAMS=top-at-mark-start (previous, next)
|   0|0x0000000706600000, 0x0000000706800000, 0x0000000706800000|100%| O|  |TAMS 0x0000000706600000, 0x0000000706600000| Untracked 
|   1|0x0000000706800000, 0x0000000706a00000, 0x0000000706a00000|100%| O|  |TAMS 0x0000000706800000, 0x0000000706800000| Untracked 
|   2|0x0000000706a00000, 0x0000000706c00000, 0x0000000706c00000|100%|HS|  |TAMS 0x0000000706a00000, 0x0000000706a00000| Complete 
|   3|0x0000000706c00000, 0x0000000706e00000, 0x0000000706e00000|100%|HC|  |TAMS 0x0000000706c00000, 0x0000000706c00000| Complete 
|   4|0x0000000706e00000, 0x0000000707000000, 0x0000000707000000|100%|HC|  |TAMS 0x0000000706e00000, 0x0000000706e00000| Complete 
|   5|0x0000000707000000, 0x0000000707200000, 0x0000000707200000|100%|HC|  |TAMS 0x0000000707000000, 0x0000000707000000| Complete 
|   6|0x0000000707200000, 0x0000000707262e00, 0x0000000707400000| 19%| O|  |TAMS 0x0000000707200000, 0x0000000707200000| Untracked 
|   7|0x0000000707400000, 0x0000000707400000, 0x0000000707600000|  0%| F|  |TAMS 0x0000000707400000, 0x0000000707400000| Untracked 
|   8|0x0000000707600000, 0x0000000707600000, 0x0000000707800000|  0%| F|  |TAMS 0x0000000707600000, 0x0000000707600000| Untracked 
|   9|0x0000000707800000, 0x0000000707800000, 0x0000000707a00000|  0%| F|  |TAMS 0x0000000707800000, 0x0000000707800000| Untracked 
|  10|0x0000000707a00000, 0x0000000707a00000, 0x0000000707c00000|  0%| F|  |TAMS 0x0000000707a00000, 0x0000000707a00000| Untracked 
|  11|0x0000000707c00000, 0x0000000707c00000, 0x0000000707e00000|  0%| F|  |TAMS 0x0000000707c00000, 0x0000000707c00000| Untracked 
|  12|0x0000000707e00000, 0x0000000707e00000, 0x0000000708000000|  0%| F|  |TAMS 0x0000000707e00000, 0x0000000707e00000| Untracked 
|  13|0x0000000708000000, 0x0000000708000000, 0x0000000708200000|  0%| F|  |TAMS 0x0000000708000000, 0x0000000708000000| Untracked 
|  14|0x0000000708200000, 0x0000000708200000, 0x0000000708400000|  0%| F|  |TAMS 0x0000000708200000, 0x0000000708200000| Untracked 
|  15|0x0000000708400000, 0x0000000708400000, 0x0000000708600000|  0%| F|  |TAMS 0x0000000708400000, 0x0000000708400000| Untracked 
|  16|0x0000000708600000, 0x0000000708600000, 0x0000000708800000|  0%| F|  |TAMS 0x0000000708600000, 0x0000000708600000| Untracked 
|  17|0x0000000708800000, 0x0000000708800000, 0x0000000708a00000|  0%| F|  |TAMS 0x0000000708800000, 0x0000000708800000| Untracked 
|  18|0x0000000708a00000, 0x0000000708a00000, 0x0000000708c00000|  0%| F|  |TAMS 0x0000000708a00000, 0x0000000708a00000| Untracked 
|  19|0x0000000708c00000, 0x0000000708c00000, 0x0000000708e00000|  0%| F|  |TAMS 0x0000000708c00000, 0x0000000708c00000| Untracked 
|  20|0x0000000708e00000, 0x0000000708e00000, 0x0000000709000000|  0%| F|  |TAMS 0x0000000708e00000, 0x0000000708e00000| Untracked 
|  21|0x0000000709000000, 0x0000000709000000, 0x0000000709200000|  0%| F|  |TAMS 0x0000000709000000, 0x0000000709000000| Untracked 
|  22|0x0000000709200000, 0x0000000709200000, 0x0000000709400000|  0%| F|  |TAMS 0x0000000709200000, 0x0000000709200000| Untracked 
|  23|0x0000000709400000, 0x0000000709400000, 0x0000000709600000|  0%| F|  |TAMS 0x0000000709400000, 0x0000000709400000| Untracked 
|  24|0x0000000709600000, 0x0000000709600000, 0x0000000709800000|  0%| F|  |TAMS 0x0000000709600000, 0x0000000709600000| Untracked 
|  25|0x0000000709800000, 0x0000000709800000, 0x0000000709a00000|  0%| F|  |TAMS 0x0000000709800000, 0x0000000709800000| Untracked 
|  26|0x0000000709a00000, 0x0000000709a00000, 0x0000000709c00000|  0%| F|  |TAMS 0x0000000709a00000, 0x0000000709a00000| Untracked 
|  27|0x0000000709c00000, 0x0000000709c00000, 0x0000000709e00000|  0%| F|  |TAMS 0x0000000709c00000, 0x0000000709c00000| Untracked 
|  28|0x0000000709e00000, 0x0000000709e00000, 0x000000070a000000|  0%| F|  |TAMS 0x0000000709e00000, 0x0000000709e00000| Untracked 
|  29|0x000000070a000000, 0x000000070a000000, 0x000000070a200000|  0%| F|  |TAMS 0x000000070a000000, 0x000000070a000000| Untracked 
|  30|0x000000070a200000, 0x000000070a200000, 0x000000070a400000|  0%| F|  |TAMS 0x000000070a200000, 0x000000070a200000| Untracked 
|  31|0x000000070a400000, 0x000000070a400000, 0x000000070a600000|  0%| F|  |TAMS 0x000000070a400000, 0x000000070a400000| Untracked 
|  32|0x000000070a600000, 0x000000070a600000, 0x000000070a800000|  0%| F|  |TAMS 0x000000070a600000, 0x000000070a600000| Untracked 
|  33|0x000000070a800000, 0x000000070a800000, 0x000000070aa00000|  0%| F|  |TAMS 0x000000070a800000, 0x000000070a800000| Untracked 
|  34|0x000000070aa00000, 0x000000070aa00000, 0x000000070ac00000|  0%| F|  |TAMS 0x000000070aa00000, 0x000000070aa00000| Untracked 
|  35|0x000000070ac00000, 0x000000070ac00000, 0x000000070ae00000|  0%| F|  |TAMS 0x000000070ac00000, 0x000000070ac00000| Untracked 
|  36|0x000000070ae00000, 0x000000070ae00000, 0x000000070b000000|  0%| F|  |TAMS 0x000000070ae00000, 0x000000070ae00000| Untracked 
|  37|0x000000070b000000, 0x000000070b000000, 0x000000070b200000|  0%| F|  |TAMS 0x000000070b000000, 0x000000070b000000| Untracked 
|  38|0x000000070b200000, 0x000000070b200000, 0x000000070b400000|  0%| F|  |TAMS 0x000000070b200000, 0x000000070b200000| Untracked 
|  39|0x000000070b400000, 0x000000070b400000, 0x000000070b600000|  0%| F|  |TAMS 0x000000070b400000, 0x000000070b400000| Untracked 
|  40|0x000000070b600000, 0x000000070b600000, 0x000000070b800000|  0%| F|  |TAMS 0x000000070b600000, 0x000000070b600000| Untracked 
|  41|0x000000070b800000, 0x000000070b800000, 0x000000070ba00000|  0%| F|  |TAMS 0x000000070b800000, 0x000000070b800000| Untracked 
|  42|0x000000070ba00000, 0x000000070ba00000, 0x000000070bc00000|  0%| F|  |TAMS 0x000000070ba00000, 0x000000070ba00000| Untracked 
|  43|0x000000070bc00000, 0x000000070bc00000, 0x000000070be00000|  0%| F|  |TAMS 0x000000070bc00000, 0x000000070bc00000| Untracked 
|  44|0x000000070be00000, 0x000000070be00000, 0x000000070c000000|  0%| F|  |TAMS 0x000000070be00000, 0x000000070be00000| Untracked 
|  45|0x000000070c000000, 0x000000070c000000, 0x000000070c200000|  0%| F|  |TAMS 0x000000070c000000, 0x000000070c000000| Untracked 
|  46|0x000000070c200000, 0x000000070c200000, 0x000000070c400000|  0%| F|  |TAMS 0x000000070c200000, 0x000000070c200000| Untracked 
|  47|0x000000070c400000, 0x000000070c400000, 0x000000070c600000|  0%| F|  |TAMS 0x000000070c400000, 0x000000070c400000| Untracked 
|  48|0x000000070c600000, 0x000000070c600000, 0x000000070c800000|  0%| F|  |TAMS 0x000000070c600000, 0x000000070c600000| Untracked 
|  49|0x000000070c800000, 0x000000070c800000, 0x000000070ca00000|  0%| F|  |TAMS 0x000000070c800000, 0x000000070c800000| Untracked 
|  50|0x000000070ca00000, 0x000000070ca00000, 0x000000070cc00000|  0%| F|  |TAMS 0x000000070ca00000, 0x000000070ca00000| Untracked 
|  51|0x000000070cc00000, 0x000000070cc00000, 0x000000070ce00000|  0%| F|  |TAMS 0x000000070cc00000, 0x000000070cc00000| Untracked 
|  52|0x000000070ce00000, 0x000000070ce00000, 0x000000070d000000|  0%| F|  |TAMS 0x000000070ce00000, 0x000000070ce00000| Untracked 
|  53|0x000000070d000000, 0x000000070d000000, 0x000000070d200000|  0%| F|  |TAMS 0x000000070d000000, 0x000000070d000000| Untracked 
|  54|0x000000070d200000, 0x000000070d200000, 0x000000070d400000|  0%| F|  |TAMS 0x000000070d200000, 0x000000070d200000| Untracked 
|  55|0x000000070d400000, 0x000000070d400000, 0x000000070d600000|  0%| F|  |TAMS 0x000000070d400000, 0x000000070d400000| Untracked 
|  56|0x000000070d600000, 0x000000070d600000, 0x000000070d800000|  0%| F|  |TAMS 0x000000070d600000, 0x000000070d600000| Untracked 
|  57|0x000000070d800000, 0x000000070d800000, 0x000000070da00000|  0%| F|  |TAMS 0x000000070d800000, 0x000000070d800000| Untracked 
|  58|0x000000070da00000, 0x000000070da00000, 0x000000070dc00000|  0%| F|  |TAMS 0x000000070da00000, 0x000000070da00000| Untracked 
|  59|0x000000070dc00000, 0x000000070dc00000, 0x000000070de00000|  0%| F|  |TAMS 0x000000070dc00000, 0x000000070dc00000| Untracked 
|  60|0x000000070de00000, 0x000000070de00000, 0x000000070e000000|  0%| F|  |TAMS 0x000000070de00000, 0x000000070de00000| Untracked 
|  61|0x000000070e000000, 0x000000070e000000, 0x000000070e200000|  0%| F|  |TAMS 0x000000070e000000, 0x000000070e000000| Untracked 
|  62|0x000000070e200000, 0x000000070e200000, 0x000000070e400000|  0%| F|  |TAMS 0x000000070e200000, 0x000000070e200000| Untracked 
|  63|0x000000070e400000, 0x000000070e400000, 0x000000070e600000|  0%| F|  |TAMS 0x000000070e400000, 0x000000070e400000| Untracked 
|  64|0x000000070e600000, 0x000000070e600000, 0x000000070e800000|  0%| F|  |TAMS 0x000000070e600000, 0x000000070e600000| Untracked 
|  65|0x000000070e800000, 0x000000070e800000, 0x000000070ea00000|  0%| F|  |TAMS 0x000000070e800000, 0x000000070e800000| Untracked 
|  66|0x000000070ea00000, 0x000000070ea00000, 0x000000070ec00000|  0%| F|  |TAMS 0x000000070ea00000, 0x000000070ea00000| Untracked 
|  67|0x000000070ec00000, 0x000000070ec00000, 0x000000070ee00000|  0%| F|  |TAMS 0x000000070ec00000, 0x000000070ec00000| Untracked 
|  68|0x000000070ee00000, 0x000000070ee00000, 0x000000070f000000|  0%| F|  |TAMS 0x000000070ee00000, 0x000000070ee00000| Untracked 
|  69|0x000000070f000000, 0x000000070f000000, 0x000000070f200000|  0%| F|  |TAMS 0x000000070f000000, 0x000000070f000000| Untracked 
|  70|0x000000070f200000, 0x000000070f200000, 0x000000070f400000|  0%| F|  |TAMS 0x000000070f200000, 0x000000070f200000| Untracked 
|  71|0x000000070f400000, 0x000000070f400000, 0x000000070f600000|  0%| F|  |TAMS 0x000000070f400000, 0x000000070f400000| Untracked 
|  72|0x000000070f600000, 0x000000070f600000, 0x000000070f800000|  0%| F|  |TAMS 0x000000070f600000, 0x000000070f600000| Untracked 
|  73|0x000000070f800000, 0x000000070f800000, 0x000000070fa00000|  0%| F|  |TAMS 0x000000070f800000, 0x000000070f800000| Untracked 
|  74|0x000000070fa00000, 0x000000070fa00000, 0x000000070fc00000|  0%| F|  |TAMS 0x000000070fa00000, 0x000000070fa00000| Untracked 
|  75|0x000000070fc00000, 0x000000070fc00000, 0x000000070fe00000|  0%| F|  |TAMS 0x000000070fc00000, 0x000000070fc00000| Untracked 
|  76|0x000000070fe00000, 0x000000070fe00000, 0x0000000710000000|  0%| F|  |TAMS 0x000000070fe00000, 0x000000070fe00000| Untracked 
|  77|0x0000000710000000, 0x0000000710000000, 0x0000000710200000|  0%| F|  |TAMS 0x0000000710000000, 0x0000000710000000| Untracked 
|  78|0x0000000710200000, 0x0000000710200000, 0x0000000710400000|  0%| F|  |TAMS 0x0000000710200000, 0x0000000710200000| Untracked 
|  79|0x0000000710400000, 0x0000000710400000, 0x0000000710600000|  0%| F|  |TAMS 0x0000000710400000, 0x0000000710400000| Untracked 
|  80|0x0000000710600000, 0x0000000710600000, 0x0000000710800000|  0%| F|  |TAMS 0x0000000710600000, 0x0000000710600000| Untracked 
|  81|0x0000000710800000, 0x0000000710800000, 0x0000000710a00000|  0%| F|  |TAMS 0x0000000710800000, 0x0000000710800000| Untracked 
|  82|0x0000000710a00000, 0x0000000710a00000, 0x0000000710c00000|  0%| F|  |TAMS 0x0000000710a00000, 0x0000000710a00000| Untracked 
|  83|0x0000000710c00000, 0x0000000710c00000, 0x0000000710e00000|  0%| F|  |TAMS 0x0000000710c00000, 0x0000000710c00000| Untracked 
|  84|0x0000000710e00000, 0x0000000710e00000, 0x0000000711000000|  0%| F|  |TAMS 0x0000000710e00000, 0x0000000710e00000| Untracked 
|  85|0x0000000711000000, 0x0000000711000000, 0x0000000711200000|  0%| F|  |TAMS 0x0000000711000000, 0x0000000711000000| Untracked 
|  86|0x0000000711200000, 0x0000000711201020, 0x0000000711400000|  0%| S|CS|TAMS 0x0000000711200000, 0x0000000711200000| Complete 
|  87|0x0000000711400000, 0x0000000711400000, 0x0000000711600000|  0%| F|  |TAMS 0x0000000711400000, 0x0000000711400000| Untracked 
|  88|0x0000000711600000, 0x0000000711600000, 0x0000000711800000|  0%| F|  |TAMS 0x0000000711600000, 0x0000000711600000| Untracked 
|  89|0x0000000711800000, 0x0000000711800000, 0x0000000711a00000|  0%| F|  |TAMS 0x0000000711800000, 0x0000000711800000| Untracked 
|  90|0x0000000711a00000, 0x0000000711a00000, 0x0000000711c00000|  0%| F|  |TAMS 0x0000000711a00000, 0x0000000711a00000| Untracked 
|  91|0x0000000711c00000, 0x0000000711c00000, 0x0000000711e00000|  0%| F|  |TAMS 0x0000000711c00000, 0x0000000711c00000| Untracked 
|  92|0x0000000711e00000, 0x0000000711e00000, 0x0000000712000000|  0%| F|  |TAMS 0x0000000711e00000, 0x0000000711e00000| Untracked 
|  93|0x0000000712000000, 0x0000000712000000, 0x0000000712200000|  0%| F|  |TAMS 0x0000000712000000, 0x0000000712000000| Untracked 
|  94|0x0000000712200000, 0x0000000712200000, 0x0000000712400000|  0%| F|  |TAMS 0x0000000712200000, 0x0000000712200000| Untracked 
|  95|0x0000000712400000, 0x0000000712400000, 0x0000000712600000|  0%| F|  |TAMS 0x0000000712400000, 0x0000000712400000| Untracked 
|  96|0x0000000712600000, 0x0000000712600000, 0x0000000712800000|  0%| F|  |TAMS 0x0000000712600000, 0x0000000712600000| Untracked 
|  97|0x0000000712800000, 0x0000000712800000, 0x0000000712a00000|  0%| F|  |TAMS 0x0000000712800000, 0x0000000712800000| Untracked 
|  98|0x0000000712a00000, 0x0000000712a00000, 0x0000000712c00000|  0%| F|  |TAMS 0x0000000712a00000, 0x0000000712a00000| Untracked 
|  99|0x0000000712c00000, 0x0000000712c00000, 0x0000000712e00000|  0%| F|  |TAMS 0x0000000712c00000, 0x0000000712c00000| Untracked 
| 100|0x0000000712e00000, 0x0000000712e00000, 0x0000000713000000|  0%| F|  |TAMS 0x0000000712e00000, 0x0000000712e00000| Untracked 
| 101|0x0000000713000000, 0x0000000713000000, 0x0000000713200000|  0%| F|  |TAMS 0x0000000713000000, 0x0000000713000000| Untracked 
| 102|0x0000000713200000, 0x0000000713200000, 0x0000000713400000|  0%| F|  |TAMS 0x0000000713200000, 0x0000000713200000| Untracked 
| 103|0x0000000713400000, 0x0000000713400000, 0x0000000713600000|  0%| F|  |TAMS 0x0000000713400000, 0x0000000713400000| Untracked 
| 104|0x0000000713600000, 0x0000000713600000, 0x0000000713800000|  0%| F|  |TAMS 0x0000000713600000, 0x0000000713600000| Untracked 
| 105|0x0000000713800000, 0x0000000713800000, 0x0000000713a00000|  0%| F|  |TAMS 0x0000000713800000, 0x0000000713800000| Untracked 
| 106|0x0000000713a00000, 0x0000000713a00000, 0x0000000713c00000|  0%| F|  |TAMS 0x0000000713a00000, 0x0000000713a00000| Untracked 
| 107|0x0000000713c00000, 0x0000000713c00000, 0x0000000713e00000|  0%| F|  |TAMS 0x0000000713c00000, 0x0000000713c00000| Untracked 
| 108|0x0000000713e00000, 0x0000000713e00000, 0x0000000714000000|  0%| F|  |TAMS 0x0000000713e00000, 0x0000000713e00000| Untracked 
| 109|0x0000000714000000, 0x0000000714000000, 0x0000000714200000|  0%| F|  |TAMS 0x0000000714000000, 0x0000000714000000| Untracked 
| 110|0x0000000714200000, 0x0000000714200000, 0x0000000714400000|  0%| F|  |TAMS 0x0000000714200000, 0x0000000714200000| Untracked 
| 111|0x0000000714400000, 0x0000000714400000, 0x0000000714600000|  0%| F|  |TAMS 0x0000000714400000, 0x0000000714400000| Untracked 
| 112|0x0000000714600000, 0x0000000714600000, 0x0000000714800000|  0%| F|  |TAMS 0x0000000714600000, 0x0000000714600000| Untracked 
| 113|0x0000000714800000, 0x0000000714800000, 0x0000000714a00000|  0%| F|  |TAMS 0x0000000714800000, 0x0000000714800000| Untracked 
| 114|0x0000000714a00000, 0x0000000714a00000, 0x0000000714c00000|  0%| F|  |TAMS 0x0000000714a00000, 0x0000000714a00000| Untracked 
| 115|0x0000000714c00000, 0x0000000714c00000, 0x0000000714e00000|  0%| F|  |TAMS 0x0000000714c00000, 0x0000000714c00000| Untracked 
| 116|0x0000000714e00000, 0x0000000714e00000, 0x0000000715000000|  0%| F|  |TAMS 0x0000000714e00000, 0x0000000714e00000| Untracked 
| 117|0x0000000715000000, 0x0000000715000000, 0x0000000715200000|  0%| F|  |TAMS 0x0000000715000000, 0x0000000715000000| Untracked 
| 118|0x0000000715200000, 0x0000000715200000, 0x0000000715400000|  0%| F|  |TAMS 0x0000000715200000, 0x0000000715200000| Untracked 
| 119|0x0000000715400000, 0x0000000715400000, 0x0000000715600000|  0%| F|  |TAMS 0x0000000715400000, 0x0000000715400000| Untracked 
| 120|0x0000000715600000, 0x0000000715600000, 0x0000000715800000|  0%| F|  |TAMS 0x0000000715600000, 0x0000000715600000| Untracked 
| 121|0x0000000715800000, 0x0000000715800000, 0x0000000715a00000|  0%| F|  |TAMS 0x0000000715800000, 0x0000000715800000| Untracked 
| 122|0x0000000715a00000, 0x0000000715a00000, 0x0000000715c00000|  0%| F|  |TAMS 0x0000000715a00000, 0x0000000715a00000| Untracked 
| 123|0x0000000715c00000, 0x0000000715c00000, 0x0000000715e00000|  0%| F|  |TAMS 0x0000000715c00000, 0x0000000715c00000| Untracked 
| 124|0x0000000715e00000, 0x0000000715e00000, 0x0000000716000000|  0%| F|  |TAMS 0x0000000715e00000, 0x0000000715e00000| Untracked 
| 125|0x0000000716000000, 0x0000000716000000, 0x0000000716200000|  0%| F|  |TAMS 0x0000000716000000, 0x0000000716000000| Untracked 
| 126|0x0000000716200000, 0x0000000716200000, 0x0000000716400000|  0%| F|  |TAMS 0x0000000716200000, 0x0000000716200000| Untracked 
| 127|0x0000000716400000, 0x0000000716400000, 0x0000000716600000|  0%| F|  |TAMS 0x0000000716400000, 0x0000000716400000| Untracked 
| 128|0x0000000716600000, 0x0000000716600000, 0x0000000716800000|  0%| F|  |TAMS 0x0000000716600000, 0x0000000716600000| Untracked 
| 129|0x0000000716800000, 0x0000000716800000, 0x0000000716a00000|  0%| F|  |TAMS 0x0000000716800000, 0x0000000716800000| Untracked 
| 130|0x0000000716a00000, 0x0000000716a00000, 0x0000000716c00000|  0%| F|  |TAMS 0x0000000716a00000, 0x0000000716a00000| Untracked 
| 131|0x0000000716c00000, 0x0000000716c00000, 0x0000000716e00000|  0%| F|  |TAMS 0x0000000716c00000, 0x0000000716c00000| Untracked 
| 132|0x0000000716e00000, 0x0000000716e00000, 0x0000000717000000|  0%| F|  |TAMS 0x0000000716e00000, 0x0000000716e00000| Untracked 
| 133|0x0000000717000000, 0x0000000717000000, 0x0000000717200000|  0%| F|  |TAMS 0x0000000717000000, 0x0000000717000000| Untracked 
| 134|0x0000000717200000, 0x0000000717200000, 0x0000000717400000|  0%| F|  |TAMS 0x0000000717200000, 0x0000000717200000| Untracked 
| 135|0x0000000717400000, 0x0000000717400000, 0x0000000717600000|  0%| F|  |TAMS 0x0000000717400000, 0x0000000717400000| Untracked 
| 136|0x0000000717600000, 0x0000000717600000, 0x0000000717800000|  0%| F|  |TAMS 0x0000000717600000, 0x0000000717600000| Untracked 
| 137|0x0000000717800000, 0x0000000717800000, 0x0000000717a00000|  0%| F|  |TAMS 0x0000000717800000, 0x0000000717800000| Untracked 
| 138|0x0000000717a00000, 0x0000000717a00000, 0x0000000717c00000|  0%| F|  |TAMS 0x0000000717a00000, 0x0000000717a00000| Untracked 
| 139|0x0000000717c00000, 0x0000000717c00000, 0x0000000717e00000|  0%| F|  |TAMS 0x0000000717c00000, 0x0000000717c00000| Untracked 
| 140|0x0000000717e00000, 0x0000000717e00000, 0x0000000718000000|  0%| F|  |TAMS 0x0000000717e00000, 0x0000000717e00000| Untracked 
| 141|0x0000000718000000, 0x0000000718000000, 0x0000000718200000|  0%| F|  |TAMS 0x0000000718000000, 0x0000000718000000| Untracked 
| 142|0x0000000718200000, 0x0000000718200000, 0x0000000718400000|  0%| F|  |TAMS 0x0000000718200000, 0x0000000718200000| Untracked 
| 143|0x0000000718400000, 0x0000000718600000, 0x0000000718600000|100%| E|  |TAMS 0x0000000718400000, 0x0000000718400000| Complete 
| 144|0x0000000718600000, 0x0000000718800000, 0x0000000718800000|100%| E|CS|TAMS 0x0000000718600000, 0x0000000718600000| Complete 
| 145|0x0000000718800000, 0x0000000718a00000, 0x0000000718a00000|100%| E|CS|TAMS 0x0000000718800000, 0x0000000718800000| Complete 
| 146|0x0000000718a00000, 0x0000000718c00000, 0x0000000718c00000|100%| E|CS|TAMS 0x0000000718a00000, 0x0000000718a00000| Complete 
| 147|0x0000000718c00000, 0x0000000718e00000, 0x0000000718e00000|100%| E|CS|TAMS 0x0000000718c00000, 0x0000000718c00000| Complete 
| 148|0x0000000718e00000, 0x0000000719000000, 0x0000000719000000|100%| E|CS|TAMS 0x0000000718e00000, 0x0000000718e00000| Complete 
| 149|0x0000000719000000, 0x0000000719200000, 0x0000000719200000|100%| E|CS|TAMS 0x0000000719000000, 0x0000000719000000| Complete 
| 150|0x0000000719200000, 0x0000000719400000, 0x0000000719400000|100%| E|CS|TAMS 0x0000000719200000, 0x0000000719200000| Complete 
| 151|0x0000000719400000, 0x0000000719600000, 0x0000000719600000|100%| E|CS|TAMS 0x0000000719400000, 0x0000000719400000| Complete 
| 152|0x0000000719600000, 0x0000000719800000, 0x0000000719800000|100%| E|CS|TAMS 0x0000000719600000, 0x0000000719600000| Complete 
| 153|0x0000000719800000, 0x0000000719a00000, 0x0000000719a00000|100%| E|CS|TAMS 0x0000000719800000, 0x0000000719800000| Complete 
| 154|0x0000000719a00000, 0x0000000719c00000, 0x0000000719c00000|100%| E|CS|TAMS 0x0000000719a00000, 0x0000000719a00000| Complete 
| 155|0x0000000719c00000, 0x0000000719e00000, 0x0000000719e00000|100%| E|CS|TAMS 0x0000000719c00000, 0x0000000719c00000| Complete 
| 156|0x0000000719e00000, 0x000000071a000000, 0x000000071a000000|100%| E|CS|TAMS 0x0000000719e00000, 0x0000000719e00000| Complete 
| 157|0x000000071a000000, 0x000000071a200000, 0x000000071a200000|100%| E|CS|TAMS 0x000000071a000000, 0x000000071a000000| Complete 
| 158|0x000000071a200000, 0x000000071a400000, 0x000000071a400000|100%| E|CS|TAMS 0x000000071a200000, 0x000000071a200000| Complete 
| 159|0x000000071a400000, 0x000000071a600000, 0x000000071a600000|100%| E|CS|TAMS 0x000000071a400000, 0x000000071a400000| Complete 
| 160|0x000000071a600000, 0x000000071a800000, 0x000000071a800000|100%| E|CS|TAMS 0x000000071a600000, 0x000000071a600000| Complete 
| 161|0x000000071a800000, 0x000000071aa00000, 0x000000071aa00000|100%| E|CS|TAMS 0x000000071a800000, 0x000000071a800000| Complete 
| 162|0x000000071aa00000, 0x000000071ac00000, 0x000000071ac00000|100%| E|CS|TAMS 0x000000071aa00000, 0x000000071aa00000| Complete 
| 163|0x000000071ac00000, 0x000000071ae00000, 0x000000071ae00000|100%| E|CS|TAMS 0x000000071ac00000, 0x000000071ac00000| Complete 
| 164|0x000000071ae00000, 0x000000071b000000, 0x000000071b000000|100%| E|CS|TAMS 0x000000071ae00000, 0x000000071ae00000| Complete 
| 165|0x000000071b000000, 0x000000071b200000, 0x000000071b200000|100%| E|CS|TAMS 0x000000071b000000, 0x000000071b000000| Complete 
| 166|0x000000071b200000, 0x000000071b400000, 0x000000071b400000|100%| E|CS|TAMS 0x000000071b200000, 0x000000071b200000| Complete 
| 167|0x000000071b400000, 0x000000071b600000, 0x000000071b600000|100%| E|CS|TAMS 0x000000071b400000, 0x000000071b400000| Complete 
| 168|0x000000071b600000, 0x000000071b800000, 0x000000071b800000|100%| E|CS|TAMS 0x000000071b600000, 0x000000071b600000| Complete 
| 169|0x000000071b800000, 0x000000071ba00000, 0x000000071ba00000|100%| E|CS|TAMS 0x000000071b800000, 0x000000071b800000| Complete 
| 170|0x000000071ba00000, 0x000000071bc00000, 0x000000071bc00000|100%| E|CS|TAMS 0x000000071ba00000, 0x000000071ba00000| Complete 
| 171|0x000000071bc00000, 0x000000071be00000, 0x000000071be00000|100%| E|CS|TAMS 0x000000071bc00000, 0x000000071bc00000| Complete 
| 172|0x000000071be00000, 0x000000071c000000, 0x000000071c000000|100%| E|CS|TAMS 0x000000071be00000, 0x000000071be00000| Complete 
| 173|0x000000071c000000, 0x000000071c200000, 0x000000071c200000|100%| E|CS|TAMS 0x000000071c000000, 0x000000071c000000| Complete 
| 174|0x000000071c200000, 0x000000071c400000, 0x000000071c400000|100%| E|CS|TAMS 0x000000071c200000, 0x000000071c200000| Complete 
| 175|0x000000071c400000, 0x000000071c600000, 0x000000071c600000|100%| E|CS|TAMS 0x000000071c400000, 0x000000071c400000| Complete 
| 176|0x000000071c600000, 0x000000071c800000, 0x000000071c800000|100%| E|CS|TAMS 0x000000071c600000, 0x000000071c600000| Complete 
| 177|0x000000071c800000, 0x000000071ca00000, 0x000000071ca00000|100%| E|CS|TAMS 0x000000071c800000, 0x000000071c800000| Complete 
| 178|0x000000071ca00000, 0x000000071cc00000, 0x000000071cc00000|100%| E|CS|TAMS 0x000000071ca00000, 0x000000071ca00000| Complete 
| 179|0x000000071cc00000, 0x000000071ce00000, 0x000000071ce00000|100%| E|CS|TAMS 0x000000071cc00000, 0x000000071cc00000| Complete 
| 180|0x000000071ce00000, 0x000000071d000000, 0x000000071d000000|100%| E|CS|TAMS 0x000000071ce00000, 0x000000071ce00000| Complete 
| 181|0x000000071d000000, 0x000000071d200000, 0x000000071d200000|100%| E|CS|TAMS 0x000000071d000000, 0x000000071d000000| Complete 
| 182|0x000000071d200000, 0x000000071d400000, 0x000000071d400000|100%| E|CS|TAMS 0x000000071d200000, 0x000000071d200000| Complete 
| 183|0x000000071d400000, 0x000000071d600000, 0x000000071d600000|100%| E|CS|TAMS 0x000000071d400000, 0x000000071d400000| Complete 
| 184|0x000000071d600000, 0x000000071d800000, 0x000000071d800000|100%| E|CS|TAMS 0x000000071d600000, 0x000000071d600000| Complete 
| 185|0x000000071d800000, 0x000000071da00000, 0x000000071da00000|100%| E|CS|TAMS 0x000000071d800000, 0x000000071d800000| Complete 
| 186|0x000000071da00000, 0x000000071dc00000, 0x000000071dc00000|100%| E|CS|TAMS 0x000000071da00000, 0x000000071da00000| Complete 
| 187|0x000000071dc00000, 0x000000071de00000, 0x000000071de00000|100%| E|CS|TAMS 0x000000071dc00000, 0x000000071dc00000| Complete 
| 188|0x000000071de00000, 0x000000071e000000, 0x000000071e000000|100%| E|CS|TAMS 0x000000071de00000, 0x000000071de00000| Complete 
| 189|0x000000071e000000, 0x000000071e200000, 0x000000071e200000|100%| E|CS|TAMS 0x000000071e000000, 0x000000071e000000| Complete 
| 190|0x000000071e200000, 0x000000071e400000, 0x000000071e400000|100%| E|CS|TAMS 0x000000071e200000, 0x000000071e200000| Complete 
| 191|0x000000071e400000, 0x000000071e600000, 0x000000071e600000|100%| E|CS|TAMS 0x000000071e400000, 0x000000071e400000| Complete 
| 192|0x000000071e600000, 0x000000071e800000, 0x000000071e800000|100%| E|CS|TAMS 0x000000071e600000, 0x000000071e600000| Complete 
| 193|0x000000071e800000, 0x000000071ea00000, 0x000000071ea00000|100%| E|CS|TAMS 0x000000071e800000, 0x000000071e800000| Complete 
| 194|0x000000071ea00000, 0x000000071ec00000, 0x000000071ec00000|100%| E|CS|TAMS 0x000000071ea00000, 0x000000071ea00000| Complete 
| 195|0x000000071ec00000, 0x000000071ee00000, 0x000000071ee00000|100%| E|CS|TAMS 0x000000071ec00000, 0x000000071ec00000| Complete 
| 196|0x000000071ee00000, 0x000000071f000000, 0x000000071f000000|100%| E|CS|TAMS 0x000000071ee00000, 0x000000071ee00000| Complete 
| 197|0x000000071f000000, 0x000000071f200000, 0x000000071f200000|100%| E|CS|TAMS 0x000000071f000000, 0x000000071f000000| Complete 
| 198|0x000000071f200000, 0x000000071f400000, 0x000000071f400000|100%| E|CS|TAMS 0x000000071f200000, 0x000000071f200000| Complete 
| 199|0x000000071f400000, 0x000000071f600000, 0x000000071f600000|100%| E|CS|TAMS 0x000000071f400000, 0x000000071f400000| Complete 
| 200|0x000000071f600000, 0x000000071f800000, 0x000000071f800000|100%| E|CS|TAMS 0x000000071f600000, 0x000000071f600000| Complete 
| 201|0x000000071f800000, 0x000000071fa00000, 0x000000071fa00000|100%| E|CS|TAMS 0x000000071f800000, 0x000000071f800000| Complete 
| 202|0x000000071fa00000, 0x000000071fc00000, 0x000000071fc00000|100%| E|CS|TAMS 0x000000071fa00000, 0x000000071fa00000| Complete 
| 203|0x000000071fc00000, 0x000000071fe00000, 0x000000071fe00000|100%| E|CS|TAMS 0x000000071fc00000, 0x000000071fc00000| Complete 
| 204|0x000000071fe00000, 0x0000000720000000, 0x0000000720000000|100%| E|CS|TAMS 0x000000071fe00000, 0x000000071fe00000| Complete 
| 205|0x0000000720000000, 0x0000000720200000, 0x0000000720200000|100%| E|CS|TAMS 0x0000000720000000, 0x0000000720000000| Complete 
| 206|0x0000000720200000, 0x0000000720400000, 0x0000000720400000|100%| E|CS|TAMS 0x0000000720200000, 0x0000000720200000| Complete 
| 207|0x0000000720400000, 0x0000000720600000, 0x0000000720600000|100%| E|CS|TAMS 0x0000000720400000, 0x0000000720400000| Complete 
| 208|0x0000000720600000, 0x0000000720800000, 0x0000000720800000|100%| E|CS|TAMS 0x0000000720600000, 0x0000000720600000| Complete 
| 209|0x0000000720800000, 0x0000000720a00000, 0x0000000720a00000|100%| E|CS|TAMS 0x0000000720800000, 0x0000000720800000| Complete 
| 210|0x0000000720a00000, 0x0000000720c00000, 0x0000000720c00000|100%| E|CS|TAMS 0x0000000720a00000, 0x0000000720a00000| Complete 
| 211|0x0000000720c00000, 0x0000000720e00000, 0x0000000720e00000|100%| E|CS|TAMS 0x0000000720c00000, 0x0000000720c00000| Complete 
| 212|0x0000000720e00000, 0x0000000721000000, 0x0000000721000000|100%| E|CS|TAMS 0x0000000720e00000, 0x0000000720e00000| Complete 
| 213|0x0000000721000000, 0x0000000721200000, 0x0000000721200000|100%| E|CS|TAMS 0x0000000721000000, 0x0000000721000000| Complete 
| 214|0x0000000721200000, 0x0000000721400000, 0x0000000721400000|100%| E|CS|TAMS 0x0000000721200000, 0x0000000721200000| Complete 
| 215|0x0000000721400000, 0x0000000721600000, 0x0000000721600000|100%| E|CS|TAMS 0x0000000721400000, 0x0000000721400000| Complete 

Card table byte_map: [0x0000021fe8ca0000,0x0000021fe9470000] _byte_map_base: 0x0000021fe546d000

Marking Bits (Prev, Next): (CMBitMap*) 0x0000021fd12b8e00, (CMBitMap*) 0x0000021fd12b8e40
 Prev Bits: [0x0000021fe9c40000, 0x0000021fedaa8000)
 Next Bits: [0x0000021fedab0000, 0x0000021ff1918000)

Polling page: 0x0000021fcf220000

Metaspace:

Usage:
  Non-class:     10.86 MB used.
      Class:      1.25 MB used.
       Both:     12.11 MB used.

Virtual space:
  Non-class space:       64.00 MB reserved,      11.00 MB ( 17%) committed,  1 nodes.
      Class space:        1.00 GB reserved,       1.38 MB ( <1%) committed,  1 nodes.
             Both:        1.06 GB reserved,      12.38 MB (  1%) committed. 

Chunk freelists:
   Non-Class:  912.00 KB
       Class:  2.60 MB
        Both:  3.49 MB

MaxMetaspaceSize: unlimited
CompressedClassSpaceSize: 1.00 GB
Initial GC threshold: 21.00 MB
Current GC threshold: 21.00 MB
CDS: on
MetaspaceReclaimPolicy: balanced
 - commit_granule_bytes: 65536.
 - commit_granule_words: 8192.
 - virtual_space_node_default_size: 8388608.
 - enlarge_chunks_in_place: 1.
 - new_chunks_are_fully_committed: 0.
 - uncommit_free_chunks: 1.
 - use_allocation_guard: 0.


Internal statistics:

num_allocs_failed_limit: 0.
num_arena_births: 178.
num_arena_deaths: 0.
num_vsnodes_births: 2.
num_vsnodes_deaths: 0.
num_space_committed: 198.
num_space_uncommitted: 0.
num_chunks_returned_to_freelist: 0.
num_chunks_taken_from_freelist: 268.
num_chunk_merges: 0.
num_chunk_splits: 176.
num_chunks_enlarged: 111.
num_inconsistent_stats: 0.

CodeHeap 'non-profiled nmethods': size=120000Kb used=584Kb max_used=584Kb free=119416Kb
 bounds [0x0000021fe0c70000, 0x0000021fe0ee0000, 0x0000021fe81a0000]
CodeHeap 'profiled nmethods': size=120000Kb used=3081Kb max_used=3081Kb free=116918Kb
 bounds [0x0000021fd91a0000, 0x0000021fd94b0000, 0x0000021fe06d0000]
CodeHeap 'non-nmethods': size=5760Kb used=1421Kb max_used=1446Kb free=4339Kb
 bounds [0x0000021fe06d0000, 0x0000021fe0940000, 0x0000021fe0c70000]
 total_blobs=2427 nmethods=1762 adapters=576
 compilation: enabled
              stopped_count=0, restarted_count=0
 full_count=0

Compilation events (20 events):
Event: 53.515 Thread 0x0000021ff4376c50 1728       3       java.util.Date::getTime (5 bytes)
Event: 53.516 Thread 0x0000021ff4376c50 nmethod 1728 0x0000021fd9471f10 code [0x0000021fd94720c0, 0x0000021fd9472388]
Event: 53.516 Thread 0x0000021ff4376c50 1729       3       java.util.Date::getTimeImpl (27 bytes)
Event: 53.516 Thread 0x0000021ff4376c50 nmethod 1729 0x0000021fd9472490 code [0x0000021fd9472640, 0x0000021fd94728a8]
Event: 55.243 Thread 0x0000021ff4376c50 1730       3       java.io.BufferedWriter::growIfNeeded (63 bytes)
Event: 55.243 Thread 0x0000021ff4376c50 nmethod 1730 0x0000021fd9472990 code [0x0000021fd9472b40, 0x0000021fd9472e48]
Event: 55.243 Thread 0x0000021ff4376c50 1731       3       java.io.PrintStream::ensureOpen (18 bytes)
Event: 55.244 Thread 0x0000021ff4376c50 nmethod 1731 0x0000021fd9472f10 code [0x0000021fd94730c0, 0x0000021fd94732c8]
Event: 55.244 Thread 0x0000021ff4376c50 1732   !   3       java.io.BufferedOutputStream::flush (60 bytes)
Event: 55.245 Thread 0x0000021ff4376c50 nmethod 1732 0x0000021fd9473390 code [0x0000021fd9473660, 0x0000021fd9474818]
Event: 55.245 Thread 0x0000021ff4376c50 1733       3       java.io.BufferedOutputStream::implFlush (12 bytes)
Event: 55.245 Thread 0x0000021ff4376c50 nmethod 1733 0x0000021fd9474e90 code [0x0000021fd9475060, 0x0000021fd94753b8]
Event: 55.245 Thread 0x0000021ff4376c50 1734       3       java.io.BufferedOutputStream::flushBuffer (29 bytes)
Event: 55.245 Thread 0x0000021ff4376c50 nmethod 1734 0x0000021fd9475510 code [0x0000021fd94756c0, 0x0000021fd9475908]
Event: 55.245 Thread 0x0000021ff4376c50 1735       3       java.util.HashMap::removeNode (291 bytes)
Event: 55.247 Thread 0x0000021ff4376c50 nmethod 1735 0x0000021fd9475a10 code [0x0000021fd9475ca0, 0x0000021fd9477018]
Event: 55.250 Thread 0x0000021ff4376c50 1736       3       jdk.internal.jimage.BasicImageReader::getLocationIndex (52 bytes)
Event: 55.250 Thread 0x0000021ff4376c50 nmethod 1736 0x0000021fd9477490 code [0x0000021fd94776a0, 0x0000021fd9477b58]
Event: 55.251 Thread 0x0000021ff4376c50 1737       3       java.lang.invoke.MethodType$ConcurrentWeakInternSet$WeakEntry::<init> (15 bytes)
Event: 55.251 Thread 0x0000021ff4376c50 nmethod 1737 0x0000021fd9477d90 code [0x0000021fd9477f60, 0x0000021fd9478388]

GC Heap History (20 events):
Event: 54.107 GC heap before
{Heap before GC invocations=452 (full 0):
 garbage-first heap   total 442368K, used 274831K [0x0000000706600000, 0x0000000800000000)
  region size 2048K, 129 young (264192K), 1 survivors (2048K)
 Metaspace       used 11716K, committed 11968K, reserved 1114112K
  class space    used 1210K, committed 1344K, reserved 1048576K
}
Event: 54.109 GC heap after
{Heap after GC invocations=453 (full 0):
 garbage-first heap   total 442368K, used 12691K [0x0000000706600000, 0x0000000800000000)
  region size 2048K, 1 young (2048K), 1 survivors (2048K)
 Metaspace       used 11716K, committed 11968K, reserved 1114112K
  class space    used 1210K, committed 1344K, reserved 1048576K
}
Event: 54.228 GC heap before
{Heap before GC invocations=453 (full 0):
 garbage-first heap   total 442368K, used 274835K [0x0000000706600000, 0x0000000800000000)
  region size 2048K, 129 young (264192K), 1 survivors (2048K)
 Metaspace       used 11716K, committed 11968K, reserved 1114112K
  class space    used 1210K, committed 1344K, reserved 1048576K
}
Event: 54.230 GC heap after
{Heap after GC invocations=454 (full 0):
 garbage-first heap   total 442368K, used 12689K [0x0000000706600000, 0x0000000800000000)
  region size 2048K, 1 young (2048K), 1 survivors (2048K)
 Metaspace       used 11716K, committed 11968K, reserved 1114112K
  class space    used 1210K, committed 1344K, reserved 1048576K
}
Event: 54.348 GC heap before
{Heap before GC invocations=454 (full 0):
 garbage-first heap   total 442368K, used 274833K [0x0000000706600000, 0x0000000800000000)
  region size 2048K, 129 young (264192K), 1 survivors (2048K)
 Metaspace       used 11716K, committed 11968K, reserved 1114112K
  class space    used 1210K, committed 1344K, reserved 1048576K
}
Event: 54.350 GC heap after
{Heap after GC invocations=455 (full 0):
 garbage-first heap   total 442368K, used 12691K [0x0000000706600000, 0x0000000800000000)
  region size 2048K, 1 young (2048K), 1 survivors (2048K)
 Metaspace       used 11716K, committed 11968K, reserved 1114112K
  class space    used 1210K, committed 1344K, reserved 1048576K
}
Event: 54.466 GC heap before
{Heap before GC invocations=455 (full 0):
 garbage-first heap   total 442368K, used 274835K [0x0000000706600000, 0x0000000800000000)
  region size 2048K, 129 young (264192K), 1 survivors (2048K)
 Metaspace       used 11716K, committed 11968K, reserved 1114112K
  class space    used 1210K, committed 1344K, reserved 1048576K
}
Event: 54.468 GC heap after
{Heap after GC invocations=456 (full 0):
 garbage-first heap   total 442368K, used 12693K [0x0000000706600000, 0x0000000800000000)
  region size 2048K, 1 young (2048K), 1 survivors (2048K)
 Metaspace       used 11716K, committed 11968K, reserved 1114112K
  class space    used 1210K, committed 1344K, reserved 1048576K
}
Event: 54.585 GC heap before
{Heap before GC invocations=456 (full 0):
 garbage-first heap   total 442368K, used 274837K [0x0000000706600000, 0x0000000800000000)
  region size 2048K, 129 young (264192K), 1 survivors (2048K)
 Metaspace       used 11716K, committed 11968K, reserved 1114112K
  class space    used 1210K, committed 1344K, reserved 1048576K
}
Event: 54.587 GC heap after
{Heap after GC invocations=457 (full 0):
 garbage-first heap   total 442368K, used 12693K [0x0000000706600000, 0x0000000800000000)
  region size 2048K, 1 young (2048K), 1 survivors (2048K)
 Metaspace       used 11716K, committed 11968K, reserved 1114112K
  class space    used 1210K, committed 1344K, reserved 1048576K
}
Event: 54.707 GC heap before
{Heap before GC invocations=457 (full 0):
 garbage-first heap   total 442368K, used 274837K [0x0000000706600000, 0x0000000800000000)
  region size 2048K, 129 young (264192K), 1 survivors (2048K)
 Metaspace       used 11716K, committed 11968K, reserved 1114112K
  class space    used 1210K, committed 1344K, reserved 1048576K
}
Event: 54.708 GC heap after
{Heap after GC invocations=458 (full 0):
 garbage-first heap   total 442368K, used 12689K [0x0000000706600000, 0x0000000800000000)
  region size 2048K, 1 young (2048K), 1 survivors (2048K)
 Metaspace       used 11716K, committed 11968K, reserved 1114112K
  class space    used 1210K, committed 1344K, reserved 1048576K
}
Event: 54.822 GC heap before
{Heap before GC invocations=458 (full 0):
 garbage-first heap   total 442368K, used 274833K [0x0000000706600000, 0x0000000800000000)
  region size 2048K, 129 young (264192K), 1 survivors (2048K)
 Metaspace       used 11716K, committed 11968K, reserved 1114112K
  class space    used 1210K, committed 1344K, reserved 1048576K
}
Event: 54.823 GC heap after
{Heap after GC invocations=459 (full 0):
 garbage-first heap   total 442368K, used 12687K [0x0000000706600000, 0x0000000800000000)
  region size 2048K, 1 young (2048K), 1 survivors (2048K)
 Metaspace       used 11716K, committed 11968K, reserved 1114112K
  class space    used 1210K, committed 1344K, reserved 1048576K
}
Event: 54.938 GC heap before
{Heap before GC invocations=459 (full 0):
 garbage-first heap   total 442368K, used 274831K [0x0000000706600000, 0x0000000800000000)
  region size 2048K, 129 young (264192K), 1 survivors (2048K)
 Metaspace       used 11716K, committed 11968K, reserved 1114112K
  class space    used 1210K, committed 1344K, reserved 1048576K
}
Event: 54.940 GC heap after
{Heap after GC invocations=460 (full 0):
 garbage-first heap   total 442368K, used 12691K [0x0000000706600000, 0x0000000800000000)
  region size 2048K, 1 young (2048K), 1 survivors (2048K)
 Metaspace       used 11716K, committed 11968K, reserved 1114112K
  class space    used 1210K, committed 1344K, reserved 1048576K
}
Event: 55.058 GC heap before
{Heap before GC invocations=460 (full 0):
 garbage-first heap   total 442368K, used 274835K [0x0000000706600000, 0x0000000800000000)
  region size 2048K, 129 young (264192K), 1 survivors (2048K)
 Metaspace       used 11716K, committed 11968K, reserved 1114112K
  class space    used 1210K, committed 1344K, reserved 1048576K
}
Event: 55.059 GC heap after
{Heap after GC invocations=461 (full 0):
 garbage-first heap   total 442368K, used 12687K [0x0000000706600000, 0x0000000800000000)
  region size 2048K, 1 young (2048K), 1 survivors (2048K)
 Metaspace       used 11716K, committed 11968K, reserved 1114112K
  class space    used 1210K, committed 1344K, reserved 1048576K
}
Event: 55.178 GC heap before
{Heap before GC invocations=461 (full 0):
 garbage-first heap   total 442368K, used 274831K [0x0000000706600000, 0x0000000800000000)
  region size 2048K, 129 young (264192K), 1 survivors (2048K)
 Metaspace       used 11716K, committed 11968K, reserved 1114112K
  class space    used 1210K, committed 1344K, reserved 1048576K
}
Event: 55.179 GC heap after
{Heap after GC invocations=462 (full 0):
 garbage-first heap   total 442368K, used 12687K [0x0000000706600000, 0x0000000800000000)
  region size 2048K, 1 young (2048K), 1 survivors (2048K)
 Metaspace       used 11716K, committed 11968K, reserved 1114112K
  class space    used 1210K, committed 1344K, reserved 1048576K
}

Dll operation events (11 events):
Event: 0.017 Loaded shared library C:\Program Files\Java\jdk-19\bin\java.dll
Event: 0.036 Loaded shared library C:\Program Files\Java\jdk-19\bin\jsvml.dll
Event: 0.122 Loaded shared library C:\Program Files\Java\jdk-19\bin\jimage.dll
Event: 0.151 Loaded shared library C:\Program Files\Java\jdk-19\bin\net.dll
Event: 0.153 Loaded shared library C:\Program Files\Java\jdk-19\bin\nio.dll
Event: 0.156 Loaded shared library C:\Program Files\Java\jdk-19\bin\zip.dll
Event: 0.199 Loaded shared library C:\Program Files\Java\jdk-19\bin\awt.dll
Event: 0.260 Loaded shared library C:\Program Files\Java\jdk-19\bin\verify.dll
Event: 1.004 Loaded shared library C:\Users\hamit\AppData\Local\Temp\sqlite-3.30.1-e5d52075-f46b-4092-a985-455c4caf9784-sqlitejdbc.dll
Event: 1.126 Loaded shared library C:\Program Files\Java\jdk-19\bin\freetype.dll
Event: 1.128 Loaded shared library C:\Program Files\Java\jdk-19\bin\fontmanager.dll

Deoptimization events (20 events):
Event: 1.068 Thread 0x0000021ff886ee40 DEOPT PACKING pc=0x0000021fe0cc49e4 sp=0x000000d7979fe820
Event: 1.068 Thread 0x0000021ff886ee40 DEOPT UNPACKING pc=0x0000021fe073a5a3 sp=0x000000d7979fe7c8 mode 2
Event: 1.100 Thread 0x0000021ff435c140 Uncommon trap: trap_request=0xffffff45 fr.pc=0x0000021fe0cb276c relative=0x000000000000014c
Event: 1.100 Thread 0x0000021ff435c140 Uncommon trap: reason=unstable_if action=reinterpret pc=0x0000021fe0cb276c method=java.util.concurrent.locks.ReentrantLock$NonfairSync.initialTryLock()Z @ 10 c2
Event: 1.100 Thread 0x0000021ff435c140 DEOPT PACKING pc=0x0000021fe0cb276c sp=0x000000d796aff540
Event: 1.100 Thread 0x0000021ff435c140 DEOPT UNPACKING pc=0x0000021fe073a5a3 sp=0x000000d796aff430 mode 2
Event: 1.248 Thread 0x0000021ff886ee40 Uncommon trap: trap_request=0xffffff45 fr.pc=0x0000021fe0ca32bc relative=0x000000000000017c
Event: 1.248 Thread 0x0000021ff886ee40 Uncommon trap: reason=unstable_if action=reinterpret pc=0x0000021fe0ca32bc method=java.lang.invoke.VarHandle.checkAccessModeThenIsDirect(Ljava/lang/invoke/VarHandle$AccessDescriptor;)Z @ 4 c2
Event: 1.248 Thread 0x0000021ff886ee40 DEOPT PACKING pc=0x0000021fe0ca32bc sp=0x000000d7979fec60
Event: 1.248 Thread 0x0000021ff886ee40 DEOPT UNPACKING pc=0x0000021fe073a5a3 sp=0x000000d7979feb98 mode 2
Event: 1.446 Thread 0x0000021ff886ee40 DEOPT PACKING pc=0x0000021fd9411b03 sp=0x000000d7979fd2d0
Event: 1.446 Thread 0x0000021ff886ee40 DEOPT UNPACKING pc=0x0000021fe073b0e3 sp=0x000000d7979fc7a0 mode 0
Event: 1.447 Thread 0x0000021ff886ee40 DEOPT PACKING pc=0x0000021fd9411b03 sp=0x000000d7979fd2d0
Event: 1.447 Thread 0x0000021ff886ee40 DEOPT UNPACKING pc=0x0000021fe073b0e3 sp=0x000000d7979fc7a0 mode 0
Event: 1.448 Thread 0x0000021ff886ee40 DEOPT PACKING pc=0x0000021fd9411b03 sp=0x000000d7979fd2d0
Event: 1.448 Thread 0x0000021ff886ee40 DEOPT UNPACKING pc=0x0000021fe073b0e3 sp=0x000000d7979fc7a0 mode 0
Event: 55.243 Thread 0x0000021ff87dd200 Uncommon trap: trap_request=0xffffff45 fr.pc=0x0000021fe0cf2810 relative=0x00000000000029b0
Event: 55.243 Thread 0x0000021ff87dd200 Uncommon trap: reason=unstable_if action=reinterpret pc=0x0000021fe0cf2810 method=VT_YEDEK.BASLA.yedekLE()V @ 11 c2
Event: 55.243 Thread 0x0000021ff87dd200 DEOPT PACKING pc=0x0000021fe0cf2810 sp=0x000000d7986ff150
Event: 55.243 Thread 0x0000021ff87dd200 DEOPT UNPACKING pc=0x0000021fe073a5a3 sp=0x000000d7986fefa8 mode 2

Classes loaded (20 events):
Event: 1.444 Loading class java/text/CharacterIterator done
Event: 1.444 Loading class java/text/AttributedCharacterIterator done
Event: 1.444 Loading class java/text/AttributedString$AttributedStringIterator done
Event: 3.053 Loading class java/awt/event/MouseWheelEvent
Event: 3.053 Loading class java/awt/event/MouseWheelEvent done
Event: 3.059 Loading class java/awt/LightweightDispatcher$2
Event: 3.060 Loading class java/awt/LightweightDispatcher$2 done
Event: 3.998 Loading class java/awt/Scrollbar
Event: 3.999 Loading class java/awt/Scrollbar done
Event: 55.249 Loading class java/net/URL$ThreadTrackHolder
Event: 55.249 Loading class java/net/URL$ThreadTrackHolder done
Event: 55.249 Loading class java/net/URL$2
Event: 55.249 Loading class java/net/URL$2 done
Event: 55.249 Loading class java/net/URL$1
Event: 55.249 Loading class java/net/URL$1 done
Event: 55.249 Loading class java/net/spi/URLStreamHandlerProvider
Event: 55.249 Loading class java/net/spi/URLStreamHandlerProvider done
Event: 55.250 Loading class sun/net/www/protocol/http/Handler
Event: 55.251 Loading class sun/net/www/protocol/http/Handler done
Event: 55.251 Loading class sun/net/www/protocol/http/HttpURLConnection

Classes unloaded (0 events):
No events

Classes redefined (0 events):
No events

Internal exceptions (17 events):
Event: 0.180 Thread 0x0000021fd12471b0 Exception <a 'java/lang/ClassNotFoundException'{0x0000000715cc9920}: sun/awt/resources/spi/awtProvider> (0x0000000715cc9920) 
thrown [s\open\src\hotspot\share\classfile\systemDictionary.cpp, line 255]
Event: 0.222 Thread 0x0000021fd12471b0 Exception <a 'java/io/FileNotFoundException'{0x0000000715d22c20}> (0x0000000715d22c20) 
thrown [s\open\src\hotspot\share\prims\jni.cpp, line 517]
Event: 0.236 Thread 0x0000021fd12471b0 Exception <a 'java/io/FileNotFoundException'{0x0000000715d4f118}> (0x0000000715d4f118) 
thrown [s\open\src\hotspot\share\prims\jni.cpp, line 517]
Event: 0.293 Thread 0x0000021fd12471b0 Exception <a 'java/lang/NoSuchMethodError'{0x0000000715daf438}: 'java.lang.Object java.lang.invoke.DirectMethodHandle$Holder.invokeStaticInit(java.lang.Object)'> (0x0000000715daf438) 
thrown [s\open\src\hotspot\share\interpreter\linkResolver.cpp, line 774]
Event: 0.365 Thread 0x0000021ff886ee40 Exception <a 'java/lang/NoSuchMethodError'{0x0000000715aca990}: 'void java.lang.invoke.DirectMethodHandle$Holder.invokeSpecial(java.lang.Object, java.lang.Object, java.lang.Object)'> (0x0000000715aca990) 
thrown [s\open\src\hotspot\share\interpreter\linkResolver.cpp, line 774]
Event: 0.384 Thread 0x0000021ff886ee40 Exception <a 'java/lang/NoSuchMethodError'{0x0000000715b665e0}: 'java.lang.Object java.lang.invoke.DirectMethodHandle$Holder.newInvokeSpecial(java.lang.Object, java.lang.Object, java.lang.Object, java.lang.Object, java.lang.Object)'> (0x0000000715b665e0) 
thrown [s\open\src\hotspot\share\interpreter\linkResolver.cpp, line 774]
Event: 0.397 Thread 0x0000021ff886ee40 Exception <a 'java/lang/NoSuchMethodError'{0x0000000715b97cc8}: 'java.lang.Object java.lang.invoke.DirectMethodHandle$Holder.invokeStatic(java.lang.Object, int, java.lang.Object)'> (0x0000000715b97cc8) 
thrown [s\open\src\hotspot\share\interpreter\linkResolver.cpp, line 774]
Event: 0.445 Thread 0x0000021ff886ee40 Exception <a 'java/lang/ClassNotFoundException'{0x0000000715853ac0}: com/sun/swing/internal/plaf/metal/resources/spi/metalProvider> (0x0000000715853ac0) 
thrown [s\open\src\hotspot\share\classfile\systemDictionary.cpp, line 255]
Event: 0.446 Thread 0x0000021ff886ee40 Exception <a 'java/lang/ClassNotFoundException'{0x0000000715857a90}: com/sun/swing/internal/plaf/basic/resources/spi/basicProvider> (0x0000000715857a90) 
thrown [s\open\src\hotspot\share\classfile\systemDictionary.cpp, line 255]
Event: 0.457 Thread 0x0000021ff886ee40 Exception <a 'java/lang/NoSuchMethodError'{0x0000000715877f50}: 'int java.lang.invoke.Invokers$Holder.invokeExact_MT(java.lang.Object, java.lang.Object)'> (0x0000000715877f50) 
thrown [s\open\src\hotspot\share\interpreter\linkResolver.cpp, line 774]
Event: 0.473 Thread 0x0000021ff886ee40 Exception <a 'java/lang/NoSuchMethodError'{0x000000071588ac28}: 'void java.lang.invoke.DirectMethodHandle$Holder.invokeStatic(java.lang.Object, java.lang.Object, java.lang.Object)'> (0x000000071588ac28) 
thrown [s\open\src\hotspot\share\interpreter\linkResolver.cpp, line 774]
Event: 0.474 Thread 0x0000021ff886ee40 Exception <a 'java/lang/NoSuchMethodError'{0x0000000715891338}: 'void java.lang.invoke.DirectMethodHandle$Holder.invokeStatic(java.lang.Object, java.lang.Object)'> (0x0000000715891338) 
thrown [s\open\src\hotspot\share\interpreter\linkResolver.cpp, line 774]
Event: 0.640 Thread 0x0000021ff886ee40 Exception <a 'java/lang/NoSuchMethodError'{0x00000007157dedc0}: 'java.lang.Object java.lang.invoke.DirectMethodHandle$Holder.invokeInterface(java.lang.Object, java.lang.Object)'> (0x00000007157dedc0) 
thrown [s\open\src\hotspot\share\interpreter\linkResolver.cpp, line 774]
Event: 0.827 Thread 0x0000021ff886ee40 Exception <a 'java/lang/NoSuchMethodError'{0x00000007152fb278}: 'java.lang.Object java.lang.invoke.DirectMethodHandle$Holder.invokeStaticInit(java.lang.Object, int, int, int, int)'> (0x00000007152fb278) 
thrown [s\open\src\hotspot\share\interpreter\linkResolver.cpp, line 774]
Event: 0.903 Thread 0x0000021ff886ee40 Exception <a 'java/lang/NoSuchMethodError'{0x000000071538bad0}: 'java.lang.Object java.lang.invoke.DirectMethodHandle$Holder.invokeStaticInit(java.lang.Object, java.lang.Object, int, int, int, int)'> (0x000000071538bad0) 
thrown [s\open\src\hotspot\share\interpreter\linkResolver.cpp, line 774]
Event: 1.089 Thread 0x0000021ff88650f0 Exception <a 'java/lang/NoSuchMethodError'{0x0000000715a0f948}: 'void java.lang.invoke.DirectMethodHandle$Holder.invokeVirtual(java.lang.Object, java.lang.Object)'> (0x0000000715a0f948) 
thrown [s\open\src\hotspot\share\interpreter\linkResolver.cpp, line 774]
Event: 1.120 Thread 0x0000021ff886ee40 Exception <a 'java/lang/NoSuchMethodError'{0x0000000715edb688}: 'void java.lang.invoke.DirectMethodHandle$Holder.invokeStaticInit(java.lang.Object)'> (0x0000000715edb688) 
thrown [s\open\src\hotspot\share\interpreter\linkResolver.cpp, line 774]

VM Operations (20 events):
Event: 54.107 Executing VM operation: G1CollectForAllocation
Event: 54.109 Executing VM operation: G1CollectForAllocation done
Event: 54.228 Executing VM operation: G1CollectForAllocation
Event: 54.230 Executing VM operation: G1CollectForAllocation done
Event: 54.348 Executing VM operation: G1CollectForAllocation
Event: 54.350 Executing VM operation: G1CollectForAllocation done
Event: 54.466 Executing VM operation: G1CollectForAllocation
Event: 54.468 Executing VM operation: G1CollectForAllocation done
Event: 54.585 Executing VM operation: G1CollectForAllocation
Event: 54.587 Executing VM operation: G1CollectForAllocation done
Event: 54.706 Executing VM operation: G1CollectForAllocation
Event: 54.708 Executing VM operation: G1CollectForAllocation done
Event: 54.821 Executing VM operation: G1CollectForAllocation
Event: 54.823 Executing VM operation: G1CollectForAllocation done
Event: 54.938 Executing VM operation: G1CollectForAllocation
Event: 54.940 Executing VM operation: G1CollectForAllocation done
Event: 55.057 Executing VM operation: G1CollectForAllocation
Event: 55.059 Executing VM operation: G1CollectForAllocation done
Event: 55.178 Executing VM operation: G1CollectForAllocation
Event: 55.179 Executing VM operation: G1CollectForAllocation done

Events (20 events):
Event: 55.240 Thread 0x0000021ff859b9d0 Thread added: 0x0000021ff859b9d0
Event: 55.240 Thread 0x0000021ff859bf20 Thread exited: 0x0000021ff859bf20
Event: 55.241 Thread 0x0000021ff859c470 Thread added: 0x0000021ff859c470
Event: 55.241 Thread 0x0000021ff859b9d0 Thread exited: 0x0000021ff859b9d0
Event: 55.241 Thread 0x0000021ff859af30 Thread added: 0x0000021ff859af30
Event: 55.241 Thread 0x0000021ff859c470 Thread exited: 0x0000021ff859c470
Event: 55.241 Thread 0x0000021ff859bf20 Thread added: 0x0000021ff859bf20
Event: 55.241 Thread 0x0000021ff859af30 Thread exited: 0x0000021ff859af30
Event: 55.241 Thread 0x0000021ff859b9d0 Thread added: 0x0000021ff859b9d0
Event: 55.241 Thread 0x0000021ff859bf20 Thread exited: 0x0000021ff859bf20
Event: 55.242 Thread 0x0000021ff87dd200 Thread added: 0x0000021ff87dd200
Event: 55.242 Thread 0x0000021ff859b9d0 Thread exited: 0x0000021ff859b9d0
Event: 55.242 Thread 0x0000021ff859b480 Thread added: 0x0000021ff859b480
Event: 55.242 Thread 0x0000021ff87dd200 Thread exited: 0x0000021ff87dd200
Event: 55.242 Thread 0x0000021ff859af30 Thread added: 0x0000021ff859af30
Event: 55.242 Thread 0x0000021ff859b480 Thread exited: 0x0000021ff859b480
Event: 55.242 Thread 0x0000021ff859b9d0 Thread added: 0x0000021ff859b9d0
Event: 55.242 Thread 0x0000021ff859af30 Thread exited: 0x0000021ff859af30
Event: 55.243 Thread 0x0000021ff87dd200 Thread added: 0x0000021ff87dd200
Event: 55.243 Thread 0x0000021ff859b9d0 Thread exited: 0x0000021ff859b9d0


Dynamic libraries:
0x00007ff744ff0000 - 0x00007ff745000000 	C:\Program Files\Java\jdk-19\bin\javaw.exe
0x00007fff49c50000 - 0x00007fff49e64000 	C:\WINDOWS\SYSTEM32\ntdll.dll
0x00007fff487a0000 - 0x00007fff48863000 	C:\WINDOWS\System32\KERNEL32.DLL
0x00007fff47580000 - 0x00007fff4791d000 	C:\WINDOWS\System32\KERNELBASE.dll
0x00007fff47280000 - 0x00007fff47391000 	C:\WINDOWS\System32\ucrtbase.dll
0x00007fff3afd0000 - 0x00007fff3afeb000 	C:\Program Files\Java\jdk-19\bin\VCRUNTIME140.dll
0x00007fff3af90000 - 0x00007fff3afa8000 	C:\Program Files\Java\jdk-19\bin\jli.dll
0x00007fff485f0000 - 0x00007fff4869e000 	C:\WINDOWS\System32\ADVAPI32.dll
0x00007fff48fd0000 - 0x00007fff49077000 	C:\WINDOWS\System32\msvcrt.dll
0x00007fff48910000 - 0x00007fff489b4000 	C:\WINDOWS\System32\sechost.dll
0x00007fff48e20000 - 0x00007fff48f35000 	C:\WINDOWS\System32\RPCRT4.dll
0x00007fff48af0000 - 0x00007fff48c9d000 	C:\WINDOWS\System32\USER32.dll
0x00007fff39650000 - 0x00007fff398de000 	C:\WINDOWS\WinSxS\amd64_microsoft.windows.common-controls_6595b64144ccf1df_6.0.22621.608_none_a9444ca7c10bb01d\COMCTL32.dll
0x00007fff47550000 - 0x00007fff47576000 	C:\WINDOWS\System32\win32u.dll
0x00007fff49b70000 - 0x00007fff49b99000 	C:\WINDOWS\System32\GDI32.dll
0x00007fff47920000 - 0x00007fff47a32000 	C:\WINDOWS\System32\gdi32full.dll
0x00007fff47070000 - 0x00007fff4710a000 	C:\WINDOWS\System32\msvcp_win.dll
0x00007fff3c770000 - 0x00007fff3c77a000 	C:\WINDOWS\SYSTEM32\VERSION.dll
0x00007fff48a40000 - 0x00007fff48a72000 	C:\WINDOWS\System32\IMM32.DLL
0x00007fff3d420000 - 0x00007fff3d42c000 	C:\Program Files\Java\jdk-19\bin\vcruntime140_1.dll
0x00007fff3af00000 - 0x00007fff3af8e000 	C:\Program Files\Java\jdk-19\bin\msvcp140.dll
0x00007ffed0250000 - 0x00007ffed0f10000 	C:\Program Files\Java\jdk-19\bin\server\jvm.dll
0x00007fff3aef0000 - 0x00007fff3aef9000 	C:\WINDOWS\SYSTEM32\WSOCK32.dll
0x00007fff3cce0000 - 0x00007fff3cd14000 	C:\WINDOWS\SYSTEM32\WINMM.dll
0x00007fff489c0000 - 0x00007fff48a31000 	C:\WINDOWS\System32\WS2_32.dll
0x00007fff46190000 - 0x00007fff461a8000 	C:\WINDOWS\SYSTEM32\kernel.appcore.dll
0x00007fff3aee0000 - 0x00007fff3aeea000 	C:\Program Files\Java\jdk-19\bin\jimage.dll
0x00007fff44a90000 - 0x00007fff44cbe000 	C:\WINDOWS\SYSTEM32\DBGHELP.DLL
0x00007fff497e0000 - 0x00007fff49b6a000 	C:\WINDOWS\System32\combase.dll
0x00007fff49560000 - 0x00007fff49637000 	C:\WINDOWS\System32\OLEAUT32.dll
0x00007fff3ba20000 - 0x00007fff3ba52000 	C:\WINDOWS\SYSTEM32\dbgcore.DLL
0x00007fff473a0000 - 0x00007fff4741b000 	C:\WINDOWS\System32\bcryptPrimitives.dll
0x00007fff3aeb0000 - 0x00007fff3aed6000 	C:\Program Files\Java\jdk-19\bin\java.dll
0x00007fff304a0000 - 0x00007fff30577000 	C:\Program Files\Java\jdk-19\bin\jsvml.dll
0x00007fff47b10000 - 0x00007fff482ff000 	C:\WINDOWS\System32\SHELL32.dll
0x00007fff45040000 - 0x00007fff45908000 	C:\WINDOWS\SYSTEM32\windows.storage.dll
0x00007fff44f00000 - 0x00007fff4503e000 	C:\WINDOWS\SYSTEM32\wintypes.dll
0x00007fff486a0000 - 0x00007fff48791000 	C:\WINDOWS\System32\SHCORE.dll
0x00007fff48870000 - 0x00007fff488ce000 	C:\WINDOWS\System32\shlwapi.dll
0x00007fff46fa0000 - 0x00007fff46fc1000 	C:\WINDOWS\SYSTEM32\profapi.dll
0x00007fff3ae90000 - 0x00007fff3aea3000 	C:\Program Files\Java\jdk-19\bin\net.dll
0x00007fff411d0000 - 0x00007fff412ff000 	C:\WINDOWS\SYSTEM32\WINHTTP.dll
0x00007fff46620000 - 0x00007fff46689000 	C:\WINDOWS\system32\mswsock.dll
0x00007fff30480000 - 0x00007fff30496000 	C:\Program Files\Java\jdk-19\bin\nio.dll
0x00007fff30460000 - 0x00007fff30478000 	C:\Program Files\Java\jdk-19\bin\zip.dll
0x00007fff1d140000 - 0x00007fff1d2d1000 	C:\Program Files\Java\jdk-19\bin\awt.dll
0x00007fff43bf0000 - 0x00007fff43c87000 	C:\WINDOWS\SYSTEM32\apphelp.dll
0x00007fff308e0000 - 0x00007fff308f0000 	C:\Program Files\Java\jdk-19\bin\verify.dll
0x00007fff43df0000 - 0x00007fff43e9b000 	C:\WINDOWS\system32\uxtheme.dll
0x00007fff48300000 - 0x00007fff4841e000 	C:\WINDOWS\System32\MSCTF.dll
0x00007fff49640000 - 0x00007fff497dc000 	C:\WINDOWS\System32\ole32.dll
0x00007fff441d0000 - 0x00007fff441fb000 	C:\WINDOWS\system32\DWMAPI.DLL
0x00007fff34390000 - 0x00007fff34490000 	C:\WINDOWS\system32\opengl32.dll
0x00007fff37810000 - 0x00007fff3783d000 	C:\WINDOWS\SYSTEM32\GLU32.dll
0x00007fff44210000 - 0x00007fff44246000 	C:\WINDOWS\SYSTEM32\dxcore.dll
0x00007fff46870000 - 0x00007fff4688b000 	C:\WINDOWS\SYSTEM32\CRYPTSP.dll
0x00007fff460f0000 - 0x00007fff46125000 	C:\WINDOWS\system32\rsaenh.dll
0x00007fff46710000 - 0x00007fff46738000 	C:\WINDOWS\SYSTEM32\USERENV.dll
0x00007fff46a10000 - 0x00007fff46a38000 	C:\WINDOWS\SYSTEM32\bcrypt.dll
0x00007fff46890000 - 0x00007fff4689c000 	C:\WINDOWS\SYSTEM32\CRYPTBASE.dll
0x00007fff45b70000 - 0x00007fff45b9d000 	C:\WINDOWS\SYSTEM32\IPHLPAPI.DLL
0x00007fff48900000 - 0x00007fff48909000 	C:\WINDOWS\System32\NSI.dll
0x00007fff3d7e0000 - 0x00007fff3d7f9000 	C:\WINDOWS\SYSTEM32\dhcpcsvc6.DLL
0x00007fff3d330000 - 0x00007fff3d34f000 	C:\WINDOWS\SYSTEM32\dhcpcsvc.DLL
0x00007fff45be0000 - 0x00007fff45cd2000 	C:\WINDOWS\SYSTEM32\DNSAPI.dll
0x0000000070340000 - 0x000000007040e000 	C:\Users\hamit\AppData\Local\Temp\sqlite-3.30.1-e5d52075-f46b-4092-a985-455c4caf9784-sqlitejdbc.dll
0x00007fff393c0000 - 0x00007fff39446000 	C:\Program Files\Java\jdk-19\bin\freetype.dll
0x00007fff25a10000 - 0x00007fff25ab9000 	C:\Program Files\Java\jdk-19\bin\fontmanager.dll
0x00007fff22490000 - 0x00007fff225bd000 	C:\WINDOWS\SYSTEM32\textinputframework.dll
0x00007fff3b1c0000 - 0x00007fff3b229000 	C:\WINDOWS\system32\Oleacc.dll
0x00007fff43a40000 - 0x00007fff43b73000 	C:\WINDOWS\SYSTEM32\CoreMessaging.dll
0x00007fff23c70000 - 0x00007fff23fdc000 	C:\WINDOWS\SYSTEM32\CoreUIComponents.dll
0x00007fff3c780000 - 0x00007fff3c78a000 	C:\Windows\System32\rasadhlp.dll
0x00007fff3c3f0000 - 0x00007fff3c473000 	C:\WINDOWS\System32\fwpuclnt.dll
0x00007fff3bd10000 - 0x00007fff3bd18000 	C:\Program Files\Java\jdk-19\bin\extnet.dll
0x00007fff25b00000 - 0x00007fff25b0e000 	C:\Program Files\Java\jdk-19\bin\sunmscapi.dll
0x00007fff47110000 - 0x00007fff47276000 	C:\WINDOWS\System32\CRYPT32.dll
0x00007fff469e0000 - 0x00007fff46a0d000 	C:\WINDOWS\SYSTEM32\ncrypt.dll
0x00007fff469a0000 - 0x00007fff469d7000 	C:\WINDOWS\SYSTEM32\NTASN1.dll

dbghelp: loaded successfully - version: 4.0.5 - missing functions: none
symbol engine: initialized successfully - sym options: 0x614 - pdb path: .;C:\Program Files\Java\jdk-19\bin;C:\WINDOWS\SYSTEM32;C:\WINDOWS\WinSxS\amd64_microsoft.windows.common-controls_6595b64144ccf1df_6.0.22621.608_none_a9444ca7c10bb01d;C:\Program Files\Java\jdk-19\bin\server;C:\Users\hamit\AppData\Local\Temp

VM Arguments:
jvm_args: -Dfile.encoding=UTF-8 -XX:+ShowCodeDetailsInExceptionMessages 
java_command: VT_YEDEK.BASLA
java_class_path (initial): C:\Users\hamit\git\Eclipse\VERITABANI_YEDEK\bin;C:\Users\hamit\git\Eclipse\OBS_CLASS_2025\bin;C:\ELIF\2025\sqlite-jdbc-3.30.1.jar;C:\ELIF\2025\sqljdbc4-4.0.jar;C:\ELIF\2025\jcalendar-1.4.jar;C:\ELIF\2025\jcommon-1.0.8.jar;C:\ELIF\2025\jfreechart.jar;C:\ELIF\2025\mail.jar;C:\ELIF\2025\mysql-connector-j-8.0.31.jar;C:\ELIF\2025\commons-net-3.7.jar
Launcher Type: SUN_STANDARD

[Global flags]
     intx CICompilerCount                          = 4                                         {product} {ergonomic}
     uint ConcGCThreads                            = 2                                         {product} {ergonomic}
     uint G1ConcRefinementThreads                  = 8                                         {product} {ergonomic}
   size_t G1HeapRegionSize                         = 2097152                                   {product} {ergonomic}
    uintx GCDrainStackTargetSize                   = 64                                        {product} {ergonomic}
   size_t InitialHeapSize                          = 262144000                                 {product} {ergonomic}
   size_t MarkStackSize                            = 4194304                                   {product} {ergonomic}
   size_t MaxHeapSize                              = 4188012544                                {product} {ergonomic}
   size_t MaxNewSize                               = 2512388096                                {product} {ergonomic}
   size_t MinHeapDeltaBytes                        = 2097152                                   {product} {ergonomic}
   size_t MinHeapSize                              = 8388608                                   {product} {ergonomic}
    uintx NonNMethodCodeHeapSize                   = 5839372                                {pd product} {ergonomic}
    uintx NonProfiledCodeHeapSize                  = 122909434                              {pd product} {ergonomic}
    uintx ProfiledCodeHeapSize                     = 122909434                              {pd product} {ergonomic}
    uintx ReservedCodeCacheSize                    = 251658240                              {pd product} {ergonomic}
     bool SegmentedCodeCache                       = true                                      {product} {ergonomic}
     bool ShowCodeDetailsInExceptionMessages       = true                                   {manageable} {command line}
   size_t SoftMaxHeapSize                          = 4188012544                             {manageable} {ergonomic}
     bool UseCompressedClassPointers               = true                           {product lp64_product} {ergonomic}
     bool UseCompressedOops                        = true                           {product lp64_product} {ergonomic}
     bool UseG1GC                                  = true                                      {product} {ergonomic}
     bool UseLargePagesIndividualAllocation        = false                                  {pd product} {ergonomic}

Logging:
Log output configuration:
 #0: stdout all=warning uptime,level,tags foldmultilines=false
 #1: stderr all=off uptime,level,tags foldmultilines=false

Environment Variables:
JAVA_HOME=C:\Program Files\Java\jdk-19
PATH=C:\Program Files\Common Files\Oracle\Java\javapath;C:\WINDOWS\system32;C:\WINDOWS;C:\WINDOWS\System32\Wbem;C:\WINDOWS\System32\WindowsPowerShell\v1.0\;C:\WINDOWS\System32\OpenSSH\;C:\Program Files\Microsoft SQL Server\Client SDK\ODBC\170\Tools\Binn\;C:\Program Files\Microsoft SQL Server\150\Tools\Binn\;C:\Program Files\Java\jdk-19\bin;C:\Program Files (x86)\Microsoft SQL Server\150\Tools\Binn\;C:\Program Files\Microsoft SQL Server\150\DTS\Binn\;C:\Program Files (x86)\Microsoft SQL Server\150\DTS\Binn\;C:\Program Files\Azure Data Studio\bin;C:\WINDOWS\system32;C:\WINDOWS;C:\WINDOWS\System32\Wbem;C:\WINDOWS\System32\WindowsPowerShell\v1.0\;C:\WINDOWS\System32\OpenSSH\;C:\Program Files\dotnet\;C:\Program Files\MySQL\MySQL Shell 8.0\bin\;C:\Users\hamit\AppData\Local\Microsoft\WindowsApps;C:\Program Files\Azure Data Studio\bin;C:\Users\hamit\.dotnet\tools
USERNAME=hamit
OS=Windows_NT
PROCESSOR_IDENTIFIER=Intel64 Family 6 Model 126 Stepping 5, GenuineIntel
TMP=C:\Users\hamit\AppData\Local\Temp
TEMP=C:\Users\hamit\AppData\Local\Temp



---------------  S Y S T E M  ---------------

OS:
 Windows 11 , 64 bit Build 22621 (10.0.22621.1105)
OS uptime: 2 days 8:02 hours
Hyper-V role detected

CPU: total 8 (initial active 8) (4 cores per cpu, 2 threads per core) family 6 model 126 stepping 5 microcode 0xb0, cx8, cmov, fxsr, ht, mmx, 3dnowpref, sse, sse2, sse3, ssse3, sse4.1, sse4.2, popcnt, lzcnt, tsc, tscinvbit, avx, avx2, aes, erms, clmul, bmi1, bmi2, adx, avx512f, avx512dq, avx512cd, avx512bw, avx512vl, sha, fma, vzeroupper, avx512_vpopcntdq, avx512_vpclmulqdq, avx512_vaes, avx512_vnni, clflush, clflushopt, avx512_vbmi2, avx512_vbmi, hv, rdtscp, rdpid, fsrm, gfni, avx512_bitalg

Memory: 4k page, system-wide physical 15969M (8855M free)
TotalPageFile size 16993M (AvailPageFile size 6587M)
current process WorkingSet (physical memory assigned to process): 117M, peak: 117M
current process commit charge ("private bytes"): 557M, peak: 557M

vm_info: Java HotSpot(TM) 64-Bit Server VM (19+36-2238) for windows-amd64 JRE (19+36-2238), built on 2022-08-12T20:29:01Z by "mach5one" with MS VC++ 17.1 (VS2022)

END.
